[2023-04-11T10:13:00.735+0000] {taskinstance.py:1090} INFO - Dependencies all met for dep_context=non-requeueable deps ti=<TaskInstance: dag_with_date_commands.success scheduled__2023-04-11T03:15:00+00:00 [queued]>
[2023-04-11T10:13:00.985+0000] {taskinstance.py:1090} INFO - Dependencies all met for dep_context=requeueable deps ti=<TaskInstance: dag_with_date_commands.success scheduled__2023-04-11T03:15:00+00:00 [queued]>
[2023-04-11T10:13:01.174+0000] {taskinstance.py:1288} INFO - 
--------------------------------------------------------------------------------
[2023-04-11T10:13:01.202+0000] {taskinstance.py:1289} INFO - Starting attempt 1 of 3
[2023-04-11T10:13:01.255+0000] {taskinstance.py:1290} INFO - 
--------------------------------------------------------------------------------
[2023-04-11T10:13:01.587+0000] {taskinstance.py:1309} INFO - Executing <Task(_PythonDecoratedOperator): success> on 2023-04-11 03:15:00+00:00
[2023-04-11T10:13:01.613+0000] {standard_task_runner.py:55} INFO - Started process 823 to run task
[2023-04-11T10:13:01.655+0000] {standard_task_runner.py:82} INFO - Running: ['***', 'tasks', 'run', 'dag_with_date_commands', 'success', 'scheduled__2023-04-11T03:15:00+00:00', '--job-id', '9261', '--raw', '--subdir', 'DAGS_FOLDER/dag_with_date_commands.py', '--cfg-path', '/tmp/tmpv4uxqv71']
[2023-04-11T10:13:01.667+0000] {standard_task_runner.py:83} INFO - Job 9261: Subtask success
[2023-04-11T10:13:02.170+0000] {task_command.py:389} INFO - Running <TaskInstance: dag_with_date_commands.success scheduled__2023-04-11T03:15:00+00:00 [running]> on host 0393b2e8282a
[2023-04-11T10:13:03.069+0000] {taskinstance.py:1518} INFO - Exporting the following env vars:
AIRFLOW_CTX_DAG_OWNER=rohit
AIRFLOW_CTX_DAG_ID=dag_with_date_commands
AIRFLOW_CTX_TASK_ID=success
AIRFLOW_CTX_EXECUTION_DATE=2023-04-11T03:15:00+00:00
AIRFLOW_CTX_TRY_NUMBER=1
AIRFLOW_CTX_DAG_RUN_ID=scheduled__2023-04-11T03:15:00+00:00
[2023-04-11T10:13:03.080+0000] {logging_mixin.py:137} INFO - Dag executed succesfully
[2023-04-11T10:13:03.081+0000] {python.py:177} INFO - Done. Returned value was: None
[2023-04-11T10:13:03.163+0000] {taskinstance.py:1332} INFO - Marking task as SUCCESS. dag_id=dag_with_date_commands, task_id=success, execution_date=20230411T031500, start_date=20230411T101300, end_date=20230411T101303
[2023-04-11T10:13:03.285+0000] {local_task_job.py:212} INFO - Task exited with return code 0
[2023-04-11T10:13:03.411+0000] {taskinstance.py:2596} INFO - 0 downstream tasks scheduled from follow-on schedule check
