[2023-04-11T10:13:34.659+0000] {taskinstance.py:1090} INFO - Dependencies all met for dep_context=non-requeueable deps ti=<TaskInstance: dag_with_date_commands.get_date_and_time scheduled__2023-04-11T04:35:00+00:00 [queued]>
[2023-04-11T10:13:34.845+0000] {taskinstance.py:1090} INFO - Dependencies all met for dep_context=requeueable deps ti=<TaskInstance: dag_with_date_commands.get_date_and_time scheduled__2023-04-11T04:35:00+00:00 [queued]>
[2023-04-11T10:13:34.850+0000] {taskinstance.py:1288} INFO - 
--------------------------------------------------------------------------------
[2023-04-11T10:13:34.870+0000] {taskinstance.py:1289} INFO - Starting attempt 1 of 3
[2023-04-11T10:13:34.888+0000] {taskinstance.py:1290} INFO - 
--------------------------------------------------------------------------------
[2023-04-11T10:13:35.374+0000] {taskinstance.py:1309} INFO - Executing <Task(_PythonDecoratedOperator): get_date_and_time> on 2023-04-11 04:35:00+00:00
[2023-04-11T10:13:35.448+0000] {standard_task_runner.py:55} INFO - Started process 918 to run task
[2023-04-11T10:13:35.589+0000] {standard_task_runner.py:82} INFO - Running: ['***', 'tasks', 'run', 'dag_with_date_commands', 'get_date_and_time', 'scheduled__2023-04-11T04:35:00+00:00', '--job-id', '9292', '--raw', '--subdir', 'DAGS_FOLDER/dag_with_date_commands.py', '--cfg-path', '/tmp/tmplafqs1t9']
[2023-04-11T10:13:35.639+0000] {standard_task_runner.py:83} INFO - Job 9292: Subtask get_date_and_time
[2023-04-11T10:13:36.962+0000] {task_command.py:389} INFO - Running <TaskInstance: dag_with_date_commands.get_date_and_time scheduled__2023-04-11T04:35:00+00:00 [running]> on host 0393b2e8282a
[2023-04-11T10:13:39.358+0000] {taskinstance.py:1518} INFO - Exporting the following env vars:
AIRFLOW_CTX_DAG_OWNER=rohit
AIRFLOW_CTX_DAG_ID=dag_with_date_commands
AIRFLOW_CTX_TASK_ID=get_date_and_time
AIRFLOW_CTX_EXECUTION_DATE=2023-04-11T04:35:00+00:00
AIRFLOW_CTX_TRY_NUMBER=1
AIRFLOW_CTX_DAG_RUN_ID=scheduled__2023-04-11T04:35:00+00:00
[2023-04-11T10:13:39.413+0000] {logging_mixin.py:137} INFO - Welcome to the Airflow, the current date and time is 2023-04-11 10:13:39.413491
[2023-04-11T10:13:39.437+0000] {python.py:177} INFO - Done. Returned value was: None
[2023-04-11T10:13:39.936+0000] {taskinstance.py:1332} INFO - Marking task as SUCCESS. dag_id=dag_with_date_commands, task_id=get_date_and_time, execution_date=20230411T043500, start_date=20230411T101334, end_date=20230411T101339
[2023-04-11T10:13:41.514+0000] {local_task_job.py:212} INFO - Task exited with return code 0
[2023-04-11T10:13:41.974+0000] {taskinstance.py:2596} INFO - 0 downstream tasks scheduled from follow-on schedule check
