[2023-04-11T10:12:48.297+0000] {taskinstance.py:1090} INFO - Dependencies all met for dep_context=non-requeueable deps ti=<TaskInstance: dag_with_date_commands.get_date_and_time scheduled__2023-04-11T02:45:00+00:00 [queued]>
[2023-04-11T10:12:48.539+0000] {taskinstance.py:1090} INFO - Dependencies all met for dep_context=requeueable deps ti=<TaskInstance: dag_with_date_commands.get_date_and_time scheduled__2023-04-11T02:45:00+00:00 [queued]>
[2023-04-11T10:12:48.541+0000] {taskinstance.py:1288} INFO - 
--------------------------------------------------------------------------------
[2023-04-11T10:12:48.544+0000] {taskinstance.py:1289} INFO - Starting attempt 1 of 3
[2023-04-11T10:12:48.548+0000] {taskinstance.py:1290} INFO - 
--------------------------------------------------------------------------------
[2023-04-11T10:12:48.956+0000] {taskinstance.py:1309} INFO - Executing <Task(_PythonDecoratedOperator): get_date_and_time> on 2023-04-11 02:45:00+00:00
[2023-04-11T10:12:48.974+0000] {standard_task_runner.py:55} INFO - Started process 795 to run task
[2023-04-11T10:12:49.038+0000] {standard_task_runner.py:82} INFO - Running: ['***', 'tasks', 'run', 'dag_with_date_commands', 'get_date_and_time', 'scheduled__2023-04-11T02:45:00+00:00', '--job-id', '9249', '--raw', '--subdir', 'DAGS_FOLDER/dag_with_date_commands.py', '--cfg-path', '/tmp/tmp7xqrpcdk']
[2023-04-11T10:12:49.069+0000] {standard_task_runner.py:83} INFO - Job 9249: Subtask get_date_and_time
[2023-04-11T10:12:49.608+0000] {task_command.py:389} INFO - Running <TaskInstance: dag_with_date_commands.get_date_and_time scheduled__2023-04-11T02:45:00+00:00 [running]> on host 0393b2e8282a
[2023-04-11T10:12:49.915+0000] {taskinstance.py:1518} INFO - Exporting the following env vars:
AIRFLOW_CTX_DAG_OWNER=rohit
AIRFLOW_CTX_DAG_ID=dag_with_date_commands
AIRFLOW_CTX_TASK_ID=get_date_and_time
AIRFLOW_CTX_EXECUTION_DATE=2023-04-11T02:45:00+00:00
AIRFLOW_CTX_TRY_NUMBER=1
AIRFLOW_CTX_DAG_RUN_ID=scheduled__2023-04-11T02:45:00+00:00
[2023-04-11T10:12:49.917+0000] {logging_mixin.py:137} INFO - Welcome to the Airflow, the current date and time is 2023-04-11 10:12:49.917539
[2023-04-11T10:12:49.918+0000] {python.py:177} INFO - Done. Returned value was: None
[2023-04-11T10:12:49.962+0000] {taskinstance.py:1332} INFO - Marking task as SUCCESS. dag_id=dag_with_date_commands, task_id=get_date_and_time, execution_date=20230411T024500, start_date=20230411T101248, end_date=20230411T101249
[2023-04-11T10:12:50.040+0000] {local_task_job.py:212} INFO - Task exited with return code 0
[2023-04-11T10:12:50.100+0000] {taskinstance.py:2596} INFO - 0 downstream tasks scheduled from follow-on schedule check
