[2023-04-11T10:13:21.815+0000] {taskinstance.py:1090} INFO - Dependencies all met for dep_context=non-requeueable deps ti=<TaskInstance: dag_with_date_commands.get_date_and_time scheduled__2023-04-11T04:05:00+00:00 [queued]>
[2023-04-11T10:13:21.919+0000] {taskinstance.py:1090} INFO - Dependencies all met for dep_context=requeueable deps ti=<TaskInstance: dag_with_date_commands.get_date_and_time scheduled__2023-04-11T04:05:00+00:00 [queued]>
[2023-04-11T10:13:21.931+0000] {taskinstance.py:1288} INFO - 
--------------------------------------------------------------------------------
[2023-04-11T10:13:21.943+0000] {taskinstance.py:1289} INFO - Starting attempt 1 of 3
[2023-04-11T10:13:21.944+0000] {taskinstance.py:1290} INFO - 
--------------------------------------------------------------------------------
[2023-04-11T10:13:22.066+0000] {taskinstance.py:1309} INFO - Executing <Task(_PythonDecoratedOperator): get_date_and_time> on 2023-04-11 04:05:00+00:00
[2023-04-11T10:13:22.091+0000] {standard_task_runner.py:55} INFO - Started process 891 to run task
[2023-04-11T10:13:22.107+0000] {standard_task_runner.py:82} INFO - Running: ['***', 'tasks', 'run', 'dag_with_date_commands', 'get_date_and_time', 'scheduled__2023-04-11T04:05:00+00:00', '--job-id', '9281', '--raw', '--subdir', 'DAGS_FOLDER/dag_with_date_commands.py', '--cfg-path', '/tmp/tmp3024oef9']
[2023-04-11T10:13:22.136+0000] {standard_task_runner.py:83} INFO - Job 9281: Subtask get_date_and_time
[2023-04-11T10:13:22.545+0000] {task_command.py:389} INFO - Running <TaskInstance: dag_with_date_commands.get_date_and_time scheduled__2023-04-11T04:05:00+00:00 [running]> on host 0393b2e8282a
[2023-04-11T10:13:23.025+0000] {taskinstance.py:1518} INFO - Exporting the following env vars:
AIRFLOW_CTX_DAG_OWNER=rohit
AIRFLOW_CTX_DAG_ID=dag_with_date_commands
AIRFLOW_CTX_TASK_ID=get_date_and_time
AIRFLOW_CTX_EXECUTION_DATE=2023-04-11T04:05:00+00:00
AIRFLOW_CTX_TRY_NUMBER=1
AIRFLOW_CTX_DAG_RUN_ID=scheduled__2023-04-11T04:05:00+00:00
[2023-04-11T10:13:23.031+0000] {logging_mixin.py:137} INFO - Welcome to the Airflow, the current date and time is 2023-04-11 10:13:23.031066
[2023-04-11T10:13:23.034+0000] {python.py:177} INFO - Done. Returned value was: None
[2023-04-11T10:13:23.115+0000] {taskinstance.py:1332} INFO - Marking task as SUCCESS. dag_id=dag_with_date_commands, task_id=get_date_and_time, execution_date=20230411T040500, start_date=20230411T101321, end_date=20230411T101323
[2023-04-11T10:13:23.229+0000] {local_task_job.py:212} INFO - Task exited with return code 0
[2023-04-11T10:13:23.328+0000] {taskinstance.py:2596} INFO - 0 downstream tasks scheduled from follow-on schedule check
