[2023-04-11T10:14:59.173+0000] {taskinstance.py:1090} INFO - Dependencies all met for dep_context=non-requeueable deps ti=<TaskInstance: dag_with_date_commands.get_date_and_time scheduled__2023-04-11T08:05:00+00:00 [queued]>
[2023-04-11T10:14:59.332+0000] {taskinstance.py:1090} INFO - Dependencies all met for dep_context=requeueable deps ti=<TaskInstance: dag_with_date_commands.get_date_and_time scheduled__2023-04-11T08:05:00+00:00 [queued]>
[2023-04-11T10:14:59.379+0000] {taskinstance.py:1288} INFO - 
--------------------------------------------------------------------------------
[2023-04-11T10:14:59.427+0000] {taskinstance.py:1289} INFO - Starting attempt 1 of 3
[2023-04-11T10:14:59.443+0000] {taskinstance.py:1290} INFO - 
--------------------------------------------------------------------------------
[2023-04-11T10:14:59.806+0000] {taskinstance.py:1309} INFO - Executing <Task(_PythonDecoratedOperator): get_date_and_time> on 2023-04-11 08:05:00+00:00
[2023-04-11T10:14:59.815+0000] {standard_task_runner.py:55} INFO - Started process 1180 to run task
[2023-04-11T10:14:59.837+0000] {standard_task_runner.py:82} INFO - Running: ['***', 'tasks', 'run', 'dag_with_date_commands', 'get_date_and_time', 'scheduled__2023-04-11T08:05:00+00:00', '--job-id', '9376', '--raw', '--subdir', 'DAGS_FOLDER/dag_with_date_commands.py', '--cfg-path', '/tmp/tmpi3myyk65']
[2023-04-11T10:14:59.847+0000] {standard_task_runner.py:83} INFO - Job 9376: Subtask get_date_and_time
[2023-04-11T10:15:00.402+0000] {task_command.py:389} INFO - Running <TaskInstance: dag_with_date_commands.get_date_and_time scheduled__2023-04-11T08:05:00+00:00 [running]> on host 0393b2e8282a
[2023-04-11T10:15:01.370+0000] {taskinstance.py:1518} INFO - Exporting the following env vars:
AIRFLOW_CTX_DAG_OWNER=rohit
AIRFLOW_CTX_DAG_ID=dag_with_date_commands
AIRFLOW_CTX_TASK_ID=get_date_and_time
AIRFLOW_CTX_EXECUTION_DATE=2023-04-11T08:05:00+00:00
AIRFLOW_CTX_TRY_NUMBER=1
AIRFLOW_CTX_DAG_RUN_ID=scheduled__2023-04-11T08:05:00+00:00
[2023-04-11T10:15:01.380+0000] {logging_mixin.py:137} INFO - Welcome to the Airflow, the current date and time is 2023-04-11 10:15:01.380362
[2023-04-11T10:15:01.381+0000] {python.py:177} INFO - Done. Returned value was: None
[2023-04-11T10:15:01.517+0000] {taskinstance.py:1332} INFO - Marking task as SUCCESS. dag_id=dag_with_date_commands, task_id=get_date_and_time, execution_date=20230411T080500, start_date=20230411T101459, end_date=20230411T101501
[2023-04-11T10:15:01.733+0000] {local_task_job.py:212} INFO - Task exited with return code 0
[2023-04-11T10:15:02.031+0000] {taskinstance.py:2596} INFO - 0 downstream tasks scheduled from follow-on schedule check
