[2023-04-11T10:51:32.538+0000] {taskinstance.py:1090} INFO - Dependencies all met for dep_context=non-requeueable deps ti=<TaskInstance: trigger_dag.downloading manual__2023-04-11T10:51:26.860670+00:00 [queued]>
[2023-04-11T10:51:32.580+0000] {taskinstance.py:1090} INFO - Dependencies all met for dep_context=requeueable deps ti=<TaskInstance: trigger_dag.downloading manual__2023-04-11T10:51:26.860670+00:00 [queued]>
[2023-04-11T10:51:32.581+0000] {taskinstance.py:1288} INFO - 
--------------------------------------------------------------------------------
[2023-04-11T10:51:32.583+0000] {taskinstance.py:1289} INFO - Starting attempt 1 of 3
[2023-04-11T10:51:32.586+0000] {taskinstance.py:1290} INFO - 
--------------------------------------------------------------------------------
[2023-04-11T10:51:32.636+0000] {taskinstance.py:1309} INFO - Executing <Task(PythonOperator): downloading> on 2023-04-11 10:51:26.860670+00:00
[2023-04-11T10:51:32.656+0000] {standard_task_runner.py:55} INFO - Started process 3947 to run task
[2023-04-11T10:51:32.679+0000] {standard_task_runner.py:82} INFO - Running: ['***', 'tasks', 'run', 'trigger_dag', 'downloading', 'manual__2023-04-11T10:51:26.860670+00:00', '--job-id', '9445', '--raw', '--subdir', 'DAGS_FOLDER/trigger_dag.py', '--cfg-path', '/tmp/tmppe743c9p']
[2023-04-11T10:51:32.688+0000] {standard_task_runner.py:83} INFO - Job 9445: Subtask downloading
[2023-04-11T10:51:33.329+0000] {task_command.py:389} INFO - Running <TaskInstance: trigger_dag.downloading manual__2023-04-11T10:51:26.860670+00:00 [running]> on host 0393b2e8282a
[2023-04-11T10:51:33.658+0000] {taskinstance.py:1518} INFO - Exporting the following env vars:
AIRFLOW_CTX_DAG_OWNER=rohit
AIRFLOW_CTX_DAG_ID=trigger_dag
AIRFLOW_CTX_TASK_ID=downloading
AIRFLOW_CTX_EXECUTION_DATE=2023-04-11T10:51:26.860670+00:00
AIRFLOW_CTX_TRY_NUMBER=1
AIRFLOW_CTX_DAG_RUN_ID=manual__2023-04-11T10:51:26.860670+00:00
[2023-04-11T10:51:33.662+0000] {logging_mixin.py:137} INFO - trigger dag executed
[2023-04-11T10:51:33.663+0000] {python.py:177} INFO - Done. Returned value was: None
[2023-04-11T10:51:33.713+0000] {taskinstance.py:1332} INFO - Marking task as SUCCESS. dag_id=trigger_dag, task_id=downloading, execution_date=20230411T105126, start_date=20230411T105132, end_date=20230411T105133
[2023-04-11T10:51:33.795+0000] {local_task_job.py:212} INFO - Task exited with return code 0
[2023-04-11T10:51:33.870+0000] {taskinstance.py:2596} INFO - 0 downstream tasks scheduled from follow-on schedule check
