[2023-04-11T10:14:18.378+0000] {taskinstance.py:1090} INFO - Dependencies all met for dep_context=non-requeueable deps ti=<TaskInstance: dag_with_date_commands.success scheduled__2023-04-11T06:15:00+00:00 [queued]>
[2023-04-11T10:14:18.643+0000] {taskinstance.py:1090} INFO - Dependencies all met for dep_context=requeueable deps ti=<TaskInstance: dag_with_date_commands.success scheduled__2023-04-11T06:15:00+00:00 [queued]>
[2023-04-11T10:14:18.645+0000] {taskinstance.py:1288} INFO - 
--------------------------------------------------------------------------------
[2023-04-11T10:14:18.658+0000] {taskinstance.py:1289} INFO - Starting attempt 1 of 3
[2023-04-11T10:14:18.662+0000] {taskinstance.py:1290} INFO - 
--------------------------------------------------------------------------------
[2023-04-11T10:14:18.929+0000] {taskinstance.py:1309} INFO - Executing <Task(_PythonDecoratedOperator): success> on 2023-04-11 06:15:00+00:00
[2023-04-11T10:14:19.016+0000] {standard_task_runner.py:55} INFO - Started process 1041 to run task
[2023-04-11T10:14:19.045+0000] {standard_task_runner.py:82} INFO - Running: ['***', 'tasks', 'run', 'dag_with_date_commands', 'success', 'scheduled__2023-04-11T06:15:00+00:00', '--job-id', '9333', '--raw', '--subdir', 'DAGS_FOLDER/dag_with_date_commands.py', '--cfg-path', '/tmp/tmp_oscl1k8']
[2023-04-11T10:14:19.137+0000] {standard_task_runner.py:83} INFO - Job 9333: Subtask success
[2023-04-11T10:14:20.627+0000] {task_command.py:389} INFO - Running <TaskInstance: dag_with_date_commands.success scheduled__2023-04-11T06:15:00+00:00 [running]> on host 0393b2e8282a
[2023-04-11T10:14:22.027+0000] {taskinstance.py:1518} INFO - Exporting the following env vars:
AIRFLOW_CTX_DAG_OWNER=rohit
AIRFLOW_CTX_DAG_ID=dag_with_date_commands
AIRFLOW_CTX_TASK_ID=success
AIRFLOW_CTX_EXECUTION_DATE=2023-04-11T06:15:00+00:00
AIRFLOW_CTX_TRY_NUMBER=1
AIRFLOW_CTX_DAG_RUN_ID=scheduled__2023-04-11T06:15:00+00:00
[2023-04-11T10:14:22.061+0000] {logging_mixin.py:137} INFO - Dag executed succesfully
[2023-04-11T10:14:22.074+0000] {python.py:177} INFO - Done. Returned value was: None
[2023-04-11T10:14:22.215+0000] {taskinstance.py:1332} INFO - Marking task as SUCCESS. dag_id=dag_with_date_commands, task_id=success, execution_date=20230411T061500, start_date=20230411T101418, end_date=20230411T101422
[2023-04-11T10:14:22.566+0000] {local_task_job.py:212} INFO - Task exited with return code 0
[2023-04-11T10:14:22.965+0000] {taskinstance.py:2596} INFO - 0 downstream tasks scheduled from follow-on schedule check
