[2023-04-11T10:12:01.965+0000] {taskinstance.py:1090} INFO - Dependencies all met for dep_context=non-requeueable deps ti=<TaskInstance: dag_with_date_commands.get_date_and_time scheduled__2023-04-11T00:35:00+00:00 [queued]>
[2023-04-11T10:12:02.189+0000] {taskinstance.py:1090} INFO - Dependencies all met for dep_context=requeueable deps ti=<TaskInstance: dag_with_date_commands.get_date_and_time scheduled__2023-04-11T00:35:00+00:00 [queued]>
[2023-04-11T10:12:02.190+0000] {taskinstance.py:1288} INFO - 
--------------------------------------------------------------------------------
[2023-04-11T10:12:02.208+0000] {taskinstance.py:1289} INFO - Starting attempt 1 of 3
[2023-04-11T10:12:02.210+0000] {taskinstance.py:1290} INFO - 
--------------------------------------------------------------------------------
[2023-04-11T10:12:02.440+0000] {taskinstance.py:1309} INFO - Executing <Task(_PythonDecoratedOperator): get_date_and_time> on 2023-04-11 00:35:00+00:00
[2023-04-11T10:12:02.454+0000] {standard_task_runner.py:55} INFO - Started process 625 to run task
[2023-04-11T10:12:02.502+0000] {standard_task_runner.py:82} INFO - Running: ['***', 'tasks', 'run', 'dag_with_date_commands', 'get_date_and_time', 'scheduled__2023-04-11T00:35:00+00:00', '--job-id', '9194', '--raw', '--subdir', 'DAGS_FOLDER/dag_with_date_commands.py', '--cfg-path', '/tmp/tmpmoeq2ju6']
[2023-04-11T10:12:02.541+0000] {standard_task_runner.py:83} INFO - Job 9194: Subtask get_date_and_time
[2023-04-11T10:12:06.244+0000] {task_command.py:389} INFO - Running <TaskInstance: dag_with_date_commands.get_date_and_time scheduled__2023-04-11T00:35:00+00:00 [running]> on host 0393b2e8282a
[2023-04-11T10:12:07.629+0000] {taskinstance.py:1518} INFO - Exporting the following env vars:
AIRFLOW_CTX_DAG_OWNER=rohit
AIRFLOW_CTX_DAG_ID=dag_with_date_commands
AIRFLOW_CTX_TASK_ID=get_date_and_time
AIRFLOW_CTX_EXECUTION_DATE=2023-04-11T00:35:00+00:00
AIRFLOW_CTX_TRY_NUMBER=1
AIRFLOW_CTX_DAG_RUN_ID=scheduled__2023-04-11T00:35:00+00:00
[2023-04-11T10:12:07.644+0000] {logging_mixin.py:137} INFO - Welcome to the Airflow, the current date and time is 2023-04-11 10:12:07.644170
[2023-04-11T10:12:07.646+0000] {python.py:177} INFO - Done. Returned value was: None
[2023-04-11T10:12:07.808+0000] {taskinstance.py:1332} INFO - Marking task as SUCCESS. dag_id=dag_with_date_commands, task_id=get_date_and_time, execution_date=20230411T003500, start_date=20230411T101201, end_date=20230411T101207
[2023-04-11T10:12:08.089+0000] {local_task_job.py:212} INFO - Task exited with return code 0
[2023-04-11T10:12:08.210+0000] {taskinstance.py:2596} INFO - 0 downstream tasks scheduled from follow-on schedule check
