[2023-04-11T10:15:39.597+0000] {taskinstance.py:1090} INFO - Dependencies all met for dep_context=non-requeueable deps ti=<TaskInstance: dag_with_date_commands.success scheduled__2023-04-11T09:50:00+00:00 [queued]>
[2023-04-11T10:15:39.792+0000] {taskinstance.py:1090} INFO - Dependencies all met for dep_context=requeueable deps ti=<TaskInstance: dag_with_date_commands.success scheduled__2023-04-11T09:50:00+00:00 [queued]>
[2023-04-11T10:15:39.802+0000] {taskinstance.py:1288} INFO - 
--------------------------------------------------------------------------------
[2023-04-11T10:15:39.819+0000] {taskinstance.py:1289} INFO - Starting attempt 1 of 3
[2023-04-11T10:15:39.831+0000] {taskinstance.py:1290} INFO - 
--------------------------------------------------------------------------------
[2023-04-11T10:15:40.248+0000] {taskinstance.py:1309} INFO - Executing <Task(_PythonDecoratedOperator): success> on 2023-04-11 09:50:00+00:00
[2023-04-11T10:15:40.313+0000] {standard_task_runner.py:55} INFO - Started process 1297 to run task
[2023-04-11T10:15:40.395+0000] {standard_task_runner.py:82} INFO - Running: ['***', 'tasks', 'run', 'dag_with_date_commands', 'success', 'scheduled__2023-04-11T09:50:00+00:00', '--job-id', '9418', '--raw', '--subdir', 'DAGS_FOLDER/dag_with_date_commands.py', '--cfg-path', '/tmp/tmp0mug81yi']
[2023-04-11T10:15:40.449+0000] {standard_task_runner.py:83} INFO - Job 9418: Subtask success
[2023-04-11T10:15:41.370+0000] {task_command.py:389} INFO - Running <TaskInstance: dag_with_date_commands.success scheduled__2023-04-11T09:50:00+00:00 [running]> on host 0393b2e8282a
[2023-04-11T10:15:42.584+0000] {taskinstance.py:1518} INFO - Exporting the following env vars:
AIRFLOW_CTX_DAG_OWNER=rohit
AIRFLOW_CTX_DAG_ID=dag_with_date_commands
AIRFLOW_CTX_TASK_ID=success
AIRFLOW_CTX_EXECUTION_DATE=2023-04-11T09:50:00+00:00
AIRFLOW_CTX_TRY_NUMBER=1
AIRFLOW_CTX_DAG_RUN_ID=scheduled__2023-04-11T09:50:00+00:00
[2023-04-11T10:15:42.588+0000] {logging_mixin.py:137} INFO - Dag executed succesfully
[2023-04-11T10:15:42.591+0000] {python.py:177} INFO - Done. Returned value was: None
[2023-04-11T10:15:42.783+0000] {taskinstance.py:1332} INFO - Marking task as SUCCESS. dag_id=dag_with_date_commands, task_id=success, execution_date=20230411T095000, start_date=20230411T101539, end_date=20230411T101542
[2023-04-11T10:15:43.021+0000] {local_task_job.py:212} INFO - Task exited with return code 0
[2023-04-11T10:15:43.171+0000] {taskinstance.py:2596} INFO - 0 downstream tasks scheduled from follow-on schedule check
