[2023-04-09T19:52:14.485+0000] {processor.py:153} INFO - Started process (PID=218) to work on /home/airflow/.local/lib/python3.7/site-packages/airflow/example_dags/example_datasets.py
[2023-04-09T19:52:14.487+0000] {processor.py:743} INFO - Processing file /home/airflow/.local/lib/python3.7/site-packages/airflow/example_dags/example_datasets.py for tasks to queue
[2023-04-09T19:52:14.489+0000] {logging_mixin.py:137} INFO - [2023-04-09T19:52:14.489+0000] {dagbag.py:532} INFO - Filling up the DagBag from /home/airflow/.local/lib/python3.7/site-packages/airflow/example_dags/example_datasets.py
[2023-04-09T19:52:14.519+0000] {processor.py:753} INFO - DAG(s) dict_keys(['dataset_produces_1', 'dataset_consumes_1_and_2', 'dataset_consumes_1', 'dataset_consumes_1_never_scheduled', 'dataset_consumes_unknown_never_scheduled', 'dataset_produces_2']) retrieved from /home/airflow/.local/lib/python3.7/site-packages/airflow/example_dags/example_datasets.py
[2023-04-09T19:52:14.676+0000] {logging_mixin.py:137} INFO - [2023-04-09T19:52:14.676+0000] {dag.py:2705} INFO - Sync 6 DAGs
[2023-04-09T19:52:14.712+0000] {logging_mixin.py:137} INFO - [2023-04-09T19:52:14.712+0000] {dag.py:3456} INFO - Setting next_dagrun for dataset_consumes_1 to None, run_after=None
[2023-04-09T19:52:14.717+0000] {logging_mixin.py:137} INFO - [2023-04-09T19:52:14.717+0000] {dag.py:3456} INFO - Setting next_dagrun for dataset_consumes_1_and_2 to None, run_after=None
[2023-04-09T19:52:14.720+0000] {logging_mixin.py:137} INFO - [2023-04-09T19:52:14.720+0000] {dag.py:3456} INFO - Setting next_dagrun for dataset_consumes_1_never_scheduled to None, run_after=None
[2023-04-09T19:52:14.723+0000] {logging_mixin.py:137} INFO - [2023-04-09T19:52:14.723+0000] {dag.py:3456} INFO - Setting next_dagrun for dataset_consumes_unknown_never_scheduled to None, run_after=None
[2023-04-09T19:52:14.729+0000] {logging_mixin.py:137} INFO - [2023-04-09T19:52:14.728+0000] {dag.py:3456} INFO - Setting next_dagrun for dataset_produces_1 to 2023-04-08T00:00:00+00:00, run_after=2023-04-09T00:00:00+00:00
[2023-04-09T19:52:14.732+0000] {logging_mixin.py:137} INFO - [2023-04-09T19:52:14.731+0000] {dag.py:3456} INFO - Setting next_dagrun for dataset_produces_2 to None, run_after=None
[2023-04-09T19:52:14.798+0000] {processor.py:175} INFO - Processing /home/airflow/.local/lib/python3.7/site-packages/airflow/example_dags/example_datasets.py took 0.318 seconds
[2023-04-09T19:52:44.972+0000] {processor.py:153} INFO - Started process (PID=437) to work on /home/airflow/.local/lib/python3.7/site-packages/airflow/example_dags/example_datasets.py
[2023-04-09T19:52:44.974+0000] {processor.py:743} INFO - Processing file /home/airflow/.local/lib/python3.7/site-packages/airflow/example_dags/example_datasets.py for tasks to queue
[2023-04-09T19:52:44.975+0000] {logging_mixin.py:137} INFO - [2023-04-09T19:52:44.975+0000] {dagbag.py:532} INFO - Filling up the DagBag from /home/airflow/.local/lib/python3.7/site-packages/airflow/example_dags/example_datasets.py
[2023-04-09T19:52:44.993+0000] {processor.py:753} INFO - DAG(s) dict_keys(['dataset_consumes_1_and_2', 'dataset_produces_2', 'dataset_produces_1', 'dataset_consumes_unknown_never_scheduled', 'dataset_consumes_1_never_scheduled', 'dataset_consumes_1']) retrieved from /home/airflow/.local/lib/python3.7/site-packages/airflow/example_dags/example_datasets.py
[2023-04-09T19:52:45.056+0000] {logging_mixin.py:137} INFO - [2023-04-09T19:52:45.056+0000] {dag.py:2705} INFO - Sync 6 DAGs
[2023-04-09T19:52:45.098+0000] {logging_mixin.py:137} INFO - [2023-04-09T19:52:45.098+0000] {dag.py:3456} INFO - Setting next_dagrun for dataset_consumes_1 to None, run_after=None
[2023-04-09T19:52:45.103+0000] {logging_mixin.py:137} INFO - [2023-04-09T19:52:45.103+0000] {dag.py:3456} INFO - Setting next_dagrun for dataset_consumes_1_and_2 to None, run_after=None
[2023-04-09T19:52:45.106+0000] {logging_mixin.py:137} INFO - [2023-04-09T19:52:45.106+0000] {dag.py:3456} INFO - Setting next_dagrun for dataset_consumes_1_never_scheduled to None, run_after=None
[2023-04-09T19:52:45.108+0000] {logging_mixin.py:137} INFO - [2023-04-09T19:52:45.108+0000] {dag.py:3456} INFO - Setting next_dagrun for dataset_consumes_unknown_never_scheduled to None, run_after=None
[2023-04-09T19:52:45.112+0000] {logging_mixin.py:137} INFO - [2023-04-09T19:52:45.112+0000] {dag.py:3456} INFO - Setting next_dagrun for dataset_produces_1 to 2023-04-08T00:00:00+00:00, run_after=2023-04-09T00:00:00+00:00
[2023-04-09T19:52:45.115+0000] {logging_mixin.py:137} INFO - [2023-04-09T19:52:45.115+0000] {dag.py:3456} INFO - Setting next_dagrun for dataset_produces_2 to None, run_after=None
[2023-04-09T19:52:45.163+0000] {processor.py:175} INFO - Processing /home/airflow/.local/lib/python3.7/site-packages/airflow/example_dags/example_datasets.py took 0.194 seconds
[2023-04-09T19:53:15.506+0000] {processor.py:153} INFO - Started process (PID=653) to work on /home/airflow/.local/lib/python3.7/site-packages/airflow/example_dags/example_datasets.py
[2023-04-09T19:53:15.507+0000] {processor.py:743} INFO - Processing file /home/airflow/.local/lib/python3.7/site-packages/airflow/example_dags/example_datasets.py for tasks to queue
[2023-04-09T19:53:15.509+0000] {logging_mixin.py:137} INFO - [2023-04-09T19:53:15.509+0000] {dagbag.py:532} INFO - Filling up the DagBag from /home/airflow/.local/lib/python3.7/site-packages/airflow/example_dags/example_datasets.py
[2023-04-09T19:53:15.535+0000] {processor.py:753} INFO - DAG(s) dict_keys(['dataset_produces_1', 'dataset_produces_2', 'dataset_consumes_1_and_2', 'dataset_consumes_unknown_never_scheduled', 'dataset_consumes_1', 'dataset_consumes_1_never_scheduled']) retrieved from /home/airflow/.local/lib/python3.7/site-packages/airflow/example_dags/example_datasets.py
[2023-04-09T19:53:15.605+0000] {logging_mixin.py:137} INFO - [2023-04-09T19:53:15.605+0000] {dag.py:2705} INFO - Sync 6 DAGs
[2023-04-09T19:53:15.657+0000] {logging_mixin.py:137} INFO - [2023-04-09T19:53:15.657+0000] {dag.py:3456} INFO - Setting next_dagrun for dataset_consumes_1 to None, run_after=None
[2023-04-09T19:53:15.663+0000] {logging_mixin.py:137} INFO - [2023-04-09T19:53:15.663+0000] {dag.py:3456} INFO - Setting next_dagrun for dataset_consumes_1_and_2 to None, run_after=None
[2023-04-09T19:53:15.667+0000] {logging_mixin.py:137} INFO - [2023-04-09T19:53:15.666+0000] {dag.py:3456} INFO - Setting next_dagrun for dataset_consumes_1_never_scheduled to None, run_after=None
[2023-04-09T19:53:15.678+0000] {logging_mixin.py:137} INFO - [2023-04-09T19:53:15.678+0000] {dag.py:3456} INFO - Setting next_dagrun for dataset_consumes_unknown_never_scheduled to None, run_after=None
[2023-04-09T19:53:15.685+0000] {logging_mixin.py:137} INFO - [2023-04-09T19:53:15.685+0000] {dag.py:3456} INFO - Setting next_dagrun for dataset_produces_1 to 2023-04-08T00:00:00+00:00, run_after=2023-04-09T00:00:00+00:00
[2023-04-09T19:53:15.688+0000] {logging_mixin.py:137} INFO - [2023-04-09T19:53:15.688+0000] {dag.py:3456} INFO - Setting next_dagrun for dataset_produces_2 to None, run_after=None
[2023-04-09T19:53:15.763+0000] {processor.py:175} INFO - Processing /home/airflow/.local/lib/python3.7/site-packages/airflow/example_dags/example_datasets.py took 0.262 seconds
[2023-04-09T19:53:45.846+0000] {processor.py:153} INFO - Started process (PID=873) to work on /home/airflow/.local/lib/python3.7/site-packages/airflow/example_dags/example_datasets.py
[2023-04-09T19:53:45.847+0000] {processor.py:743} INFO - Processing file /home/airflow/.local/lib/python3.7/site-packages/airflow/example_dags/example_datasets.py for tasks to queue
[2023-04-09T19:53:45.849+0000] {logging_mixin.py:137} INFO - [2023-04-09T19:53:45.848+0000] {dagbag.py:532} INFO - Filling up the DagBag from /home/airflow/.local/lib/python3.7/site-packages/airflow/example_dags/example_datasets.py
[2023-04-09T19:53:45.872+0000] {processor.py:753} INFO - DAG(s) dict_keys(['dataset_consumes_1_and_2', 'dataset_consumes_1_never_scheduled', 'dataset_produces_2', 'dataset_produces_1', 'dataset_consumes_unknown_never_scheduled', 'dataset_consumes_1']) retrieved from /home/airflow/.local/lib/python3.7/site-packages/airflow/example_dags/example_datasets.py
[2023-04-09T19:53:45.922+0000] {logging_mixin.py:137} INFO - [2023-04-09T19:53:45.922+0000] {dag.py:2705} INFO - Sync 6 DAGs
[2023-04-09T19:53:45.960+0000] {logging_mixin.py:137} INFO - [2023-04-09T19:53:45.960+0000] {dag.py:3456} INFO - Setting next_dagrun for dataset_consumes_1 to None, run_after=None
[2023-04-09T19:53:45.964+0000] {logging_mixin.py:137} INFO - [2023-04-09T19:53:45.964+0000] {dag.py:3456} INFO - Setting next_dagrun for dataset_consumes_1_and_2 to None, run_after=None
[2023-04-09T19:53:45.966+0000] {logging_mixin.py:137} INFO - [2023-04-09T19:53:45.966+0000] {dag.py:3456} INFO - Setting next_dagrun for dataset_consumes_1_never_scheduled to None, run_after=None
[2023-04-09T19:53:45.969+0000] {logging_mixin.py:137} INFO - [2023-04-09T19:53:45.969+0000] {dag.py:3456} INFO - Setting next_dagrun for dataset_consumes_unknown_never_scheduled to None, run_after=None
[2023-04-09T19:53:45.973+0000] {logging_mixin.py:137} INFO - [2023-04-09T19:53:45.973+0000] {dag.py:3456} INFO - Setting next_dagrun for dataset_produces_1 to 2023-04-08T00:00:00+00:00, run_after=2023-04-09T00:00:00+00:00
[2023-04-09T19:53:45.975+0000] {logging_mixin.py:137} INFO - [2023-04-09T19:53:45.975+0000] {dag.py:3456} INFO - Setting next_dagrun for dataset_produces_2 to None, run_after=None
[2023-04-09T19:53:46.034+0000] {processor.py:175} INFO - Processing /home/airflow/.local/lib/python3.7/site-packages/airflow/example_dags/example_datasets.py took 0.192 seconds
[2023-04-09T19:54:16.807+0000] {processor.py:153} INFO - Started process (PID=1094) to work on /home/airflow/.local/lib/python3.7/site-packages/airflow/example_dags/example_datasets.py
[2023-04-09T19:54:16.808+0000] {processor.py:743} INFO - Processing file /home/airflow/.local/lib/python3.7/site-packages/airflow/example_dags/example_datasets.py for tasks to queue
[2023-04-09T19:54:16.809+0000] {logging_mixin.py:137} INFO - [2023-04-09T19:54:16.809+0000] {dagbag.py:532} INFO - Filling up the DagBag from /home/airflow/.local/lib/python3.7/site-packages/airflow/example_dags/example_datasets.py
[2023-04-09T19:54:16.833+0000] {processor.py:753} INFO - DAG(s) dict_keys(['dataset_produces_2', 'dataset_consumes_1_and_2', 'dataset_produces_1', 'dataset_consumes_1_never_scheduled', 'dataset_consumes_unknown_never_scheduled', 'dataset_consumes_1']) retrieved from /home/airflow/.local/lib/python3.7/site-packages/airflow/example_dags/example_datasets.py
[2023-04-09T19:54:16.906+0000] {logging_mixin.py:137} INFO - [2023-04-09T19:54:16.906+0000] {dag.py:2705} INFO - Sync 6 DAGs
[2023-04-09T19:54:16.948+0000] {logging_mixin.py:137} INFO - [2023-04-09T19:54:16.948+0000] {dag.py:3456} INFO - Setting next_dagrun for dataset_consumes_1 to None, run_after=None
[2023-04-09T19:54:16.954+0000] {logging_mixin.py:137} INFO - [2023-04-09T19:54:16.954+0000] {dag.py:3456} INFO - Setting next_dagrun for dataset_consumes_1_and_2 to None, run_after=None
[2023-04-09T19:54:16.959+0000] {logging_mixin.py:137} INFO - [2023-04-09T19:54:16.959+0000] {dag.py:3456} INFO - Setting next_dagrun for dataset_consumes_1_never_scheduled to None, run_after=None
[2023-04-09T19:54:16.962+0000] {logging_mixin.py:137} INFO - [2023-04-09T19:54:16.961+0000] {dag.py:3456} INFO - Setting next_dagrun for dataset_consumes_unknown_never_scheduled to None, run_after=None
[2023-04-09T19:54:16.968+0000] {logging_mixin.py:137} INFO - [2023-04-09T19:54:16.967+0000] {dag.py:3456} INFO - Setting next_dagrun for dataset_produces_1 to 2023-04-08T00:00:00+00:00, run_after=2023-04-09T00:00:00+00:00
[2023-04-09T19:54:16.971+0000] {logging_mixin.py:137} INFO - [2023-04-09T19:54:16.970+0000] {dag.py:3456} INFO - Setting next_dagrun for dataset_produces_2 to None, run_after=None
[2023-04-09T19:54:17.060+0000] {processor.py:175} INFO - Processing /home/airflow/.local/lib/python3.7/site-packages/airflow/example_dags/example_datasets.py took 0.257 seconds
[2023-04-09T19:54:47.223+0000] {processor.py:153} INFO - Started process (PID=1318) to work on /home/airflow/.local/lib/python3.7/site-packages/airflow/example_dags/example_datasets.py
[2023-04-09T19:54:47.224+0000] {processor.py:743} INFO - Processing file /home/airflow/.local/lib/python3.7/site-packages/airflow/example_dags/example_datasets.py for tasks to queue
[2023-04-09T19:54:47.226+0000] {logging_mixin.py:137} INFO - [2023-04-09T19:54:47.226+0000] {dagbag.py:532} INFO - Filling up the DagBag from /home/airflow/.local/lib/python3.7/site-packages/airflow/example_dags/example_datasets.py
[2023-04-09T19:54:47.248+0000] {processor.py:753} INFO - DAG(s) dict_keys(['dataset_consumes_1_and_2', 'dataset_consumes_1', 'dataset_consumes_unknown_never_scheduled', 'dataset_produces_1', 'dataset_consumes_1_never_scheduled', 'dataset_produces_2']) retrieved from /home/airflow/.local/lib/python3.7/site-packages/airflow/example_dags/example_datasets.py
[2023-04-09T19:54:47.306+0000] {logging_mixin.py:137} INFO - [2023-04-09T19:54:47.306+0000] {dag.py:2705} INFO - Sync 6 DAGs
[2023-04-09T19:54:47.346+0000] {logging_mixin.py:137} INFO - [2023-04-09T19:54:47.345+0000] {dag.py:3456} INFO - Setting next_dagrun for dataset_consumes_1 to None, run_after=None
[2023-04-09T19:54:47.351+0000] {logging_mixin.py:137} INFO - [2023-04-09T19:54:47.351+0000] {dag.py:3456} INFO - Setting next_dagrun for dataset_consumes_1_and_2 to None, run_after=None
[2023-04-09T19:54:47.354+0000] {logging_mixin.py:137} INFO - [2023-04-09T19:54:47.353+0000] {dag.py:3456} INFO - Setting next_dagrun for dataset_consumes_1_never_scheduled to None, run_after=None
[2023-04-09T19:54:47.357+0000] {logging_mixin.py:137} INFO - [2023-04-09T19:54:47.356+0000] {dag.py:3456} INFO - Setting next_dagrun for dataset_consumes_unknown_never_scheduled to None, run_after=None
[2023-04-09T19:54:47.362+0000] {logging_mixin.py:137} INFO - [2023-04-09T19:54:47.362+0000] {dag.py:3456} INFO - Setting next_dagrun for dataset_produces_1 to 2023-04-08T00:00:00+00:00, run_after=2023-04-09T00:00:00+00:00
[2023-04-09T19:54:47.364+0000] {logging_mixin.py:137} INFO - [2023-04-09T19:54:47.364+0000] {dag.py:3456} INFO - Setting next_dagrun for dataset_produces_2 to None, run_after=None
[2023-04-09T19:54:47.423+0000] {processor.py:175} INFO - Processing /home/airflow/.local/lib/python3.7/site-packages/airflow/example_dags/example_datasets.py took 0.204 seconds
[2023-04-09T19:55:18.400+0000] {processor.py:153} INFO - Started process (PID=1538) to work on /home/airflow/.local/lib/python3.7/site-packages/airflow/example_dags/example_datasets.py
[2023-04-09T19:55:18.402+0000] {processor.py:743} INFO - Processing file /home/airflow/.local/lib/python3.7/site-packages/airflow/example_dags/example_datasets.py for tasks to queue
[2023-04-09T19:55:18.404+0000] {logging_mixin.py:137} INFO - [2023-04-09T19:55:18.404+0000] {dagbag.py:532} INFO - Filling up the DagBag from /home/airflow/.local/lib/python3.7/site-packages/airflow/example_dags/example_datasets.py
[2023-04-09T19:55:18.456+0000] {processor.py:753} INFO - DAG(s) dict_keys(['dataset_produces_1', 'dataset_consumes_1_and_2', 'dataset_produces_2', 'dataset_consumes_unknown_never_scheduled', 'dataset_consumes_1', 'dataset_consumes_1_never_scheduled']) retrieved from /home/airflow/.local/lib/python3.7/site-packages/airflow/example_dags/example_datasets.py
[2023-04-09T19:55:18.579+0000] {logging_mixin.py:137} INFO - [2023-04-09T19:55:18.578+0000] {dag.py:2705} INFO - Sync 6 DAGs
[2023-04-09T19:55:18.678+0000] {logging_mixin.py:137} INFO - [2023-04-09T19:55:18.677+0000] {dag.py:3456} INFO - Setting next_dagrun for dataset_consumes_1 to None, run_after=None
[2023-04-09T19:55:18.694+0000] {logging_mixin.py:137} INFO - [2023-04-09T19:55:18.693+0000] {dag.py:3456} INFO - Setting next_dagrun for dataset_consumes_1_and_2 to None, run_after=None
[2023-04-09T19:55:18.697+0000] {logging_mixin.py:137} INFO - [2023-04-09T19:55:18.697+0000] {dag.py:3456} INFO - Setting next_dagrun for dataset_consumes_1_never_scheduled to None, run_after=None
[2023-04-09T19:55:18.701+0000] {logging_mixin.py:137} INFO - [2023-04-09T19:55:18.701+0000] {dag.py:3456} INFO - Setting next_dagrun for dataset_consumes_unknown_never_scheduled to None, run_after=None
[2023-04-09T19:55:18.716+0000] {logging_mixin.py:137} INFO - [2023-04-09T19:55:18.715+0000] {dag.py:3456} INFO - Setting next_dagrun for dataset_produces_1 to 2023-04-08T00:00:00+00:00, run_after=2023-04-09T00:00:00+00:00
[2023-04-09T19:55:18.718+0000] {logging_mixin.py:137} INFO - [2023-04-09T19:55:18.718+0000] {dag.py:3456} INFO - Setting next_dagrun for dataset_produces_2 to None, run_after=None
[2023-04-09T19:55:18.929+0000] {processor.py:175} INFO - Processing /home/airflow/.local/lib/python3.7/site-packages/airflow/example_dags/example_datasets.py took 0.532 seconds
[2023-04-09T19:55:49.370+0000] {processor.py:153} INFO - Started process (PID=1756) to work on /home/airflow/.local/lib/python3.7/site-packages/airflow/example_dags/example_datasets.py
[2023-04-09T19:55:49.372+0000] {processor.py:743} INFO - Processing file /home/airflow/.local/lib/python3.7/site-packages/airflow/example_dags/example_datasets.py for tasks to queue
[2023-04-09T19:55:49.380+0000] {logging_mixin.py:137} INFO - [2023-04-09T19:55:49.379+0000] {dagbag.py:532} INFO - Filling up the DagBag from /home/airflow/.local/lib/python3.7/site-packages/airflow/example_dags/example_datasets.py
[2023-04-09T19:55:49.404+0000] {processor.py:753} INFO - DAG(s) dict_keys(['dataset_produces_2', 'dataset_consumes_1', 'dataset_consumes_unknown_never_scheduled', 'dataset_consumes_1_never_scheduled', 'dataset_consumes_1_and_2', 'dataset_produces_1']) retrieved from /home/airflow/.local/lib/python3.7/site-packages/airflow/example_dags/example_datasets.py
[2023-04-09T19:55:49.486+0000] {logging_mixin.py:137} INFO - [2023-04-09T19:55:49.485+0000] {dag.py:2705} INFO - Sync 6 DAGs
[2023-04-09T19:55:49.536+0000] {logging_mixin.py:137} INFO - [2023-04-09T19:55:49.536+0000] {dag.py:3456} INFO - Setting next_dagrun for dataset_consumes_1 to None, run_after=None
[2023-04-09T19:55:49.542+0000] {logging_mixin.py:137} INFO - [2023-04-09T19:55:49.542+0000] {dag.py:3456} INFO - Setting next_dagrun for dataset_consumes_1_and_2 to None, run_after=None
[2023-04-09T19:55:49.545+0000] {logging_mixin.py:137} INFO - [2023-04-09T19:55:49.545+0000] {dag.py:3456} INFO - Setting next_dagrun for dataset_consumes_1_never_scheduled to None, run_after=None
[2023-04-09T19:55:49.548+0000] {logging_mixin.py:137} INFO - [2023-04-09T19:55:49.548+0000] {dag.py:3456} INFO - Setting next_dagrun for dataset_consumes_unknown_never_scheduled to None, run_after=None
[2023-04-09T19:55:49.553+0000] {logging_mixin.py:137} INFO - [2023-04-09T19:55:49.553+0000] {dag.py:3456} INFO - Setting next_dagrun for dataset_produces_1 to 2023-04-08T00:00:00+00:00, run_after=2023-04-09T00:00:00+00:00
[2023-04-09T19:55:49.556+0000] {logging_mixin.py:137} INFO - [2023-04-09T19:55:49.556+0000] {dag.py:3456} INFO - Setting next_dagrun for dataset_produces_2 to None, run_after=None
[2023-04-09T19:55:49.615+0000] {processor.py:175} INFO - Processing /home/airflow/.local/lib/python3.7/site-packages/airflow/example_dags/example_datasets.py took 0.251 seconds
[2023-04-09T19:56:20.125+0000] {processor.py:153} INFO - Started process (PID=1974) to work on /home/airflow/.local/lib/python3.7/site-packages/airflow/example_dags/example_datasets.py
[2023-04-09T19:56:20.131+0000] {processor.py:743} INFO - Processing file /home/airflow/.local/lib/python3.7/site-packages/airflow/example_dags/example_datasets.py for tasks to queue
[2023-04-09T19:56:20.134+0000] {logging_mixin.py:137} INFO - [2023-04-09T19:56:20.134+0000] {dagbag.py:532} INFO - Filling up the DagBag from /home/airflow/.local/lib/python3.7/site-packages/airflow/example_dags/example_datasets.py
[2023-04-09T19:56:20.177+0000] {processor.py:753} INFO - DAG(s) dict_keys(['dataset_produces_2', 'dataset_consumes_1_and_2', 'dataset_produces_1', 'dataset_consumes_unknown_never_scheduled', 'dataset_consumes_1_never_scheduled', 'dataset_consumes_1']) retrieved from /home/airflow/.local/lib/python3.7/site-packages/airflow/example_dags/example_datasets.py
[2023-04-09T19:56:20.334+0000] {logging_mixin.py:137} INFO - [2023-04-09T19:56:20.334+0000] {dag.py:2705} INFO - Sync 6 DAGs
[2023-04-09T19:56:20.400+0000] {logging_mixin.py:137} INFO - [2023-04-09T19:56:20.400+0000] {dag.py:3456} INFO - Setting next_dagrun for dataset_consumes_1 to None, run_after=None
[2023-04-09T19:56:20.405+0000] {logging_mixin.py:137} INFO - [2023-04-09T19:56:20.405+0000] {dag.py:3456} INFO - Setting next_dagrun for dataset_consumes_1_and_2 to None, run_after=None
[2023-04-09T19:56:20.411+0000] {logging_mixin.py:137} INFO - [2023-04-09T19:56:20.411+0000] {dag.py:3456} INFO - Setting next_dagrun for dataset_consumes_1_never_scheduled to None, run_after=None
[2023-04-09T19:56:20.417+0000] {logging_mixin.py:137} INFO - [2023-04-09T19:56:20.417+0000] {dag.py:3456} INFO - Setting next_dagrun for dataset_consumes_unknown_never_scheduled to None, run_after=None
[2023-04-09T19:56:20.423+0000] {logging_mixin.py:137} INFO - [2023-04-09T19:56:20.422+0000] {dag.py:3456} INFO - Setting next_dagrun for dataset_produces_1 to 2023-04-08T00:00:00+00:00, run_after=2023-04-09T00:00:00+00:00
[2023-04-09T19:56:20.430+0000] {logging_mixin.py:137} INFO - [2023-04-09T19:56:20.429+0000] {dag.py:3456} INFO - Setting next_dagrun for dataset_produces_2 to None, run_after=None
[2023-04-09T19:56:20.553+0000] {processor.py:175} INFO - Processing /home/airflow/.local/lib/python3.7/site-packages/airflow/example_dags/example_datasets.py took 0.436 seconds
