[2023-04-09T19:52:14.107+0000] {processor.py:153} INFO - Started process (PID=206) to work on /home/airflow/.local/lib/python3.7/site-packages/airflow/example_dags/example_dag_decorator.py
[2023-04-09T19:52:14.109+0000] {processor.py:743} INFO - Processing file /home/airflow/.local/lib/python3.7/site-packages/airflow/example_dags/example_dag_decorator.py for tasks to queue
[2023-04-09T19:52:14.111+0000] {logging_mixin.py:137} INFO - [2023-04-09T19:52:14.110+0000] {dagbag.py:532} INFO - Filling up the DagBag from /home/airflow/.local/lib/python3.7/site-packages/airflow/example_dags/example_dag_decorator.py
[2023-04-09T19:52:14.138+0000] {logging_mixin.py:137} INFO - [2023-04-09T19:52:14.138+0000] {taskmixin.py:211} WARNING - Dependency <Task(_PythonDecoratedOperator): prepare_email>, send_email already registered for DAG: example_dag_decorator
[2023-04-09T19:52:14.140+0000] {logging_mixin.py:137} INFO - [2023-04-09T19:52:14.139+0000] {taskmixin.py:211} WARNING - Dependency <Task(EmailOperator): send_email>, prepare_email already registered for DAG: example_dag_decorator
[2023-04-09T19:52:14.160+0000] {processor.py:753} INFO - DAG(s) dict_keys(['example_dag_decorator']) retrieved from /home/airflow/.local/lib/python3.7/site-packages/airflow/example_dags/example_dag_decorator.py
[2023-04-09T19:52:14.294+0000] {logging_mixin.py:137} INFO - [2023-04-09T19:52:14.293+0000] {dag.py:2705} INFO - Sync 1 DAGs
[2023-04-09T19:52:14.337+0000] {logging_mixin.py:137} INFO - [2023-04-09T19:52:14.337+0000] {dag.py:3456} INFO - Setting next_dagrun for example_dag_decorator to None, run_after=None
[2023-04-09T19:52:14.391+0000] {processor.py:175} INFO - Processing /home/airflow/.local/lib/python3.7/site-packages/airflow/example_dags/example_dag_decorator.py took 0.288 seconds
[2023-04-09T19:52:44.500+0000] {processor.py:153} INFO - Started process (PID=425) to work on /home/airflow/.local/lib/python3.7/site-packages/airflow/example_dags/example_dag_decorator.py
[2023-04-09T19:52:44.502+0000] {processor.py:743} INFO - Processing file /home/airflow/.local/lib/python3.7/site-packages/airflow/example_dags/example_dag_decorator.py for tasks to queue
[2023-04-09T19:52:44.508+0000] {logging_mixin.py:137} INFO - [2023-04-09T19:52:44.508+0000] {dagbag.py:532} INFO - Filling up the DagBag from /home/airflow/.local/lib/python3.7/site-packages/airflow/example_dags/example_dag_decorator.py
[2023-04-09T19:52:44.535+0000] {logging_mixin.py:137} INFO - [2023-04-09T19:52:44.534+0000] {taskmixin.py:211} WARNING - Dependency <Task(_PythonDecoratedOperator): prepare_email>, send_email already registered for DAG: example_dag_decorator
[2023-04-09T19:52:44.536+0000] {logging_mixin.py:137} INFO - [2023-04-09T19:52:44.536+0000] {taskmixin.py:211} WARNING - Dependency <Task(EmailOperator): send_email>, prepare_email already registered for DAG: example_dag_decorator
[2023-04-09T19:52:44.561+0000] {processor.py:753} INFO - DAG(s) dict_keys(['example_dag_decorator']) retrieved from /home/airflow/.local/lib/python3.7/site-packages/airflow/example_dags/example_dag_decorator.py
[2023-04-09T19:52:44.767+0000] {logging_mixin.py:137} INFO - [2023-04-09T19:52:44.767+0000] {dag.py:2705} INFO - Sync 1 DAGs
[2023-04-09T19:52:44.847+0000] {logging_mixin.py:137} INFO - [2023-04-09T19:52:44.847+0000] {dag.py:3456} INFO - Setting next_dagrun for example_dag_decorator to None, run_after=None
[2023-04-09T19:52:44.903+0000] {processor.py:175} INFO - Processing /home/airflow/.local/lib/python3.7/site-packages/airflow/example_dags/example_dag_decorator.py took 0.408 seconds
[2023-04-09T19:53:15.243+0000] {processor.py:153} INFO - Started process (PID=643) to work on /home/airflow/.local/lib/python3.7/site-packages/airflow/example_dags/example_dag_decorator.py
[2023-04-09T19:53:15.245+0000] {processor.py:743} INFO - Processing file /home/airflow/.local/lib/python3.7/site-packages/airflow/example_dags/example_dag_decorator.py for tasks to queue
[2023-04-09T19:53:15.247+0000] {logging_mixin.py:137} INFO - [2023-04-09T19:53:15.247+0000] {dagbag.py:532} INFO - Filling up the DagBag from /home/airflow/.local/lib/python3.7/site-packages/airflow/example_dags/example_dag_decorator.py
[2023-04-09T19:53:15.273+0000] {logging_mixin.py:137} INFO - [2023-04-09T19:53:15.273+0000] {taskmixin.py:211} WARNING - Dependency <Task(_PythonDecoratedOperator): prepare_email>, send_email already registered for DAG: example_dag_decorator
[2023-04-09T19:53:15.274+0000] {logging_mixin.py:137} INFO - [2023-04-09T19:53:15.274+0000] {taskmixin.py:211} WARNING - Dependency <Task(EmailOperator): send_email>, prepare_email already registered for DAG: example_dag_decorator
[2023-04-09T19:53:15.293+0000] {processor.py:753} INFO - DAG(s) dict_keys(['example_dag_decorator']) retrieved from /home/airflow/.local/lib/python3.7/site-packages/airflow/example_dags/example_dag_decorator.py
[2023-04-09T19:53:15.406+0000] {logging_mixin.py:137} INFO - [2023-04-09T19:53:15.406+0000] {dag.py:2705} INFO - Sync 1 DAGs
[2023-04-09T19:53:15.445+0000] {logging_mixin.py:137} INFO - [2023-04-09T19:53:15.444+0000] {dag.py:3456} INFO - Setting next_dagrun for example_dag_decorator to None, run_after=None
[2023-04-09T19:53:15.481+0000] {processor.py:175} INFO - Processing /home/airflow/.local/lib/python3.7/site-packages/airflow/example_dags/example_dag_decorator.py took 0.242 seconds
[2023-04-09T19:53:45.594+0000] {processor.py:153} INFO - Started process (PID=861) to work on /home/airflow/.local/lib/python3.7/site-packages/airflow/example_dags/example_dag_decorator.py
[2023-04-09T19:53:45.596+0000] {processor.py:743} INFO - Processing file /home/airflow/.local/lib/python3.7/site-packages/airflow/example_dags/example_dag_decorator.py for tasks to queue
[2023-04-09T19:53:45.597+0000] {logging_mixin.py:137} INFO - [2023-04-09T19:53:45.597+0000] {dagbag.py:532} INFO - Filling up the DagBag from /home/airflow/.local/lib/python3.7/site-packages/airflow/example_dags/example_dag_decorator.py
[2023-04-09T19:53:45.618+0000] {logging_mixin.py:137} INFO - [2023-04-09T19:53:45.618+0000] {taskmixin.py:211} WARNING - Dependency <Task(_PythonDecoratedOperator): prepare_email>, send_email already registered for DAG: example_dag_decorator
[2023-04-09T19:53:45.619+0000] {logging_mixin.py:137} INFO - [2023-04-09T19:53:45.619+0000] {taskmixin.py:211} WARNING - Dependency <Task(EmailOperator): send_email>, prepare_email already registered for DAG: example_dag_decorator
[2023-04-09T19:53:45.635+0000] {processor.py:753} INFO - DAG(s) dict_keys(['example_dag_decorator']) retrieved from /home/airflow/.local/lib/python3.7/site-packages/airflow/example_dags/example_dag_decorator.py
[2023-04-09T19:53:45.732+0000] {logging_mixin.py:137} INFO - [2023-04-09T19:53:45.732+0000] {dag.py:2705} INFO - Sync 1 DAGs
[2023-04-09T19:53:45.760+0000] {logging_mixin.py:137} INFO - [2023-04-09T19:53:45.760+0000] {dag.py:3456} INFO - Setting next_dagrun for example_dag_decorator to None, run_after=None
[2023-04-09T19:53:45.786+0000] {processor.py:175} INFO - Processing /home/airflow/.local/lib/python3.7/site-packages/airflow/example_dags/example_dag_decorator.py took 0.197 seconds
[2023-04-09T19:54:16.390+0000] {processor.py:153} INFO - Started process (PID=1084) to work on /home/airflow/.local/lib/python3.7/site-packages/airflow/example_dags/example_dag_decorator.py
[2023-04-09T19:54:16.392+0000] {processor.py:743} INFO - Processing file /home/airflow/.local/lib/python3.7/site-packages/airflow/example_dags/example_dag_decorator.py for tasks to queue
[2023-04-09T19:54:16.393+0000] {logging_mixin.py:137} INFO - [2023-04-09T19:54:16.393+0000] {dagbag.py:532} INFO - Filling up the DagBag from /home/airflow/.local/lib/python3.7/site-packages/airflow/example_dags/example_dag_decorator.py
[2023-04-09T19:54:16.434+0000] {logging_mixin.py:137} INFO - [2023-04-09T19:54:16.434+0000] {taskmixin.py:211} WARNING - Dependency <Task(_PythonDecoratedOperator): prepare_email>, send_email already registered for DAG: example_dag_decorator
[2023-04-09T19:54:16.438+0000] {logging_mixin.py:137} INFO - [2023-04-09T19:54:16.436+0000] {taskmixin.py:211} WARNING - Dependency <Task(EmailOperator): send_email>, prepare_email already registered for DAG: example_dag_decorator
[2023-04-09T19:54:16.462+0000] {processor.py:753} INFO - DAG(s) dict_keys(['example_dag_decorator']) retrieved from /home/airflow/.local/lib/python3.7/site-packages/airflow/example_dags/example_dag_decorator.py
[2023-04-09T19:54:16.665+0000] {logging_mixin.py:137} INFO - [2023-04-09T19:54:16.665+0000] {dag.py:2705} INFO - Sync 1 DAGs
[2023-04-09T19:54:16.727+0000] {logging_mixin.py:137} INFO - [2023-04-09T19:54:16.726+0000] {dag.py:3456} INFO - Setting next_dagrun for example_dag_decorator to None, run_after=None
[2023-04-09T19:54:16.762+0000] {processor.py:175} INFO - Processing /home/airflow/.local/lib/python3.7/site-packages/airflow/example_dags/example_dag_decorator.py took 0.377 seconds
[2023-04-09T19:54:46.821+0000] {processor.py:153} INFO - Started process (PID=1308) to work on /home/airflow/.local/lib/python3.7/site-packages/airflow/example_dags/example_dag_decorator.py
[2023-04-09T19:54:46.822+0000] {processor.py:743} INFO - Processing file /home/airflow/.local/lib/python3.7/site-packages/airflow/example_dags/example_dag_decorator.py for tasks to queue
[2023-04-09T19:54:46.824+0000] {logging_mixin.py:137} INFO - [2023-04-09T19:54:46.824+0000] {dagbag.py:532} INFO - Filling up the DagBag from /home/airflow/.local/lib/python3.7/site-packages/airflow/example_dags/example_dag_decorator.py
[2023-04-09T19:54:46.842+0000] {logging_mixin.py:137} INFO - [2023-04-09T19:54:46.842+0000] {taskmixin.py:211} WARNING - Dependency <Task(_PythonDecoratedOperator): prepare_email>, send_email already registered for DAG: example_dag_decorator
[2023-04-09T19:54:46.843+0000] {logging_mixin.py:137} INFO - [2023-04-09T19:54:46.843+0000] {taskmixin.py:211} WARNING - Dependency <Task(EmailOperator): send_email>, prepare_email already registered for DAG: example_dag_decorator
[2023-04-09T19:54:46.857+0000] {processor.py:753} INFO - DAG(s) dict_keys(['example_dag_decorator']) retrieved from /home/airflow/.local/lib/python3.7/site-packages/airflow/example_dags/example_dag_decorator.py
[2023-04-09T19:54:46.937+0000] {logging_mixin.py:137} INFO - [2023-04-09T19:54:46.937+0000] {dag.py:2705} INFO - Sync 1 DAGs
[2023-04-09T19:54:46.964+0000] {logging_mixin.py:137} INFO - [2023-04-09T19:54:46.964+0000] {dag.py:3456} INFO - Setting next_dagrun for example_dag_decorator to None, run_after=None
[2023-04-09T19:54:46.996+0000] {processor.py:175} INFO - Processing /home/airflow/.local/lib/python3.7/site-packages/airflow/example_dags/example_dag_decorator.py took 0.178 seconds
[2023-04-09T19:55:17.894+0000] {processor.py:153} INFO - Started process (PID=1528) to work on /home/airflow/.local/lib/python3.7/site-packages/airflow/example_dags/example_dag_decorator.py
[2023-04-09T19:55:17.896+0000] {processor.py:743} INFO - Processing file /home/airflow/.local/lib/python3.7/site-packages/airflow/example_dags/example_dag_decorator.py for tasks to queue
[2023-04-09T19:55:17.897+0000] {logging_mixin.py:137} INFO - [2023-04-09T19:55:17.897+0000] {dagbag.py:532} INFO - Filling up the DagBag from /home/airflow/.local/lib/python3.7/site-packages/airflow/example_dags/example_dag_decorator.py
[2023-04-09T19:55:17.944+0000] {logging_mixin.py:137} INFO - [2023-04-09T19:55:17.942+0000] {taskmixin.py:211} WARNING - Dependency <Task(_PythonDecoratedOperator): prepare_email>, send_email already registered for DAG: example_dag_decorator
[2023-04-09T19:55:17.945+0000] {logging_mixin.py:137} INFO - [2023-04-09T19:55:17.945+0000] {taskmixin.py:211} WARNING - Dependency <Task(EmailOperator): send_email>, prepare_email already registered for DAG: example_dag_decorator
[2023-04-09T19:55:17.970+0000] {processor.py:753} INFO - DAG(s) dict_keys(['example_dag_decorator']) retrieved from /home/airflow/.local/lib/python3.7/site-packages/airflow/example_dags/example_dag_decorator.py
[2023-04-09T19:55:18.159+0000] {logging_mixin.py:137} INFO - [2023-04-09T19:55:18.159+0000] {dag.py:2705} INFO - Sync 1 DAGs
[2023-04-09T19:55:18.221+0000] {logging_mixin.py:137} INFO - [2023-04-09T19:55:18.221+0000] {dag.py:3456} INFO - Setting next_dagrun for example_dag_decorator to None, run_after=None
[2023-04-09T19:55:18.360+0000] {processor.py:175} INFO - Processing /home/airflow/.local/lib/python3.7/site-packages/airflow/example_dags/example_dag_decorator.py took 0.472 seconds
[2023-04-09T19:55:49.104+0000] {processor.py:153} INFO - Started process (PID=1746) to work on /home/airflow/.local/lib/python3.7/site-packages/airflow/example_dags/example_dag_decorator.py
[2023-04-09T19:55:49.106+0000] {processor.py:743} INFO - Processing file /home/airflow/.local/lib/python3.7/site-packages/airflow/example_dags/example_dag_decorator.py for tasks to queue
[2023-04-09T19:55:49.107+0000] {logging_mixin.py:137} INFO - [2023-04-09T19:55:49.107+0000] {dagbag.py:532} INFO - Filling up the DagBag from /home/airflow/.local/lib/python3.7/site-packages/airflow/example_dags/example_dag_decorator.py
[2023-04-09T19:55:49.130+0000] {logging_mixin.py:137} INFO - [2023-04-09T19:55:49.129+0000] {taskmixin.py:211} WARNING - Dependency <Task(_PythonDecoratedOperator): prepare_email>, send_email already registered for DAG: example_dag_decorator
[2023-04-09T19:55:49.131+0000] {logging_mixin.py:137} INFO - [2023-04-09T19:55:49.130+0000] {taskmixin.py:211} WARNING - Dependency <Task(EmailOperator): send_email>, prepare_email already registered for DAG: example_dag_decorator
[2023-04-09T19:55:49.145+0000] {processor.py:753} INFO - DAG(s) dict_keys(['example_dag_decorator']) retrieved from /home/airflow/.local/lib/python3.7/site-packages/airflow/example_dags/example_dag_decorator.py
[2023-04-09T19:55:49.243+0000] {logging_mixin.py:137} INFO - [2023-04-09T19:55:49.243+0000] {dag.py:2705} INFO - Sync 1 DAGs
[2023-04-09T19:55:49.284+0000] {logging_mixin.py:137} INFO - [2023-04-09T19:55:49.284+0000] {dag.py:3456} INFO - Setting next_dagrun for example_dag_decorator to None, run_after=None
[2023-04-09T19:55:49.322+0000] {processor.py:175} INFO - Processing /home/airflow/.local/lib/python3.7/site-packages/airflow/example_dags/example_dag_decorator.py took 0.223 seconds
[2023-04-09T19:56:19.610+0000] {processor.py:153} INFO - Started process (PID=1964) to work on /home/airflow/.local/lib/python3.7/site-packages/airflow/example_dags/example_dag_decorator.py
[2023-04-09T19:56:19.613+0000] {processor.py:743} INFO - Processing file /home/airflow/.local/lib/python3.7/site-packages/airflow/example_dags/example_dag_decorator.py for tasks to queue
[2023-04-09T19:56:19.616+0000] {logging_mixin.py:137} INFO - [2023-04-09T19:56:19.616+0000] {dagbag.py:532} INFO - Filling up the DagBag from /home/airflow/.local/lib/python3.7/site-packages/airflow/example_dags/example_dag_decorator.py
[2023-04-09T19:56:19.657+0000] {logging_mixin.py:137} INFO - [2023-04-09T19:56:19.657+0000] {taskmixin.py:211} WARNING - Dependency <Task(_PythonDecoratedOperator): prepare_email>, send_email already registered for DAG: example_dag_decorator
[2023-04-09T19:56:19.658+0000] {logging_mixin.py:137} INFO - [2023-04-09T19:56:19.658+0000] {taskmixin.py:211} WARNING - Dependency <Task(EmailOperator): send_email>, prepare_email already registered for DAG: example_dag_decorator
[2023-04-09T19:56:19.686+0000] {processor.py:753} INFO - DAG(s) dict_keys(['example_dag_decorator']) retrieved from /home/airflow/.local/lib/python3.7/site-packages/airflow/example_dags/example_dag_decorator.py
[2023-04-09T19:56:19.910+0000] {logging_mixin.py:137} INFO - [2023-04-09T19:56:19.909+0000] {dag.py:2705} INFO - Sync 1 DAGs
[2023-04-09T19:56:19.985+0000] {logging_mixin.py:137} INFO - [2023-04-09T19:56:19.984+0000] {dag.py:3456} INFO - Setting next_dagrun for example_dag_decorator to None, run_after=None
[2023-04-09T19:56:20.041+0000] {processor.py:175} INFO - Processing /home/airflow/.local/lib/python3.7/site-packages/airflow/example_dags/example_dag_decorator.py took 0.437 seconds
