[2023-04-09T19:52:19.147+0000] {processor.py:153} INFO - Started process (PID=351) to work on /home/airflow/.local/lib/python3.7/site-packages/airflow/example_dags/example_xcomargs.py
[2023-04-09T19:52:19.149+0000] {processor.py:743} INFO - Processing file /home/airflow/.local/lib/python3.7/site-packages/airflow/example_dags/example_xcomargs.py for tasks to queue
[2023-04-09T19:52:19.150+0000] {logging_mixin.py:137} INFO - [2023-04-09T19:52:19.150+0000] {dagbag.py:532} INFO - Filling up the DagBag from /home/airflow/.local/lib/python3.7/site-packages/airflow/example_dags/example_xcomargs.py
[2023-04-09T19:52:19.200+0000] {processor.py:753} INFO - DAG(s) dict_keys(['example_xcom_args_with_operators', 'example_xcom_args']) retrieved from /home/airflow/.local/lib/python3.7/site-packages/airflow/example_dags/example_xcomargs.py
[2023-04-09T19:52:19.256+0000] {logging_mixin.py:137} INFO - [2023-04-09T19:52:19.255+0000] {dag.py:2705} INFO - Sync 2 DAGs
[2023-04-09T19:52:19.310+0000] {logging_mixin.py:137} INFO - [2023-04-09T19:52:19.310+0000] {dag.py:3456} INFO - Setting next_dagrun for example_xcom_args to None, run_after=None
[2023-04-09T19:52:19.318+0000] {logging_mixin.py:137} INFO - [2023-04-09T19:52:19.318+0000] {dag.py:3456} INFO - Setting next_dagrun for example_xcom_args_with_operators to None, run_after=None
[2023-04-09T19:52:19.376+0000] {processor.py:175} INFO - Processing /home/airflow/.local/lib/python3.7/site-packages/airflow/example_dags/example_xcomargs.py took 0.233 seconds
[2023-04-09T19:52:50.399+0000] {processor.py:153} INFO - Started process (PID=570) to work on /home/airflow/.local/lib/python3.7/site-packages/airflow/example_dags/example_xcomargs.py
[2023-04-09T19:52:50.403+0000] {processor.py:743} INFO - Processing file /home/airflow/.local/lib/python3.7/site-packages/airflow/example_dags/example_xcomargs.py for tasks to queue
[2023-04-09T19:52:50.407+0000] {logging_mixin.py:137} INFO - [2023-04-09T19:52:50.406+0000] {dagbag.py:532} INFO - Filling up the DagBag from /home/airflow/.local/lib/python3.7/site-packages/airflow/example_dags/example_xcomargs.py
[2023-04-09T19:52:50.543+0000] {processor.py:753} INFO - DAG(s) dict_keys(['example_xcom_args_with_operators', 'example_xcom_args']) retrieved from /home/airflow/.local/lib/python3.7/site-packages/airflow/example_dags/example_xcomargs.py
[2023-04-09T19:52:50.631+0000] {logging_mixin.py:137} INFO - [2023-04-09T19:52:50.630+0000] {dag.py:2705} INFO - Sync 2 DAGs
[2023-04-09T19:52:50.758+0000] {logging_mixin.py:137} INFO - [2023-04-09T19:52:50.758+0000] {dag.py:3456} INFO - Setting next_dagrun for example_xcom_args to None, run_after=None
[2023-04-09T19:52:50.776+0000] {logging_mixin.py:137} INFO - [2023-04-09T19:52:50.775+0000] {dag.py:3456} INFO - Setting next_dagrun for example_xcom_args_with_operators to None, run_after=None
[2023-04-09T19:52:50.842+0000] {processor.py:175} INFO - Processing /home/airflow/.local/lib/python3.7/site-packages/airflow/example_dags/example_xcomargs.py took 0.452 seconds
[2023-04-09T19:53:20.939+0000] {processor.py:153} INFO - Started process (PID=790) to work on /home/airflow/.local/lib/python3.7/site-packages/airflow/example_dags/example_xcomargs.py
[2023-04-09T19:53:20.940+0000] {processor.py:743} INFO - Processing file /home/airflow/.local/lib/python3.7/site-packages/airflow/example_dags/example_xcomargs.py for tasks to queue
[2023-04-09T19:53:20.941+0000] {logging_mixin.py:137} INFO - [2023-04-09T19:53:20.941+0000] {dagbag.py:532} INFO - Filling up the DagBag from /home/airflow/.local/lib/python3.7/site-packages/airflow/example_dags/example_xcomargs.py
[2023-04-09T19:53:20.972+0000] {processor.py:753} INFO - DAG(s) dict_keys(['example_xcom_args', 'example_xcom_args_with_operators']) retrieved from /home/airflow/.local/lib/python3.7/site-packages/airflow/example_dags/example_xcomargs.py
[2023-04-09T19:53:21.008+0000] {logging_mixin.py:137} INFO - [2023-04-09T19:53:21.008+0000] {dag.py:2705} INFO - Sync 2 DAGs
[2023-04-09T19:53:21.036+0000] {logging_mixin.py:137} INFO - [2023-04-09T19:53:21.036+0000] {dag.py:3456} INFO - Setting next_dagrun for example_xcom_args to None, run_after=None
[2023-04-09T19:53:21.042+0000] {logging_mixin.py:137} INFO - [2023-04-09T19:53:21.041+0000] {dag.py:3456} INFO - Setting next_dagrun for example_xcom_args_with_operators to None, run_after=None
[2023-04-09T19:53:21.065+0000] {processor.py:175} INFO - Processing /home/airflow/.local/lib/python3.7/site-packages/airflow/example_dags/example_xcomargs.py took 0.131 seconds
[2023-04-09T19:53:51.737+0000] {processor.py:153} INFO - Started process (PID=1006) to work on /home/airflow/.local/lib/python3.7/site-packages/airflow/example_dags/example_xcomargs.py
[2023-04-09T19:53:51.738+0000] {processor.py:743} INFO - Processing file /home/airflow/.local/lib/python3.7/site-packages/airflow/example_dags/example_xcomargs.py for tasks to queue
[2023-04-09T19:53:51.740+0000] {logging_mixin.py:137} INFO - [2023-04-09T19:53:51.740+0000] {dagbag.py:532} INFO - Filling up the DagBag from /home/airflow/.local/lib/python3.7/site-packages/airflow/example_dags/example_xcomargs.py
[2023-04-09T19:53:51.772+0000] {processor.py:753} INFO - DAG(s) dict_keys(['example_xcom_args_with_operators', 'example_xcom_args']) retrieved from /home/airflow/.local/lib/python3.7/site-packages/airflow/example_dags/example_xcomargs.py
[2023-04-09T19:53:51.813+0000] {logging_mixin.py:137} INFO - [2023-04-09T19:53:51.813+0000] {dag.py:2705} INFO - Sync 2 DAGs
[2023-04-09T19:53:51.853+0000] {logging_mixin.py:137} INFO - [2023-04-09T19:53:51.853+0000] {dag.py:3456} INFO - Setting next_dagrun for example_xcom_args to None, run_after=None
[2023-04-09T19:53:51.861+0000] {logging_mixin.py:137} INFO - [2023-04-09T19:53:51.861+0000] {dag.py:3456} INFO - Setting next_dagrun for example_xcom_args_with_operators to None, run_after=None
[2023-04-09T19:53:51.889+0000] {processor.py:175} INFO - Processing /home/airflow/.local/lib/python3.7/site-packages/airflow/example_dags/example_xcomargs.py took 0.156 seconds
[2023-04-09T19:54:22.500+0000] {processor.py:153} INFO - Started process (PID=1229) to work on /home/airflow/.local/lib/python3.7/site-packages/airflow/example_dags/example_xcomargs.py
[2023-04-09T19:54:22.502+0000] {processor.py:743} INFO - Processing file /home/airflow/.local/lib/python3.7/site-packages/airflow/example_dags/example_xcomargs.py for tasks to queue
[2023-04-09T19:54:22.504+0000] {logging_mixin.py:137} INFO - [2023-04-09T19:54:22.503+0000] {dagbag.py:532} INFO - Filling up the DagBag from /home/airflow/.local/lib/python3.7/site-packages/airflow/example_dags/example_xcomargs.py
[2023-04-09T19:54:22.541+0000] {processor.py:753} INFO - DAG(s) dict_keys(['example_xcom_args_with_operators', 'example_xcom_args']) retrieved from /home/airflow/.local/lib/python3.7/site-packages/airflow/example_dags/example_xcomargs.py
[2023-04-09T19:54:22.577+0000] {logging_mixin.py:137} INFO - [2023-04-09T19:54:22.577+0000] {dag.py:2705} INFO - Sync 2 DAGs
[2023-04-09T19:54:22.617+0000] {logging_mixin.py:137} INFO - [2023-04-09T19:54:22.617+0000] {dag.py:3456} INFO - Setting next_dagrun for example_xcom_args to None, run_after=None
[2023-04-09T19:54:22.624+0000] {logging_mixin.py:137} INFO - [2023-04-09T19:54:22.623+0000] {dag.py:3456} INFO - Setting next_dagrun for example_xcom_args_with_operators to None, run_after=None
[2023-04-09T19:54:22.650+0000] {processor.py:175} INFO - Processing /home/airflow/.local/lib/python3.7/site-packages/airflow/example_dags/example_xcomargs.py took 0.156 seconds
[2023-04-09T19:54:53.061+0000] {processor.py:153} INFO - Started process (PID=1451) to work on /home/airflow/.local/lib/python3.7/site-packages/airflow/example_dags/example_xcomargs.py
[2023-04-09T19:54:53.062+0000] {processor.py:743} INFO - Processing file /home/airflow/.local/lib/python3.7/site-packages/airflow/example_dags/example_xcomargs.py for tasks to queue
[2023-04-09T19:54:53.064+0000] {logging_mixin.py:137} INFO - [2023-04-09T19:54:53.064+0000] {dagbag.py:532} INFO - Filling up the DagBag from /home/airflow/.local/lib/python3.7/site-packages/airflow/example_dags/example_xcomargs.py
[2023-04-09T19:54:53.099+0000] {processor.py:753} INFO - DAG(s) dict_keys(['example_xcom_args', 'example_xcom_args_with_operators']) retrieved from /home/airflow/.local/lib/python3.7/site-packages/airflow/example_dags/example_xcomargs.py
[2023-04-09T19:54:53.140+0000] {logging_mixin.py:137} INFO - [2023-04-09T19:54:53.140+0000] {dag.py:2705} INFO - Sync 2 DAGs
[2023-04-09T19:54:53.174+0000] {logging_mixin.py:137} INFO - [2023-04-09T19:54:53.174+0000] {dag.py:3456} INFO - Setting next_dagrun for example_xcom_args to None, run_after=None
[2023-04-09T19:54:53.180+0000] {logging_mixin.py:137} INFO - [2023-04-09T19:54:53.180+0000] {dag.py:3456} INFO - Setting next_dagrun for example_xcom_args_with_operators to None, run_after=None
[2023-04-09T19:54:53.208+0000] {processor.py:175} INFO - Processing /home/airflow/.local/lib/python3.7/site-packages/airflow/example_dags/example_xcomargs.py took 0.152 seconds
[2023-04-09T19:55:23.804+0000] {processor.py:153} INFO - Started process (PID=1673) to work on /home/airflow/.local/lib/python3.7/site-packages/airflow/example_dags/example_xcomargs.py
[2023-04-09T19:55:23.806+0000] {processor.py:743} INFO - Processing file /home/airflow/.local/lib/python3.7/site-packages/airflow/example_dags/example_xcomargs.py for tasks to queue
[2023-04-09T19:55:23.807+0000] {logging_mixin.py:137} INFO - [2023-04-09T19:55:23.807+0000] {dagbag.py:532} INFO - Filling up the DagBag from /home/airflow/.local/lib/python3.7/site-packages/airflow/example_dags/example_xcomargs.py
[2023-04-09T19:55:23.847+0000] {processor.py:753} INFO - DAG(s) dict_keys(['example_xcom_args_with_operators', 'example_xcom_args']) retrieved from /home/airflow/.local/lib/python3.7/site-packages/airflow/example_dags/example_xcomargs.py
[2023-04-09T19:55:23.907+0000] {logging_mixin.py:137} INFO - [2023-04-09T19:55:23.907+0000] {dag.py:2705} INFO - Sync 2 DAGs
[2023-04-09T19:55:23.968+0000] {logging_mixin.py:137} INFO - [2023-04-09T19:55:23.968+0000] {dag.py:3456} INFO - Setting next_dagrun for example_xcom_args to None, run_after=None
[2023-04-09T19:55:23.977+0000] {logging_mixin.py:137} INFO - [2023-04-09T19:55:23.976+0000] {dag.py:3456} INFO - Setting next_dagrun for example_xcom_args_with_operators to None, run_after=None
[2023-04-09T19:55:24.025+0000] {processor.py:175} INFO - Processing /home/airflow/.local/lib/python3.7/site-packages/airflow/example_dags/example_xcomargs.py took 0.226 seconds
[2023-04-09T19:55:54.306+0000] {processor.py:153} INFO - Started process (PID=1891) to work on /home/airflow/.local/lib/python3.7/site-packages/airflow/example_dags/example_xcomargs.py
[2023-04-09T19:55:54.307+0000] {processor.py:743} INFO - Processing file /home/airflow/.local/lib/python3.7/site-packages/airflow/example_dags/example_xcomargs.py for tasks to queue
[2023-04-09T19:55:54.309+0000] {logging_mixin.py:137} INFO - [2023-04-09T19:55:54.308+0000] {dagbag.py:532} INFO - Filling up the DagBag from /home/airflow/.local/lib/python3.7/site-packages/airflow/example_dags/example_xcomargs.py
[2023-04-09T19:55:54.344+0000] {processor.py:753} INFO - DAG(s) dict_keys(['example_xcom_args', 'example_xcom_args_with_operators']) retrieved from /home/airflow/.local/lib/python3.7/site-packages/airflow/example_dags/example_xcomargs.py
[2023-04-09T19:55:54.388+0000] {logging_mixin.py:137} INFO - [2023-04-09T19:55:54.388+0000] {dag.py:2705} INFO - Sync 2 DAGs
[2023-04-09T19:55:54.424+0000] {logging_mixin.py:137} INFO - [2023-04-09T19:55:54.423+0000] {dag.py:3456} INFO - Setting next_dagrun for example_xcom_args to None, run_after=None
[2023-04-09T19:55:54.430+0000] {logging_mixin.py:137} INFO - [2023-04-09T19:55:54.430+0000] {dag.py:3456} INFO - Setting next_dagrun for example_xcom_args_with_operators to None, run_after=None
[2023-04-09T19:55:54.458+0000] {processor.py:175} INFO - Processing /home/airflow/.local/lib/python3.7/site-packages/airflow/example_dags/example_xcomargs.py took 0.156 seconds
[2023-04-09T19:56:24.954+0000] {processor.py:153} INFO - Started process (PID=2109) to work on /home/airflow/.local/lib/python3.7/site-packages/airflow/example_dags/example_xcomargs.py
[2023-04-09T19:56:24.956+0000] {processor.py:743} INFO - Processing file /home/airflow/.local/lib/python3.7/site-packages/airflow/example_dags/example_xcomargs.py for tasks to queue
[2023-04-09T19:56:24.958+0000] {logging_mixin.py:137} INFO - [2023-04-09T19:56:24.958+0000] {dagbag.py:532} INFO - Filling up the DagBag from /home/airflow/.local/lib/python3.7/site-packages/airflow/example_dags/example_xcomargs.py
[2023-04-09T19:56:25.001+0000] {processor.py:753} INFO - DAG(s) dict_keys(['example_xcom_args_with_operators', 'example_xcom_args']) retrieved from /home/airflow/.local/lib/python3.7/site-packages/airflow/example_dags/example_xcomargs.py
[2023-04-09T19:56:25.064+0000] {logging_mixin.py:137} INFO - [2023-04-09T19:56:25.064+0000] {dag.py:2705} INFO - Sync 2 DAGs
[2023-04-09T19:56:25.120+0000] {logging_mixin.py:137} INFO - [2023-04-09T19:56:25.120+0000] {dag.py:3456} INFO - Setting next_dagrun for example_xcom_args to None, run_after=None
[2023-04-09T19:56:25.127+0000] {logging_mixin.py:137} INFO - [2023-04-09T19:56:25.127+0000] {dag.py:3456} INFO - Setting next_dagrun for example_xcom_args_with_operators to None, run_after=None
[2023-04-09T19:56:25.166+0000] {processor.py:175} INFO - Processing /home/airflow/.local/lib/python3.7/site-packages/airflow/example_dags/example_xcomargs.py took 0.218 seconds
