[2023-04-09T19:52:15.676+0000] {processor.py:153} INFO - Started process (PID=256) to work on /home/airflow/.local/lib/python3.7/site-packages/airflow/example_dags/example_branch_day_of_week_operator.py
[2023-04-09T19:52:15.678+0000] {processor.py:743} INFO - Processing file /home/airflow/.local/lib/python3.7/site-packages/airflow/example_dags/example_branch_day_of_week_operator.py for tasks to queue
[2023-04-09T19:52:15.682+0000] {logging_mixin.py:137} INFO - [2023-04-09T19:52:15.681+0000] {dagbag.py:532} INFO - Filling up the DagBag from /home/airflow/.local/lib/python3.7/site-packages/airflow/example_dags/example_branch_day_of_week_operator.py
[2023-04-09T19:52:15.713+0000] {processor.py:753} INFO - DAG(s) dict_keys(['example_weekday_branch_operator']) retrieved from /home/airflow/.local/lib/python3.7/site-packages/airflow/example_dags/example_branch_day_of_week_operator.py
[2023-04-09T19:52:15.756+0000] {logging_mixin.py:137} INFO - [2023-04-09T19:52:15.756+0000] {dag.py:2705} INFO - Sync 1 DAGs
[2023-04-09T19:52:15.806+0000] {logging_mixin.py:137} INFO - [2023-04-09T19:52:15.806+0000] {dag.py:3456} INFO - Setting next_dagrun for example_weekday_branch_operator to 2023-04-08T00:00:00+00:00, run_after=2023-04-09T00:00:00+00:00
[2023-04-09T19:52:15.853+0000] {processor.py:175} INFO - Processing /home/airflow/.local/lib/python3.7/site-packages/airflow/example_dags/example_branch_day_of_week_operator.py took 0.182 seconds
[2023-04-09T19:52:46.836+0000] {processor.py:153} INFO - Started process (PID=475) to work on /home/airflow/.local/lib/python3.7/site-packages/airflow/example_dags/example_branch_day_of_week_operator.py
[2023-04-09T19:52:46.838+0000] {processor.py:743} INFO - Processing file /home/airflow/.local/lib/python3.7/site-packages/airflow/example_dags/example_branch_day_of_week_operator.py for tasks to queue
[2023-04-09T19:52:46.839+0000] {logging_mixin.py:137} INFO - [2023-04-09T19:52:46.839+0000] {dagbag.py:532} INFO - Filling up the DagBag from /home/airflow/.local/lib/python3.7/site-packages/airflow/example_dags/example_branch_day_of_week_operator.py
[2023-04-09T19:52:46.860+0000] {processor.py:753} INFO - DAG(s) dict_keys(['example_weekday_branch_operator']) retrieved from /home/airflow/.local/lib/python3.7/site-packages/airflow/example_dags/example_branch_day_of_week_operator.py
[2023-04-09T19:52:46.905+0000] {logging_mixin.py:137} INFO - [2023-04-09T19:52:46.905+0000] {dag.py:2705} INFO - Sync 1 DAGs
[2023-04-09T19:52:46.981+0000] {logging_mixin.py:137} INFO - [2023-04-09T19:52:46.981+0000] {dag.py:3456} INFO - Setting next_dagrun for example_weekday_branch_operator to 2023-04-08T00:00:00+00:00, run_after=2023-04-09T00:00:00+00:00
[2023-04-09T19:52:47.047+0000] {processor.py:175} INFO - Processing /home/airflow/.local/lib/python3.7/site-packages/airflow/example_dags/example_branch_day_of_week_operator.py took 0.216 seconds
[2023-04-09T19:53:17.302+0000] {processor.py:153} INFO - Started process (PID=693) to work on /home/airflow/.local/lib/python3.7/site-packages/airflow/example_dags/example_branch_day_of_week_operator.py
[2023-04-09T19:53:17.304+0000] {processor.py:743} INFO - Processing file /home/airflow/.local/lib/python3.7/site-packages/airflow/example_dags/example_branch_day_of_week_operator.py for tasks to queue
[2023-04-09T19:53:17.306+0000] {logging_mixin.py:137} INFO - [2023-04-09T19:53:17.306+0000] {dagbag.py:532} INFO - Filling up the DagBag from /home/airflow/.local/lib/python3.7/site-packages/airflow/example_dags/example_branch_day_of_week_operator.py
[2023-04-09T19:53:17.333+0000] {processor.py:753} INFO - DAG(s) dict_keys(['example_weekday_branch_operator']) retrieved from /home/airflow/.local/lib/python3.7/site-packages/airflow/example_dags/example_branch_day_of_week_operator.py
[2023-04-09T19:53:17.376+0000] {logging_mixin.py:137} INFO - [2023-04-09T19:53:17.375+0000] {dag.py:2705} INFO - Sync 1 DAGs
[2023-04-09T19:53:17.415+0000] {logging_mixin.py:137} INFO - [2023-04-09T19:53:17.415+0000] {dag.py:3456} INFO - Setting next_dagrun for example_weekday_branch_operator to 2023-04-08T00:00:00+00:00, run_after=2023-04-09T00:00:00+00:00
[2023-04-09T19:53:17.446+0000] {processor.py:175} INFO - Processing /home/airflow/.local/lib/python3.7/site-packages/airflow/example_dags/example_branch_day_of_week_operator.py took 0.148 seconds
[2023-04-09T19:53:47.561+0000] {processor.py:153} INFO - Started process (PID=911) to work on /home/airflow/.local/lib/python3.7/site-packages/airflow/example_dags/example_branch_day_of_week_operator.py
[2023-04-09T19:53:47.563+0000] {processor.py:743} INFO - Processing file /home/airflow/.local/lib/python3.7/site-packages/airflow/example_dags/example_branch_day_of_week_operator.py for tasks to queue
[2023-04-09T19:53:47.564+0000] {logging_mixin.py:137} INFO - [2023-04-09T19:53:47.564+0000] {dagbag.py:532} INFO - Filling up the DagBag from /home/airflow/.local/lib/python3.7/site-packages/airflow/example_dags/example_branch_day_of_week_operator.py
[2023-04-09T19:53:47.585+0000] {processor.py:753} INFO - DAG(s) dict_keys(['example_weekday_branch_operator']) retrieved from /home/airflow/.local/lib/python3.7/site-packages/airflow/example_dags/example_branch_day_of_week_operator.py
[2023-04-09T19:53:47.622+0000] {logging_mixin.py:137} INFO - [2023-04-09T19:53:47.622+0000] {dag.py:2705} INFO - Sync 1 DAGs
[2023-04-09T19:53:47.666+0000] {logging_mixin.py:137} INFO - [2023-04-09T19:53:47.666+0000] {dag.py:3456} INFO - Setting next_dagrun for example_weekday_branch_operator to 2023-04-08T00:00:00+00:00, run_after=2023-04-09T00:00:00+00:00
[2023-04-09T19:53:47.696+0000] {processor.py:175} INFO - Processing /home/airflow/.local/lib/python3.7/site-packages/airflow/example_dags/example_branch_day_of_week_operator.py took 0.138 seconds
[2023-04-09T19:54:17.821+0000] {processor.py:153} INFO - Started process (PID=1134) to work on /home/airflow/.local/lib/python3.7/site-packages/airflow/example_dags/example_branch_day_of_week_operator.py
[2023-04-09T19:54:17.823+0000] {processor.py:743} INFO - Processing file /home/airflow/.local/lib/python3.7/site-packages/airflow/example_dags/example_branch_day_of_week_operator.py for tasks to queue
[2023-04-09T19:54:17.824+0000] {logging_mixin.py:137} INFO - [2023-04-09T19:54:17.824+0000] {dagbag.py:532} INFO - Filling up the DagBag from /home/airflow/.local/lib/python3.7/site-packages/airflow/example_dags/example_branch_day_of_week_operator.py
[2023-04-09T19:54:17.847+0000] {processor.py:753} INFO - DAG(s) dict_keys(['example_weekday_branch_operator']) retrieved from /home/airflow/.local/lib/python3.7/site-packages/airflow/example_dags/example_branch_day_of_week_operator.py
[2023-04-09T19:54:17.882+0000] {logging_mixin.py:137} INFO - [2023-04-09T19:54:17.882+0000] {dag.py:2705} INFO - Sync 1 DAGs
[2023-04-09T19:54:17.927+0000] {logging_mixin.py:137} INFO - [2023-04-09T19:54:17.927+0000] {dag.py:3456} INFO - Setting next_dagrun for example_weekday_branch_operator to 2023-04-08T00:00:00+00:00, run_after=2023-04-09T00:00:00+00:00
[2023-04-09T19:54:17.983+0000] {processor.py:175} INFO - Processing /home/airflow/.local/lib/python3.7/site-packages/airflow/example_dags/example_branch_day_of_week_operator.py took 0.165 seconds
[2023-04-09T19:54:48.113+0000] {processor.py:153} INFO - Started process (PID=1356) to work on /home/airflow/.local/lib/python3.7/site-packages/airflow/example_dags/example_branch_day_of_week_operator.py
[2023-04-09T19:54:48.115+0000] {processor.py:743} INFO - Processing file /home/airflow/.local/lib/python3.7/site-packages/airflow/example_dags/example_branch_day_of_week_operator.py for tasks to queue
[2023-04-09T19:54:48.116+0000] {logging_mixin.py:137} INFO - [2023-04-09T19:54:48.116+0000] {dagbag.py:532} INFO - Filling up the DagBag from /home/airflow/.local/lib/python3.7/site-packages/airflow/example_dags/example_branch_day_of_week_operator.py
[2023-04-09T19:54:48.133+0000] {processor.py:753} INFO - DAG(s) dict_keys(['example_weekday_branch_operator']) retrieved from /home/airflow/.local/lib/python3.7/site-packages/airflow/example_dags/example_branch_day_of_week_operator.py
[2023-04-09T19:54:48.168+0000] {logging_mixin.py:137} INFO - [2023-04-09T19:54:48.168+0000] {dag.py:2705} INFO - Sync 1 DAGs
[2023-04-09T19:54:48.209+0000] {logging_mixin.py:137} INFO - [2023-04-09T19:54:48.209+0000] {dag.py:3456} INFO - Setting next_dagrun for example_weekday_branch_operator to 2023-04-08T00:00:00+00:00, run_after=2023-04-09T00:00:00+00:00
[2023-04-09T19:54:48.239+0000] {processor.py:175} INFO - Processing /home/airflow/.local/lib/python3.7/site-packages/airflow/example_dags/example_branch_day_of_week_operator.py took 0.130 seconds
[2023-04-09T19:55:19.819+0000] {processor.py:153} INFO - Started process (PID=1578) to work on /home/airflow/.local/lib/python3.7/site-packages/airflow/example_dags/example_branch_day_of_week_operator.py
[2023-04-09T19:55:19.820+0000] {processor.py:743} INFO - Processing file /home/airflow/.local/lib/python3.7/site-packages/airflow/example_dags/example_branch_day_of_week_operator.py for tasks to queue
[2023-04-09T19:55:19.821+0000] {logging_mixin.py:137} INFO - [2023-04-09T19:55:19.821+0000] {dagbag.py:532} INFO - Filling up the DagBag from /home/airflow/.local/lib/python3.7/site-packages/airflow/example_dags/example_branch_day_of_week_operator.py
[2023-04-09T19:55:19.843+0000] {processor.py:753} INFO - DAG(s) dict_keys(['example_weekday_branch_operator']) retrieved from /home/airflow/.local/lib/python3.7/site-packages/airflow/example_dags/example_branch_day_of_week_operator.py
[2023-04-09T19:55:19.879+0000] {logging_mixin.py:137} INFO - [2023-04-09T19:55:19.879+0000] {dag.py:2705} INFO - Sync 1 DAGs
[2023-04-09T19:55:19.918+0000] {logging_mixin.py:137} INFO - [2023-04-09T19:55:19.917+0000] {dag.py:3456} INFO - Setting next_dagrun for example_weekday_branch_operator to 2023-04-08T00:00:00+00:00, run_after=2023-04-09T00:00:00+00:00
[2023-04-09T19:55:19.948+0000] {processor.py:175} INFO - Processing /home/airflow/.local/lib/python3.7/site-packages/airflow/example_dags/example_branch_day_of_week_operator.py took 0.134 seconds
[2023-04-09T19:55:50.219+0000] {processor.py:153} INFO - Started process (PID=1796) to work on /home/airflow/.local/lib/python3.7/site-packages/airflow/example_dags/example_branch_day_of_week_operator.py
[2023-04-09T19:55:50.221+0000] {processor.py:743} INFO - Processing file /home/airflow/.local/lib/python3.7/site-packages/airflow/example_dags/example_branch_day_of_week_operator.py for tasks to queue
[2023-04-09T19:55:50.222+0000] {logging_mixin.py:137} INFO - [2023-04-09T19:55:50.222+0000] {dagbag.py:532} INFO - Filling up the DagBag from /home/airflow/.local/lib/python3.7/site-packages/airflow/example_dags/example_branch_day_of_week_operator.py
[2023-04-09T19:55:50.243+0000] {processor.py:753} INFO - DAG(s) dict_keys(['example_weekday_branch_operator']) retrieved from /home/airflow/.local/lib/python3.7/site-packages/airflow/example_dags/example_branch_day_of_week_operator.py
[2023-04-09T19:55:50.281+0000] {logging_mixin.py:137} INFO - [2023-04-09T19:55:50.281+0000] {dag.py:2705} INFO - Sync 1 DAGs
[2023-04-09T19:55:50.326+0000] {logging_mixin.py:137} INFO - [2023-04-09T19:55:50.326+0000] {dag.py:3456} INFO - Setting next_dagrun for example_weekday_branch_operator to 2023-04-08T00:00:00+00:00, run_after=2023-04-09T00:00:00+00:00
[2023-04-09T19:55:50.359+0000] {processor.py:175} INFO - Processing /home/airflow/.local/lib/python3.7/site-packages/airflow/example_dags/example_branch_day_of_week_operator.py took 0.144 seconds
[2023-04-09T19:56:21.421+0000] {processor.py:153} INFO - Started process (PID=2014) to work on /home/airflow/.local/lib/python3.7/site-packages/airflow/example_dags/example_branch_day_of_week_operator.py
[2023-04-09T19:56:21.424+0000] {processor.py:743} INFO - Processing file /home/airflow/.local/lib/python3.7/site-packages/airflow/example_dags/example_branch_day_of_week_operator.py for tasks to queue
[2023-04-09T19:56:21.426+0000] {logging_mixin.py:137} INFO - [2023-04-09T19:56:21.425+0000] {dagbag.py:532} INFO - Filling up the DagBag from /home/airflow/.local/lib/python3.7/site-packages/airflow/example_dags/example_branch_day_of_week_operator.py
[2023-04-09T19:56:21.453+0000] {processor.py:753} INFO - DAG(s) dict_keys(['example_weekday_branch_operator']) retrieved from /home/airflow/.local/lib/python3.7/site-packages/airflow/example_dags/example_branch_day_of_week_operator.py
[2023-04-09T19:56:21.500+0000] {logging_mixin.py:137} INFO - [2023-04-09T19:56:21.500+0000] {dag.py:2705} INFO - Sync 1 DAGs
[2023-04-09T19:56:21.550+0000] {logging_mixin.py:137} INFO - [2023-04-09T19:56:21.550+0000] {dag.py:3456} INFO - Setting next_dagrun for example_weekday_branch_operator to 2023-04-08T00:00:00+00:00, run_after=2023-04-09T00:00:00+00:00
[2023-04-09T19:56:21.600+0000] {processor.py:175} INFO - Processing /home/airflow/.local/lib/python3.7/site-packages/airflow/example_dags/example_branch_day_of_week_operator.py took 0.184 seconds
