[2023-04-09T19:52:17.094+0000] {processor.py:153} INFO - Started process (PID=288) to work on /home/airflow/.local/lib/python3.7/site-packages/airflow/example_dags/example_nested_branch_dag.py
[2023-04-09T19:52:17.095+0000] {processor.py:743} INFO - Processing file /home/airflow/.local/lib/python3.7/site-packages/airflow/example_dags/example_nested_branch_dag.py for tasks to queue
[2023-04-09T19:52:17.097+0000] {logging_mixin.py:137} INFO - [2023-04-09T19:52:17.097+0000] {dagbag.py:532} INFO - Filling up the DagBag from /home/airflow/.local/lib/python3.7/site-packages/airflow/example_dags/example_nested_branch_dag.py
[2023-04-09T19:52:17.142+0000] {processor.py:753} INFO - DAG(s) dict_keys(['example_nested_branch_dag']) retrieved from /home/airflow/.local/lib/python3.7/site-packages/airflow/example_dags/example_nested_branch_dag.py
[2023-04-09T19:52:17.185+0000] {logging_mixin.py:137} INFO - [2023-04-09T19:52:17.185+0000] {dag.py:2705} INFO - Sync 1 DAGs
[2023-04-09T19:52:17.238+0000] {logging_mixin.py:137} INFO - [2023-04-09T19:52:17.238+0000] {dag.py:3456} INFO - Setting next_dagrun for example_nested_branch_dag to 2023-04-08T00:00:00+00:00, run_after=2023-04-09T00:00:00+00:00
[2023-04-09T19:52:17.277+0000] {processor.py:175} INFO - Processing /home/airflow/.local/lib/python3.7/site-packages/airflow/example_dags/example_nested_branch_dag.py took 0.188 seconds
[2023-04-09T19:52:47.789+0000] {processor.py:153} INFO - Started process (PID=505) to work on /home/airflow/.local/lib/python3.7/site-packages/airflow/example_dags/example_nested_branch_dag.py
[2023-04-09T19:52:47.791+0000] {processor.py:743} INFO - Processing file /home/airflow/.local/lib/python3.7/site-packages/airflow/example_dags/example_nested_branch_dag.py for tasks to queue
[2023-04-09T19:52:47.793+0000] {logging_mixin.py:137} INFO - [2023-04-09T19:52:47.792+0000] {dagbag.py:532} INFO - Filling up the DagBag from /home/airflow/.local/lib/python3.7/site-packages/airflow/example_dags/example_nested_branch_dag.py
[2023-04-09T19:52:47.835+0000] {processor.py:753} INFO - DAG(s) dict_keys(['example_nested_branch_dag']) retrieved from /home/airflow/.local/lib/python3.7/site-packages/airflow/example_dags/example_nested_branch_dag.py
[2023-04-09T19:52:47.882+0000] {logging_mixin.py:137} INFO - [2023-04-09T19:52:47.882+0000] {dag.py:2705} INFO - Sync 1 DAGs
[2023-04-09T19:52:47.929+0000] {logging_mixin.py:137} INFO - [2023-04-09T19:52:47.928+0000] {dag.py:3456} INFO - Setting next_dagrun for example_nested_branch_dag to 2023-04-08T00:00:00+00:00, run_after=2023-04-09T00:00:00+00:00
[2023-04-09T19:52:47.976+0000] {processor.py:175} INFO - Processing /home/airflow/.local/lib/python3.7/site-packages/airflow/example_dags/example_nested_branch_dag.py took 0.191 seconds
[2023-04-09T19:53:18.060+0000] {processor.py:153} INFO - Started process (PID=723) to work on /home/airflow/.local/lib/python3.7/site-packages/airflow/example_dags/example_nested_branch_dag.py
[2023-04-09T19:53:18.061+0000] {processor.py:743} INFO - Processing file /home/airflow/.local/lib/python3.7/site-packages/airflow/example_dags/example_nested_branch_dag.py for tasks to queue
[2023-04-09T19:53:18.063+0000] {logging_mixin.py:137} INFO - [2023-04-09T19:53:18.062+0000] {dagbag.py:532} INFO - Filling up the DagBag from /home/airflow/.local/lib/python3.7/site-packages/airflow/example_dags/example_nested_branch_dag.py
[2023-04-09T19:53:18.097+0000] {processor.py:753} INFO - DAG(s) dict_keys(['example_nested_branch_dag']) retrieved from /home/airflow/.local/lib/python3.7/site-packages/airflow/example_dags/example_nested_branch_dag.py
[2023-04-09T19:53:18.129+0000] {logging_mixin.py:137} INFO - [2023-04-09T19:53:18.129+0000] {dag.py:2705} INFO - Sync 1 DAGs
[2023-04-09T19:53:18.164+0000] {logging_mixin.py:137} INFO - [2023-04-09T19:53:18.163+0000] {dag.py:3456} INFO - Setting next_dagrun for example_nested_branch_dag to 2023-04-08T00:00:00+00:00, run_after=2023-04-09T00:00:00+00:00
[2023-04-09T19:53:18.192+0000] {processor.py:175} INFO - Processing /home/airflow/.local/lib/python3.7/site-packages/airflow/example_dags/example_nested_branch_dag.py took 0.137 seconds
[2023-04-09T19:53:48.251+0000] {processor.py:153} INFO - Started process (PID=941) to work on /home/airflow/.local/lib/python3.7/site-packages/airflow/example_dags/example_nested_branch_dag.py
[2023-04-09T19:53:48.252+0000] {processor.py:743} INFO - Processing file /home/airflow/.local/lib/python3.7/site-packages/airflow/example_dags/example_nested_branch_dag.py for tasks to queue
[2023-04-09T19:53:48.254+0000] {logging_mixin.py:137} INFO - [2023-04-09T19:53:48.253+0000] {dagbag.py:532} INFO - Filling up the DagBag from /home/airflow/.local/lib/python3.7/site-packages/airflow/example_dags/example_nested_branch_dag.py
[2023-04-09T19:53:48.281+0000] {processor.py:753} INFO - DAG(s) dict_keys(['example_nested_branch_dag']) retrieved from /home/airflow/.local/lib/python3.7/site-packages/airflow/example_dags/example_nested_branch_dag.py
[2023-04-09T19:53:48.310+0000] {logging_mixin.py:137} INFO - [2023-04-09T19:53:48.310+0000] {dag.py:2705} INFO - Sync 1 DAGs
[2023-04-09T19:53:48.343+0000] {logging_mixin.py:137} INFO - [2023-04-09T19:53:48.343+0000] {dag.py:3456} INFO - Setting next_dagrun for example_nested_branch_dag to 2023-04-08T00:00:00+00:00, run_after=2023-04-09T00:00:00+00:00
[2023-04-09T19:53:48.372+0000] {processor.py:175} INFO - Processing /home/airflow/.local/lib/python3.7/site-packages/airflow/example_dags/example_nested_branch_dag.py took 0.124 seconds
[2023-04-09T19:54:18.502+0000] {processor.py:153} INFO - Started process (PID=1164) to work on /home/airflow/.local/lib/python3.7/site-packages/airflow/example_dags/example_nested_branch_dag.py
[2023-04-09T19:54:18.504+0000] {processor.py:743} INFO - Processing file /home/airflow/.local/lib/python3.7/site-packages/airflow/example_dags/example_nested_branch_dag.py for tasks to queue
[2023-04-09T19:54:18.505+0000] {logging_mixin.py:137} INFO - [2023-04-09T19:54:18.505+0000] {dagbag.py:532} INFO - Filling up the DagBag from /home/airflow/.local/lib/python3.7/site-packages/airflow/example_dags/example_nested_branch_dag.py
[2023-04-09T19:54:18.536+0000] {processor.py:753} INFO - DAG(s) dict_keys(['example_nested_branch_dag']) retrieved from /home/airflow/.local/lib/python3.7/site-packages/airflow/example_dags/example_nested_branch_dag.py
[2023-04-09T19:54:18.566+0000] {logging_mixin.py:137} INFO - [2023-04-09T19:54:18.566+0000] {dag.py:2705} INFO - Sync 1 DAGs
[2023-04-09T19:54:18.599+0000] {logging_mixin.py:137} INFO - [2023-04-09T19:54:18.599+0000] {dag.py:3456} INFO - Setting next_dagrun for example_nested_branch_dag to 2023-04-08T00:00:00+00:00, run_after=2023-04-09T00:00:00+00:00
[2023-04-09T19:54:18.627+0000] {processor.py:175} INFO - Processing /home/airflow/.local/lib/python3.7/site-packages/airflow/example_dags/example_nested_branch_dag.py took 0.130 seconds
[2023-04-09T19:54:48.848+0000] {processor.py:153} INFO - Started process (PID=1386) to work on /home/airflow/.local/lib/python3.7/site-packages/airflow/example_dags/example_nested_branch_dag.py
[2023-04-09T19:54:48.850+0000] {processor.py:743} INFO - Processing file /home/airflow/.local/lib/python3.7/site-packages/airflow/example_dags/example_nested_branch_dag.py for tasks to queue
[2023-04-09T19:54:48.852+0000] {logging_mixin.py:137} INFO - [2023-04-09T19:54:48.852+0000] {dagbag.py:532} INFO - Filling up the DagBag from /home/airflow/.local/lib/python3.7/site-packages/airflow/example_dags/example_nested_branch_dag.py
[2023-04-09T19:54:48.891+0000] {processor.py:753} INFO - DAG(s) dict_keys(['example_nested_branch_dag']) retrieved from /home/airflow/.local/lib/python3.7/site-packages/airflow/example_dags/example_nested_branch_dag.py
[2023-04-09T19:54:48.927+0000] {logging_mixin.py:137} INFO - [2023-04-09T19:54:48.927+0000] {dag.py:2705} INFO - Sync 1 DAGs
[2023-04-09T19:54:48.965+0000] {logging_mixin.py:137} INFO - [2023-04-09T19:54:48.964+0000] {dag.py:3456} INFO - Setting next_dagrun for example_nested_branch_dag to 2023-04-08T00:00:00+00:00, run_after=2023-04-09T00:00:00+00:00
[2023-04-09T19:54:48.997+0000] {processor.py:175} INFO - Processing /home/airflow/.local/lib/python3.7/site-packages/airflow/example_dags/example_nested_branch_dag.py took 0.154 seconds
[2023-04-09T19:55:20.400+0000] {processor.py:153} INFO - Started process (PID=1608) to work on /home/airflow/.local/lib/python3.7/site-packages/airflow/example_dags/example_nested_branch_dag.py
[2023-04-09T19:55:20.402+0000] {processor.py:743} INFO - Processing file /home/airflow/.local/lib/python3.7/site-packages/airflow/example_dags/example_nested_branch_dag.py for tasks to queue
[2023-04-09T19:55:20.404+0000] {logging_mixin.py:137} INFO - [2023-04-09T19:55:20.403+0000] {dagbag.py:532} INFO - Filling up the DagBag from /home/airflow/.local/lib/python3.7/site-packages/airflow/example_dags/example_nested_branch_dag.py
[2023-04-09T19:55:20.516+0000] {processor.py:753} INFO - DAG(s) dict_keys(['example_nested_branch_dag']) retrieved from /home/airflow/.local/lib/python3.7/site-packages/airflow/example_dags/example_nested_branch_dag.py
[2023-04-09T19:55:20.597+0000] {logging_mixin.py:137} INFO - [2023-04-09T19:55:20.597+0000] {dag.py:2705} INFO - Sync 1 DAGs
[2023-04-09T19:55:20.661+0000] {logging_mixin.py:137} INFO - [2023-04-09T19:55:20.661+0000] {dag.py:3456} INFO - Setting next_dagrun for example_nested_branch_dag to 2023-04-08T00:00:00+00:00, run_after=2023-04-09T00:00:00+00:00
[2023-04-09T19:55:20.697+0000] {processor.py:175} INFO - Processing /home/airflow/.local/lib/python3.7/site-packages/airflow/example_dags/example_nested_branch_dag.py took 0.304 seconds
[2023-04-09T19:55:50.806+0000] {processor.py:153} INFO - Started process (PID=1826) to work on /home/airflow/.local/lib/python3.7/site-packages/airflow/example_dags/example_nested_branch_dag.py
[2023-04-09T19:55:50.808+0000] {processor.py:743} INFO - Processing file /home/airflow/.local/lib/python3.7/site-packages/airflow/example_dags/example_nested_branch_dag.py for tasks to queue
[2023-04-09T19:55:50.809+0000] {logging_mixin.py:137} INFO - [2023-04-09T19:55:50.809+0000] {dagbag.py:532} INFO - Filling up the DagBag from /home/airflow/.local/lib/python3.7/site-packages/airflow/example_dags/example_nested_branch_dag.py
[2023-04-09T19:55:50.852+0000] {processor.py:753} INFO - DAG(s) dict_keys(['example_nested_branch_dag']) retrieved from /home/airflow/.local/lib/python3.7/site-packages/airflow/example_dags/example_nested_branch_dag.py
[2023-04-09T19:55:50.888+0000] {logging_mixin.py:137} INFO - [2023-04-09T19:55:50.888+0000] {dag.py:2705} INFO - Sync 1 DAGs
[2023-04-09T19:55:50.988+0000] {logging_mixin.py:137} INFO - [2023-04-09T19:55:50.987+0000] {dag.py:3456} INFO - Setting next_dagrun for example_nested_branch_dag to 2023-04-08T00:00:00+00:00, run_after=2023-04-09T00:00:00+00:00
[2023-04-09T19:55:51.031+0000] {processor.py:175} INFO - Processing /home/airflow/.local/lib/python3.7/site-packages/airflow/example_dags/example_nested_branch_dag.py took 0.230 seconds
[2023-04-09T19:56:22.125+0000] {processor.py:153} INFO - Started process (PID=2044) to work on /home/airflow/.local/lib/python3.7/site-packages/airflow/example_dags/example_nested_branch_dag.py
[2023-04-09T19:56:22.126+0000] {processor.py:743} INFO - Processing file /home/airflow/.local/lib/python3.7/site-packages/airflow/example_dags/example_nested_branch_dag.py for tasks to queue
[2023-04-09T19:56:22.131+0000] {logging_mixin.py:137} INFO - [2023-04-09T19:56:22.131+0000] {dagbag.py:532} INFO - Filling up the DagBag from /home/airflow/.local/lib/python3.7/site-packages/airflow/example_dags/example_nested_branch_dag.py
[2023-04-09T19:56:22.197+0000] {processor.py:753} INFO - DAG(s) dict_keys(['example_nested_branch_dag']) retrieved from /home/airflow/.local/lib/python3.7/site-packages/airflow/example_dags/example_nested_branch_dag.py
[2023-04-09T19:56:22.298+0000] {logging_mixin.py:137} INFO - [2023-04-09T19:56:22.298+0000] {dag.py:2705} INFO - Sync 1 DAGs
[2023-04-09T19:56:22.390+0000] {logging_mixin.py:137} INFO - [2023-04-09T19:56:22.390+0000] {dag.py:3456} INFO - Setting next_dagrun for example_nested_branch_dag to 2023-04-08T00:00:00+00:00, run_after=2023-04-09T00:00:00+00:00
[2023-04-09T19:56:22.441+0000] {processor.py:175} INFO - Processing /home/airflow/.local/lib/python3.7/site-packages/airflow/example_dags/example_nested_branch_dag.py took 0.321 seconds
