[2023-04-09T19:52:15.588+0000] {processor.py:153} INFO - Started process (PID=251) to work on /home/airflow/.local/lib/python3.7/site-packages/airflow/example_dags/example_short_circuit_decorator.py
[2023-04-09T19:52:15.590+0000] {processor.py:743} INFO - Processing file /home/airflow/.local/lib/python3.7/site-packages/airflow/example_dags/example_short_circuit_decorator.py for tasks to queue
[2023-04-09T19:52:15.592+0000] {logging_mixin.py:137} INFO - [2023-04-09T19:52:15.592+0000] {dagbag.py:532} INFO - Filling up the DagBag from /home/airflow/.local/lib/python3.7/site-packages/airflow/example_dags/example_short_circuit_decorator.py
[2023-04-09T19:52:15.645+0000] {processor.py:753} INFO - DAG(s) dict_keys(['example_short_circuit_decorator']) retrieved from /home/airflow/.local/lib/python3.7/site-packages/airflow/example_dags/example_short_circuit_decorator.py
[2023-04-09T19:52:15.710+0000] {logging_mixin.py:137} INFO - [2023-04-09T19:52:15.709+0000] {dag.py:2705} INFO - Sync 1 DAGs
[2023-04-09T19:52:15.773+0000] {logging_mixin.py:137} INFO - [2023-04-09T19:52:15.772+0000] {dag.py:3456} INFO - Setting next_dagrun for example_short_circuit_decorator to 2023-04-08T19:52:15.772418+00:00, run_after=2023-04-09T19:52:15.772418+00:00
[2023-04-09T19:52:15.815+0000] {processor.py:175} INFO - Processing /home/airflow/.local/lib/python3.7/site-packages/airflow/example_dags/example_short_circuit_decorator.py took 0.230 seconds
[2023-04-09T19:52:46.836+0000] {processor.py:153} INFO - Started process (PID=472) to work on /home/airflow/.local/lib/python3.7/site-packages/airflow/example_dags/example_short_circuit_decorator.py
[2023-04-09T19:52:46.838+0000] {processor.py:743} INFO - Processing file /home/airflow/.local/lib/python3.7/site-packages/airflow/example_dags/example_short_circuit_decorator.py for tasks to queue
[2023-04-09T19:52:46.839+0000] {logging_mixin.py:137} INFO - [2023-04-09T19:52:46.839+0000] {dagbag.py:532} INFO - Filling up the DagBag from /home/airflow/.local/lib/python3.7/site-packages/airflow/example_dags/example_short_circuit_decorator.py
[2023-04-09T19:52:46.877+0000] {processor.py:753} INFO - DAG(s) dict_keys(['example_short_circuit_decorator']) retrieved from /home/airflow/.local/lib/python3.7/site-packages/airflow/example_dags/example_short_circuit_decorator.py
[2023-04-09T19:52:46.920+0000] {logging_mixin.py:137} INFO - [2023-04-09T19:52:46.920+0000] {dag.py:2705} INFO - Sync 1 DAGs
[2023-04-09T19:52:46.995+0000] {logging_mixin.py:137} INFO - [2023-04-09T19:52:46.995+0000] {dag.py:3456} INFO - Setting next_dagrun for example_short_circuit_decorator to 2023-04-08T19:52:46.994966+00:00, run_after=2023-04-09T19:52:46.994966+00:00
[2023-04-09T19:52:47.054+0000] {processor.py:175} INFO - Processing /home/airflow/.local/lib/python3.7/site-packages/airflow/example_dags/example_short_circuit_decorator.py took 0.223 seconds
[2023-04-09T19:53:17.303+0000] {processor.py:153} INFO - Started process (PID=690) to work on /home/airflow/.local/lib/python3.7/site-packages/airflow/example_dags/example_short_circuit_decorator.py
[2023-04-09T19:53:17.305+0000] {processor.py:743} INFO - Processing file /home/airflow/.local/lib/python3.7/site-packages/airflow/example_dags/example_short_circuit_decorator.py for tasks to queue
[2023-04-09T19:53:17.306+0000] {logging_mixin.py:137} INFO - [2023-04-09T19:53:17.306+0000] {dagbag.py:532} INFO - Filling up the DagBag from /home/airflow/.local/lib/python3.7/site-packages/airflow/example_dags/example_short_circuit_decorator.py
[2023-04-09T19:53:17.352+0000] {processor.py:753} INFO - DAG(s) dict_keys(['example_short_circuit_decorator']) retrieved from /home/airflow/.local/lib/python3.7/site-packages/airflow/example_dags/example_short_circuit_decorator.py
[2023-04-09T19:53:17.403+0000] {logging_mixin.py:137} INFO - [2023-04-09T19:53:17.403+0000] {dag.py:2705} INFO - Sync 1 DAGs
[2023-04-09T19:53:17.445+0000] {logging_mixin.py:137} INFO - [2023-04-09T19:53:17.445+0000] {dag.py:3456} INFO - Setting next_dagrun for example_short_circuit_decorator to 2023-04-08T19:53:17.445057+00:00, run_after=2023-04-09T19:53:17.445057+00:00
[2023-04-09T19:53:17.485+0000] {processor.py:175} INFO - Processing /home/airflow/.local/lib/python3.7/site-packages/airflow/example_dags/example_short_circuit_decorator.py took 0.188 seconds
[2023-04-09T19:53:47.561+0000] {processor.py:153} INFO - Started process (PID=908) to work on /home/airflow/.local/lib/python3.7/site-packages/airflow/example_dags/example_short_circuit_decorator.py
[2023-04-09T19:53:47.563+0000] {processor.py:743} INFO - Processing file /home/airflow/.local/lib/python3.7/site-packages/airflow/example_dags/example_short_circuit_decorator.py for tasks to queue
[2023-04-09T19:53:47.564+0000] {logging_mixin.py:137} INFO - [2023-04-09T19:53:47.564+0000] {dagbag.py:532} INFO - Filling up the DagBag from /home/airflow/.local/lib/python3.7/site-packages/airflow/example_dags/example_short_circuit_decorator.py
[2023-04-09T19:53:47.594+0000] {processor.py:753} INFO - DAG(s) dict_keys(['example_short_circuit_decorator']) retrieved from /home/airflow/.local/lib/python3.7/site-packages/airflow/example_dags/example_short_circuit_decorator.py
[2023-04-09T19:53:47.631+0000] {logging_mixin.py:137} INFO - [2023-04-09T19:53:47.631+0000] {dag.py:2705} INFO - Sync 1 DAGs
[2023-04-09T19:53:47.672+0000] {logging_mixin.py:137} INFO - [2023-04-09T19:53:47.672+0000] {dag.py:3456} INFO - Setting next_dagrun for example_short_circuit_decorator to 2023-04-08T19:53:47.672177+00:00, run_after=2023-04-09T19:53:47.672177+00:00
[2023-04-09T19:53:47.702+0000] {processor.py:175} INFO - Processing /home/airflow/.local/lib/python3.7/site-packages/airflow/example_dags/example_short_circuit_decorator.py took 0.144 seconds
[2023-04-09T19:54:17.764+0000] {processor.py:153} INFO - Started process (PID=1129) to work on /home/airflow/.local/lib/python3.7/site-packages/airflow/example_dags/example_short_circuit_decorator.py
[2023-04-09T19:54:17.765+0000] {processor.py:743} INFO - Processing file /home/airflow/.local/lib/python3.7/site-packages/airflow/example_dags/example_short_circuit_decorator.py for tasks to queue
[2023-04-09T19:54:17.768+0000] {logging_mixin.py:137} INFO - [2023-04-09T19:54:17.767+0000] {dagbag.py:532} INFO - Filling up the DagBag from /home/airflow/.local/lib/python3.7/site-packages/airflow/example_dags/example_short_circuit_decorator.py
[2023-04-09T19:54:17.805+0000] {processor.py:753} INFO - DAG(s) dict_keys(['example_short_circuit_decorator']) retrieved from /home/airflow/.local/lib/python3.7/site-packages/airflow/example_dags/example_short_circuit_decorator.py
[2023-04-09T19:54:17.847+0000] {logging_mixin.py:137} INFO - [2023-04-09T19:54:17.846+0000] {dag.py:2705} INFO - Sync 1 DAGs
[2023-04-09T19:54:17.888+0000] {logging_mixin.py:137} INFO - [2023-04-09T19:54:17.888+0000] {dag.py:3456} INFO - Setting next_dagrun for example_short_circuit_decorator to 2023-04-08T19:54:17.887672+00:00, run_after=2023-04-09T19:54:17.887672+00:00
[2023-04-09T19:54:17.921+0000] {processor.py:175} INFO - Processing /home/airflow/.local/lib/python3.7/site-packages/airflow/example_dags/example_short_circuit_decorator.py took 0.161 seconds
[2023-04-09T19:54:48.113+0000] {processor.py:153} INFO - Started process (PID=1353) to work on /home/airflow/.local/lib/python3.7/site-packages/airflow/example_dags/example_short_circuit_decorator.py
[2023-04-09T19:54:48.115+0000] {processor.py:743} INFO - Processing file /home/airflow/.local/lib/python3.7/site-packages/airflow/example_dags/example_short_circuit_decorator.py for tasks to queue
[2023-04-09T19:54:48.116+0000] {logging_mixin.py:137} INFO - [2023-04-09T19:54:48.116+0000] {dagbag.py:532} INFO - Filling up the DagBag from /home/airflow/.local/lib/python3.7/site-packages/airflow/example_dags/example_short_circuit_decorator.py
[2023-04-09T19:54:48.149+0000] {processor.py:753} INFO - DAG(s) dict_keys(['example_short_circuit_decorator']) retrieved from /home/airflow/.local/lib/python3.7/site-packages/airflow/example_dags/example_short_circuit_decorator.py
[2023-04-09T19:54:48.189+0000] {logging_mixin.py:137} INFO - [2023-04-09T19:54:48.189+0000] {dag.py:2705} INFO - Sync 1 DAGs
[2023-04-09T19:54:48.224+0000] {logging_mixin.py:137} INFO - [2023-04-09T19:54:48.223+0000] {dag.py:3456} INFO - Setting next_dagrun for example_short_circuit_decorator to 2023-04-08T19:54:48.223717+00:00, run_after=2023-04-09T19:54:48.223717+00:00
[2023-04-09T19:54:48.255+0000] {processor.py:175} INFO - Processing /home/airflow/.local/lib/python3.7/site-packages/airflow/example_dags/example_short_circuit_decorator.py took 0.147 seconds
[2023-04-09T19:55:19.608+0000] {processor.py:153} INFO - Started process (PID=1573) to work on /home/airflow/.local/lib/python3.7/site-packages/airflow/example_dags/example_short_circuit_decorator.py
[2023-04-09T19:55:19.610+0000] {processor.py:743} INFO - Processing file /home/airflow/.local/lib/python3.7/site-packages/airflow/example_dags/example_short_circuit_decorator.py for tasks to queue
[2023-04-09T19:55:19.612+0000] {logging_mixin.py:137} INFO - [2023-04-09T19:55:19.611+0000] {dagbag.py:532} INFO - Filling up the DagBag from /home/airflow/.local/lib/python3.7/site-packages/airflow/example_dags/example_short_circuit_decorator.py
[2023-04-09T19:55:19.649+0000] {processor.py:753} INFO - DAG(s) dict_keys(['example_short_circuit_decorator']) retrieved from /home/airflow/.local/lib/python3.7/site-packages/airflow/example_dags/example_short_circuit_decorator.py
[2023-04-09T19:55:19.691+0000] {logging_mixin.py:137} INFO - [2023-04-09T19:55:19.691+0000] {dag.py:2705} INFO - Sync 1 DAGs
[2023-04-09T19:55:19.723+0000] {logging_mixin.py:137} INFO - [2023-04-09T19:55:19.722+0000] {dag.py:3456} INFO - Setting next_dagrun for example_short_circuit_decorator to 2023-04-08T19:55:19.722605+00:00, run_after=2023-04-09T19:55:19.722605+00:00
[2023-04-09T19:55:19.825+0000] {processor.py:175} INFO - Processing /home/airflow/.local/lib/python3.7/site-packages/airflow/example_dags/example_short_circuit_decorator.py took 0.221 seconds
[2023-04-09T19:55:50.127+0000] {processor.py:153} INFO - Started process (PID=1791) to work on /home/airflow/.local/lib/python3.7/site-packages/airflow/example_dags/example_short_circuit_decorator.py
[2023-04-09T19:55:50.129+0000] {processor.py:743} INFO - Processing file /home/airflow/.local/lib/python3.7/site-packages/airflow/example_dags/example_short_circuit_decorator.py for tasks to queue
[2023-04-09T19:55:50.130+0000] {logging_mixin.py:137} INFO - [2023-04-09T19:55:50.130+0000] {dagbag.py:532} INFO - Filling up the DagBag from /home/airflow/.local/lib/python3.7/site-packages/airflow/example_dags/example_short_circuit_decorator.py
[2023-04-09T19:55:50.171+0000] {processor.py:753} INFO - DAG(s) dict_keys(['example_short_circuit_decorator']) retrieved from /home/airflow/.local/lib/python3.7/site-packages/airflow/example_dags/example_short_circuit_decorator.py
[2023-04-09T19:55:50.212+0000] {logging_mixin.py:137} INFO - [2023-04-09T19:55:50.212+0000] {dag.py:2705} INFO - Sync 1 DAGs
[2023-04-09T19:55:50.253+0000] {logging_mixin.py:137} INFO - [2023-04-09T19:55:50.253+0000] {dag.py:3456} INFO - Setting next_dagrun for example_short_circuit_decorator to 2023-04-08T19:55:50.253010+00:00, run_after=2023-04-09T19:55:50.253010+00:00
[2023-04-09T19:55:50.293+0000] {processor.py:175} INFO - Processing /home/airflow/.local/lib/python3.7/site-packages/airflow/example_dags/example_short_circuit_decorator.py took 0.172 seconds
[2023-04-09T19:56:21.152+0000] {processor.py:153} INFO - Started process (PID=2009) to work on /home/airflow/.local/lib/python3.7/site-packages/airflow/example_dags/example_short_circuit_decorator.py
[2023-04-09T19:56:21.181+0000] {processor.py:743} INFO - Processing file /home/airflow/.local/lib/python3.7/site-packages/airflow/example_dags/example_short_circuit_decorator.py for tasks to queue
[2023-04-09T19:56:21.228+0000] {logging_mixin.py:137} INFO - [2023-04-09T19:56:21.228+0000] {dagbag.py:532} INFO - Filling up the DagBag from /home/airflow/.local/lib/python3.7/site-packages/airflow/example_dags/example_short_circuit_decorator.py
[2023-04-09T19:56:21.330+0000] {processor.py:753} INFO - DAG(s) dict_keys(['example_short_circuit_decorator']) retrieved from /home/airflow/.local/lib/python3.7/site-packages/airflow/example_dags/example_short_circuit_decorator.py
[2023-04-09T19:56:21.443+0000] {logging_mixin.py:137} INFO - [2023-04-09T19:56:21.442+0000] {dag.py:2705} INFO - Sync 1 DAGs
[2023-04-09T19:56:21.497+0000] {logging_mixin.py:137} INFO - [2023-04-09T19:56:21.497+0000] {dag.py:3456} INFO - Setting next_dagrun for example_short_circuit_decorator to 2023-04-08T19:56:21.496703+00:00, run_after=2023-04-09T19:56:21.496703+00:00
[2023-04-09T19:56:21.534+0000] {processor.py:175} INFO - Processing /home/airflow/.local/lib/python3.7/site-packages/airflow/example_dags/example_short_circuit_decorator.py took 0.390 seconds
