[2023-04-09T19:52:14.861+0000] {processor.py:153} INFO - Started process (PID=223) to work on /home/airflow/.local/lib/python3.7/site-packages/airflow/example_dags/example_complex.py
[2023-04-09T19:52:14.863+0000] {processor.py:743} INFO - Processing file /home/airflow/.local/lib/python3.7/site-packages/airflow/example_dags/example_complex.py for tasks to queue
[2023-04-09T19:52:14.865+0000] {logging_mixin.py:137} INFO - [2023-04-09T19:52:14.865+0000] {dagbag.py:532} INFO - Filling up the DagBag from /home/airflow/.local/lib/python3.7/site-packages/airflow/example_dags/example_complex.py
[2023-04-09T19:52:14.895+0000] {logging_mixin.py:137} INFO - [2023-04-09T19:52:14.895+0000] {taskmixin.py:211} WARNING - Dependency <Task(BashOperator): create_entry_group>, delete_entry_group already registered for DAG: example_complex
[2023-04-09T19:52:14.896+0000] {logging_mixin.py:137} INFO - [2023-04-09T19:52:14.896+0000] {taskmixin.py:211} WARNING - Dependency <Task(BashOperator): delete_entry_group>, create_entry_group already registered for DAG: example_complex
[2023-04-09T19:52:14.897+0000] {logging_mixin.py:137} INFO - [2023-04-09T19:52:14.897+0000] {taskmixin.py:211} WARNING - Dependency <Task(BashOperator): create_entry_gcs>, delete_entry already registered for DAG: example_complex
[2023-04-09T19:52:14.899+0000] {logging_mixin.py:137} INFO - [2023-04-09T19:52:14.898+0000] {taskmixin.py:211} WARNING - Dependency <Task(BashOperator): delete_entry>, create_entry_gcs already registered for DAG: example_complex
[2023-04-09T19:52:14.902+0000] {logging_mixin.py:137} INFO - [2023-04-09T19:52:14.900+0000] {taskmixin.py:211} WARNING - Dependency <Task(BashOperator): create_tag>, delete_tag already registered for DAG: example_complex
[2023-04-09T19:52:14.903+0000] {logging_mixin.py:137} INFO - [2023-04-09T19:52:14.902+0000] {taskmixin.py:211} WARNING - Dependency <Task(BashOperator): delete_tag>, create_tag already registered for DAG: example_complex
[2023-04-09T19:52:14.917+0000] {processor.py:753} INFO - DAG(s) dict_keys(['example_complex']) retrieved from /home/airflow/.local/lib/python3.7/site-packages/airflow/example_dags/example_complex.py
[2023-04-09T19:52:14.980+0000] {logging_mixin.py:137} INFO - [2023-04-09T19:52:14.980+0000] {dag.py:2705} INFO - Sync 1 DAGs
[2023-04-09T19:52:15.032+0000] {logging_mixin.py:137} INFO - [2023-04-09T19:52:15.031+0000] {dag.py:3456} INFO - Setting next_dagrun for example_complex to None, run_after=None
[2023-04-09T19:52:15.082+0000] {processor.py:175} INFO - Processing /home/airflow/.local/lib/python3.7/site-packages/airflow/example_dags/example_complex.py took 0.227 seconds
[2023-04-09T19:52:45.211+0000] {processor.py:153} INFO - Started process (PID=442) to work on /home/airflow/.local/lib/python3.7/site-packages/airflow/example_dags/example_complex.py
[2023-04-09T19:52:45.213+0000] {processor.py:743} INFO - Processing file /home/airflow/.local/lib/python3.7/site-packages/airflow/example_dags/example_complex.py for tasks to queue
[2023-04-09T19:52:45.215+0000] {logging_mixin.py:137} INFO - [2023-04-09T19:52:45.215+0000] {dagbag.py:532} INFO - Filling up the DagBag from /home/airflow/.local/lib/python3.7/site-packages/airflow/example_dags/example_complex.py
[2023-04-09T19:52:45.236+0000] {logging_mixin.py:137} INFO - [2023-04-09T19:52:45.236+0000] {taskmixin.py:211} WARNING - Dependency <Task(BashOperator): create_entry_group>, delete_entry_group already registered for DAG: example_complex
[2023-04-09T19:52:45.237+0000] {logging_mixin.py:137} INFO - [2023-04-09T19:52:45.237+0000] {taskmixin.py:211} WARNING - Dependency <Task(BashOperator): delete_entry_group>, create_entry_group already registered for DAG: example_complex
[2023-04-09T19:52:45.238+0000] {logging_mixin.py:137} INFO - [2023-04-09T19:52:45.238+0000] {taskmixin.py:211} WARNING - Dependency <Task(BashOperator): create_entry_gcs>, delete_entry already registered for DAG: example_complex
[2023-04-09T19:52:45.239+0000] {logging_mixin.py:137} INFO - [2023-04-09T19:52:45.239+0000] {taskmixin.py:211} WARNING - Dependency <Task(BashOperator): delete_entry>, create_entry_gcs already registered for DAG: example_complex
[2023-04-09T19:52:45.240+0000] {logging_mixin.py:137} INFO - [2023-04-09T19:52:45.240+0000] {taskmixin.py:211} WARNING - Dependency <Task(BashOperator): create_tag>, delete_tag already registered for DAG: example_complex
[2023-04-09T19:52:45.241+0000] {logging_mixin.py:137} INFO - [2023-04-09T19:52:45.241+0000] {taskmixin.py:211} WARNING - Dependency <Task(BashOperator): delete_tag>, create_tag already registered for DAG: example_complex
[2023-04-09T19:52:45.252+0000] {processor.py:753} INFO - DAG(s) dict_keys(['example_complex']) retrieved from /home/airflow/.local/lib/python3.7/site-packages/airflow/example_dags/example_complex.py
[2023-04-09T19:52:45.312+0000] {logging_mixin.py:137} INFO - [2023-04-09T19:52:45.312+0000] {dag.py:2705} INFO - Sync 1 DAGs
[2023-04-09T19:52:45.357+0000] {logging_mixin.py:137} INFO - [2023-04-09T19:52:45.357+0000] {dag.py:3456} INFO - Setting next_dagrun for example_complex to None, run_after=None
[2023-04-09T19:52:45.396+0000] {processor.py:175} INFO - Processing /home/airflow/.local/lib/python3.7/site-packages/airflow/example_dags/example_complex.py took 0.189 seconds
[2023-04-09T19:53:15.529+0000] {processor.py:153} INFO - Started process (PID=658) to work on /home/airflow/.local/lib/python3.7/site-packages/airflow/example_dags/example_complex.py
[2023-04-09T19:53:15.530+0000] {processor.py:743} INFO - Processing file /home/airflow/.local/lib/python3.7/site-packages/airflow/example_dags/example_complex.py for tasks to queue
[2023-04-09T19:53:15.532+0000] {logging_mixin.py:137} INFO - [2023-04-09T19:53:15.532+0000] {dagbag.py:532} INFO - Filling up the DagBag from /home/airflow/.local/lib/python3.7/site-packages/airflow/example_dags/example_complex.py
[2023-04-09T19:53:15.548+0000] {logging_mixin.py:137} INFO - [2023-04-09T19:53:15.548+0000] {taskmixin.py:211} WARNING - Dependency <Task(BashOperator): create_entry_group>, delete_entry_group already registered for DAG: example_complex
[2023-04-09T19:53:15.549+0000] {logging_mixin.py:137} INFO - [2023-04-09T19:53:15.549+0000] {taskmixin.py:211} WARNING - Dependency <Task(BashOperator): delete_entry_group>, create_entry_group already registered for DAG: example_complex
[2023-04-09T19:53:15.550+0000] {logging_mixin.py:137} INFO - [2023-04-09T19:53:15.550+0000] {taskmixin.py:211} WARNING - Dependency <Task(BashOperator): create_entry_gcs>, delete_entry already registered for DAG: example_complex
[2023-04-09T19:53:15.551+0000] {logging_mixin.py:137} INFO - [2023-04-09T19:53:15.551+0000] {taskmixin.py:211} WARNING - Dependency <Task(BashOperator): delete_entry>, create_entry_gcs already registered for DAG: example_complex
[2023-04-09T19:53:15.553+0000] {logging_mixin.py:137} INFO - [2023-04-09T19:53:15.552+0000] {taskmixin.py:211} WARNING - Dependency <Task(BashOperator): create_tag>, delete_tag already registered for DAG: example_complex
[2023-04-09T19:53:15.554+0000] {logging_mixin.py:137} INFO - [2023-04-09T19:53:15.553+0000] {taskmixin.py:211} WARNING - Dependency <Task(BashOperator): delete_tag>, create_tag already registered for DAG: example_complex
[2023-04-09T19:53:15.566+0000] {processor.py:753} INFO - DAG(s) dict_keys(['example_complex']) retrieved from /home/airflow/.local/lib/python3.7/site-packages/airflow/example_dags/example_complex.py
[2023-04-09T19:53:15.616+0000] {logging_mixin.py:137} INFO - [2023-04-09T19:53:15.616+0000] {dag.py:2705} INFO - Sync 1 DAGs
[2023-04-09T19:53:15.679+0000] {logging_mixin.py:137} INFO - [2023-04-09T19:53:15.679+0000] {dag.py:3456} INFO - Setting next_dagrun for example_complex to None, run_after=None
[2023-04-09T19:53:15.715+0000] {processor.py:175} INFO - Processing /home/airflow/.local/lib/python3.7/site-packages/airflow/example_dags/example_complex.py took 0.192 seconds
[2023-04-09T19:53:45.849+0000] {processor.py:153} INFO - Started process (PID=876) to work on /home/airflow/.local/lib/python3.7/site-packages/airflow/example_dags/example_complex.py
[2023-04-09T19:53:45.850+0000] {processor.py:743} INFO - Processing file /home/airflow/.local/lib/python3.7/site-packages/airflow/example_dags/example_complex.py for tasks to queue
[2023-04-09T19:53:45.852+0000] {logging_mixin.py:137} INFO - [2023-04-09T19:53:45.851+0000] {dagbag.py:532} INFO - Filling up the DagBag from /home/airflow/.local/lib/python3.7/site-packages/airflow/example_dags/example_complex.py
[2023-04-09T19:53:45.865+0000] {logging_mixin.py:137} INFO - [2023-04-09T19:53:45.865+0000] {taskmixin.py:211} WARNING - Dependency <Task(BashOperator): create_entry_group>, delete_entry_group already registered for DAG: example_complex
[2023-04-09T19:53:45.866+0000] {logging_mixin.py:137} INFO - [2023-04-09T19:53:45.866+0000] {taskmixin.py:211} WARNING - Dependency <Task(BashOperator): delete_entry_group>, create_entry_group already registered for DAG: example_complex
[2023-04-09T19:53:45.867+0000] {logging_mixin.py:137} INFO - [2023-04-09T19:53:45.867+0000] {taskmixin.py:211} WARNING - Dependency <Task(BashOperator): create_entry_gcs>, delete_entry already registered for DAG: example_complex
[2023-04-09T19:53:45.868+0000] {logging_mixin.py:137} INFO - [2023-04-09T19:53:45.868+0000] {taskmixin.py:211} WARNING - Dependency <Task(BashOperator): delete_entry>, create_entry_gcs already registered for DAG: example_complex
[2023-04-09T19:53:45.869+0000] {logging_mixin.py:137} INFO - [2023-04-09T19:53:45.869+0000] {taskmixin.py:211} WARNING - Dependency <Task(BashOperator): create_tag>, delete_tag already registered for DAG: example_complex
[2023-04-09T19:53:45.870+0000] {logging_mixin.py:137} INFO - [2023-04-09T19:53:45.870+0000] {taskmixin.py:211} WARNING - Dependency <Task(BashOperator): delete_tag>, create_tag already registered for DAG: example_complex
[2023-04-09T19:53:45.880+0000] {processor.py:753} INFO - DAG(s) dict_keys(['example_complex']) retrieved from /home/airflow/.local/lib/python3.7/site-packages/airflow/example_dags/example_complex.py
[2023-04-09T19:53:45.923+0000] {logging_mixin.py:137} INFO - [2023-04-09T19:53:45.922+0000] {dag.py:2705} INFO - Sync 1 DAGs
[2023-04-09T19:53:45.959+0000] {logging_mixin.py:137} INFO - [2023-04-09T19:53:45.959+0000] {dag.py:3456} INFO - Setting next_dagrun for example_complex to None, run_after=None
[2023-04-09T19:53:45.987+0000] {processor.py:175} INFO - Processing /home/airflow/.local/lib/python3.7/site-packages/airflow/example_dags/example_complex.py took 0.142 seconds
[2023-04-09T19:54:16.868+0000] {processor.py:153} INFO - Started process (PID=1099) to work on /home/airflow/.local/lib/python3.7/site-packages/airflow/example_dags/example_complex.py
[2023-04-09T19:54:16.870+0000] {processor.py:743} INFO - Processing file /home/airflow/.local/lib/python3.7/site-packages/airflow/example_dags/example_complex.py for tasks to queue
[2023-04-09T19:54:16.872+0000] {logging_mixin.py:137} INFO - [2023-04-09T19:54:16.872+0000] {dagbag.py:532} INFO - Filling up the DagBag from /home/airflow/.local/lib/python3.7/site-packages/airflow/example_dags/example_complex.py
[2023-04-09T19:54:16.892+0000] {logging_mixin.py:137} INFO - [2023-04-09T19:54:16.891+0000] {taskmixin.py:211} WARNING - Dependency <Task(BashOperator): create_entry_group>, delete_entry_group already registered for DAG: example_complex
[2023-04-09T19:54:16.893+0000] {logging_mixin.py:137} INFO - [2023-04-09T19:54:16.892+0000] {taskmixin.py:211} WARNING - Dependency <Task(BashOperator): delete_entry_group>, create_entry_group already registered for DAG: example_complex
[2023-04-09T19:54:16.894+0000] {logging_mixin.py:137} INFO - [2023-04-09T19:54:16.894+0000] {taskmixin.py:211} WARNING - Dependency <Task(BashOperator): create_entry_gcs>, delete_entry already registered for DAG: example_complex
[2023-04-09T19:54:16.895+0000] {logging_mixin.py:137} INFO - [2023-04-09T19:54:16.895+0000] {taskmixin.py:211} WARNING - Dependency <Task(BashOperator): delete_entry>, create_entry_gcs already registered for DAG: example_complex
[2023-04-09T19:54:16.896+0000] {logging_mixin.py:137} INFO - [2023-04-09T19:54:16.896+0000] {taskmixin.py:211} WARNING - Dependency <Task(BashOperator): create_tag>, delete_tag already registered for DAG: example_complex
[2023-04-09T19:54:16.897+0000] {logging_mixin.py:137} INFO - [2023-04-09T19:54:16.897+0000] {taskmixin.py:211} WARNING - Dependency <Task(BashOperator): delete_tag>, create_tag already registered for DAG: example_complex
[2023-04-09T19:54:16.909+0000] {processor.py:753} INFO - DAG(s) dict_keys(['example_complex']) retrieved from /home/airflow/.local/lib/python3.7/site-packages/airflow/example_dags/example_complex.py
[2023-04-09T19:54:16.964+0000] {logging_mixin.py:137} INFO - [2023-04-09T19:54:16.964+0000] {dag.py:2705} INFO - Sync 1 DAGs
[2023-04-09T19:54:17.018+0000] {logging_mixin.py:137} INFO - [2023-04-09T19:54:17.018+0000] {dag.py:3456} INFO - Setting next_dagrun for example_complex to None, run_after=None
[2023-04-09T19:54:17.055+0000] {processor.py:175} INFO - Processing /home/airflow/.local/lib/python3.7/site-packages/airflow/example_dags/example_complex.py took 0.192 seconds
[2023-04-09T19:54:47.223+0000] {processor.py:153} INFO - Started process (PID=1321) to work on /home/airflow/.local/lib/python3.7/site-packages/airflow/example_dags/example_complex.py
[2023-04-09T19:54:47.225+0000] {processor.py:743} INFO - Processing file /home/airflow/.local/lib/python3.7/site-packages/airflow/example_dags/example_complex.py for tasks to queue
[2023-04-09T19:54:47.226+0000] {logging_mixin.py:137} INFO - [2023-04-09T19:54:47.226+0000] {dagbag.py:532} INFO - Filling up the DagBag from /home/airflow/.local/lib/python3.7/site-packages/airflow/example_dags/example_complex.py
[2023-04-09T19:54:47.244+0000] {logging_mixin.py:137} INFO - [2023-04-09T19:54:47.243+0000] {taskmixin.py:211} WARNING - Dependency <Task(BashOperator): create_entry_group>, delete_entry_group already registered for DAG: example_complex
[2023-04-09T19:54:47.245+0000] {logging_mixin.py:137} INFO - [2023-04-09T19:54:47.245+0000] {taskmixin.py:211} WARNING - Dependency <Task(BashOperator): delete_entry_group>, create_entry_group already registered for DAG: example_complex
[2023-04-09T19:54:47.246+0000] {logging_mixin.py:137} INFO - [2023-04-09T19:54:47.246+0000] {taskmixin.py:211} WARNING - Dependency <Task(BashOperator): create_entry_gcs>, delete_entry already registered for DAG: example_complex
[2023-04-09T19:54:47.247+0000] {logging_mixin.py:137} INFO - [2023-04-09T19:54:47.247+0000] {taskmixin.py:211} WARNING - Dependency <Task(BashOperator): delete_entry>, create_entry_gcs already registered for DAG: example_complex
[2023-04-09T19:54:47.248+0000] {logging_mixin.py:137} INFO - [2023-04-09T19:54:47.248+0000] {taskmixin.py:211} WARNING - Dependency <Task(BashOperator): create_tag>, delete_tag already registered for DAG: example_complex
[2023-04-09T19:54:47.249+0000] {logging_mixin.py:137} INFO - [2023-04-09T19:54:47.249+0000] {taskmixin.py:211} WARNING - Dependency <Task(BashOperator): delete_tag>, create_tag already registered for DAG: example_complex
[2023-04-09T19:54:47.258+0000] {processor.py:753} INFO - DAG(s) dict_keys(['example_complex']) retrieved from /home/airflow/.local/lib/python3.7/site-packages/airflow/example_dags/example_complex.py
[2023-04-09T19:54:47.310+0000] {logging_mixin.py:137} INFO - [2023-04-09T19:54:47.309+0000] {dag.py:2705} INFO - Sync 1 DAGs
[2023-04-09T19:54:47.350+0000] {logging_mixin.py:137} INFO - [2023-04-09T19:54:47.349+0000] {dag.py:3456} INFO - Setting next_dagrun for example_complex to None, run_after=None
[2023-04-09T19:54:47.383+0000] {processor.py:175} INFO - Processing /home/airflow/.local/lib/python3.7/site-packages/airflow/example_dags/example_complex.py took 0.163 seconds
[2023-04-09T19:55:18.501+0000] {processor.py:153} INFO - Started process (PID=1543) to work on /home/airflow/.local/lib/python3.7/site-packages/airflow/example_dags/example_complex.py
[2023-04-09T19:55:18.506+0000] {processor.py:743} INFO - Processing file /home/airflow/.local/lib/python3.7/site-packages/airflow/example_dags/example_complex.py for tasks to queue
[2023-04-09T19:55:18.510+0000] {logging_mixin.py:137} INFO - [2023-04-09T19:55:18.508+0000] {dagbag.py:532} INFO - Filling up the DagBag from /home/airflow/.local/lib/python3.7/site-packages/airflow/example_dags/example_complex.py
[2023-04-09T19:55:18.542+0000] {logging_mixin.py:137} INFO - [2023-04-09T19:55:18.541+0000] {taskmixin.py:211} WARNING - Dependency <Task(BashOperator): create_entry_group>, delete_entry_group already registered for DAG: example_complex
[2023-04-09T19:55:18.544+0000] {logging_mixin.py:137} INFO - [2023-04-09T19:55:18.544+0000] {taskmixin.py:211} WARNING - Dependency <Task(BashOperator): delete_entry_group>, create_entry_group already registered for DAG: example_complex
[2023-04-09T19:55:18.548+0000] {logging_mixin.py:137} INFO - [2023-04-09T19:55:18.546+0000] {taskmixin.py:211} WARNING - Dependency <Task(BashOperator): create_entry_gcs>, delete_entry already registered for DAG: example_complex
[2023-04-09T19:55:18.549+0000] {logging_mixin.py:137} INFO - [2023-04-09T19:55:18.549+0000] {taskmixin.py:211} WARNING - Dependency <Task(BashOperator): delete_entry>, create_entry_gcs already registered for DAG: example_complex
[2023-04-09T19:55:18.551+0000] {logging_mixin.py:137} INFO - [2023-04-09T19:55:18.550+0000] {taskmixin.py:211} WARNING - Dependency <Task(BashOperator): create_tag>, delete_tag already registered for DAG: example_complex
[2023-04-09T19:55:18.552+0000] {logging_mixin.py:137} INFO - [2023-04-09T19:55:18.551+0000] {taskmixin.py:211} WARNING - Dependency <Task(BashOperator): delete_tag>, create_tag already registered for DAG: example_complex
[2023-04-09T19:55:18.570+0000] {processor.py:753} INFO - DAG(s) dict_keys(['example_complex']) retrieved from /home/airflow/.local/lib/python3.7/site-packages/airflow/example_dags/example_complex.py
[2023-04-09T19:55:18.682+0000] {logging_mixin.py:137} INFO - [2023-04-09T19:55:18.681+0000] {dag.py:2705} INFO - Sync 1 DAGs
[2023-04-09T19:55:18.762+0000] {logging_mixin.py:137} INFO - [2023-04-09T19:55:18.762+0000] {dag.py:3456} INFO - Setting next_dagrun for example_complex to None, run_after=None
[2023-04-09T19:55:18.868+0000] {processor.py:175} INFO - Processing /home/airflow/.local/lib/python3.7/site-packages/airflow/example_dags/example_complex.py took 0.372 seconds
[2023-04-09T19:55:49.531+0000] {processor.py:153} INFO - Started process (PID=1761) to work on /home/airflow/.local/lib/python3.7/site-packages/airflow/example_dags/example_complex.py
[2023-04-09T19:55:49.533+0000] {processor.py:743} INFO - Processing file /home/airflow/.local/lib/python3.7/site-packages/airflow/example_dags/example_complex.py for tasks to queue
[2023-04-09T19:55:49.534+0000] {logging_mixin.py:137} INFO - [2023-04-09T19:55:49.534+0000] {dagbag.py:532} INFO - Filling up the DagBag from /home/airflow/.local/lib/python3.7/site-packages/airflow/example_dags/example_complex.py
[2023-04-09T19:55:49.552+0000] {logging_mixin.py:137} INFO - [2023-04-09T19:55:49.552+0000] {taskmixin.py:211} WARNING - Dependency <Task(BashOperator): create_entry_group>, delete_entry_group already registered for DAG: example_complex
[2023-04-09T19:55:49.553+0000] {logging_mixin.py:137} INFO - [2023-04-09T19:55:49.553+0000] {taskmixin.py:211} WARNING - Dependency <Task(BashOperator): delete_entry_group>, create_entry_group already registered for DAG: example_complex
[2023-04-09T19:55:49.554+0000] {logging_mixin.py:137} INFO - [2023-04-09T19:55:49.554+0000] {taskmixin.py:211} WARNING - Dependency <Task(BashOperator): create_entry_gcs>, delete_entry already registered for DAG: example_complex
[2023-04-09T19:55:49.556+0000] {logging_mixin.py:137} INFO - [2023-04-09T19:55:49.555+0000] {taskmixin.py:211} WARNING - Dependency <Task(BashOperator): delete_entry>, create_entry_gcs already registered for DAG: example_complex
[2023-04-09T19:55:49.557+0000] {logging_mixin.py:137} INFO - [2023-04-09T19:55:49.557+0000] {taskmixin.py:211} WARNING - Dependency <Task(BashOperator): create_tag>, delete_tag already registered for DAG: example_complex
[2023-04-09T19:55:49.558+0000] {logging_mixin.py:137} INFO - [2023-04-09T19:55:49.558+0000] {taskmixin.py:211} WARNING - Dependency <Task(BashOperator): delete_tag>, create_tag already registered for DAG: example_complex
[2023-04-09T19:55:49.570+0000] {processor.py:753} INFO - DAG(s) dict_keys(['example_complex']) retrieved from /home/airflow/.local/lib/python3.7/site-packages/airflow/example_dags/example_complex.py
[2023-04-09T19:55:49.625+0000] {logging_mixin.py:137} INFO - [2023-04-09T19:55:49.625+0000] {dag.py:2705} INFO - Sync 1 DAGs
[2023-04-09T19:55:49.668+0000] {logging_mixin.py:137} INFO - [2023-04-09T19:55:49.668+0000] {dag.py:3456} INFO - Setting next_dagrun for example_complex to None, run_after=None
[2023-04-09T19:55:49.698+0000] {processor.py:175} INFO - Processing /home/airflow/.local/lib/python3.7/site-packages/airflow/example_dags/example_complex.py took 0.171 seconds
[2023-04-09T19:56:20.360+0000] {processor.py:153} INFO - Started process (PID=1979) to work on /home/airflow/.local/lib/python3.7/site-packages/airflow/example_dags/example_complex.py
[2023-04-09T19:56:20.362+0000] {processor.py:743} INFO - Processing file /home/airflow/.local/lib/python3.7/site-packages/airflow/example_dags/example_complex.py for tasks to queue
[2023-04-09T19:56:20.364+0000] {logging_mixin.py:137} INFO - [2023-04-09T19:56:20.363+0000] {dagbag.py:532} INFO - Filling up the DagBag from /home/airflow/.local/lib/python3.7/site-packages/airflow/example_dags/example_complex.py
[2023-04-09T19:56:20.388+0000] {logging_mixin.py:137} INFO - [2023-04-09T19:56:20.387+0000] {taskmixin.py:211} WARNING - Dependency <Task(BashOperator): create_entry_group>, delete_entry_group already registered for DAG: example_complex
[2023-04-09T19:56:20.389+0000] {logging_mixin.py:137} INFO - [2023-04-09T19:56:20.388+0000] {taskmixin.py:211} WARNING - Dependency <Task(BashOperator): delete_entry_group>, create_entry_group already registered for DAG: example_complex
[2023-04-09T19:56:20.390+0000] {logging_mixin.py:137} INFO - [2023-04-09T19:56:20.390+0000] {taskmixin.py:211} WARNING - Dependency <Task(BashOperator): create_entry_gcs>, delete_entry already registered for DAG: example_complex
[2023-04-09T19:56:20.393+0000] {logging_mixin.py:137} INFO - [2023-04-09T19:56:20.392+0000] {taskmixin.py:211} WARNING - Dependency <Task(BashOperator): delete_entry>, create_entry_gcs already registered for DAG: example_complex
[2023-04-09T19:56:20.394+0000] {logging_mixin.py:137} INFO - [2023-04-09T19:56:20.394+0000] {taskmixin.py:211} WARNING - Dependency <Task(BashOperator): create_tag>, delete_tag already registered for DAG: example_complex
[2023-04-09T19:56:20.398+0000] {logging_mixin.py:137} INFO - [2023-04-09T19:56:20.396+0000] {taskmixin.py:211} WARNING - Dependency <Task(BashOperator): delete_tag>, create_tag already registered for DAG: example_complex
[2023-04-09T19:56:20.421+0000] {processor.py:753} INFO - DAG(s) dict_keys(['example_complex']) retrieved from /home/airflow/.local/lib/python3.7/site-packages/airflow/example_dags/example_complex.py
[2023-04-09T19:56:20.528+0000] {logging_mixin.py:137} INFO - [2023-04-09T19:56:20.528+0000] {dag.py:2705} INFO - Sync 1 DAGs
[2023-04-09T19:56:20.597+0000] {logging_mixin.py:137} INFO - [2023-04-09T19:56:20.595+0000] {dag.py:3456} INFO - Setting next_dagrun for example_complex to None, run_after=None
[2023-04-09T19:56:20.652+0000] {processor.py:175} INFO - Processing /home/airflow/.local/lib/python3.7/site-packages/airflow/example_dags/example_complex.py took 0.298 seconds
