[2023-04-09T19:52:16.364+0000] {processor.py:153} INFO - Started process (PID=273) to work on /home/airflow/.local/lib/python3.7/site-packages/airflow/example_dags/example_python_operator.py
[2023-04-09T19:52:16.370+0000] {processor.py:743} INFO - Processing file /home/airflow/.local/lib/python3.7/site-packages/airflow/example_dags/example_python_operator.py for tasks to queue
[2023-04-09T19:52:16.372+0000] {logging_mixin.py:137} INFO - [2023-04-09T19:52:16.372+0000] {dagbag.py:532} INFO - Filling up the DagBag from /home/airflow/.local/lib/python3.7/site-packages/airflow/example_dags/example_python_operator.py
[2023-04-09T19:52:16.439+0000] {logging_mixin.py:137} INFO - [2023-04-09T19:52:16.439+0000] {taskmixin.py:211} WARNING - Dependency <Task(_PythonDecoratedOperator): print_the_context>, log_sql_query already registered for DAG: example_python_operator
[2023-04-09T19:52:16.440+0000] {logging_mixin.py:137} INFO - [2023-04-09T19:52:16.440+0000] {taskmixin.py:211} WARNING - Dependency <Task(_PythonDecoratedOperator): log_sql_query>, print_the_context already registered for DAG: example_python_operator
[2023-04-09T19:52:16.444+0000] {logging_mixin.py:137} INFO - [2023-04-09T19:52:16.444+0000] {taskmixin.py:211} WARNING - Dependency <Task(_PythonDecoratedOperator): print_the_context>, log_sql_query already registered for DAG: example_python_operator
[2023-04-09T19:52:16.445+0000] {logging_mixin.py:137} INFO - [2023-04-09T19:52:16.445+0000] {taskmixin.py:211} WARNING - Dependency <Task(_PythonDecoratedOperator): log_sql_query>, print_the_context already registered for DAG: example_python_operator
[2023-04-09T19:52:16.447+0000] {logging_mixin.py:137} INFO - [2023-04-09T19:52:16.447+0000] {taskmixin.py:211} WARNING - Dependency <Task(_PythonDecoratedOperator): print_the_context>, log_sql_query already registered for DAG: example_python_operator
[2023-04-09T19:52:16.448+0000] {logging_mixin.py:137} INFO - [2023-04-09T19:52:16.448+0000] {taskmixin.py:211} WARNING - Dependency <Task(_PythonDecoratedOperator): log_sql_query>, print_the_context already registered for DAG: example_python_operator
[2023-04-09T19:52:16.455+0000] {logging_mixin.py:137} INFO - [2023-04-09T19:52:16.455+0000] {taskmixin.py:211} WARNING - Dependency <Task(_PythonDecoratedOperator): print_the_context>, log_sql_query already registered for DAG: example_python_operator
[2023-04-09T19:52:16.463+0000] {logging_mixin.py:137} INFO - [2023-04-09T19:52:16.463+0000] {taskmixin.py:211} WARNING - Dependency <Task(_PythonDecoratedOperator): log_sql_query>, print_the_context already registered for DAG: example_python_operator
[2023-04-09T19:52:16.495+0000] {processor.py:753} INFO - DAG(s) dict_keys(['example_python_operator']) retrieved from /home/airflow/.local/lib/python3.7/site-packages/airflow/example_dags/example_python_operator.py
[2023-04-09T19:52:16.610+0000] {logging_mixin.py:137} INFO - [2023-04-09T19:52:16.610+0000] {dag.py:2705} INFO - Sync 1 DAGs
[2023-04-09T19:52:16.654+0000] {logging_mixin.py:137} INFO - [2023-04-09T19:52:16.653+0000] {dag.py:3456} INFO - Setting next_dagrun for example_python_operator to None, run_after=None
[2023-04-09T19:52:16.698+0000] {processor.py:175} INFO - Processing /home/airflow/.local/lib/python3.7/site-packages/airflow/example_dags/example_python_operator.py took 0.339 seconds
[2023-04-09T19:52:47.355+0000] {processor.py:153} INFO - Started process (PID=490) to work on /home/airflow/.local/lib/python3.7/site-packages/airflow/example_dags/example_python_operator.py
[2023-04-09T19:52:47.356+0000] {processor.py:743} INFO - Processing file /home/airflow/.local/lib/python3.7/site-packages/airflow/example_dags/example_python_operator.py for tasks to queue
[2023-04-09T19:52:47.358+0000] {logging_mixin.py:137} INFO - [2023-04-09T19:52:47.358+0000] {dagbag.py:532} INFO - Filling up the DagBag from /home/airflow/.local/lib/python3.7/site-packages/airflow/example_dags/example_python_operator.py
[2023-04-09T19:52:47.385+0000] {logging_mixin.py:137} INFO - [2023-04-09T19:52:47.385+0000] {taskmixin.py:211} WARNING - Dependency <Task(_PythonDecoratedOperator): print_the_context>, log_sql_query already registered for DAG: example_python_operator
[2023-04-09T19:52:47.386+0000] {logging_mixin.py:137} INFO - [2023-04-09T19:52:47.386+0000] {taskmixin.py:211} WARNING - Dependency <Task(_PythonDecoratedOperator): log_sql_query>, print_the_context already registered for DAG: example_python_operator
[2023-04-09T19:52:47.388+0000] {logging_mixin.py:137} INFO - [2023-04-09T19:52:47.388+0000] {taskmixin.py:211} WARNING - Dependency <Task(_PythonDecoratedOperator): print_the_context>, log_sql_query already registered for DAG: example_python_operator
[2023-04-09T19:52:47.390+0000] {logging_mixin.py:137} INFO - [2023-04-09T19:52:47.390+0000] {taskmixin.py:211} WARNING - Dependency <Task(_PythonDecoratedOperator): log_sql_query>, print_the_context already registered for DAG: example_python_operator
[2023-04-09T19:52:47.392+0000] {logging_mixin.py:137} INFO - [2023-04-09T19:52:47.392+0000] {taskmixin.py:211} WARNING - Dependency <Task(_PythonDecoratedOperator): print_the_context>, log_sql_query already registered for DAG: example_python_operator
[2023-04-09T19:52:47.394+0000] {logging_mixin.py:137} INFO - [2023-04-09T19:52:47.393+0000] {taskmixin.py:211} WARNING - Dependency <Task(_PythonDecoratedOperator): log_sql_query>, print_the_context already registered for DAG: example_python_operator
[2023-04-09T19:52:47.396+0000] {logging_mixin.py:137} INFO - [2023-04-09T19:52:47.396+0000] {taskmixin.py:211} WARNING - Dependency <Task(_PythonDecoratedOperator): print_the_context>, log_sql_query already registered for DAG: example_python_operator
[2023-04-09T19:52:47.397+0000] {logging_mixin.py:137} INFO - [2023-04-09T19:52:47.397+0000] {taskmixin.py:211} WARNING - Dependency <Task(_PythonDecoratedOperator): log_sql_query>, print_the_context already registered for DAG: example_python_operator
[2023-04-09T19:52:47.409+0000] {processor.py:753} INFO - DAG(s) dict_keys(['example_python_operator']) retrieved from /home/airflow/.local/lib/python3.7/site-packages/airflow/example_dags/example_python_operator.py
[2023-04-09T19:52:47.451+0000] {logging_mixin.py:137} INFO - [2023-04-09T19:52:47.451+0000] {dag.py:2705} INFO - Sync 1 DAGs
[2023-04-09T19:52:47.516+0000] {logging_mixin.py:137} INFO - [2023-04-09T19:52:47.516+0000] {dag.py:3456} INFO - Setting next_dagrun for example_python_operator to None, run_after=None
[2023-04-09T19:52:47.564+0000] {processor.py:175} INFO - Processing /home/airflow/.local/lib/python3.7/site-packages/airflow/example_dags/example_python_operator.py took 0.216 seconds
[2023-04-09T19:53:17.679+0000] {processor.py:153} INFO - Started process (PID=708) to work on /home/airflow/.local/lib/python3.7/site-packages/airflow/example_dags/example_python_operator.py
[2023-04-09T19:53:17.680+0000] {processor.py:743} INFO - Processing file /home/airflow/.local/lib/python3.7/site-packages/airflow/example_dags/example_python_operator.py for tasks to queue
[2023-04-09T19:53:17.682+0000] {logging_mixin.py:137} INFO - [2023-04-09T19:53:17.682+0000] {dagbag.py:532} INFO - Filling up the DagBag from /home/airflow/.local/lib/python3.7/site-packages/airflow/example_dags/example_python_operator.py
[2023-04-09T19:53:17.710+0000] {logging_mixin.py:137} INFO - [2023-04-09T19:53:17.709+0000] {taskmixin.py:211} WARNING - Dependency <Task(_PythonDecoratedOperator): print_the_context>, log_sql_query already registered for DAG: example_python_operator
[2023-04-09T19:53:17.711+0000] {logging_mixin.py:137} INFO - [2023-04-09T19:53:17.711+0000] {taskmixin.py:211} WARNING - Dependency <Task(_PythonDecoratedOperator): log_sql_query>, print_the_context already registered for DAG: example_python_operator
[2023-04-09T19:53:17.713+0000] {logging_mixin.py:137} INFO - [2023-04-09T19:53:17.712+0000] {taskmixin.py:211} WARNING - Dependency <Task(_PythonDecoratedOperator): print_the_context>, log_sql_query already registered for DAG: example_python_operator
[2023-04-09T19:53:17.714+0000] {logging_mixin.py:137} INFO - [2023-04-09T19:53:17.713+0000] {taskmixin.py:211} WARNING - Dependency <Task(_PythonDecoratedOperator): log_sql_query>, print_the_context already registered for DAG: example_python_operator
[2023-04-09T19:53:17.715+0000] {logging_mixin.py:137} INFO - [2023-04-09T19:53:17.715+0000] {taskmixin.py:211} WARNING - Dependency <Task(_PythonDecoratedOperator): print_the_context>, log_sql_query already registered for DAG: example_python_operator
[2023-04-09T19:53:17.716+0000] {logging_mixin.py:137} INFO - [2023-04-09T19:53:17.716+0000] {taskmixin.py:211} WARNING - Dependency <Task(_PythonDecoratedOperator): log_sql_query>, print_the_context already registered for DAG: example_python_operator
[2023-04-09T19:53:17.718+0000] {logging_mixin.py:137} INFO - [2023-04-09T19:53:17.718+0000] {taskmixin.py:211} WARNING - Dependency <Task(_PythonDecoratedOperator): print_the_context>, log_sql_query already registered for DAG: example_python_operator
[2023-04-09T19:53:17.719+0000] {logging_mixin.py:137} INFO - [2023-04-09T19:53:17.719+0000] {taskmixin.py:211} WARNING - Dependency <Task(_PythonDecoratedOperator): log_sql_query>, print_the_context already registered for DAG: example_python_operator
[2023-04-09T19:53:17.731+0000] {processor.py:753} INFO - DAG(s) dict_keys(['example_python_operator']) retrieved from /home/airflow/.local/lib/python3.7/site-packages/airflow/example_dags/example_python_operator.py
[2023-04-09T19:53:17.770+0000] {logging_mixin.py:137} INFO - [2023-04-09T19:53:17.769+0000] {dag.py:2705} INFO - Sync 1 DAGs
[2023-04-09T19:53:17.810+0000] {logging_mixin.py:137} INFO - [2023-04-09T19:53:17.810+0000] {dag.py:3456} INFO - Setting next_dagrun for example_python_operator to None, run_after=None
[2023-04-09T19:53:17.848+0000] {processor.py:175} INFO - Processing /home/airflow/.local/lib/python3.7/site-packages/airflow/example_dags/example_python_operator.py took 0.174 seconds
[2023-04-09T19:53:47.910+0000] {processor.py:153} INFO - Started process (PID=926) to work on /home/airflow/.local/lib/python3.7/site-packages/airflow/example_dags/example_python_operator.py
[2023-04-09T19:53:47.911+0000] {processor.py:743} INFO - Processing file /home/airflow/.local/lib/python3.7/site-packages/airflow/example_dags/example_python_operator.py for tasks to queue
[2023-04-09T19:53:47.912+0000] {logging_mixin.py:137} INFO - [2023-04-09T19:53:47.912+0000] {dagbag.py:532} INFO - Filling up the DagBag from /home/airflow/.local/lib/python3.7/site-packages/airflow/example_dags/example_python_operator.py
[2023-04-09T19:53:47.933+0000] {logging_mixin.py:137} INFO - [2023-04-09T19:53:47.933+0000] {taskmixin.py:211} WARNING - Dependency <Task(_PythonDecoratedOperator): print_the_context>, log_sql_query already registered for DAG: example_python_operator
[2023-04-09T19:53:47.934+0000] {logging_mixin.py:137} INFO - [2023-04-09T19:53:47.934+0000] {taskmixin.py:211} WARNING - Dependency <Task(_PythonDecoratedOperator): log_sql_query>, print_the_context already registered for DAG: example_python_operator
[2023-04-09T19:53:47.936+0000] {logging_mixin.py:137} INFO - [2023-04-09T19:53:47.936+0000] {taskmixin.py:211} WARNING - Dependency <Task(_PythonDecoratedOperator): print_the_context>, log_sql_query already registered for DAG: example_python_operator
[2023-04-09T19:53:47.937+0000] {logging_mixin.py:137} INFO - [2023-04-09T19:53:47.937+0000] {taskmixin.py:211} WARNING - Dependency <Task(_PythonDecoratedOperator): log_sql_query>, print_the_context already registered for DAG: example_python_operator
[2023-04-09T19:53:47.939+0000] {logging_mixin.py:137} INFO - [2023-04-09T19:53:47.938+0000] {taskmixin.py:211} WARNING - Dependency <Task(_PythonDecoratedOperator): print_the_context>, log_sql_query already registered for DAG: example_python_operator
[2023-04-09T19:53:47.940+0000] {logging_mixin.py:137} INFO - [2023-04-09T19:53:47.939+0000] {taskmixin.py:211} WARNING - Dependency <Task(_PythonDecoratedOperator): log_sql_query>, print_the_context already registered for DAG: example_python_operator
[2023-04-09T19:53:47.941+0000] {logging_mixin.py:137} INFO - [2023-04-09T19:53:47.941+0000] {taskmixin.py:211} WARNING - Dependency <Task(_PythonDecoratedOperator): print_the_context>, log_sql_query already registered for DAG: example_python_operator
[2023-04-09T19:53:47.942+0000] {logging_mixin.py:137} INFO - [2023-04-09T19:53:47.942+0000] {taskmixin.py:211} WARNING - Dependency <Task(_PythonDecoratedOperator): log_sql_query>, print_the_context already registered for DAG: example_python_operator
[2023-04-09T19:53:47.954+0000] {processor.py:753} INFO - DAG(s) dict_keys(['example_python_operator']) retrieved from /home/airflow/.local/lib/python3.7/site-packages/airflow/example_dags/example_python_operator.py
[2023-04-09T19:53:47.992+0000] {logging_mixin.py:137} INFO - [2023-04-09T19:53:47.992+0000] {dag.py:2705} INFO - Sync 1 DAGs
[2023-04-09T19:53:48.028+0000] {logging_mixin.py:137} INFO - [2023-04-09T19:53:48.028+0000] {dag.py:3456} INFO - Setting next_dagrun for example_python_operator to None, run_after=None
[2023-04-09T19:53:48.060+0000] {processor.py:175} INFO - Processing /home/airflow/.local/lib/python3.7/site-packages/airflow/example_dags/example_python_operator.py took 0.154 seconds
[2023-04-09T19:54:18.158+0000] {processor.py:153} INFO - Started process (PID=1149) to work on /home/airflow/.local/lib/python3.7/site-packages/airflow/example_dags/example_python_operator.py
[2023-04-09T19:54:18.159+0000] {processor.py:743} INFO - Processing file /home/airflow/.local/lib/python3.7/site-packages/airflow/example_dags/example_python_operator.py for tasks to queue
[2023-04-09T19:54:18.160+0000] {logging_mixin.py:137} INFO - [2023-04-09T19:54:18.160+0000] {dagbag.py:532} INFO - Filling up the DagBag from /home/airflow/.local/lib/python3.7/site-packages/airflow/example_dags/example_python_operator.py
[2023-04-09T19:54:18.186+0000] {logging_mixin.py:137} INFO - [2023-04-09T19:54:18.186+0000] {taskmixin.py:211} WARNING - Dependency <Task(_PythonDecoratedOperator): print_the_context>, log_sql_query already registered for DAG: example_python_operator
[2023-04-09T19:54:18.187+0000] {logging_mixin.py:137} INFO - [2023-04-09T19:54:18.187+0000] {taskmixin.py:211} WARNING - Dependency <Task(_PythonDecoratedOperator): log_sql_query>, print_the_context already registered for DAG: example_python_operator
[2023-04-09T19:54:18.189+0000] {logging_mixin.py:137} INFO - [2023-04-09T19:54:18.189+0000] {taskmixin.py:211} WARNING - Dependency <Task(_PythonDecoratedOperator): print_the_context>, log_sql_query already registered for DAG: example_python_operator
[2023-04-09T19:54:18.190+0000] {logging_mixin.py:137} INFO - [2023-04-09T19:54:18.189+0000] {taskmixin.py:211} WARNING - Dependency <Task(_PythonDecoratedOperator): log_sql_query>, print_the_context already registered for DAG: example_python_operator
[2023-04-09T19:54:18.191+0000] {logging_mixin.py:137} INFO - [2023-04-09T19:54:18.191+0000] {taskmixin.py:211} WARNING - Dependency <Task(_PythonDecoratedOperator): print_the_context>, log_sql_query already registered for DAG: example_python_operator
[2023-04-09T19:54:18.192+0000] {logging_mixin.py:137} INFO - [2023-04-09T19:54:18.192+0000] {taskmixin.py:211} WARNING - Dependency <Task(_PythonDecoratedOperator): log_sql_query>, print_the_context already registered for DAG: example_python_operator
[2023-04-09T19:54:18.193+0000] {logging_mixin.py:137} INFO - [2023-04-09T19:54:18.193+0000] {taskmixin.py:211} WARNING - Dependency <Task(_PythonDecoratedOperator): print_the_context>, log_sql_query already registered for DAG: example_python_operator
[2023-04-09T19:54:18.194+0000] {logging_mixin.py:137} INFO - [2023-04-09T19:54:18.194+0000] {taskmixin.py:211} WARNING - Dependency <Task(_PythonDecoratedOperator): log_sql_query>, print_the_context already registered for DAG: example_python_operator
[2023-04-09T19:54:18.203+0000] {processor.py:753} INFO - DAG(s) dict_keys(['example_python_operator']) retrieved from /home/airflow/.local/lib/python3.7/site-packages/airflow/example_dags/example_python_operator.py
[2023-04-09T19:54:18.238+0000] {logging_mixin.py:137} INFO - [2023-04-09T19:54:18.238+0000] {dag.py:2705} INFO - Sync 1 DAGs
[2023-04-09T19:54:18.275+0000] {logging_mixin.py:137} INFO - [2023-04-09T19:54:18.275+0000] {dag.py:3456} INFO - Setting next_dagrun for example_python_operator to None, run_after=None
[2023-04-09T19:54:18.310+0000] {processor.py:175} INFO - Processing /home/airflow/.local/lib/python3.7/site-packages/airflow/example_dags/example_python_operator.py took 0.156 seconds
[2023-04-09T19:54:48.460+0000] {processor.py:153} INFO - Started process (PID=1371) to work on /home/airflow/.local/lib/python3.7/site-packages/airflow/example_dags/example_python_operator.py
[2023-04-09T19:54:48.462+0000] {processor.py:743} INFO - Processing file /home/airflow/.local/lib/python3.7/site-packages/airflow/example_dags/example_python_operator.py for tasks to queue
[2023-04-09T19:54:48.464+0000] {logging_mixin.py:137} INFO - [2023-04-09T19:54:48.464+0000] {dagbag.py:532} INFO - Filling up the DagBag from /home/airflow/.local/lib/python3.7/site-packages/airflow/example_dags/example_python_operator.py
[2023-04-09T19:54:48.497+0000] {logging_mixin.py:137} INFO - [2023-04-09T19:54:48.497+0000] {taskmixin.py:211} WARNING - Dependency <Task(_PythonDecoratedOperator): print_the_context>, log_sql_query already registered for DAG: example_python_operator
[2023-04-09T19:54:48.498+0000] {logging_mixin.py:137} INFO - [2023-04-09T19:54:48.498+0000] {taskmixin.py:211} WARNING - Dependency <Task(_PythonDecoratedOperator): log_sql_query>, print_the_context already registered for DAG: example_python_operator
[2023-04-09T19:54:48.500+0000] {logging_mixin.py:137} INFO - [2023-04-09T19:54:48.499+0000] {taskmixin.py:211} WARNING - Dependency <Task(_PythonDecoratedOperator): print_the_context>, log_sql_query already registered for DAG: example_python_operator
[2023-04-09T19:54:48.501+0000] {logging_mixin.py:137} INFO - [2023-04-09T19:54:48.500+0000] {taskmixin.py:211} WARNING - Dependency <Task(_PythonDecoratedOperator): log_sql_query>, print_the_context already registered for DAG: example_python_operator
[2023-04-09T19:54:48.502+0000] {logging_mixin.py:137} INFO - [2023-04-09T19:54:48.502+0000] {taskmixin.py:211} WARNING - Dependency <Task(_PythonDecoratedOperator): print_the_context>, log_sql_query already registered for DAG: example_python_operator
[2023-04-09T19:54:48.503+0000] {logging_mixin.py:137} INFO - [2023-04-09T19:54:48.503+0000] {taskmixin.py:211} WARNING - Dependency <Task(_PythonDecoratedOperator): log_sql_query>, print_the_context already registered for DAG: example_python_operator
[2023-04-09T19:54:48.505+0000] {logging_mixin.py:137} INFO - [2023-04-09T19:54:48.505+0000] {taskmixin.py:211} WARNING - Dependency <Task(_PythonDecoratedOperator): print_the_context>, log_sql_query already registered for DAG: example_python_operator
[2023-04-09T19:54:48.506+0000] {logging_mixin.py:137} INFO - [2023-04-09T19:54:48.506+0000] {taskmixin.py:211} WARNING - Dependency <Task(_PythonDecoratedOperator): log_sql_query>, print_the_context already registered for DAG: example_python_operator
[2023-04-09T19:54:48.514+0000] {processor.py:753} INFO - DAG(s) dict_keys(['example_python_operator']) retrieved from /home/airflow/.local/lib/python3.7/site-packages/airflow/example_dags/example_python_operator.py
[2023-04-09T19:54:48.561+0000] {logging_mixin.py:137} INFO - [2023-04-09T19:54:48.561+0000] {dag.py:2705} INFO - Sync 1 DAGs
[2023-04-09T19:54:48.603+0000] {logging_mixin.py:137} INFO - [2023-04-09T19:54:48.603+0000] {dag.py:3456} INFO - Setting next_dagrun for example_python_operator to None, run_after=None
[2023-04-09T19:54:48.638+0000] {processor.py:175} INFO - Processing /home/airflow/.local/lib/python3.7/site-packages/airflow/example_dags/example_python_operator.py took 0.183 seconds
[2023-04-09T19:55:20.044+0000] {processor.py:153} INFO - Started process (PID=1593) to work on /home/airflow/.local/lib/python3.7/site-packages/airflow/example_dags/example_python_operator.py
[2023-04-09T19:55:20.045+0000] {processor.py:743} INFO - Processing file /home/airflow/.local/lib/python3.7/site-packages/airflow/example_dags/example_python_operator.py for tasks to queue
[2023-04-09T19:55:20.047+0000] {logging_mixin.py:137} INFO - [2023-04-09T19:55:20.046+0000] {dagbag.py:532} INFO - Filling up the DagBag from /home/airflow/.local/lib/python3.7/site-packages/airflow/example_dags/example_python_operator.py
[2023-04-09T19:55:20.070+0000] {logging_mixin.py:137} INFO - [2023-04-09T19:55:20.069+0000] {taskmixin.py:211} WARNING - Dependency <Task(_PythonDecoratedOperator): print_the_context>, log_sql_query already registered for DAG: example_python_operator
[2023-04-09T19:55:20.071+0000] {logging_mixin.py:137} INFO - [2023-04-09T19:55:20.071+0000] {taskmixin.py:211} WARNING - Dependency <Task(_PythonDecoratedOperator): log_sql_query>, print_the_context already registered for DAG: example_python_operator
[2023-04-09T19:55:20.073+0000] {logging_mixin.py:137} INFO - [2023-04-09T19:55:20.073+0000] {taskmixin.py:211} WARNING - Dependency <Task(_PythonDecoratedOperator): print_the_context>, log_sql_query already registered for DAG: example_python_operator
[2023-04-09T19:55:20.074+0000] {logging_mixin.py:137} INFO - [2023-04-09T19:55:20.074+0000] {taskmixin.py:211} WARNING - Dependency <Task(_PythonDecoratedOperator): log_sql_query>, print_the_context already registered for DAG: example_python_operator
[2023-04-09T19:55:20.075+0000] {logging_mixin.py:137} INFO - [2023-04-09T19:55:20.075+0000] {taskmixin.py:211} WARNING - Dependency <Task(_PythonDecoratedOperator): print_the_context>, log_sql_query already registered for DAG: example_python_operator
[2023-04-09T19:55:20.076+0000] {logging_mixin.py:137} INFO - [2023-04-09T19:55:20.076+0000] {taskmixin.py:211} WARNING - Dependency <Task(_PythonDecoratedOperator): log_sql_query>, print_the_context already registered for DAG: example_python_operator
[2023-04-09T19:55:20.078+0000] {logging_mixin.py:137} INFO - [2023-04-09T19:55:20.077+0000] {taskmixin.py:211} WARNING - Dependency <Task(_PythonDecoratedOperator): print_the_context>, log_sql_query already registered for DAG: example_python_operator
[2023-04-09T19:55:20.078+0000] {logging_mixin.py:137} INFO - [2023-04-09T19:55:20.078+0000] {taskmixin.py:211} WARNING - Dependency <Task(_PythonDecoratedOperator): log_sql_query>, print_the_context already registered for DAG: example_python_operator
[2023-04-09T19:55:20.088+0000] {processor.py:753} INFO - DAG(s) dict_keys(['example_python_operator']) retrieved from /home/airflow/.local/lib/python3.7/site-packages/airflow/example_dags/example_python_operator.py
[2023-04-09T19:55:20.127+0000] {logging_mixin.py:137} INFO - [2023-04-09T19:55:20.127+0000] {dag.py:2705} INFO - Sync 1 DAGs
[2023-04-09T19:55:20.168+0000] {logging_mixin.py:137} INFO - [2023-04-09T19:55:20.168+0000] {dag.py:3456} INFO - Setting next_dagrun for example_python_operator to None, run_after=None
[2023-04-09T19:55:20.203+0000] {processor.py:175} INFO - Processing /home/airflow/.local/lib/python3.7/site-packages/airflow/example_dags/example_python_operator.py took 0.163 seconds
[2023-04-09T19:55:50.549+0000] {processor.py:153} INFO - Started process (PID=1811) to work on /home/airflow/.local/lib/python3.7/site-packages/airflow/example_dags/example_python_operator.py
[2023-04-09T19:55:50.550+0000] {processor.py:743} INFO - Processing file /home/airflow/.local/lib/python3.7/site-packages/airflow/example_dags/example_python_operator.py for tasks to queue
[2023-04-09T19:55:50.552+0000] {logging_mixin.py:137} INFO - [2023-04-09T19:55:50.551+0000] {dagbag.py:532} INFO - Filling up the DagBag from /home/airflow/.local/lib/python3.7/site-packages/airflow/example_dags/example_python_operator.py
[2023-04-09T19:55:50.582+0000] {logging_mixin.py:137} INFO - [2023-04-09T19:55:50.582+0000] {taskmixin.py:211} WARNING - Dependency <Task(_PythonDecoratedOperator): print_the_context>, log_sql_query already registered for DAG: example_python_operator
[2023-04-09T19:55:50.584+0000] {logging_mixin.py:137} INFO - [2023-04-09T19:55:50.583+0000] {taskmixin.py:211} WARNING - Dependency <Task(_PythonDecoratedOperator): log_sql_query>, print_the_context already registered for DAG: example_python_operator
[2023-04-09T19:55:50.586+0000] {logging_mixin.py:137} INFO - [2023-04-09T19:55:50.586+0000] {taskmixin.py:211} WARNING - Dependency <Task(_PythonDecoratedOperator): print_the_context>, log_sql_query already registered for DAG: example_python_operator
[2023-04-09T19:55:50.587+0000] {logging_mixin.py:137} INFO - [2023-04-09T19:55:50.587+0000] {taskmixin.py:211} WARNING - Dependency <Task(_PythonDecoratedOperator): log_sql_query>, print_the_context already registered for DAG: example_python_operator
[2023-04-09T19:55:50.590+0000] {logging_mixin.py:137} INFO - [2023-04-09T19:55:50.589+0000] {taskmixin.py:211} WARNING - Dependency <Task(_PythonDecoratedOperator): print_the_context>, log_sql_query already registered for DAG: example_python_operator
[2023-04-09T19:55:50.591+0000] {logging_mixin.py:137} INFO - [2023-04-09T19:55:50.590+0000] {taskmixin.py:211} WARNING - Dependency <Task(_PythonDecoratedOperator): log_sql_query>, print_the_context already registered for DAG: example_python_operator
[2023-04-09T19:55:50.593+0000] {logging_mixin.py:137} INFO - [2023-04-09T19:55:50.592+0000] {taskmixin.py:211} WARNING - Dependency <Task(_PythonDecoratedOperator): print_the_context>, log_sql_query already registered for DAG: example_python_operator
[2023-04-09T19:55:50.594+0000] {logging_mixin.py:137} INFO - [2023-04-09T19:55:50.593+0000] {taskmixin.py:211} WARNING - Dependency <Task(_PythonDecoratedOperator): log_sql_query>, print_the_context already registered for DAG: example_python_operator
[2023-04-09T19:55:50.604+0000] {processor.py:753} INFO - DAG(s) dict_keys(['example_python_operator']) retrieved from /home/airflow/.local/lib/python3.7/site-packages/airflow/example_dags/example_python_operator.py
[2023-04-09T19:55:50.659+0000] {logging_mixin.py:137} INFO - [2023-04-09T19:55:50.659+0000] {dag.py:2705} INFO - Sync 1 DAGs
[2023-04-09T19:55:50.696+0000] {logging_mixin.py:137} INFO - [2023-04-09T19:55:50.696+0000] {dag.py:3456} INFO - Setting next_dagrun for example_python_operator to None, run_after=None
[2023-04-09T19:55:50.737+0000] {processor.py:175} INFO - Processing /home/airflow/.local/lib/python3.7/site-packages/airflow/example_dags/example_python_operator.py took 0.192 seconds
[2023-04-09T19:56:21.819+0000] {processor.py:153} INFO - Started process (PID=2029) to work on /home/airflow/.local/lib/python3.7/site-packages/airflow/example_dags/example_python_operator.py
[2023-04-09T19:56:21.821+0000] {processor.py:743} INFO - Processing file /home/airflow/.local/lib/python3.7/site-packages/airflow/example_dags/example_python_operator.py for tasks to queue
[2023-04-09T19:56:21.823+0000] {logging_mixin.py:137} INFO - [2023-04-09T19:56:21.822+0000] {dagbag.py:532} INFO - Filling up the DagBag from /home/airflow/.local/lib/python3.7/site-packages/airflow/example_dags/example_python_operator.py
[2023-04-09T19:56:21.859+0000] {logging_mixin.py:137} INFO - [2023-04-09T19:56:21.859+0000] {taskmixin.py:211} WARNING - Dependency <Task(_PythonDecoratedOperator): print_the_context>, log_sql_query already registered for DAG: example_python_operator
[2023-04-09T19:56:21.860+0000] {logging_mixin.py:137} INFO - [2023-04-09T19:56:21.860+0000] {taskmixin.py:211} WARNING - Dependency <Task(_PythonDecoratedOperator): log_sql_query>, print_the_context already registered for DAG: example_python_operator
[2023-04-09T19:56:21.866+0000] {logging_mixin.py:137} INFO - [2023-04-09T19:56:21.865+0000] {taskmixin.py:211} WARNING - Dependency <Task(_PythonDecoratedOperator): print_the_context>, log_sql_query already registered for DAG: example_python_operator
[2023-04-09T19:56:21.867+0000] {logging_mixin.py:137} INFO - [2023-04-09T19:56:21.866+0000] {taskmixin.py:211} WARNING - Dependency <Task(_PythonDecoratedOperator): log_sql_query>, print_the_context already registered for DAG: example_python_operator
[2023-04-09T19:56:21.869+0000] {logging_mixin.py:137} INFO - [2023-04-09T19:56:21.869+0000] {taskmixin.py:211} WARNING - Dependency <Task(_PythonDecoratedOperator): print_the_context>, log_sql_query already registered for DAG: example_python_operator
[2023-04-09T19:56:21.870+0000] {logging_mixin.py:137} INFO - [2023-04-09T19:56:21.870+0000] {taskmixin.py:211} WARNING - Dependency <Task(_PythonDecoratedOperator): log_sql_query>, print_the_context already registered for DAG: example_python_operator
[2023-04-09T19:56:21.872+0000] {logging_mixin.py:137} INFO - [2023-04-09T19:56:21.872+0000] {taskmixin.py:211} WARNING - Dependency <Task(_PythonDecoratedOperator): print_the_context>, log_sql_query already registered for DAG: example_python_operator
[2023-04-09T19:56:21.873+0000] {logging_mixin.py:137} INFO - [2023-04-09T19:56:21.873+0000] {taskmixin.py:211} WARNING - Dependency <Task(_PythonDecoratedOperator): log_sql_query>, print_the_context already registered for DAG: example_python_operator
[2023-04-09T19:56:21.888+0000] {processor.py:753} INFO - DAG(s) dict_keys(['example_python_operator']) retrieved from /home/airflow/.local/lib/python3.7/site-packages/airflow/example_dags/example_python_operator.py
[2023-04-09T19:56:21.938+0000] {logging_mixin.py:137} INFO - [2023-04-09T19:56:21.938+0000] {dag.py:2705} INFO - Sync 1 DAGs
[2023-04-09T19:56:21.978+0000] {logging_mixin.py:137} INFO - [2023-04-09T19:56:21.978+0000] {dag.py:3456} INFO - Setting next_dagrun for example_python_operator to None, run_after=None
[2023-04-09T19:56:22.015+0000] {processor.py:175} INFO - Processing /home/airflow/.local/lib/python3.7/site-packages/airflow/example_dags/example_python_operator.py took 0.201 seconds
