[2023-04-09T19:52:18.537+0000] {processor.py:153} INFO - Started process (PID=331) to work on /home/airflow/.local/lib/python3.7/site-packages/airflow/example_dags/example_latest_only_with_trigger.py
[2023-04-09T19:52:18.544+0000] {processor.py:743} INFO - Processing file /home/airflow/.local/lib/python3.7/site-packages/airflow/example_dags/example_latest_only_with_trigger.py for tasks to queue
[2023-04-09T19:52:18.546+0000] {logging_mixin.py:137} INFO - [2023-04-09T19:52:18.546+0000] {dagbag.py:532} INFO - Filling up the DagBag from /home/airflow/.local/lib/python3.7/site-packages/airflow/example_dags/example_latest_only_with_trigger.py
[2023-04-09T19:52:18.571+0000] {processor.py:753} INFO - DAG(s) dict_keys(['latest_only_with_trigger']) retrieved from /home/airflow/.local/lib/python3.7/site-packages/airflow/example_dags/example_latest_only_with_trigger.py
[2023-04-09T19:52:18.622+0000] {logging_mixin.py:137} INFO - [2023-04-09T19:52:18.622+0000] {dag.py:2705} INFO - Sync 1 DAGs
[2023-04-09T19:52:18.664+0000] {logging_mixin.py:137} INFO - [2023-04-09T19:52:18.663+0000] {dag.py:3456} INFO - Setting next_dagrun for latest_only_with_trigger to 2023-04-09T15:52:18.663425+00:00, run_after=2023-04-09T19:52:18.663425+00:00
[2023-04-09T19:52:18.709+0000] {processor.py:175} INFO - Processing /home/airflow/.local/lib/python3.7/site-packages/airflow/example_dags/example_latest_only_with_trigger.py took 0.177 seconds
[2023-04-09T19:52:49.201+0000] {processor.py:153} INFO - Started process (PID=550) to work on /home/airflow/.local/lib/python3.7/site-packages/airflow/example_dags/example_latest_only_with_trigger.py
[2023-04-09T19:52:49.203+0000] {processor.py:743} INFO - Processing file /home/airflow/.local/lib/python3.7/site-packages/airflow/example_dags/example_latest_only_with_trigger.py for tasks to queue
[2023-04-09T19:52:49.205+0000] {logging_mixin.py:137} INFO - [2023-04-09T19:52:49.204+0000] {dagbag.py:532} INFO - Filling up the DagBag from /home/airflow/.local/lib/python3.7/site-packages/airflow/example_dags/example_latest_only_with_trigger.py
[2023-04-09T19:52:49.235+0000] {processor.py:753} INFO - DAG(s) dict_keys(['latest_only_with_trigger']) retrieved from /home/airflow/.local/lib/python3.7/site-packages/airflow/example_dags/example_latest_only_with_trigger.py
[2023-04-09T19:52:49.306+0000] {logging_mixin.py:137} INFO - [2023-04-09T19:52:49.305+0000] {dag.py:2705} INFO - Sync 1 DAGs
[2023-04-09T19:52:49.368+0000] {logging_mixin.py:137} INFO - [2023-04-09T19:52:49.368+0000] {dag.py:3456} INFO - Setting next_dagrun for latest_only_with_trigger to 2023-04-09T15:52:49.368247+00:00, run_after=2023-04-09T19:52:49.368247+00:00
[2023-04-09T19:52:49.422+0000] {processor.py:175} INFO - Processing /home/airflow/.local/lib/python3.7/site-packages/airflow/example_dags/example_latest_only_with_trigger.py took 0.226 seconds
[2023-04-09T19:53:20.121+0000] {processor.py:153} INFO - Started process (PID=768) to work on /home/airflow/.local/lib/python3.7/site-packages/airflow/example_dags/example_latest_only_with_trigger.py
[2023-04-09T19:53:20.123+0000] {processor.py:743} INFO - Processing file /home/airflow/.local/lib/python3.7/site-packages/airflow/example_dags/example_latest_only_with_trigger.py for tasks to queue
[2023-04-09T19:53:20.125+0000] {logging_mixin.py:137} INFO - [2023-04-09T19:53:20.125+0000] {dagbag.py:532} INFO - Filling up the DagBag from /home/airflow/.local/lib/python3.7/site-packages/airflow/example_dags/example_latest_only_with_trigger.py
[2023-04-09T19:53:20.152+0000] {processor.py:753} INFO - DAG(s) dict_keys(['latest_only_with_trigger']) retrieved from /home/airflow/.local/lib/python3.7/site-packages/airflow/example_dags/example_latest_only_with_trigger.py
[2023-04-09T19:53:20.203+0000] {logging_mixin.py:137} INFO - [2023-04-09T19:53:20.203+0000] {dag.py:2705} INFO - Sync 1 DAGs
[2023-04-09T19:53:20.241+0000] {logging_mixin.py:137} INFO - [2023-04-09T19:53:20.241+0000] {dag.py:3456} INFO - Setting next_dagrun for latest_only_with_trigger to 2023-04-09T15:53:20.240616+00:00, run_after=2023-04-09T19:53:20.240616+00:00
[2023-04-09T19:53:20.272+0000] {processor.py:175} INFO - Processing /home/airflow/.local/lib/python3.7/site-packages/airflow/example_dags/example_latest_only_with_trigger.py took 0.157 seconds
[2023-04-09T19:53:50.333+0000] {processor.py:153} INFO - Started process (PID=986) to work on /home/airflow/.local/lib/python3.7/site-packages/airflow/example_dags/example_latest_only_with_trigger.py
[2023-04-09T19:53:50.335+0000] {processor.py:743} INFO - Processing file /home/airflow/.local/lib/python3.7/site-packages/airflow/example_dags/example_latest_only_with_trigger.py for tasks to queue
[2023-04-09T19:53:50.337+0000] {logging_mixin.py:137} INFO - [2023-04-09T19:53:50.336+0000] {dagbag.py:532} INFO - Filling up the DagBag from /home/airflow/.local/lib/python3.7/site-packages/airflow/example_dags/example_latest_only_with_trigger.py
[2023-04-09T19:53:50.353+0000] {processor.py:753} INFO - DAG(s) dict_keys(['latest_only_with_trigger']) retrieved from /home/airflow/.local/lib/python3.7/site-packages/airflow/example_dags/example_latest_only_with_trigger.py
[2023-04-09T19:53:50.384+0000] {logging_mixin.py:137} INFO - [2023-04-09T19:53:50.384+0000] {dag.py:2705} INFO - Sync 1 DAGs
[2023-04-09T19:53:50.417+0000] {logging_mixin.py:137} INFO - [2023-04-09T19:53:50.417+0000] {dag.py:3456} INFO - Setting next_dagrun for latest_only_with_trigger to 2023-04-09T15:53:50.417343+00:00, run_after=2023-04-09T19:53:50.417343+00:00
[2023-04-09T19:53:50.446+0000] {processor.py:175} INFO - Processing /home/airflow/.local/lib/python3.7/site-packages/airflow/example_dags/example_latest_only_with_trigger.py took 0.116 seconds
[2023-04-09T19:54:20.819+0000] {processor.py:153} INFO - Started process (PID=1209) to work on /home/airflow/.local/lib/python3.7/site-packages/airflow/example_dags/example_latest_only_with_trigger.py
[2023-04-09T19:54:20.826+0000] {processor.py:743} INFO - Processing file /home/airflow/.local/lib/python3.7/site-packages/airflow/example_dags/example_latest_only_with_trigger.py for tasks to queue
[2023-04-09T19:54:20.828+0000] {logging_mixin.py:137} INFO - [2023-04-09T19:54:20.827+0000] {dagbag.py:532} INFO - Filling up the DagBag from /home/airflow/.local/lib/python3.7/site-packages/airflow/example_dags/example_latest_only_with_trigger.py
[2023-04-09T19:54:20.864+0000] {processor.py:753} INFO - DAG(s) dict_keys(['latest_only_with_trigger']) retrieved from /home/airflow/.local/lib/python3.7/site-packages/airflow/example_dags/example_latest_only_with_trigger.py
[2023-04-09T19:54:20.931+0000] {logging_mixin.py:137} INFO - [2023-04-09T19:54:20.931+0000] {dag.py:2705} INFO - Sync 1 DAGs
[2023-04-09T19:54:20.996+0000] {logging_mixin.py:137} INFO - [2023-04-09T19:54:20.996+0000] {dag.py:3456} INFO - Setting next_dagrun for latest_only_with_trigger to 2023-04-09T15:54:20.995755+00:00, run_after=2023-04-09T19:54:20.995755+00:00
[2023-04-09T19:54:21.098+0000] {processor.py:175} INFO - Processing /home/airflow/.local/lib/python3.7/site-packages/airflow/example_dags/example_latest_only_with_trigger.py took 0.288 seconds
[2023-04-09T19:54:51.747+0000] {processor.py:153} INFO - Started process (PID=1431) to work on /home/airflow/.local/lib/python3.7/site-packages/airflow/example_dags/example_latest_only_with_trigger.py
[2023-04-09T19:54:51.755+0000] {processor.py:743} INFO - Processing file /home/airflow/.local/lib/python3.7/site-packages/airflow/example_dags/example_latest_only_with_trigger.py for tasks to queue
[2023-04-09T19:54:51.759+0000] {logging_mixin.py:137} INFO - [2023-04-09T19:54:51.759+0000] {dagbag.py:532} INFO - Filling up the DagBag from /home/airflow/.local/lib/python3.7/site-packages/airflow/example_dags/example_latest_only_with_trigger.py
[2023-04-09T19:54:51.785+0000] {processor.py:753} INFO - DAG(s) dict_keys(['latest_only_with_trigger']) retrieved from /home/airflow/.local/lib/python3.7/site-packages/airflow/example_dags/example_latest_only_with_trigger.py
[2023-04-09T19:54:51.823+0000] {logging_mixin.py:137} INFO - [2023-04-09T19:54:51.822+0000] {dag.py:2705} INFO - Sync 1 DAGs
[2023-04-09T19:54:51.869+0000] {logging_mixin.py:137} INFO - [2023-04-09T19:54:51.869+0000] {dag.py:3456} INFO - Setting next_dagrun for latest_only_with_trigger to 2023-04-09T15:54:51.869315+00:00, run_after=2023-04-09T19:54:51.869315+00:00
[2023-04-09T19:54:51.903+0000] {processor.py:175} INFO - Processing /home/airflow/.local/lib/python3.7/site-packages/airflow/example_dags/example_latest_only_with_trigger.py took 0.164 seconds
[2023-04-09T19:55:22.334+0000] {processor.py:153} INFO - Started process (PID=1653) to work on /home/airflow/.local/lib/python3.7/site-packages/airflow/example_dags/example_latest_only_with_trigger.py
[2023-04-09T19:55:22.335+0000] {processor.py:743} INFO - Processing file /home/airflow/.local/lib/python3.7/site-packages/airflow/example_dags/example_latest_only_with_trigger.py for tasks to queue
[2023-04-09T19:55:22.337+0000] {logging_mixin.py:137} INFO - [2023-04-09T19:55:22.337+0000] {dagbag.py:532} INFO - Filling up the DagBag from /home/airflow/.local/lib/python3.7/site-packages/airflow/example_dags/example_latest_only_with_trigger.py
[2023-04-09T19:55:22.357+0000] {processor.py:753} INFO - DAG(s) dict_keys(['latest_only_with_trigger']) retrieved from /home/airflow/.local/lib/python3.7/site-packages/airflow/example_dags/example_latest_only_with_trigger.py
[2023-04-09T19:55:22.393+0000] {logging_mixin.py:137} INFO - [2023-04-09T19:55:22.393+0000] {dag.py:2705} INFO - Sync 1 DAGs
[2023-04-09T19:55:22.429+0000] {logging_mixin.py:137} INFO - [2023-04-09T19:55:22.429+0000] {dag.py:3456} INFO - Setting next_dagrun for latest_only_with_trigger to 2023-04-09T15:55:22.429220+00:00, run_after=2023-04-09T19:55:22.429220+00:00
[2023-04-09T19:55:22.461+0000] {processor.py:175} INFO - Processing /home/airflow/.local/lib/python3.7/site-packages/airflow/example_dags/example_latest_only_with_trigger.py took 0.131 seconds
[2023-04-09T19:55:52.926+0000] {processor.py:153} INFO - Started process (PID=1871) to work on /home/airflow/.local/lib/python3.7/site-packages/airflow/example_dags/example_latest_only_with_trigger.py
[2023-04-09T19:55:52.928+0000] {processor.py:743} INFO - Processing file /home/airflow/.local/lib/python3.7/site-packages/airflow/example_dags/example_latest_only_with_trigger.py for tasks to queue
[2023-04-09T19:55:52.930+0000] {logging_mixin.py:137} INFO - [2023-04-09T19:55:52.929+0000] {dagbag.py:532} INFO - Filling up the DagBag from /home/airflow/.local/lib/python3.7/site-packages/airflow/example_dags/example_latest_only_with_trigger.py
[2023-04-09T19:55:52.949+0000] {processor.py:753} INFO - DAG(s) dict_keys(['latest_only_with_trigger']) retrieved from /home/airflow/.local/lib/python3.7/site-packages/airflow/example_dags/example_latest_only_with_trigger.py
[2023-04-09T19:55:52.983+0000] {logging_mixin.py:137} INFO - [2023-04-09T19:55:52.982+0000] {dag.py:2705} INFO - Sync 1 DAGs
[2023-04-09T19:55:53.018+0000] {logging_mixin.py:137} INFO - [2023-04-09T19:55:53.018+0000] {dag.py:3456} INFO - Setting next_dagrun for latest_only_with_trigger to 2023-04-09T15:55:53.018182+00:00, run_after=2023-04-09T19:55:53.018182+00:00
[2023-04-09T19:55:53.047+0000] {processor.py:175} INFO - Processing /home/airflow/.local/lib/python3.7/site-packages/airflow/example_dags/example_latest_only_with_trigger.py took 0.128 seconds
[2023-04-09T19:56:23.509+0000] {processor.py:153} INFO - Started process (PID=2089) to work on /home/airflow/.local/lib/python3.7/site-packages/airflow/example_dags/example_latest_only_with_trigger.py
[2023-04-09T19:56:23.511+0000] {processor.py:743} INFO - Processing file /home/airflow/.local/lib/python3.7/site-packages/airflow/example_dags/example_latest_only_with_trigger.py for tasks to queue
[2023-04-09T19:56:23.513+0000] {logging_mixin.py:137} INFO - [2023-04-09T19:56:23.513+0000] {dagbag.py:532} INFO - Filling up the DagBag from /home/airflow/.local/lib/python3.7/site-packages/airflow/example_dags/example_latest_only_with_trigger.py
[2023-04-09T19:56:23.537+0000] {processor.py:753} INFO - DAG(s) dict_keys(['latest_only_with_trigger']) retrieved from /home/airflow/.local/lib/python3.7/site-packages/airflow/example_dags/example_latest_only_with_trigger.py
[2023-04-09T19:56:23.582+0000] {logging_mixin.py:137} INFO - [2023-04-09T19:56:23.582+0000] {dag.py:2705} INFO - Sync 1 DAGs
[2023-04-09T19:56:23.637+0000] {logging_mixin.py:137} INFO - [2023-04-09T19:56:23.636+0000] {dag.py:3456} INFO - Setting next_dagrun for latest_only_with_trigger to 2023-04-09T15:56:23.636459+00:00, run_after=2023-04-09T19:56:23.636459+00:00
[2023-04-09T19:56:23.668+0000] {processor.py:175} INFO - Processing /home/airflow/.local/lib/python3.7/site-packages/airflow/example_dags/example_latest_only_with_trigger.py took 0.162 seconds
