[2023-04-09T19:52:14.860+0000] {processor.py:153} INFO - Started process (PID=226) to work on /home/airflow/.local/lib/python3.7/site-packages/airflow/example_dags/example_skip_dag.py
[2023-04-09T19:52:14.862+0000] {processor.py:743} INFO - Processing file /home/airflow/.local/lib/python3.7/site-packages/airflow/example_dags/example_skip_dag.py for tasks to queue
[2023-04-09T19:52:14.863+0000] {logging_mixin.py:137} INFO - [2023-04-09T19:52:14.863+0000] {dagbag.py:532} INFO - Filling up the DagBag from /home/airflow/.local/lib/python3.7/site-packages/airflow/example_dags/example_skip_dag.py
[2023-04-09T19:52:14.887+0000] {processor.py:753} INFO - DAG(s) dict_keys(['example_skip_dag']) retrieved from /home/airflow/.local/lib/python3.7/site-packages/airflow/example_dags/example_skip_dag.py
[2023-04-09T19:52:14.932+0000] {logging_mixin.py:137} INFO - [2023-04-09T19:52:14.932+0000] {dag.py:2705} INFO - Sync 1 DAGs
[2023-04-09T19:52:14.981+0000] {logging_mixin.py:137} INFO - [2023-04-09T19:52:14.981+0000] {dag.py:3456} INFO - Setting next_dagrun for example_skip_dag to 2023-04-08T19:52:14.980847+00:00, run_after=2023-04-09T19:52:14.980847+00:00
[2023-04-09T19:52:15.025+0000] {processor.py:175} INFO - Processing /home/airflow/.local/lib/python3.7/site-packages/airflow/example_dags/example_skip_dag.py took 0.171 seconds
[2023-04-09T19:52:45.211+0000] {processor.py:153} INFO - Started process (PID=445) to work on /home/airflow/.local/lib/python3.7/site-packages/airflow/example_dags/example_skip_dag.py
[2023-04-09T19:52:45.213+0000] {processor.py:743} INFO - Processing file /home/airflow/.local/lib/python3.7/site-packages/airflow/example_dags/example_skip_dag.py for tasks to queue
[2023-04-09T19:52:45.215+0000] {logging_mixin.py:137} INFO - [2023-04-09T19:52:45.215+0000] {dagbag.py:532} INFO - Filling up the DagBag from /home/airflow/.local/lib/python3.7/site-packages/airflow/example_dags/example_skip_dag.py
[2023-04-09T19:52:45.239+0000] {processor.py:753} INFO - DAG(s) dict_keys(['example_skip_dag']) retrieved from /home/airflow/.local/lib/python3.7/site-packages/airflow/example_dags/example_skip_dag.py
[2023-04-09T19:52:45.284+0000] {logging_mixin.py:137} INFO - [2023-04-09T19:52:45.284+0000] {dag.py:2705} INFO - Sync 1 DAGs
[2023-04-09T19:52:45.328+0000] {logging_mixin.py:137} INFO - [2023-04-09T19:52:45.327+0000] {dag.py:3456} INFO - Setting next_dagrun for example_skip_dag to 2023-04-08T19:52:45.327496+00:00, run_after=2023-04-09T19:52:45.327496+00:00
[2023-04-09T19:52:45.359+0000] {processor.py:175} INFO - Processing /home/airflow/.local/lib/python3.7/site-packages/airflow/example_dags/example_skip_dag.py took 0.152 seconds
[2023-04-09T19:53:15.777+0000] {processor.py:153} INFO - Started process (PID=663) to work on /home/airflow/.local/lib/python3.7/site-packages/airflow/example_dags/example_skip_dag.py
[2023-04-09T19:53:15.779+0000] {processor.py:743} INFO - Processing file /home/airflow/.local/lib/python3.7/site-packages/airflow/example_dags/example_skip_dag.py for tasks to queue
[2023-04-09T19:53:15.781+0000] {logging_mixin.py:137} INFO - [2023-04-09T19:53:15.781+0000] {dagbag.py:532} INFO - Filling up the DagBag from /home/airflow/.local/lib/python3.7/site-packages/airflow/example_dags/example_skip_dag.py
[2023-04-09T19:53:15.810+0000] {processor.py:753} INFO - DAG(s) dict_keys(['example_skip_dag']) retrieved from /home/airflow/.local/lib/python3.7/site-packages/airflow/example_dags/example_skip_dag.py
[2023-04-09T19:53:15.854+0000] {logging_mixin.py:137} INFO - [2023-04-09T19:53:15.853+0000] {dag.py:2705} INFO - Sync 1 DAGs
[2023-04-09T19:53:15.903+0000] {logging_mixin.py:137} INFO - [2023-04-09T19:53:15.903+0000] {dag.py:3456} INFO - Setting next_dagrun for example_skip_dag to 2023-04-08T19:53:15.903014+00:00, run_after=2023-04-09T19:53:15.903014+00:00
[2023-04-09T19:53:15.931+0000] {processor.py:175} INFO - Processing /home/airflow/.local/lib/python3.7/site-packages/airflow/example_dags/example_skip_dag.py took 0.159 seconds
[2023-04-09T19:53:46.025+0000] {processor.py:153} INFO - Started process (PID=881) to work on /home/airflow/.local/lib/python3.7/site-packages/airflow/example_dags/example_skip_dag.py
[2023-04-09T19:53:46.026+0000] {processor.py:743} INFO - Processing file /home/airflow/.local/lib/python3.7/site-packages/airflow/example_dags/example_skip_dag.py for tasks to queue
[2023-04-09T19:53:46.028+0000] {logging_mixin.py:137} INFO - [2023-04-09T19:53:46.028+0000] {dagbag.py:532} INFO - Filling up the DagBag from /home/airflow/.local/lib/python3.7/site-packages/airflow/example_dags/example_skip_dag.py
[2023-04-09T19:53:46.048+0000] {processor.py:753} INFO - DAG(s) dict_keys(['example_skip_dag']) retrieved from /home/airflow/.local/lib/python3.7/site-packages/airflow/example_dags/example_skip_dag.py
[2023-04-09T19:53:46.090+0000] {logging_mixin.py:137} INFO - [2023-04-09T19:53:46.090+0000] {dag.py:2705} INFO - Sync 1 DAGs
[2023-04-09T19:53:46.134+0000] {logging_mixin.py:137} INFO - [2023-04-09T19:53:46.133+0000] {dag.py:3456} INFO - Setting next_dagrun for example_skip_dag to 2023-04-08T19:53:46.133399+00:00, run_after=2023-04-09T19:53:46.133399+00:00
[2023-04-09T19:53:46.166+0000] {processor.py:175} INFO - Processing /home/airflow/.local/lib/python3.7/site-packages/airflow/example_dags/example_skip_dag.py took 0.146 seconds
[2023-04-09T19:54:17.111+0000] {processor.py:153} INFO - Started process (PID=1106) to work on /home/airflow/.local/lib/python3.7/site-packages/airflow/example_dags/example_skip_dag.py
[2023-04-09T19:54:17.112+0000] {processor.py:743} INFO - Processing file /home/airflow/.local/lib/python3.7/site-packages/airflow/example_dags/example_skip_dag.py for tasks to queue
[2023-04-09T19:54:17.113+0000] {logging_mixin.py:137} INFO - [2023-04-09T19:54:17.113+0000] {dagbag.py:532} INFO - Filling up the DagBag from /home/airflow/.local/lib/python3.7/site-packages/airflow/example_dags/example_skip_dag.py
[2023-04-09T19:54:17.128+0000] {processor.py:753} INFO - DAG(s) dict_keys(['example_skip_dag']) retrieved from /home/airflow/.local/lib/python3.7/site-packages/airflow/example_dags/example_skip_dag.py
[2023-04-09T19:54:17.158+0000] {logging_mixin.py:137} INFO - [2023-04-09T19:54:17.158+0000] {dag.py:2705} INFO - Sync 1 DAGs
[2023-04-09T19:54:17.188+0000] {logging_mixin.py:137} INFO - [2023-04-09T19:54:17.187+0000] {dag.py:3456} INFO - Setting next_dagrun for example_skip_dag to 2023-04-08T19:54:17.187702+00:00, run_after=2023-04-09T19:54:17.187702+00:00
[2023-04-09T19:54:17.215+0000] {processor.py:175} INFO - Processing /home/airflow/.local/lib/python3.7/site-packages/airflow/example_dags/example_skip_dag.py took 0.108 seconds
[2023-04-09T19:54:47.421+0000] {processor.py:153} INFO - Started process (PID=1326) to work on /home/airflow/.local/lib/python3.7/site-packages/airflow/example_dags/example_skip_dag.py
[2023-04-09T19:54:47.422+0000] {processor.py:743} INFO - Processing file /home/airflow/.local/lib/python3.7/site-packages/airflow/example_dags/example_skip_dag.py for tasks to queue
[2023-04-09T19:54:47.424+0000] {logging_mixin.py:137} INFO - [2023-04-09T19:54:47.424+0000] {dagbag.py:532} INFO - Filling up the DagBag from /home/airflow/.local/lib/python3.7/site-packages/airflow/example_dags/example_skip_dag.py
[2023-04-09T19:54:47.445+0000] {processor.py:753} INFO - DAG(s) dict_keys(['example_skip_dag']) retrieved from /home/airflow/.local/lib/python3.7/site-packages/airflow/example_dags/example_skip_dag.py
[2023-04-09T19:54:47.473+0000] {logging_mixin.py:137} INFO - [2023-04-09T19:54:47.473+0000] {dag.py:2705} INFO - Sync 1 DAGs
[2023-04-09T19:54:47.507+0000] {logging_mixin.py:137} INFO - [2023-04-09T19:54:47.507+0000] {dag.py:3456} INFO - Setting next_dagrun for example_skip_dag to 2023-04-08T19:54:47.507041+00:00, run_after=2023-04-09T19:54:47.507041+00:00
[2023-04-09T19:54:47.550+0000] {processor.py:175} INFO - Processing /home/airflow/.local/lib/python3.7/site-packages/airflow/example_dags/example_skip_dag.py took 0.134 seconds
[2023-04-09T19:55:18.917+0000] {processor.py:153} INFO - Started process (PID=1548) to work on /home/airflow/.local/lib/python3.7/site-packages/airflow/example_dags/example_skip_dag.py
[2023-04-09T19:55:18.919+0000] {processor.py:743} INFO - Processing file /home/airflow/.local/lib/python3.7/site-packages/airflow/example_dags/example_skip_dag.py for tasks to queue
[2023-04-09T19:55:18.921+0000] {logging_mixin.py:137} INFO - [2023-04-09T19:55:18.920+0000] {dagbag.py:532} INFO - Filling up the DagBag from /home/airflow/.local/lib/python3.7/site-packages/airflow/example_dags/example_skip_dag.py
[2023-04-09T19:55:18.957+0000] {processor.py:753} INFO - DAG(s) dict_keys(['example_skip_dag']) retrieved from /home/airflow/.local/lib/python3.7/site-packages/airflow/example_dags/example_skip_dag.py
[2023-04-09T19:55:19.003+0000] {logging_mixin.py:137} INFO - [2023-04-09T19:55:19.003+0000] {dag.py:2705} INFO - Sync 1 DAGs
[2023-04-09T19:55:19.065+0000] {logging_mixin.py:137} INFO - [2023-04-09T19:55:19.065+0000] {dag.py:3456} INFO - Setting next_dagrun for example_skip_dag to 2023-04-08T19:55:19.064732+00:00, run_after=2023-04-09T19:55:19.064732+00:00
[2023-04-09T19:55:19.190+0000] {processor.py:175} INFO - Processing /home/airflow/.local/lib/python3.7/site-packages/airflow/example_dags/example_skip_dag.py took 0.279 seconds
[2023-04-09T19:55:49.659+0000] {processor.py:153} INFO - Started process (PID=1766) to work on /home/airflow/.local/lib/python3.7/site-packages/airflow/example_dags/example_skip_dag.py
[2023-04-09T19:55:49.660+0000] {processor.py:743} INFO - Processing file /home/airflow/.local/lib/python3.7/site-packages/airflow/example_dags/example_skip_dag.py for tasks to queue
[2023-04-09T19:55:49.663+0000] {logging_mixin.py:137} INFO - [2023-04-09T19:55:49.662+0000] {dagbag.py:532} INFO - Filling up the DagBag from /home/airflow/.local/lib/python3.7/site-packages/airflow/example_dags/example_skip_dag.py
[2023-04-09T19:55:49.687+0000] {processor.py:753} INFO - DAG(s) dict_keys(['example_skip_dag']) retrieved from /home/airflow/.local/lib/python3.7/site-packages/airflow/example_dags/example_skip_dag.py
[2023-04-09T19:55:49.723+0000] {logging_mixin.py:137} INFO - [2023-04-09T19:55:49.723+0000] {dag.py:2705} INFO - Sync 1 DAGs
[2023-04-09T19:55:49.768+0000] {logging_mixin.py:137} INFO - [2023-04-09T19:55:49.767+0000] {dag.py:3456} INFO - Setting next_dagrun for example_skip_dag to 2023-04-08T19:55:49.767549+00:00, run_after=2023-04-09T19:55:49.767549+00:00
[2023-04-09T19:55:49.804+0000] {processor.py:175} INFO - Processing /home/airflow/.local/lib/python3.7/site-packages/airflow/example_dags/example_skip_dag.py took 0.150 seconds
[2023-04-09T19:56:20.616+0000] {processor.py:153} INFO - Started process (PID=1984) to work on /home/airflow/.local/lib/python3.7/site-packages/airflow/example_dags/example_skip_dag.py
[2023-04-09T19:56:20.618+0000] {processor.py:743} INFO - Processing file /home/airflow/.local/lib/python3.7/site-packages/airflow/example_dags/example_skip_dag.py for tasks to queue
[2023-04-09T19:56:20.620+0000] {logging_mixin.py:137} INFO - [2023-04-09T19:56:20.620+0000] {dagbag.py:532} INFO - Filling up the DagBag from /home/airflow/.local/lib/python3.7/site-packages/airflow/example_dags/example_skip_dag.py
[2023-04-09T19:56:20.653+0000] {processor.py:753} INFO - DAG(s) dict_keys(['example_skip_dag']) retrieved from /home/airflow/.local/lib/python3.7/site-packages/airflow/example_dags/example_skip_dag.py
[2023-04-09T19:56:20.719+0000] {logging_mixin.py:137} INFO - [2023-04-09T19:56:20.719+0000] {dag.py:2705} INFO - Sync 1 DAGs
[2023-04-09T19:56:20.769+0000] {logging_mixin.py:137} INFO - [2023-04-09T19:56:20.769+0000] {dag.py:3456} INFO - Setting next_dagrun for example_skip_dag to 2023-04-08T19:56:20.768811+00:00, run_after=2023-04-09T19:56:20.768811+00:00
[2023-04-09T19:56:20.814+0000] {processor.py:175} INFO - Processing /home/airflow/.local/lib/python3.7/site-packages/airflow/example_dags/example_skip_dag.py took 0.203 seconds
