[2023-04-09T19:52:17.943+0000] {processor.py:153} INFO - Started process (PID=316) to work on /home/airflow/.local/lib/python3.7/site-packages/airflow/example_dags/example_local_kubernetes_executor.py
[2023-04-09T19:52:17.946+0000] {processor.py:743} INFO - Processing file /home/airflow/.local/lib/python3.7/site-packages/airflow/example_dags/example_local_kubernetes_executor.py for tasks to queue
[2023-04-09T19:52:17.948+0000] {logging_mixin.py:137} INFO - [2023-04-09T19:52:17.948+0000] {dagbag.py:532} INFO - Filling up the DagBag from /home/airflow/.local/lib/python3.7/site-packages/airflow/example_dags/example_local_kubernetes_executor.py
[2023-04-09T19:52:18.015+0000] {processor.py:753} INFO - DAG(s) dict_keys(['example_local_kubernetes_executor']) retrieved from /home/airflow/.local/lib/python3.7/site-packages/airflow/example_dags/example_local_kubernetes_executor.py
[2023-04-09T19:52:18.094+0000] {logging_mixin.py:137} INFO - [2023-04-09T19:52:18.094+0000] {dag.py:2705} INFO - Sync 1 DAGs
[2023-04-09T19:52:18.205+0000] {logging_mixin.py:137} INFO - [2023-04-09T19:52:18.204+0000] {dag.py:3456} INFO - Setting next_dagrun for example_local_kubernetes_executor to None, run_after=None
[2023-04-09T19:52:18.268+0000] {processor.py:175} INFO - Processing /home/airflow/.local/lib/python3.7/site-packages/airflow/example_dags/example_local_kubernetes_executor.py took 0.329 seconds
[2023-04-09T19:52:48.797+0000] {processor.py:153} INFO - Started process (PID=536) to work on /home/airflow/.local/lib/python3.7/site-packages/airflow/example_dags/example_local_kubernetes_executor.py
[2023-04-09T19:52:48.799+0000] {processor.py:743} INFO - Processing file /home/airflow/.local/lib/python3.7/site-packages/airflow/example_dags/example_local_kubernetes_executor.py for tasks to queue
[2023-04-09T19:52:48.801+0000] {logging_mixin.py:137} INFO - [2023-04-09T19:52:48.801+0000] {dagbag.py:532} INFO - Filling up the DagBag from /home/airflow/.local/lib/python3.7/site-packages/airflow/example_dags/example_local_kubernetes_executor.py
[2023-04-09T19:52:48.873+0000] {processor.py:753} INFO - DAG(s) dict_keys(['example_local_kubernetes_executor']) retrieved from /home/airflow/.local/lib/python3.7/site-packages/airflow/example_dags/example_local_kubernetes_executor.py
[2023-04-09T19:52:49.014+0000] {logging_mixin.py:137} INFO - [2023-04-09T19:52:49.013+0000] {dag.py:2705} INFO - Sync 1 DAGs
[2023-04-09T19:52:49.072+0000] {logging_mixin.py:137} INFO - [2023-04-09T19:52:49.071+0000] {dag.py:3456} INFO - Setting next_dagrun for example_local_kubernetes_executor to None, run_after=None
[2023-04-09T19:52:49.108+0000] {processor.py:175} INFO - Processing /home/airflow/.local/lib/python3.7/site-packages/airflow/example_dags/example_local_kubernetes_executor.py took 0.315 seconds
[2023-04-09T19:53:19.727+0000] {processor.py:153} INFO - Started process (PID=755) to work on /home/airflow/.local/lib/python3.7/site-packages/airflow/example_dags/example_local_kubernetes_executor.py
[2023-04-09T19:53:19.728+0000] {processor.py:743} INFO - Processing file /home/airflow/.local/lib/python3.7/site-packages/airflow/example_dags/example_local_kubernetes_executor.py for tasks to queue
[2023-04-09T19:53:19.730+0000] {logging_mixin.py:137} INFO - [2023-04-09T19:53:19.730+0000] {dagbag.py:532} INFO - Filling up the DagBag from /home/airflow/.local/lib/python3.7/site-packages/airflow/example_dags/example_local_kubernetes_executor.py
[2023-04-09T19:53:19.761+0000] {processor.py:753} INFO - DAG(s) dict_keys(['example_local_kubernetes_executor']) retrieved from /home/airflow/.local/lib/python3.7/site-packages/airflow/example_dags/example_local_kubernetes_executor.py
[2023-04-09T19:53:19.799+0000] {logging_mixin.py:137} INFO - [2023-04-09T19:53:19.798+0000] {dag.py:2705} INFO - Sync 1 DAGs
[2023-04-09T19:53:19.832+0000] {logging_mixin.py:137} INFO - [2023-04-09T19:53:19.832+0000] {dag.py:3456} INFO - Setting next_dagrun for example_local_kubernetes_executor to None, run_after=None
[2023-04-09T19:53:19.861+0000] {processor.py:175} INFO - Processing /home/airflow/.local/lib/python3.7/site-packages/airflow/example_dags/example_local_kubernetes_executor.py took 0.139 seconds
[2023-04-09T19:53:50.003+0000] {processor.py:153} INFO - Started process (PID=973) to work on /home/airflow/.local/lib/python3.7/site-packages/airflow/example_dags/example_local_kubernetes_executor.py
[2023-04-09T19:53:50.004+0000] {processor.py:743} INFO - Processing file /home/airflow/.local/lib/python3.7/site-packages/airflow/example_dags/example_local_kubernetes_executor.py for tasks to queue
[2023-04-09T19:53:50.006+0000] {logging_mixin.py:137} INFO - [2023-04-09T19:53:50.005+0000] {dagbag.py:532} INFO - Filling up the DagBag from /home/airflow/.local/lib/python3.7/site-packages/airflow/example_dags/example_local_kubernetes_executor.py
[2023-04-09T19:53:50.030+0000] {processor.py:753} INFO - DAG(s) dict_keys(['example_local_kubernetes_executor']) retrieved from /home/airflow/.local/lib/python3.7/site-packages/airflow/example_dags/example_local_kubernetes_executor.py
[2023-04-09T19:53:50.061+0000] {logging_mixin.py:137} INFO - [2023-04-09T19:53:50.061+0000] {dag.py:2705} INFO - Sync 1 DAGs
[2023-04-09T19:53:50.094+0000] {logging_mixin.py:137} INFO - [2023-04-09T19:53:50.094+0000] {dag.py:3456} INFO - Setting next_dagrun for example_local_kubernetes_executor to None, run_after=None
[2023-04-09T19:53:50.123+0000] {processor.py:175} INFO - Processing /home/airflow/.local/lib/python3.7/site-packages/airflow/example_dags/example_local_kubernetes_executor.py took 0.124 seconds
[2023-04-09T19:54:20.308+0000] {processor.py:153} INFO - Started process (PID=1196) to work on /home/airflow/.local/lib/python3.7/site-packages/airflow/example_dags/example_local_kubernetes_executor.py
[2023-04-09T19:54:20.309+0000] {processor.py:743} INFO - Processing file /home/airflow/.local/lib/python3.7/site-packages/airflow/example_dags/example_local_kubernetes_executor.py for tasks to queue
[2023-04-09T19:54:20.310+0000] {logging_mixin.py:137} INFO - [2023-04-09T19:54:20.310+0000] {dagbag.py:532} INFO - Filling up the DagBag from /home/airflow/.local/lib/python3.7/site-packages/airflow/example_dags/example_local_kubernetes_executor.py
[2023-04-09T19:54:20.335+0000] {processor.py:753} INFO - DAG(s) dict_keys(['example_local_kubernetes_executor']) retrieved from /home/airflow/.local/lib/python3.7/site-packages/airflow/example_dags/example_local_kubernetes_executor.py
[2023-04-09T19:54:20.364+0000] {logging_mixin.py:137} INFO - [2023-04-09T19:54:20.363+0000] {dag.py:2705} INFO - Sync 1 DAGs
[2023-04-09T19:54:20.392+0000] {logging_mixin.py:137} INFO - [2023-04-09T19:54:20.392+0000] {dag.py:3456} INFO - Setting next_dagrun for example_local_kubernetes_executor to None, run_after=None
[2023-04-09T19:54:20.425+0000] {processor.py:175} INFO - Processing /home/airflow/.local/lib/python3.7/site-packages/airflow/example_dags/example_local_kubernetes_executor.py took 0.120 seconds
[2023-04-09T19:54:50.503+0000] {processor.py:153} INFO - Started process (PID=1416) to work on /home/airflow/.local/lib/python3.7/site-packages/airflow/example_dags/example_local_kubernetes_executor.py
[2023-04-09T19:54:50.504+0000] {processor.py:743} INFO - Processing file /home/airflow/.local/lib/python3.7/site-packages/airflow/example_dags/example_local_kubernetes_executor.py for tasks to queue
[2023-04-09T19:54:50.506+0000] {logging_mixin.py:137} INFO - [2023-04-09T19:54:50.505+0000] {dagbag.py:532} INFO - Filling up the DagBag from /home/airflow/.local/lib/python3.7/site-packages/airflow/example_dags/example_local_kubernetes_executor.py
[2023-04-09T19:54:50.533+0000] {processor.py:753} INFO - DAG(s) dict_keys(['example_local_kubernetes_executor']) retrieved from /home/airflow/.local/lib/python3.7/site-packages/airflow/example_dags/example_local_kubernetes_executor.py
[2023-04-09T19:54:50.571+0000] {logging_mixin.py:137} INFO - [2023-04-09T19:54:50.571+0000] {dag.py:2705} INFO - Sync 1 DAGs
[2023-04-09T19:54:50.608+0000] {logging_mixin.py:137} INFO - [2023-04-09T19:54:50.608+0000] {dag.py:3456} INFO - Setting next_dagrun for example_local_kubernetes_executor to None, run_after=None
[2023-04-09T19:54:50.637+0000] {processor.py:175} INFO - Processing /home/airflow/.local/lib/python3.7/site-packages/airflow/example_dags/example_local_kubernetes_executor.py took 0.139 seconds
[2023-04-09T19:55:21.132+0000] {processor.py:153} INFO - Started process (PID=1638) to work on /home/airflow/.local/lib/python3.7/site-packages/airflow/example_dags/example_local_kubernetes_executor.py
[2023-04-09T19:55:21.134+0000] {processor.py:743} INFO - Processing file /home/airflow/.local/lib/python3.7/site-packages/airflow/example_dags/example_local_kubernetes_executor.py for tasks to queue
[2023-04-09T19:55:21.135+0000] {logging_mixin.py:137} INFO - [2023-04-09T19:55:21.135+0000] {dagbag.py:532} INFO - Filling up the DagBag from /home/airflow/.local/lib/python3.7/site-packages/airflow/example_dags/example_local_kubernetes_executor.py
[2023-04-09T19:55:21.161+0000] {processor.py:753} INFO - DAG(s) dict_keys(['example_local_kubernetes_executor']) retrieved from /home/airflow/.local/lib/python3.7/site-packages/airflow/example_dags/example_local_kubernetes_executor.py
[2023-04-09T19:55:21.196+0000] {logging_mixin.py:137} INFO - [2023-04-09T19:55:21.196+0000] {dag.py:2705} INFO - Sync 1 DAGs
[2023-04-09T19:55:21.228+0000] {logging_mixin.py:137} INFO - [2023-04-09T19:55:21.228+0000] {dag.py:3456} INFO - Setting next_dagrun for example_local_kubernetes_executor to None, run_after=None
[2023-04-09T19:55:21.263+0000] {processor.py:175} INFO - Processing /home/airflow/.local/lib/python3.7/site-packages/airflow/example_dags/example_local_kubernetes_executor.py took 0.135 seconds
[2023-04-09T19:55:51.440+0000] {processor.py:153} INFO - Started process (PID=1851) to work on /home/airflow/.local/lib/python3.7/site-packages/airflow/example_dags/example_local_kubernetes_executor.py
[2023-04-09T19:55:51.441+0000] {processor.py:743} INFO - Processing file /home/airflow/.local/lib/python3.7/site-packages/airflow/example_dags/example_local_kubernetes_executor.py for tasks to queue
[2023-04-09T19:55:51.443+0000] {logging_mixin.py:137} INFO - [2023-04-09T19:55:51.443+0000] {dagbag.py:532} INFO - Filling up the DagBag from /home/airflow/.local/lib/python3.7/site-packages/airflow/example_dags/example_local_kubernetes_executor.py
[2023-04-09T19:55:51.470+0000] {processor.py:753} INFO - DAG(s) dict_keys(['example_local_kubernetes_executor']) retrieved from /home/airflow/.local/lib/python3.7/site-packages/airflow/example_dags/example_local_kubernetes_executor.py
[2023-04-09T19:55:51.512+0000] {logging_mixin.py:137} INFO - [2023-04-09T19:55:51.512+0000] {dag.py:2705} INFO - Sync 1 DAGs
[2023-04-09T19:55:51.550+0000] {logging_mixin.py:137} INFO - [2023-04-09T19:55:51.550+0000] {dag.py:3456} INFO - Setting next_dagrun for example_local_kubernetes_executor to None, run_after=None
[2023-04-09T19:55:51.612+0000] {processor.py:175} INFO - Processing /home/airflow/.local/lib/python3.7/site-packages/airflow/example_dags/example_local_kubernetes_executor.py took 0.176 seconds
[2023-04-09T19:56:23.090+0000] {processor.py:153} INFO - Started process (PID=2074) to work on /home/airflow/.local/lib/python3.7/site-packages/airflow/example_dags/example_local_kubernetes_executor.py
[2023-04-09T19:56:23.093+0000] {processor.py:743} INFO - Processing file /home/airflow/.local/lib/python3.7/site-packages/airflow/example_dags/example_local_kubernetes_executor.py for tasks to queue
[2023-04-09T19:56:23.097+0000] {logging_mixin.py:137} INFO - [2023-04-09T19:56:23.096+0000] {dagbag.py:532} INFO - Filling up the DagBag from /home/airflow/.local/lib/python3.7/site-packages/airflow/example_dags/example_local_kubernetes_executor.py
[2023-04-09T19:56:23.161+0000] {processor.py:753} INFO - DAG(s) dict_keys(['example_local_kubernetes_executor']) retrieved from /home/airflow/.local/lib/python3.7/site-packages/airflow/example_dags/example_local_kubernetes_executor.py
[2023-04-09T19:56:23.235+0000] {logging_mixin.py:137} INFO - [2023-04-09T19:56:23.234+0000] {dag.py:2705} INFO - Sync 1 DAGs
[2023-04-09T19:56:23.304+0000] {logging_mixin.py:137} INFO - [2023-04-09T19:56:23.304+0000] {dag.py:3456} INFO - Setting next_dagrun for example_local_kubernetes_executor to None, run_after=None
[2023-04-09T19:56:23.342+0000] {processor.py:175} INFO - Processing /home/airflow/.local/lib/python3.7/site-packages/airflow/example_dags/example_local_kubernetes_executor.py took 0.257 seconds
