[2023-04-09T19:52:17.686+0000] {processor.py:153} INFO - Started process (PID=306) to work on /home/airflow/.local/lib/python3.7/site-packages/airflow/example_dags/example_task_group_decorator.py
[2023-04-09T19:52:17.688+0000] {processor.py:743} INFO - Processing file /home/airflow/.local/lib/python3.7/site-packages/airflow/example_dags/example_task_group_decorator.py for tasks to queue
[2023-04-09T19:52:17.692+0000] {logging_mixin.py:137} INFO - [2023-04-09T19:52:17.689+0000] {dagbag.py:532} INFO - Filling up the DagBag from /home/airflow/.local/lib/python3.7/site-packages/airflow/example_dags/example_task_group_decorator.py
[2023-04-09T19:52:17.751+0000] {processor.py:753} INFO - DAG(s) dict_keys(['example_task_group_decorator']) retrieved from /home/airflow/.local/lib/python3.7/site-packages/airflow/example_dags/example_task_group_decorator.py
[2023-04-09T19:52:17.808+0000] {logging_mixin.py:137} INFO - [2023-04-09T19:52:17.808+0000] {dag.py:2705} INFO - Sync 1 DAGs
[2023-04-09T19:52:17.860+0000] {logging_mixin.py:137} INFO - [2023-04-09T19:52:17.860+0000] {dag.py:3456} INFO - Setting next_dagrun for example_task_group_decorator to 2023-04-08T19:52:17.859809+00:00, run_after=2023-04-09T19:52:17.859809+00:00
[2023-04-09T19:52:17.893+0000] {processor.py:175} INFO - Processing /home/airflow/.local/lib/python3.7/site-packages/airflow/example_dags/example_task_group_decorator.py took 0.215 seconds
[2023-04-09T19:52:48.516+0000] {processor.py:153} INFO - Started process (PID=527) to work on /home/airflow/.local/lib/python3.7/site-packages/airflow/example_dags/example_task_group_decorator.py
[2023-04-09T19:52:48.518+0000] {processor.py:743} INFO - Processing file /home/airflow/.local/lib/python3.7/site-packages/airflow/example_dags/example_task_group_decorator.py for tasks to queue
[2023-04-09T19:52:48.520+0000] {logging_mixin.py:137} INFO - [2023-04-09T19:52:48.520+0000] {dagbag.py:532} INFO - Filling up the DagBag from /home/airflow/.local/lib/python3.7/site-packages/airflow/example_dags/example_task_group_decorator.py
[2023-04-09T19:52:48.601+0000] {processor.py:753} INFO - DAG(s) dict_keys(['example_task_group_decorator']) retrieved from /home/airflow/.local/lib/python3.7/site-packages/airflow/example_dags/example_task_group_decorator.py
[2023-04-09T19:52:48.647+0000] {logging_mixin.py:137} INFO - [2023-04-09T19:52:48.646+0000] {dag.py:2705} INFO - Sync 1 DAGs
[2023-04-09T19:52:48.698+0000] {logging_mixin.py:137} INFO - [2023-04-09T19:52:48.698+0000] {dag.py:3456} INFO - Setting next_dagrun for example_task_group_decorator to 2023-04-08T19:52:48.697686+00:00, run_after=2023-04-09T19:52:48.697686+00:00
[2023-04-09T19:52:48.752+0000] {processor.py:175} INFO - Processing /home/airflow/.local/lib/python3.7/site-packages/airflow/example_dags/example_task_group_decorator.py took 0.241 seconds
[2023-04-09T19:53:19.498+0000] {processor.py:153} INFO - Started process (PID=744) to work on /home/airflow/.local/lib/python3.7/site-packages/airflow/example_dags/example_task_group_decorator.py
[2023-04-09T19:53:19.500+0000] {processor.py:743} INFO - Processing file /home/airflow/.local/lib/python3.7/site-packages/airflow/example_dags/example_task_group_decorator.py for tasks to queue
[2023-04-09T19:53:19.501+0000] {logging_mixin.py:137} INFO - [2023-04-09T19:53:19.501+0000] {dagbag.py:532} INFO - Filling up the DagBag from /home/airflow/.local/lib/python3.7/site-packages/airflow/example_dags/example_task_group_decorator.py
[2023-04-09T19:53:19.556+0000] {processor.py:753} INFO - DAG(s) dict_keys(['example_task_group_decorator']) retrieved from /home/airflow/.local/lib/python3.7/site-packages/airflow/example_dags/example_task_group_decorator.py
[2023-04-09T19:53:19.598+0000] {logging_mixin.py:137} INFO - [2023-04-09T19:53:19.597+0000] {dag.py:2705} INFO - Sync 1 DAGs
[2023-04-09T19:53:19.636+0000] {logging_mixin.py:137} INFO - [2023-04-09T19:53:19.636+0000] {dag.py:3456} INFO - Setting next_dagrun for example_task_group_decorator to 2023-04-08T19:53:19.636259+00:00, run_after=2023-04-09T19:53:19.636259+00:00
[2023-04-09T19:53:19.667+0000] {processor.py:175} INFO - Processing /home/airflow/.local/lib/python3.7/site-packages/airflow/example_dags/example_task_group_decorator.py took 0.173 seconds
[2023-04-09T19:53:49.802+0000] {processor.py:153} INFO - Started process (PID=963) to work on /home/airflow/.local/lib/python3.7/site-packages/airflow/example_dags/example_task_group_decorator.py
[2023-04-09T19:53:49.803+0000] {processor.py:743} INFO - Processing file /home/airflow/.local/lib/python3.7/site-packages/airflow/example_dags/example_task_group_decorator.py for tasks to queue
[2023-04-09T19:53:49.804+0000] {logging_mixin.py:137} INFO - [2023-04-09T19:53:49.804+0000] {dagbag.py:532} INFO - Filling up the DagBag from /home/airflow/.local/lib/python3.7/site-packages/airflow/example_dags/example_task_group_decorator.py
[2023-04-09T19:53:49.842+0000] {processor.py:753} INFO - DAG(s) dict_keys(['example_task_group_decorator']) retrieved from /home/airflow/.local/lib/python3.7/site-packages/airflow/example_dags/example_task_group_decorator.py
[2023-04-09T19:53:49.877+0000] {logging_mixin.py:137} INFO - [2023-04-09T19:53:49.877+0000] {dag.py:2705} INFO - Sync 1 DAGs
[2023-04-09T19:53:49.916+0000] {logging_mixin.py:137} INFO - [2023-04-09T19:53:49.916+0000] {dag.py:3456} INFO - Setting next_dagrun for example_task_group_decorator to 2023-04-08T19:53:49.915844+00:00, run_after=2023-04-09T19:53:49.915844+00:00
[2023-04-09T19:53:49.951+0000] {processor.py:175} INFO - Processing /home/airflow/.local/lib/python3.7/site-packages/airflow/example_dags/example_task_group_decorator.py took 0.153 seconds
[2023-04-09T19:54:20.088+0000] {processor.py:153} INFO - Started process (PID=1186) to work on /home/airflow/.local/lib/python3.7/site-packages/airflow/example_dags/example_task_group_decorator.py
[2023-04-09T19:54:20.090+0000] {processor.py:743} INFO - Processing file /home/airflow/.local/lib/python3.7/site-packages/airflow/example_dags/example_task_group_decorator.py for tasks to queue
[2023-04-09T19:54:20.092+0000] {logging_mixin.py:137} INFO - [2023-04-09T19:54:20.091+0000] {dagbag.py:532} INFO - Filling up the DagBag from /home/airflow/.local/lib/python3.7/site-packages/airflow/example_dags/example_task_group_decorator.py
[2023-04-09T19:54:20.128+0000] {processor.py:753} INFO - DAG(s) dict_keys(['example_task_group_decorator']) retrieved from /home/airflow/.local/lib/python3.7/site-packages/airflow/example_dags/example_task_group_decorator.py
[2023-04-09T19:54:20.166+0000] {logging_mixin.py:137} INFO - [2023-04-09T19:54:20.166+0000] {dag.py:2705} INFO - Sync 1 DAGs
[2023-04-09T19:54:20.222+0000] {logging_mixin.py:137} INFO - [2023-04-09T19:54:20.222+0000] {dag.py:3456} INFO - Setting next_dagrun for example_task_group_decorator to 2023-04-08T19:54:20.222035+00:00, run_after=2023-04-09T19:54:20.222035+00:00
[2023-04-09T19:54:20.259+0000] {processor.py:175} INFO - Processing /home/airflow/.local/lib/python3.7/site-packages/airflow/example_dags/example_task_group_decorator.py took 0.175 seconds
[2023-04-09T19:54:50.500+0000] {processor.py:153} INFO - Started process (PID=1413) to work on /home/airflow/.local/lib/python3.7/site-packages/airflow/example_dags/example_task_group_decorator.py
[2023-04-09T19:54:50.501+0000] {processor.py:743} INFO - Processing file /home/airflow/.local/lib/python3.7/site-packages/airflow/example_dags/example_task_group_decorator.py for tasks to queue
[2023-04-09T19:54:50.503+0000] {logging_mixin.py:137} INFO - [2023-04-09T19:54:50.502+0000] {dagbag.py:532} INFO - Filling up the DagBag from /home/airflow/.local/lib/python3.7/site-packages/airflow/example_dags/example_task_group_decorator.py
[2023-04-09T19:54:50.543+0000] {processor.py:753} INFO - DAG(s) dict_keys(['example_task_group_decorator']) retrieved from /home/airflow/.local/lib/python3.7/site-packages/airflow/example_dags/example_task_group_decorator.py
[2023-04-09T19:54:50.582+0000] {logging_mixin.py:137} INFO - [2023-04-09T19:54:50.582+0000] {dag.py:2705} INFO - Sync 1 DAGs
[2023-04-09T19:54:50.621+0000] {logging_mixin.py:137} INFO - [2023-04-09T19:54:50.621+0000] {dag.py:3456} INFO - Setting next_dagrun for example_task_group_decorator to 2023-04-08T19:54:50.621039+00:00, run_after=2023-04-09T19:54:50.621039+00:00
[2023-04-09T19:54:50.654+0000] {processor.py:175} INFO - Processing /home/airflow/.local/lib/python3.7/site-packages/airflow/example_dags/example_task_group_decorator.py took 0.159 seconds
[2023-04-09T19:55:20.960+0000] {processor.py:153} INFO - Started process (PID=1630) to work on /home/airflow/.local/lib/python3.7/site-packages/airflow/example_dags/example_task_group_decorator.py
[2023-04-09T19:55:20.961+0000] {processor.py:743} INFO - Processing file /home/airflow/.local/lib/python3.7/site-packages/airflow/example_dags/example_task_group_decorator.py for tasks to queue
[2023-04-09T19:55:20.963+0000] {logging_mixin.py:137} INFO - [2023-04-09T19:55:20.962+0000] {dagbag.py:532} INFO - Filling up the DagBag from /home/airflow/.local/lib/python3.7/site-packages/airflow/example_dags/example_task_group_decorator.py
[2023-04-09T19:55:20.994+0000] {processor.py:753} INFO - DAG(s) dict_keys(['example_task_group_decorator']) retrieved from /home/airflow/.local/lib/python3.7/site-packages/airflow/example_dags/example_task_group_decorator.py
[2023-04-09T19:55:21.027+0000] {logging_mixin.py:137} INFO - [2023-04-09T19:55:21.027+0000] {dag.py:2705} INFO - Sync 1 DAGs
[2023-04-09T19:55:21.058+0000] {logging_mixin.py:137} INFO - [2023-04-09T19:55:21.058+0000] {dag.py:3456} INFO - Setting next_dagrun for example_task_group_decorator to 2023-04-08T19:55:21.057872+00:00, run_after=2023-04-09T19:55:21.057872+00:00
[2023-04-09T19:55:21.089+0000] {processor.py:175} INFO - Processing /home/airflow/.local/lib/python3.7/site-packages/airflow/example_dags/example_task_group_decorator.py took 0.132 seconds
[2023-04-09T19:55:51.311+0000] {processor.py:153} INFO - Started process (PID=1846) to work on /home/airflow/.local/lib/python3.7/site-packages/airflow/example_dags/example_task_group_decorator.py
[2023-04-09T19:55:51.314+0000] {processor.py:743} INFO - Processing file /home/airflow/.local/lib/python3.7/site-packages/airflow/example_dags/example_task_group_decorator.py for tasks to queue
[2023-04-09T19:55:51.315+0000] {logging_mixin.py:137} INFO - [2023-04-09T19:55:51.315+0000] {dagbag.py:532} INFO - Filling up the DagBag from /home/airflow/.local/lib/python3.7/site-packages/airflow/example_dags/example_task_group_decorator.py
[2023-04-09T19:55:51.358+0000] {processor.py:753} INFO - DAG(s) dict_keys(['example_task_group_decorator']) retrieved from /home/airflow/.local/lib/python3.7/site-packages/airflow/example_dags/example_task_group_decorator.py
[2023-04-09T19:55:51.394+0000] {logging_mixin.py:137} INFO - [2023-04-09T19:55:51.394+0000] {dag.py:2705} INFO - Sync 1 DAGs
[2023-04-09T19:55:51.436+0000] {logging_mixin.py:137} INFO - [2023-04-09T19:55:51.436+0000] {dag.py:3456} INFO - Setting next_dagrun for example_task_group_decorator to 2023-04-08T19:55:51.435842+00:00, run_after=2023-04-09T19:55:51.435842+00:00
[2023-04-09T19:55:51.469+0000] {processor.py:175} INFO - Processing /home/airflow/.local/lib/python3.7/site-packages/airflow/example_dags/example_task_group_decorator.py took 0.161 seconds
[2023-04-09T19:56:22.826+0000] {processor.py:153} INFO - Started process (PID=2064) to work on /home/airflow/.local/lib/python3.7/site-packages/airflow/example_dags/example_task_group_decorator.py
[2023-04-09T19:56:22.829+0000] {processor.py:743} INFO - Processing file /home/airflow/.local/lib/python3.7/site-packages/airflow/example_dags/example_task_group_decorator.py for tasks to queue
[2023-04-09T19:56:22.831+0000] {logging_mixin.py:137} INFO - [2023-04-09T19:56:22.831+0000] {dagbag.py:532} INFO - Filling up the DagBag from /home/airflow/.local/lib/python3.7/site-packages/airflow/example_dags/example_task_group_decorator.py
[2023-04-09T19:56:22.879+0000] {processor.py:753} INFO - DAG(s) dict_keys(['example_task_group_decorator']) retrieved from /home/airflow/.local/lib/python3.7/site-packages/airflow/example_dags/example_task_group_decorator.py
[2023-04-09T19:56:22.950+0000] {logging_mixin.py:137} INFO - [2023-04-09T19:56:22.949+0000] {dag.py:2705} INFO - Sync 1 DAGs
[2023-04-09T19:56:23.001+0000] {logging_mixin.py:137} INFO - [2023-04-09T19:56:23.000+0000] {dag.py:3456} INFO - Setting next_dagrun for example_task_group_decorator to 2023-04-08T19:56:23.000451+00:00, run_after=2023-04-09T19:56:23.000451+00:00
[2023-04-09T19:56:23.041+0000] {processor.py:175} INFO - Processing /home/airflow/.local/lib/python3.7/site-packages/airflow/example_dags/example_task_group_decorator.py took 0.221 seconds
