[2023-04-11T10:13:28.290+0000] {taskinstance.py:1090} INFO - Dependencies all met for dep_context=non-requeueable deps ti=<TaskInstance: dag_with_date_commands.get_date_and_time scheduled__2023-04-11T04:15:00+00:00 [queued]>
[2023-04-11T10:13:28.412+0000] {taskinstance.py:1090} INFO - Dependencies all met for dep_context=requeueable deps ti=<TaskInstance: dag_with_date_commands.get_date_and_time scheduled__2023-04-11T04:15:00+00:00 [queued]>
[2023-04-11T10:13:28.534+0000] {taskinstance.py:1288} INFO - 
--------------------------------------------------------------------------------
[2023-04-11T10:13:28.546+0000] {taskinstance.py:1289} INFO - Starting attempt 1 of 3
[2023-04-11T10:13:28.562+0000] {taskinstance.py:1290} INFO - 
--------------------------------------------------------------------------------
[2023-04-11T10:13:28.783+0000] {taskinstance.py:1309} INFO - Executing <Task(_PythonDecoratedOperator): get_date_and_time> on 2023-04-11 04:15:00+00:00
[2023-04-11T10:13:28.873+0000] {standard_task_runner.py:55} INFO - Started process 905 to run task
[2023-04-11T10:13:28.960+0000] {standard_task_runner.py:82} INFO - Running: ['***', 'tasks', 'run', 'dag_with_date_commands', 'get_date_and_time', 'scheduled__2023-04-11T04:15:00+00:00', '--job-id', '9285', '--raw', '--subdir', 'DAGS_FOLDER/dag_with_date_commands.py', '--cfg-path', '/tmp/tmp3t2moajs']
[2023-04-11T10:13:29.052+0000] {standard_task_runner.py:83} INFO - Job 9285: Subtask get_date_and_time
[2023-04-11T10:13:32.047+0000] {task_command.py:389} INFO - Running <TaskInstance: dag_with_date_commands.get_date_and_time scheduled__2023-04-11T04:15:00+00:00 [running]> on host 0393b2e8282a
[2023-04-11T10:13:33.745+0000] {taskinstance.py:1518} INFO - Exporting the following env vars:
AIRFLOW_CTX_DAG_OWNER=rohit
AIRFLOW_CTX_DAG_ID=dag_with_date_commands
AIRFLOW_CTX_TASK_ID=get_date_and_time
AIRFLOW_CTX_EXECUTION_DATE=2023-04-11T04:15:00+00:00
AIRFLOW_CTX_TRY_NUMBER=1
AIRFLOW_CTX_DAG_RUN_ID=scheduled__2023-04-11T04:15:00+00:00
[2023-04-11T10:13:33.748+0000] {logging_mixin.py:137} INFO - Welcome to the Airflow, the current date and time is 2023-04-11 10:13:33.748719
[2023-04-11T10:13:33.751+0000] {python.py:177} INFO - Done. Returned value was: None
[2023-04-11T10:13:33.878+0000] {taskinstance.py:1332} INFO - Marking task as SUCCESS. dag_id=dag_with_date_commands, task_id=get_date_and_time, execution_date=20230411T041500, start_date=20230411T101328, end_date=20230411T101333
[2023-04-11T10:13:34.384+0000] {local_task_job.py:212} INFO - Task exited with return code 0
[2023-04-11T10:13:34.653+0000] {taskinstance.py:2596} INFO - 0 downstream tasks scheduled from follow-on schedule check
