[2023-04-11T10:51:32.541+0000] {taskinstance.py:1090} INFO - Dependencies all met for dep_context=non-requeueable deps ti=<TaskInstance: trigger_dag.trigger_target manual__2023-04-11T10:51:26.860670+00:00 [queued]>
[2023-04-11T10:51:32.588+0000] {taskinstance.py:1090} INFO - Dependencies all met for dep_context=requeueable deps ti=<TaskInstance: trigger_dag.trigger_target manual__2023-04-11T10:51:26.860670+00:00 [queued]>
[2023-04-11T10:51:32.589+0000] {taskinstance.py:1288} INFO - 
--------------------------------------------------------------------------------
[2023-04-11T10:51:32.590+0000] {taskinstance.py:1289} INFO - Starting attempt 1 of 3
[2023-04-11T10:51:32.592+0000] {taskinstance.py:1290} INFO - 
--------------------------------------------------------------------------------
[2023-04-11T10:51:32.643+0000] {taskinstance.py:1309} INFO - Executing <Task(TriggerDagRunOperator): trigger_target> on 2023-04-11 10:51:26.860670+00:00
[2023-04-11T10:51:32.655+0000] {standard_task_runner.py:55} INFO - Started process 3946 to run task
[2023-04-11T10:51:32.665+0000] {standard_task_runner.py:82} INFO - Running: ['***', 'tasks', 'run', 'trigger_dag', 'trigger_target', 'manual__2023-04-11T10:51:26.860670+00:00', '--job-id', '9444', '--raw', '--subdir', 'DAGS_FOLDER/trigger_dag.py', '--cfg-path', '/tmp/tmprni90zie']
[2023-04-11T10:51:32.673+0000] {standard_task_runner.py:83} INFO - Job 9444: Subtask trigger_target
[2023-04-11T10:51:33.150+0000] {task_command.py:389} INFO - Running <TaskInstance: trigger_dag.trigger_target manual__2023-04-11T10:51:26.860670+00:00 [running]> on host 0393b2e8282a
[2023-04-11T10:51:33.540+0000] {taskinstance.py:1518} INFO - Exporting the following env vars:
AIRFLOW_CTX_DAG_OWNER=rohit
AIRFLOW_CTX_DAG_ID=trigger_dag
AIRFLOW_CTX_TASK_ID=trigger_target
AIRFLOW_CTX_EXECUTION_DATE=2023-04-11T10:51:26.860670+00:00
AIRFLOW_CTX_TRY_NUMBER=1
AIRFLOW_CTX_DAG_RUN_ID=manual__2023-04-11T10:51:26.860670+00:00
[2023-04-11T10:51:34.080+0000] {taskinstance.py:1332} INFO - Marking task as SUCCESS. dag_id=trigger_dag, task_id=trigger_target, execution_date=20230411T105126, start_date=20230411T105132, end_date=20230411T105134
[2023-04-11T10:51:34.245+0000] {local_task_job.py:212} INFO - Task exited with return code 0
[2023-04-11T10:51:34.325+0000] {taskinstance.py:2596} INFO - 0 downstream tasks scheduled from follow-on schedule check
