[2023-04-11T10:15:48.329+0000] {taskinstance.py:1090} INFO - Dependencies all met for dep_context=non-requeueable deps ti=<TaskInstance: dag_with_date_commands.get_date_and_time scheduled__2023-04-11T10:10:00+00:00 [queued]>
[2023-04-11T10:15:48.391+0000] {taskinstance.py:1090} INFO - Dependencies all met for dep_context=requeueable deps ti=<TaskInstance: dag_with_date_commands.get_date_and_time scheduled__2023-04-11T10:10:00+00:00 [queued]>
[2023-04-11T10:15:48.394+0000] {taskinstance.py:1288} INFO - 
--------------------------------------------------------------------------------
[2023-04-11T10:15:48.396+0000] {taskinstance.py:1289} INFO - Starting attempt 1 of 3
[2023-04-11T10:15:48.398+0000] {taskinstance.py:1290} INFO - 
--------------------------------------------------------------------------------
[2023-04-11T10:15:48.485+0000] {taskinstance.py:1309} INFO - Executing <Task(_PythonDecoratedOperator): get_date_and_time> on 2023-04-11 10:10:00+00:00
[2023-04-11T10:15:48.495+0000] {standard_task_runner.py:55} INFO - Started process 1310 to run task
[2023-04-11T10:15:48.508+0000] {standard_task_runner.py:82} INFO - Running: ['***', 'tasks', 'run', 'dag_with_date_commands', 'get_date_and_time', 'scheduled__2023-04-11T10:10:00+00:00', '--job-id', '9427', '--raw', '--subdir', 'DAGS_FOLDER/dag_with_date_commands.py', '--cfg-path', '/tmp/tmp8n4hifaa']
[2023-04-11T10:15:48.512+0000] {standard_task_runner.py:83} INFO - Job 9427: Subtask get_date_and_time
[2023-04-11T10:15:48.747+0000] {task_command.py:389} INFO - Running <TaskInstance: dag_with_date_commands.get_date_and_time scheduled__2023-04-11T10:10:00+00:00 [running]> on host 0393b2e8282a
[2023-04-11T10:15:49.020+0000] {taskinstance.py:1518} INFO - Exporting the following env vars:
AIRFLOW_CTX_DAG_OWNER=rohit
AIRFLOW_CTX_DAG_ID=dag_with_date_commands
AIRFLOW_CTX_TASK_ID=get_date_and_time
AIRFLOW_CTX_EXECUTION_DATE=2023-04-11T10:10:00+00:00
AIRFLOW_CTX_TRY_NUMBER=1
AIRFLOW_CTX_DAG_RUN_ID=scheduled__2023-04-11T10:10:00+00:00
[2023-04-11T10:15:49.026+0000] {logging_mixin.py:137} INFO - Welcome to the Airflow, the current date and time is 2023-04-11 10:15:49.026235
[2023-04-11T10:15:49.027+0000] {python.py:177} INFO - Done. Returned value was: None
[2023-04-11T10:15:49.057+0000] {taskinstance.py:1332} INFO - Marking task as SUCCESS. dag_id=dag_with_date_commands, task_id=get_date_and_time, execution_date=20230411T101000, start_date=20230411T101548, end_date=20230411T101549
[2023-04-11T10:15:49.148+0000] {local_task_job.py:212} INFO - Task exited with return code 0
[2023-04-11T10:15:49.177+0000] {taskinstance.py:2596} INFO - 0 downstream tasks scheduled from follow-on schedule check
