[2023-04-11T10:51:38.186+0000] {taskinstance.py:1090} INFO - Dependencies all met for dep_context=non-requeueable deps ti=<TaskInstance: target_dag.cleaning manual__2023-04-11T10:51:33.541867+00:00 [queued]>
[2023-04-11T10:51:38.223+0000] {taskinstance.py:1090} INFO - Dependencies all met for dep_context=requeueable deps ti=<TaskInstance: target_dag.cleaning manual__2023-04-11T10:51:33.541867+00:00 [queued]>
[2023-04-11T10:51:38.224+0000] {taskinstance.py:1288} INFO - 
--------------------------------------------------------------------------------
[2023-04-11T10:51:38.225+0000] {taskinstance.py:1289} INFO - Starting attempt 1 of 3
[2023-04-11T10:51:38.226+0000] {taskinstance.py:1290} INFO - 
--------------------------------------------------------------------------------
[2023-04-11T10:51:38.289+0000] {taskinstance.py:1309} INFO - Executing <Task(PythonOperator): cleaning> on 2023-04-11 10:51:33.541867+00:00
[2023-04-11T10:51:38.314+0000] {standard_task_runner.py:55} INFO - Started process 3962 to run task
[2023-04-11T10:51:38.324+0000] {standard_task_runner.py:82} INFO - Running: ['***', 'tasks', 'run', 'target_dag', 'cleaning', 'manual__2023-04-11T10:51:33.541867+00:00', '--job-id', '9447', '--raw', '--subdir', 'DAGS_FOLDER/target_dag.py', '--cfg-path', '/tmp/tmp36wdy5af']
[2023-04-11T10:51:38.328+0000] {standard_task_runner.py:83} INFO - Job 9447: Subtask cleaning
[2023-04-11T10:51:38.568+0000] {task_command.py:389} INFO - Running <TaskInstance: target_dag.cleaning manual__2023-04-11T10:51:33.541867+00:00 [running]> on host 0393b2e8282a
[2023-04-11T10:51:38.857+0000] {taskinstance.py:1518} INFO - Exporting the following env vars:
AIRFLOW_CTX_DAG_OWNER=rohit
AIRFLOW_CTX_DAG_ID=target_dag
AIRFLOW_CTX_TASK_ID=cleaning
AIRFLOW_CTX_EXECUTION_DATE=2023-04-11T10:51:33.541867+00:00
AIRFLOW_CTX_TRY_NUMBER=1
AIRFLOW_CTX_DAG_RUN_ID=manual__2023-04-11T10:51:33.541867+00:00
[2023-04-11T10:51:38.869+0000] {logging_mixin.py:137} INFO - Clearning from target DAG
[2023-04-11T10:51:38.871+0000] {python.py:177} INFO - Done. Returned value was: None
[2023-04-11T10:51:38.912+0000] {taskinstance.py:1332} INFO - Marking task as SUCCESS. dag_id=target_dag, task_id=cleaning, execution_date=20230411T105133, start_date=20230411T105138, end_date=20230411T105138
[2023-04-11T10:51:39.031+0000] {local_task_job.py:212} INFO - Task exited with return code 0
[2023-04-11T10:51:39.102+0000] {taskinstance.py:2596} INFO - 0 downstream tasks scheduled from follow-on schedule check
