[2023-04-11T10:05:18.572+0000] {processor.py:153} INFO - Started process (PID=174) to work on /opt/airflow/dags/dag_with_date_commands.py
[2023-04-11T10:05:18.581+0000] {processor.py:743} INFO - Processing file /opt/airflow/dags/dag_with_date_commands.py for tasks to queue
[2023-04-11T10:05:18.587+0000] {logging_mixin.py:137} INFO - [2023-04-11T10:05:18.585+0000] {dagbag.py:532} INFO - Filling up the DagBag from /opt/airflow/dags/dag_with_date_commands.py
[2023-04-11T10:05:18.999+0000] {processor.py:753} INFO - DAG(s) dict_keys(['dag_with_date_commands']) retrieved from /opt/airflow/dags/dag_with_date_commands.py
[2023-04-11T10:05:20.698+0000] {logging_mixin.py:137} INFO - [2023-04-11T10:05:20.698+0000] {manager.py:504} INFO - Created Permission View: can edit on DAG:dag_with_date_commands
[2023-04-11T10:05:20.810+0000] {logging_mixin.py:137} INFO - [2023-04-11T10:05:20.809+0000] {manager.py:504} INFO - Created Permission View: can delete on DAG:dag_with_date_commands
[2023-04-11T10:05:20.903+0000] {logging_mixin.py:137} INFO - [2023-04-11T10:05:20.903+0000] {manager.py:504} INFO - Created Permission View: can read on DAG:dag_with_date_commands
[2023-04-11T10:05:20.905+0000] {logging_mixin.py:137} INFO - [2023-04-11T10:05:20.904+0000] {dag.py:2705} INFO - Sync 1 DAGs
[2023-04-11T10:05:20.985+0000] {logging_mixin.py:137} INFO - [2023-04-11T10:05:20.985+0000] {dag.py:2726} INFO - Creating ORM DAG for dag_with_date_commands
[2023-04-11T10:05:21.072+0000] {logging_mixin.py:137} INFO - [2023-04-11T10:05:21.071+0000] {dag.py:3456} INFO - Setting next_dagrun for dag_with_date_commands to 2023-04-11T00:00:00+00:00, run_after=2023-04-11T00:05:00+00:00
[2023-04-11T10:05:21.301+0000] {processor.py:175} INFO - Processing /opt/airflow/dags/dag_with_date_commands.py took 2.734 seconds
[2023-04-11T10:05:51.685+0000] {processor.py:153} INFO - Started process (PID=212) to work on /opt/airflow/dags/dag_with_date_commands.py
[2023-04-11T10:05:51.689+0000] {processor.py:743} INFO - Processing file /opt/airflow/dags/dag_with_date_commands.py for tasks to queue
[2023-04-11T10:05:51.692+0000] {logging_mixin.py:137} INFO - [2023-04-11T10:05:51.692+0000] {dagbag.py:532} INFO - Filling up the DagBag from /opt/airflow/dags/dag_with_date_commands.py
[2023-04-11T10:05:51.799+0000] {processor.py:753} INFO - DAG(s) dict_keys(['dag_with_date_commands']) retrieved from /opt/airflow/dags/dag_with_date_commands.py
[2023-04-11T10:05:51.867+0000] {logging_mixin.py:137} INFO - [2023-04-11T10:05:51.867+0000] {dag.py:2705} INFO - Sync 1 DAGs
[2023-04-11T10:05:52.029+0000] {logging_mixin.py:137} INFO - [2023-04-11T10:05:52.029+0000] {dag.py:3456} INFO - Setting next_dagrun for dag_with_date_commands to 2023-04-11T00:00:00+00:00, run_after=2023-04-11T00:05:00+00:00
[2023-04-11T10:05:52.082+0000] {processor.py:175} INFO - Processing /opt/airflow/dags/dag_with_date_commands.py took 0.403 seconds
[2023-04-11T10:06:22.284+0000] {processor.py:153} INFO - Started process (PID=244) to work on /opt/airflow/dags/dag_with_date_commands.py
[2023-04-11T10:06:22.285+0000] {processor.py:743} INFO - Processing file /opt/airflow/dags/dag_with_date_commands.py for tasks to queue
[2023-04-11T10:06:22.287+0000] {logging_mixin.py:137} INFO - [2023-04-11T10:06:22.287+0000] {dagbag.py:532} INFO - Filling up the DagBag from /opt/airflow/dags/dag_with_date_commands.py
[2023-04-11T10:06:22.353+0000] {processor.py:753} INFO - DAG(s) dict_keys(['dag_with_date_commands']) retrieved from /opt/airflow/dags/dag_with_date_commands.py
[2023-04-11T10:06:22.406+0000] {logging_mixin.py:137} INFO - [2023-04-11T10:06:22.406+0000] {dag.py:2705} INFO - Sync 1 DAGs
[2023-04-11T10:06:22.455+0000] {logging_mixin.py:137} INFO - [2023-04-11T10:06:22.455+0000] {dag.py:3456} INFO - Setting next_dagrun for dag_with_date_commands to 2023-04-11T00:00:00+00:00, run_after=2023-04-11T00:05:00+00:00
[2023-04-11T10:06:22.490+0000] {processor.py:175} INFO - Processing /opt/airflow/dags/dag_with_date_commands.py took 0.210 seconds
[2023-04-11T10:06:53.162+0000] {processor.py:153} INFO - Started process (PID=276) to work on /opt/airflow/dags/dag_with_date_commands.py
[2023-04-11T10:06:53.164+0000] {processor.py:743} INFO - Processing file /opt/airflow/dags/dag_with_date_commands.py for tasks to queue
[2023-04-11T10:06:53.165+0000] {logging_mixin.py:137} INFO - [2023-04-11T10:06:53.165+0000] {dagbag.py:532} INFO - Filling up the DagBag from /opt/airflow/dags/dag_with_date_commands.py
[2023-04-11T10:06:53.233+0000] {processor.py:753} INFO - DAG(s) dict_keys(['dag_with_date_commands']) retrieved from /opt/airflow/dags/dag_with_date_commands.py
[2023-04-11T10:06:53.269+0000] {logging_mixin.py:137} INFO - [2023-04-11T10:06:53.269+0000] {dag.py:2705} INFO - Sync 1 DAGs
[2023-04-11T10:06:53.314+0000] {logging_mixin.py:137} INFO - [2023-04-11T10:06:53.313+0000] {dag.py:3456} INFO - Setting next_dagrun for dag_with_date_commands to 2023-04-11T00:00:00+00:00, run_after=2023-04-11T00:05:00+00:00
[2023-04-11T10:06:53.356+0000] {processor.py:175} INFO - Processing /opt/airflow/dags/dag_with_date_commands.py took 0.199 seconds
[2023-04-11T10:07:24.152+0000] {processor.py:153} INFO - Started process (PID=308) to work on /opt/airflow/dags/dag_with_date_commands.py
[2023-04-11T10:07:24.154+0000] {processor.py:743} INFO - Processing file /opt/airflow/dags/dag_with_date_commands.py for tasks to queue
[2023-04-11T10:07:24.155+0000] {logging_mixin.py:137} INFO - [2023-04-11T10:07:24.155+0000] {dagbag.py:532} INFO - Filling up the DagBag from /opt/airflow/dags/dag_with_date_commands.py
[2023-04-11T10:07:24.243+0000] {processor.py:753} INFO - DAG(s) dict_keys(['dag_with_date_commands']) retrieved from /opt/airflow/dags/dag_with_date_commands.py
[2023-04-11T10:07:24.353+0000] {logging_mixin.py:137} INFO - [2023-04-11T10:07:24.352+0000] {dag.py:2705} INFO - Sync 1 DAGs
[2023-04-11T10:07:24.476+0000] {logging_mixin.py:137} INFO - [2023-04-11T10:07:24.476+0000] {dag.py:3456} INFO - Setting next_dagrun for dag_with_date_commands to 2023-04-11T00:00:00+00:00, run_after=2023-04-11T00:05:00+00:00
[2023-04-11T10:07:24.544+0000] {processor.py:175} INFO - Processing /opt/airflow/dags/dag_with_date_commands.py took 0.397 seconds
[2023-04-11T10:07:55.291+0000] {processor.py:153} INFO - Started process (PID=340) to work on /opt/airflow/dags/dag_with_date_commands.py
[2023-04-11T10:07:55.294+0000] {processor.py:743} INFO - Processing file /opt/airflow/dags/dag_with_date_commands.py for tasks to queue
[2023-04-11T10:07:55.297+0000] {logging_mixin.py:137} INFO - [2023-04-11T10:07:55.297+0000] {dagbag.py:532} INFO - Filling up the DagBag from /opt/airflow/dags/dag_with_date_commands.py
[2023-04-11T10:07:55.376+0000] {processor.py:753} INFO - DAG(s) dict_keys(['dag_with_date_commands']) retrieved from /opt/airflow/dags/dag_with_date_commands.py
[2023-04-11T10:07:55.415+0000] {logging_mixin.py:137} INFO - [2023-04-11T10:07:55.415+0000] {dag.py:2705} INFO - Sync 1 DAGs
[2023-04-11T10:07:55.473+0000] {logging_mixin.py:137} INFO - [2023-04-11T10:07:55.473+0000] {dag.py:3456} INFO - Setting next_dagrun for dag_with_date_commands to 2023-04-11T00:00:00+00:00, run_after=2023-04-11T00:05:00+00:00
[2023-04-11T10:07:55.520+0000] {processor.py:175} INFO - Processing /opt/airflow/dags/dag_with_date_commands.py took 0.234 seconds
[2023-04-11T10:08:25.631+0000] {processor.py:153} INFO - Started process (PID=373) to work on /opt/airflow/dags/dag_with_date_commands.py
[2023-04-11T10:08:25.632+0000] {processor.py:743} INFO - Processing file /opt/airflow/dags/dag_with_date_commands.py for tasks to queue
[2023-04-11T10:08:25.634+0000] {logging_mixin.py:137} INFO - [2023-04-11T10:08:25.634+0000] {dagbag.py:532} INFO - Filling up the DagBag from /opt/airflow/dags/dag_with_date_commands.py
[2023-04-11T10:08:25.697+0000] {processor.py:753} INFO - DAG(s) dict_keys(['dag_with_date_commands']) retrieved from /opt/airflow/dags/dag_with_date_commands.py
[2023-04-11T10:08:25.743+0000] {logging_mixin.py:137} INFO - [2023-04-11T10:08:25.742+0000] {dag.py:2705} INFO - Sync 1 DAGs
[2023-04-11T10:08:25.796+0000] {logging_mixin.py:137} INFO - [2023-04-11T10:08:25.796+0000] {dag.py:3456} INFO - Setting next_dagrun for dag_with_date_commands to 2023-04-11T00:00:00+00:00, run_after=2023-04-11T00:05:00+00:00
[2023-04-11T10:08:25.831+0000] {processor.py:175} INFO - Processing /opt/airflow/dags/dag_with_date_commands.py took 0.208 seconds
[2023-04-11T10:08:56.572+0000] {processor.py:153} INFO - Started process (PID=401) to work on /opt/airflow/dags/dag_with_date_commands.py
[2023-04-11T10:08:56.573+0000] {processor.py:743} INFO - Processing file /opt/airflow/dags/dag_with_date_commands.py for tasks to queue
[2023-04-11T10:08:56.575+0000] {logging_mixin.py:137} INFO - [2023-04-11T10:08:56.575+0000] {dagbag.py:532} INFO - Filling up the DagBag from /opt/airflow/dags/dag_with_date_commands.py
[2023-04-11T10:08:56.644+0000] {processor.py:753} INFO - DAG(s) dict_keys(['dag_with_date_commands']) retrieved from /opt/airflow/dags/dag_with_date_commands.py
[2023-04-11T10:08:56.678+0000] {logging_mixin.py:137} INFO - [2023-04-11T10:08:56.678+0000] {dag.py:2705} INFO - Sync 1 DAGs
[2023-04-11T10:08:56.723+0000] {logging_mixin.py:137} INFO - [2023-04-11T10:08:56.723+0000] {dag.py:3456} INFO - Setting next_dagrun for dag_with_date_commands to 2023-04-11T00:00:00+00:00, run_after=2023-04-11T00:05:00+00:00
[2023-04-11T10:08:56.761+0000] {processor.py:175} INFO - Processing /opt/airflow/dags/dag_with_date_commands.py took 0.193 seconds
[2023-04-11T10:09:27.509+0000] {processor.py:153} INFO - Started process (PID=433) to work on /opt/airflow/dags/dag_with_date_commands.py
[2023-04-11T10:09:27.511+0000] {processor.py:743} INFO - Processing file /opt/airflow/dags/dag_with_date_commands.py for tasks to queue
[2023-04-11T10:09:27.514+0000] {logging_mixin.py:137} INFO - [2023-04-11T10:09:27.514+0000] {dagbag.py:532} INFO - Filling up the DagBag from /opt/airflow/dags/dag_with_date_commands.py
[2023-04-11T10:09:27.611+0000] {processor.py:753} INFO - DAG(s) dict_keys(['dag_with_date_commands']) retrieved from /opt/airflow/dags/dag_with_date_commands.py
[2023-04-11T10:09:27.652+0000] {logging_mixin.py:137} INFO - [2023-04-11T10:09:27.651+0000] {dag.py:2705} INFO - Sync 1 DAGs
[2023-04-11T10:09:27.712+0000] {logging_mixin.py:137} INFO - [2023-04-11T10:09:27.712+0000] {dag.py:3456} INFO - Setting next_dagrun for dag_with_date_commands to 2023-04-11T00:00:00+00:00, run_after=2023-04-11T00:05:00+00:00
[2023-04-11T10:09:27.754+0000] {processor.py:175} INFO - Processing /opt/airflow/dags/dag_with_date_commands.py took 0.251 seconds
[2023-04-11T10:09:58.654+0000] {processor.py:153} INFO - Started process (PID=465) to work on /opt/airflow/dags/dag_with_date_commands.py
[2023-04-11T10:09:58.655+0000] {processor.py:743} INFO - Processing file /opt/airflow/dags/dag_with_date_commands.py for tasks to queue
[2023-04-11T10:09:58.657+0000] {logging_mixin.py:137} INFO - [2023-04-11T10:09:58.657+0000] {dagbag.py:532} INFO - Filling up the DagBag from /opt/airflow/dags/dag_with_date_commands.py
[2023-04-11T10:09:58.739+0000] {processor.py:753} INFO - DAG(s) dict_keys(['dag_with_date_commands']) retrieved from /opt/airflow/dags/dag_with_date_commands.py
[2023-04-11T10:09:58.778+0000] {logging_mixin.py:137} INFO - [2023-04-11T10:09:58.777+0000] {dag.py:2705} INFO - Sync 1 DAGs
[2023-04-11T10:09:58.820+0000] {logging_mixin.py:137} INFO - [2023-04-11T10:09:58.820+0000] {dag.py:3456} INFO - Setting next_dagrun for dag_with_date_commands to 2023-04-11T00:00:00+00:00, run_after=2023-04-11T00:05:00+00:00
[2023-04-11T10:09:58.858+0000] {processor.py:175} INFO - Processing /opt/airflow/dags/dag_with_date_commands.py took 0.209 seconds
[2023-04-11T10:10:29.774+0000] {processor.py:153} INFO - Started process (PID=497) to work on /opt/airflow/dags/dag_with_date_commands.py
[2023-04-11T10:10:29.777+0000] {processor.py:743} INFO - Processing file /opt/airflow/dags/dag_with_date_commands.py for tasks to queue
[2023-04-11T10:10:29.779+0000] {logging_mixin.py:137} INFO - [2023-04-11T10:10:29.778+0000] {dagbag.py:532} INFO - Filling up the DagBag from /opt/airflow/dags/dag_with_date_commands.py
[2023-04-11T10:10:29.855+0000] {processor.py:753} INFO - DAG(s) dict_keys(['dag_with_date_commands']) retrieved from /opt/airflow/dags/dag_with_date_commands.py
[2023-04-11T10:10:29.901+0000] {logging_mixin.py:137} INFO - [2023-04-11T10:10:29.901+0000] {dag.py:2705} INFO - Sync 1 DAGs
[2023-04-11T10:10:29.981+0000] {logging_mixin.py:137} INFO - [2023-04-11T10:10:29.981+0000] {dag.py:3456} INFO - Setting next_dagrun for dag_with_date_commands to 2023-04-11T00:00:00+00:00, run_after=2023-04-11T00:05:00+00:00
[2023-04-11T10:10:30.020+0000] {processor.py:175} INFO - Processing /opt/airflow/dags/dag_with_date_commands.py took 0.250 seconds
[2023-04-11T10:11:00.822+0000] {processor.py:153} INFO - Started process (PID=529) to work on /opt/airflow/dags/dag_with_date_commands.py
[2023-04-11T10:11:00.825+0000] {processor.py:743} INFO - Processing file /opt/airflow/dags/dag_with_date_commands.py for tasks to queue
[2023-04-11T10:11:00.827+0000] {logging_mixin.py:137} INFO - [2023-04-11T10:11:00.826+0000] {dagbag.py:532} INFO - Filling up the DagBag from /opt/airflow/dags/dag_with_date_commands.py
[2023-04-11T10:11:00.921+0000] {processor.py:753} INFO - DAG(s) dict_keys(['dag_with_date_commands']) retrieved from /opt/airflow/dags/dag_with_date_commands.py
[2023-04-11T10:11:00.978+0000] {logging_mixin.py:137} INFO - [2023-04-11T10:11:00.977+0000] {dag.py:2705} INFO - Sync 1 DAGs
[2023-04-11T10:11:01.038+0000] {logging_mixin.py:137} INFO - [2023-04-11T10:11:01.038+0000] {dag.py:3456} INFO - Setting next_dagrun for dag_with_date_commands to 2023-04-11T00:00:00+00:00, run_after=2023-04-11T00:05:00+00:00
[2023-04-11T10:11:01.094+0000] {processor.py:175} INFO - Processing /opt/airflow/dags/dag_with_date_commands.py took 0.286 seconds
[2023-04-11T10:11:31.926+0000] {processor.py:153} INFO - Started process (PID=561) to work on /opt/airflow/dags/dag_with_date_commands.py
[2023-04-11T10:11:31.928+0000] {processor.py:743} INFO - Processing file /opt/airflow/dags/dag_with_date_commands.py for tasks to queue
[2023-04-11T10:11:31.931+0000] {logging_mixin.py:137} INFO - [2023-04-11T10:11:31.930+0000] {dagbag.py:532} INFO - Filling up the DagBag from /opt/airflow/dags/dag_with_date_commands.py
[2023-04-11T10:11:32.025+0000] {processor.py:753} INFO - DAG(s) dict_keys(['dag_with_date_commands']) retrieved from /opt/airflow/dags/dag_with_date_commands.py
[2023-04-11T10:11:32.067+0000] {logging_mixin.py:137} INFO - [2023-04-11T10:11:32.066+0000] {dag.py:2705} INFO - Sync 1 DAGs
[2023-04-11T10:11:32.127+0000] {logging_mixin.py:137} INFO - [2023-04-11T10:11:32.127+0000] {dag.py:3456} INFO - Setting next_dagrun for dag_with_date_commands to 2023-04-11T00:00:00+00:00, run_after=2023-04-11T00:05:00+00:00
[2023-04-11T10:11:32.180+0000] {processor.py:175} INFO - Processing /opt/airflow/dags/dag_with_date_commands.py took 0.259 seconds
[2023-04-11T10:12:04.104+0000] {processor.py:153} INFO - Started process (PID=623) to work on /opt/airflow/dags/dag_with_date_commands.py
[2023-04-11T10:12:04.189+0000] {processor.py:743} INFO - Processing file /opt/airflow/dags/dag_with_date_commands.py for tasks to queue
[2023-04-11T10:12:04.210+0000] {logging_mixin.py:137} INFO - [2023-04-11T10:12:04.210+0000] {dagbag.py:532} INFO - Filling up the DagBag from /opt/airflow/dags/dag_with_date_commands.py
[2023-04-11T10:12:06.309+0000] {processor.py:753} INFO - DAG(s) dict_keys(['dag_with_date_commands']) retrieved from /opt/airflow/dags/dag_with_date_commands.py
[2023-04-11T10:12:07.115+0000] {logging_mixin.py:137} INFO - [2023-04-11T10:12:07.114+0000] {dag.py:2705} INFO - Sync 1 DAGs
[2023-04-11T10:12:07.966+0000] {logging_mixin.py:137} INFO - [2023-04-11T10:12:07.965+0000] {dag.py:3456} INFO - Setting next_dagrun for dag_with_date_commands to 2023-04-11T00:45:00+00:00, run_after=2023-04-11T00:50:00+00:00
[2023-04-11T10:12:08.348+0000] {processor.py:175} INFO - Processing /opt/airflow/dags/dag_with_date_commands.py took 5.020 seconds
[2023-04-11T10:12:38.604+0000] {processor.py:153} INFO - Started process (PID=737) to work on /opt/airflow/dags/dag_with_date_commands.py
[2023-04-11T10:12:38.605+0000] {processor.py:743} INFO - Processing file /opt/airflow/dags/dag_with_date_commands.py for tasks to queue
[2023-04-11T10:12:38.607+0000] {logging_mixin.py:137} INFO - [2023-04-11T10:12:38.607+0000] {dagbag.py:532} INFO - Filling up the DagBag from /opt/airflow/dags/dag_with_date_commands.py
[2023-04-11T10:12:38.674+0000] {processor.py:753} INFO - DAG(s) dict_keys(['dag_with_date_commands']) retrieved from /opt/airflow/dags/dag_with_date_commands.py
[2023-04-11T10:12:38.722+0000] {logging_mixin.py:137} INFO - [2023-04-11T10:12:38.722+0000] {dag.py:2705} INFO - Sync 1 DAGs
[2023-04-11T10:12:38.767+0000] {logging_mixin.py:137} INFO - [2023-04-11T10:12:38.767+0000] {dag.py:3456} INFO - Setting next_dagrun for dag_with_date_commands to 2023-04-11T02:15:00+00:00, run_after=2023-04-11T02:20:00+00:00
[2023-04-11T10:12:38.814+0000] {processor.py:175} INFO - Processing /opt/airflow/dags/dag_with_date_commands.py took 0.215 seconds
[2023-04-11T10:13:09.481+0000] {processor.py:153} INFO - Started process (PID=837) to work on /opt/airflow/dags/dag_with_date_commands.py
[2023-04-11T10:13:09.495+0000] {processor.py:743} INFO - Processing file /opt/airflow/dags/dag_with_date_commands.py for tasks to queue
[2023-04-11T10:13:09.551+0000] {logging_mixin.py:137} INFO - [2023-04-11T10:13:09.551+0000] {dagbag.py:532} INFO - Filling up the DagBag from /opt/airflow/dags/dag_with_date_commands.py
[2023-04-11T10:13:09.965+0000] {processor.py:753} INFO - DAG(s) dict_keys(['dag_with_date_commands']) retrieved from /opt/airflow/dags/dag_with_date_commands.py
[2023-04-11T10:13:10.180+0000] {logging_mixin.py:137} INFO - [2023-04-11T10:13:10.179+0000] {dag.py:2705} INFO - Sync 1 DAGs
[2023-04-11T10:13:10.959+0000] {logging_mixin.py:137} INFO - [2023-04-11T10:13:10.958+0000] {dag.py:3456} INFO - Setting next_dagrun for dag_with_date_commands to 2023-04-11T04:00:00+00:00, run_after=2023-04-11T04:05:00+00:00
[2023-04-11T10:13:11.389+0000] {processor.py:175} INFO - Processing /opt/airflow/dags/dag_with_date_commands.py took 2.004 seconds
[2023-04-11T10:13:42.337+0000] {processor.py:153} INFO - Started process (PID=924) to work on /opt/airflow/dags/dag_with_date_commands.py
[2023-04-11T10:13:42.354+0000] {processor.py:743} INFO - Processing file /opt/airflow/dags/dag_with_date_commands.py for tasks to queue
[2023-04-11T10:13:42.359+0000] {logging_mixin.py:137} INFO - [2023-04-11T10:13:42.358+0000] {dagbag.py:532} INFO - Filling up the DagBag from /opt/airflow/dags/dag_with_date_commands.py
[2023-04-11T10:13:42.777+0000] {processor.py:753} INFO - DAG(s) dict_keys(['dag_with_date_commands']) retrieved from /opt/airflow/dags/dag_with_date_commands.py
[2023-04-11T10:13:42.873+0000] {logging_mixin.py:137} INFO - [2023-04-11T10:13:42.872+0000] {dag.py:2705} INFO - Sync 1 DAGs
[2023-04-11T10:13:43.015+0000] {logging_mixin.py:137} INFO - [2023-04-11T10:13:43.013+0000] {dag.py:3456} INFO - Setting next_dagrun for dag_with_date_commands to 2023-04-11T04:50:00+00:00, run_after=2023-04-11T04:55:00+00:00
[2023-04-11T10:13:43.141+0000] {processor.py:175} INFO - Processing /opt/airflow/dags/dag_with_date_commands.py took 0.862 seconds
[2023-04-11T10:14:14.385+0000] {processor.py:153} INFO - Started process (PID=1022) to work on /opt/airflow/dags/dag_with_date_commands.py
[2023-04-11T10:14:14.393+0000] {processor.py:743} INFO - Processing file /opt/airflow/dags/dag_with_date_commands.py for tasks to queue
[2023-04-11T10:14:14.422+0000] {logging_mixin.py:137} INFO - [2023-04-11T10:14:14.422+0000] {dagbag.py:532} INFO - Filling up the DagBag from /opt/airflow/dags/dag_with_date_commands.py
[2023-04-11T10:14:15.262+0000] {processor.py:753} INFO - DAG(s) dict_keys(['dag_with_date_commands']) retrieved from /opt/airflow/dags/dag_with_date_commands.py
[2023-04-11T10:14:15.684+0000] {logging_mixin.py:137} INFO - [2023-04-11T10:14:15.684+0000] {dag.py:2705} INFO - Sync 1 DAGs
[2023-04-11T10:14:16.590+0000] {logging_mixin.py:137} INFO - [2023-04-11T10:14:16.589+0000] {dag.py:3456} INFO - Setting next_dagrun for dag_with_date_commands to 2023-04-11T06:30:00+00:00, run_after=2023-04-11T06:35:00+00:00
[2023-04-11T10:14:17.394+0000] {processor.py:175} INFO - Processing /opt/airflow/dags/dag_with_date_commands.py took 3.056 seconds
[2023-04-11T10:14:48.552+0000] {processor.py:153} INFO - Started process (PID=1129) to work on /opt/airflow/dags/dag_with_date_commands.py
[2023-04-11T10:14:48.592+0000] {processor.py:743} INFO - Processing file /opt/airflow/dags/dag_with_date_commands.py for tasks to queue
[2023-04-11T10:14:48.627+0000] {logging_mixin.py:137} INFO - [2023-04-11T10:14:48.626+0000] {dagbag.py:532} INFO - Filling up the DagBag from /opt/airflow/dags/dag_with_date_commands.py
[2023-04-11T10:14:49.671+0000] {processor.py:753} INFO - DAG(s) dict_keys(['dag_with_date_commands']) retrieved from /opt/airflow/dags/dag_with_date_commands.py
[2023-04-11T10:14:50.010+0000] {logging_mixin.py:137} INFO - [2023-04-11T10:14:50.010+0000] {dag.py:2705} INFO - Sync 1 DAGs
[2023-04-11T10:14:50.580+0000] {logging_mixin.py:137} INFO - [2023-04-11T10:14:50.580+0000] {dag.py:3456} INFO - Setting next_dagrun for dag_with_date_commands to 2023-04-11T07:50:00+00:00, run_after=2023-04-11T07:55:00+00:00
[2023-04-11T10:14:51.041+0000] {processor.py:175} INFO - Processing /opt/airflow/dags/dag_with_date_commands.py took 2.493 seconds
[2023-04-11T10:15:21.695+0000] {processor.py:153} INFO - Started process (PID=1235) to work on /opt/airflow/dags/dag_with_date_commands.py
[2023-04-11T10:15:21.774+0000] {processor.py:743} INFO - Processing file /opt/airflow/dags/dag_with_date_commands.py for tasks to queue
[2023-04-11T10:15:21.785+0000] {logging_mixin.py:137} INFO - [2023-04-11T10:15:21.785+0000] {dagbag.py:532} INFO - Filling up the DagBag from /opt/airflow/dags/dag_with_date_commands.py
[2023-04-11T10:15:23.104+0000] {processor.py:753} INFO - DAG(s) dict_keys(['dag_with_date_commands']) retrieved from /opt/airflow/dags/dag_with_date_commands.py
[2023-04-11T10:15:23.496+0000] {logging_mixin.py:137} INFO - [2023-04-11T10:15:23.492+0000] {dag.py:2705} INFO - Sync 1 DAGs
[2023-04-11T10:15:24.061+0000] {logging_mixin.py:137} INFO - [2023-04-11T10:15:24.061+0000] {dag.py:3456} INFO - Setting next_dagrun for dag_with_date_commands to 2023-04-11T09:30:00+00:00, run_after=2023-04-11T09:35:00+00:00
[2023-04-11T10:15:24.930+0000] {processor.py:175} INFO - Processing /opt/airflow/dags/dag_with_date_commands.py took 3.254 seconds
[2023-04-11T10:15:55.444+0000] {processor.py:153} INFO - Started process (PID=1319) to work on /opt/airflow/dags/dag_with_date_commands.py
[2023-04-11T10:15:55.446+0000] {processor.py:743} INFO - Processing file /opt/airflow/dags/dag_with_date_commands.py for tasks to queue
[2023-04-11T10:15:55.448+0000] {logging_mixin.py:137} INFO - [2023-04-11T10:15:55.447+0000] {dagbag.py:532} INFO - Filling up the DagBag from /opt/airflow/dags/dag_with_date_commands.py
[2023-04-11T10:15:55.581+0000] {processor.py:753} INFO - DAG(s) dict_keys(['dag_with_date_commands']) retrieved from /opt/airflow/dags/dag_with_date_commands.py
[2023-04-11T10:15:55.624+0000] {logging_mixin.py:137} INFO - [2023-04-11T10:15:55.623+0000] {dag.py:2705} INFO - Sync 1 DAGs
[2023-04-11T10:15:55.689+0000] {logging_mixin.py:137} INFO - [2023-04-11T10:15:55.689+0000] {dag.py:3456} INFO - Setting next_dagrun for dag_with_date_commands to 2023-04-11T10:15:00+00:00, run_after=2023-04-11T10:20:00+00:00
[2023-04-11T10:15:55.740+0000] {processor.py:175} INFO - Processing /opt/airflow/dags/dag_with_date_commands.py took 0.300 seconds
[2023-04-11T10:16:26.101+0000] {processor.py:153} INFO - Started process (PID=1351) to work on /opt/airflow/dags/dag_with_date_commands.py
[2023-04-11T10:16:26.103+0000] {processor.py:743} INFO - Processing file /opt/airflow/dags/dag_with_date_commands.py for tasks to queue
[2023-04-11T10:16:26.106+0000] {logging_mixin.py:137} INFO - [2023-04-11T10:16:26.106+0000] {dagbag.py:532} INFO - Filling up the DagBag from /opt/airflow/dags/dag_with_date_commands.py
[2023-04-11T10:16:26.243+0000] {processor.py:753} INFO - DAG(s) dict_keys(['dag_with_date_commands']) retrieved from /opt/airflow/dags/dag_with_date_commands.py
[2023-04-11T10:16:26.336+0000] {logging_mixin.py:137} INFO - [2023-04-11T10:16:26.336+0000] {dag.py:2705} INFO - Sync 1 DAGs
[2023-04-11T10:16:26.446+0000] {logging_mixin.py:137} INFO - [2023-04-11T10:16:26.445+0000] {dag.py:3456} INFO - Setting next_dagrun for dag_with_date_commands to 2023-04-11T10:15:00+00:00, run_after=2023-04-11T10:20:00+00:00
[2023-04-11T10:16:26.514+0000] {processor.py:175} INFO - Processing /opt/airflow/dags/dag_with_date_commands.py took 0.429 seconds
[2023-04-11T10:16:57.181+0000] {processor.py:153} INFO - Started process (PID=1383) to work on /opt/airflow/dags/dag_with_date_commands.py
[2023-04-11T10:16:57.183+0000] {processor.py:743} INFO - Processing file /opt/airflow/dags/dag_with_date_commands.py for tasks to queue
[2023-04-11T10:16:57.187+0000] {logging_mixin.py:137} INFO - [2023-04-11T10:16:57.187+0000] {dagbag.py:532} INFO - Filling up the DagBag from /opt/airflow/dags/dag_with_date_commands.py
[2023-04-11T10:16:57.311+0000] {processor.py:753} INFO - DAG(s) dict_keys(['dag_with_date_commands']) retrieved from /opt/airflow/dags/dag_with_date_commands.py
[2023-04-11T10:16:57.419+0000] {logging_mixin.py:137} INFO - [2023-04-11T10:16:57.419+0000] {dag.py:2705} INFO - Sync 1 DAGs
[2023-04-11T10:16:57.579+0000] {logging_mixin.py:137} INFO - [2023-04-11T10:16:57.579+0000] {dag.py:3456} INFO - Setting next_dagrun for dag_with_date_commands to 2023-04-11T10:15:00+00:00, run_after=2023-04-11T10:20:00+00:00
[2023-04-11T10:16:57.696+0000] {processor.py:175} INFO - Processing /opt/airflow/dags/dag_with_date_commands.py took 0.533 seconds
[2023-04-11T10:17:31.093+0000] {processor.py:153} INFO - Started process (PID=1415) to work on /opt/airflow/dags/dag_with_date_commands.py
[2023-04-11T10:17:31.109+0000] {processor.py:743} INFO - Processing file /opt/airflow/dags/dag_with_date_commands.py for tasks to queue
[2023-04-11T10:17:31.170+0000] {logging_mixin.py:137} INFO - [2023-04-11T10:17:31.169+0000] {dagbag.py:532} INFO - Filling up the DagBag from /opt/airflow/dags/dag_with_date_commands.py
[2023-04-11T10:17:33.858+0000] {processor.py:753} INFO - DAG(s) dict_keys(['dag_with_date_commands']) retrieved from /opt/airflow/dags/dag_with_date_commands.py
[2023-04-11T10:17:34.108+0000] {logging_mixin.py:137} INFO - [2023-04-11T10:17:34.108+0000] {dag.py:2705} INFO - Sync 1 DAGs
[2023-04-11T10:17:34.401+0000] {logging_mixin.py:137} INFO - [2023-04-11T10:17:34.401+0000] {dag.py:3456} INFO - Setting next_dagrun for dag_with_date_commands to 2023-04-11T10:15:00+00:00, run_after=2023-04-11T10:20:00+00:00
[2023-04-11T10:17:34.691+0000] {processor.py:175} INFO - Processing /opt/airflow/dags/dag_with_date_commands.py took 3.604 seconds
[2023-04-11T10:18:10.547+0000] {processor.py:153} INFO - Started process (PID=1447) to work on /opt/airflow/dags/dag_with_date_commands.py
[2023-04-11T10:18:10.963+0000] {processor.py:743} INFO - Processing file /opt/airflow/dags/dag_with_date_commands.py for tasks to queue
[2023-04-11T10:18:11.084+0000] {logging_mixin.py:137} INFO - [2023-04-11T10:18:11.084+0000] {dagbag.py:532} INFO - Filling up the DagBag from /opt/airflow/dags/dag_with_date_commands.py
[2023-04-11T10:18:14.348+0000] {processor.py:753} INFO - DAG(s) dict_keys(['dag_with_date_commands']) retrieved from /opt/airflow/dags/dag_with_date_commands.py
[2023-04-11T10:18:14.483+0000] {logging_mixin.py:137} INFO - [2023-04-11T10:18:14.483+0000] {dag.py:2705} INFO - Sync 1 DAGs
[2023-04-11T10:18:14.754+0000] {logging_mixin.py:137} INFO - [2023-04-11T10:18:14.753+0000] {dag.py:3456} INFO - Setting next_dagrun for dag_with_date_commands to 2023-04-11T10:15:00+00:00, run_after=2023-04-11T10:20:00+00:00
[2023-04-11T10:18:15.007+0000] {processor.py:175} INFO - Processing /opt/airflow/dags/dag_with_date_commands.py took 4.466 seconds
[2023-04-11T10:18:45.817+0000] {processor.py:153} INFO - Started process (PID=1480) to work on /opt/airflow/dags/dag_with_date_commands.py
[2023-04-11T10:18:45.820+0000] {processor.py:743} INFO - Processing file /opt/airflow/dags/dag_with_date_commands.py for tasks to queue
[2023-04-11T10:18:45.822+0000] {logging_mixin.py:137} INFO - [2023-04-11T10:18:45.822+0000] {dagbag.py:532} INFO - Filling up the DagBag from /opt/airflow/dags/dag_with_date_commands.py
[2023-04-11T10:18:46.041+0000] {processor.py:753} INFO - DAG(s) dict_keys(['dag_with_date_commands']) retrieved from /opt/airflow/dags/dag_with_date_commands.py
[2023-04-11T10:18:46.184+0000] {logging_mixin.py:137} INFO - [2023-04-11T10:18:46.184+0000] {dag.py:2705} INFO - Sync 1 DAGs
[2023-04-11T10:18:46.542+0000] {logging_mixin.py:137} INFO - [2023-04-11T10:18:46.541+0000] {dag.py:3456} INFO - Setting next_dagrun for dag_with_date_commands to 2023-04-11T10:15:00+00:00, run_after=2023-04-11T10:20:00+00:00
[2023-04-11T10:18:46.854+0000] {processor.py:175} INFO - Processing /opt/airflow/dags/dag_with_date_commands.py took 1.055 seconds
[2023-04-11T10:19:17.137+0000] {processor.py:153} INFO - Started process (PID=1512) to work on /opt/airflow/dags/dag_with_date_commands.py
[2023-04-11T10:19:17.170+0000] {processor.py:743} INFO - Processing file /opt/airflow/dags/dag_with_date_commands.py for tasks to queue
[2023-04-11T10:19:17.180+0000] {logging_mixin.py:137} INFO - [2023-04-11T10:19:17.175+0000] {dagbag.py:532} INFO - Filling up the DagBag from /opt/airflow/dags/dag_with_date_commands.py
[2023-04-11T10:19:17.500+0000] {processor.py:753} INFO - DAG(s) dict_keys(['dag_with_date_commands']) retrieved from /opt/airflow/dags/dag_with_date_commands.py
[2023-04-11T10:19:17.641+0000] {logging_mixin.py:137} INFO - [2023-04-11T10:19:17.641+0000] {dag.py:2705} INFO - Sync 1 DAGs
[2023-04-11T10:19:17.857+0000] {logging_mixin.py:137} INFO - [2023-04-11T10:19:17.856+0000] {dag.py:3456} INFO - Setting next_dagrun for dag_with_date_commands to 2023-04-11T10:15:00+00:00, run_after=2023-04-11T10:20:00+00:00
[2023-04-11T10:19:18.037+0000] {processor.py:175} INFO - Processing /opt/airflow/dags/dag_with_date_commands.py took 0.916 seconds
