[2023-04-11T10:15:42.674+0000] {taskinstance.py:1090} INFO - Dependencies all met for dep_context=non-requeueable deps ti=<TaskInstance: dag_with_date_commands.success scheduled__2023-04-11T10:00:00+00:00 [queued]>
[2023-04-11T10:15:42.802+0000] {taskinstance.py:1090} INFO - Dependencies all met for dep_context=requeueable deps ti=<TaskInstance: dag_with_date_commands.success scheduled__2023-04-11T10:00:00+00:00 [queued]>
[2023-04-11T10:15:42.838+0000] {taskinstance.py:1288} INFO - 
--------------------------------------------------------------------------------
[2023-04-11T10:15:42.853+0000] {taskinstance.py:1289} INFO - Starting attempt 1 of 3
[2023-04-11T10:15:42.868+0000] {taskinstance.py:1290} INFO - 
--------------------------------------------------------------------------------
[2023-04-11T10:15:43.122+0000] {taskinstance.py:1309} INFO - Executing <Task(_PythonDecoratedOperator): success> on 2023-04-11 10:00:00+00:00
[2023-04-11T10:15:43.141+0000] {standard_task_runner.py:55} INFO - Started process 1304 to run task
[2023-04-11T10:15:43.150+0000] {standard_task_runner.py:82} INFO - Running: ['***', 'tasks', 'run', 'dag_with_date_commands', 'success', 'scheduled__2023-04-11T10:00:00+00:00', '--job-id', '9423', '--raw', '--subdir', 'DAGS_FOLDER/dag_with_date_commands.py', '--cfg-path', '/tmp/tmpijzv1bj5']
[2023-04-11T10:15:43.173+0000] {standard_task_runner.py:83} INFO - Job 9423: Subtask success
[2023-04-11T10:15:43.950+0000] {task_command.py:389} INFO - Running <TaskInstance: dag_with_date_commands.success scheduled__2023-04-11T10:00:00+00:00 [running]> on host 0393b2e8282a
[2023-04-11T10:15:44.701+0000] {taskinstance.py:1518} INFO - Exporting the following env vars:
AIRFLOW_CTX_DAG_OWNER=rohit
AIRFLOW_CTX_DAG_ID=dag_with_date_commands
AIRFLOW_CTX_TASK_ID=success
AIRFLOW_CTX_EXECUTION_DATE=2023-04-11T10:00:00+00:00
AIRFLOW_CTX_TRY_NUMBER=1
AIRFLOW_CTX_DAG_RUN_ID=scheduled__2023-04-11T10:00:00+00:00
[2023-04-11T10:15:44.713+0000] {logging_mixin.py:137} INFO - Dag executed succesfully
[2023-04-11T10:15:44.715+0000] {python.py:177} INFO - Done. Returned value was: None
[2023-04-11T10:15:44.769+0000] {taskinstance.py:1332} INFO - Marking task as SUCCESS. dag_id=dag_with_date_commands, task_id=success, execution_date=20230411T100000, start_date=20230411T101542, end_date=20230411T101544
[2023-04-11T10:15:44.916+0000] {local_task_job.py:212} INFO - Task exited with return code 0
[2023-04-11T10:15:45.060+0000] {taskinstance.py:2596} INFO - 0 downstream tasks scheduled from follow-on schedule check
