[2023-04-11T10:05:18.572+0000] {processor.py:153} INFO - Started process (PID=174) to work on /opt/airflow/dags/dag_with_date_commands.py
[2023-04-11T10:05:18.581+0000] {processor.py:743} INFO - Processing file /opt/airflow/dags/dag_with_date_commands.py for tasks to queue
[2023-04-11T10:05:18.587+0000] {logging_mixin.py:137} INFO - [2023-04-11T10:05:18.585+0000] {dagbag.py:532} INFO - Filling up the DagBag from /opt/airflow/dags/dag_with_date_commands.py
[2023-04-11T10:05:18.999+0000] {processor.py:753} INFO - DAG(s) dict_keys(['dag_with_date_commands']) retrieved from /opt/airflow/dags/dag_with_date_commands.py
[2023-04-11T10:05:20.698+0000] {logging_mixin.py:137} INFO - [2023-04-11T10:05:20.698+0000] {manager.py:504} INFO - Created Permission View: can edit on DAG:dag_with_date_commands
[2023-04-11T10:05:20.810+0000] {logging_mixin.py:137} INFO - [2023-04-11T10:05:20.809+0000] {manager.py:504} INFO - Created Permission View: can delete on DAG:dag_with_date_commands
[2023-04-11T10:05:20.903+0000] {logging_mixin.py:137} INFO - [2023-04-11T10:05:20.903+0000] {manager.py:504} INFO - Created Permission View: can read on DAG:dag_with_date_commands
[2023-04-11T10:05:20.905+0000] {logging_mixin.py:137} INFO - [2023-04-11T10:05:20.904+0000] {dag.py:2705} INFO - Sync 1 DAGs
[2023-04-11T10:05:20.985+0000] {logging_mixin.py:137} INFO - [2023-04-11T10:05:20.985+0000] {dag.py:2726} INFO - Creating ORM DAG for dag_with_date_commands
[2023-04-11T10:05:21.072+0000] {logging_mixin.py:137} INFO - [2023-04-11T10:05:21.071+0000] {dag.py:3456} INFO - Setting next_dagrun for dag_with_date_commands to 2023-04-11T00:00:00+00:00, run_after=2023-04-11T00:05:00+00:00
[2023-04-11T10:05:21.301+0000] {processor.py:175} INFO - Processing /opt/airflow/dags/dag_with_date_commands.py took 2.734 seconds
[2023-04-11T10:05:51.685+0000] {processor.py:153} INFO - Started process (PID=212) to work on /opt/airflow/dags/dag_with_date_commands.py
[2023-04-11T10:05:51.689+0000] {processor.py:743} INFO - Processing file /opt/airflow/dags/dag_with_date_commands.py for tasks to queue
[2023-04-11T10:05:51.692+0000] {logging_mixin.py:137} INFO - [2023-04-11T10:05:51.692+0000] {dagbag.py:532} INFO - Filling up the DagBag from /opt/airflow/dags/dag_with_date_commands.py
[2023-04-11T10:05:51.799+0000] {processor.py:753} INFO - DAG(s) dict_keys(['dag_with_date_commands']) retrieved from /opt/airflow/dags/dag_with_date_commands.py
[2023-04-11T10:05:51.867+0000] {logging_mixin.py:137} INFO - [2023-04-11T10:05:51.867+0000] {dag.py:2705} INFO - Sync 1 DAGs
[2023-04-11T10:05:52.029+0000] {logging_mixin.py:137} INFO - [2023-04-11T10:05:52.029+0000] {dag.py:3456} INFO - Setting next_dagrun for dag_with_date_commands to 2023-04-11T00:00:00+00:00, run_after=2023-04-11T00:05:00+00:00
[2023-04-11T10:05:52.082+0000] {processor.py:175} INFO - Processing /opt/airflow/dags/dag_with_date_commands.py took 0.403 seconds
[2023-04-11T10:06:22.284+0000] {processor.py:153} INFO - Started process (PID=244) to work on /opt/airflow/dags/dag_with_date_commands.py
[2023-04-11T10:06:22.285+0000] {processor.py:743} INFO - Processing file /opt/airflow/dags/dag_with_date_commands.py for tasks to queue
[2023-04-11T10:06:22.287+0000] {logging_mixin.py:137} INFO - [2023-04-11T10:06:22.287+0000] {dagbag.py:532} INFO - Filling up the DagBag from /opt/airflow/dags/dag_with_date_commands.py
[2023-04-11T10:06:22.353+0000] {processor.py:753} INFO - DAG(s) dict_keys(['dag_with_date_commands']) retrieved from /opt/airflow/dags/dag_with_date_commands.py
[2023-04-11T10:06:22.406+0000] {logging_mixin.py:137} INFO - [2023-04-11T10:06:22.406+0000] {dag.py:2705} INFO - Sync 1 DAGs
[2023-04-11T10:06:22.455+0000] {logging_mixin.py:137} INFO - [2023-04-11T10:06:22.455+0000] {dag.py:3456} INFO - Setting next_dagrun for dag_with_date_commands to 2023-04-11T00:00:00+00:00, run_after=2023-04-11T00:05:00+00:00
[2023-04-11T10:06:22.490+0000] {processor.py:175} INFO - Processing /opt/airflow/dags/dag_with_date_commands.py took 0.210 seconds
[2023-04-11T10:06:53.162+0000] {processor.py:153} INFO - Started process (PID=276) to work on /opt/airflow/dags/dag_with_date_commands.py
[2023-04-11T10:06:53.164+0000] {processor.py:743} INFO - Processing file /opt/airflow/dags/dag_with_date_commands.py for tasks to queue
[2023-04-11T10:06:53.165+0000] {logging_mixin.py:137} INFO - [2023-04-11T10:06:53.165+0000] {dagbag.py:532} INFO - Filling up the DagBag from /opt/airflow/dags/dag_with_date_commands.py
[2023-04-11T10:06:53.233+0000] {processor.py:753} INFO - DAG(s) dict_keys(['dag_with_date_commands']) retrieved from /opt/airflow/dags/dag_with_date_commands.py
[2023-04-11T10:06:53.269+0000] {logging_mixin.py:137} INFO - [2023-04-11T10:06:53.269+0000] {dag.py:2705} INFO - Sync 1 DAGs
[2023-04-11T10:06:53.314+0000] {logging_mixin.py:137} INFO - [2023-04-11T10:06:53.313+0000] {dag.py:3456} INFO - Setting next_dagrun for dag_with_date_commands to 2023-04-11T00:00:00+00:00, run_after=2023-04-11T00:05:00+00:00
[2023-04-11T10:06:53.356+0000] {processor.py:175} INFO - Processing /opt/airflow/dags/dag_with_date_commands.py took 0.199 seconds
[2023-04-11T10:07:24.152+0000] {processor.py:153} INFO - Started process (PID=308) to work on /opt/airflow/dags/dag_with_date_commands.py
[2023-04-11T10:07:24.154+0000] {processor.py:743} INFO - Processing file /opt/airflow/dags/dag_with_date_commands.py for tasks to queue
[2023-04-11T10:07:24.155+0000] {logging_mixin.py:137} INFO - [2023-04-11T10:07:24.155+0000] {dagbag.py:532} INFO - Filling up the DagBag from /opt/airflow/dags/dag_with_date_commands.py
[2023-04-11T10:07:24.243+0000] {processor.py:753} INFO - DAG(s) dict_keys(['dag_with_date_commands']) retrieved from /opt/airflow/dags/dag_with_date_commands.py
[2023-04-11T10:07:24.353+0000] {logging_mixin.py:137} INFO - [2023-04-11T10:07:24.352+0000] {dag.py:2705} INFO - Sync 1 DAGs
[2023-04-11T10:07:24.476+0000] {logging_mixin.py:137} INFO - [2023-04-11T10:07:24.476+0000] {dag.py:3456} INFO - Setting next_dagrun for dag_with_date_commands to 2023-04-11T00:00:00+00:00, run_after=2023-04-11T00:05:00+00:00
[2023-04-11T10:07:24.544+0000] {processor.py:175} INFO - Processing /opt/airflow/dags/dag_with_date_commands.py took 0.397 seconds
[2023-04-11T10:07:55.291+0000] {processor.py:153} INFO - Started process (PID=340) to work on /opt/airflow/dags/dag_with_date_commands.py
[2023-04-11T10:07:55.294+0000] {processor.py:743} INFO - Processing file /opt/airflow/dags/dag_with_date_commands.py for tasks to queue
[2023-04-11T10:07:55.297+0000] {logging_mixin.py:137} INFO - [2023-04-11T10:07:55.297+0000] {dagbag.py:532} INFO - Filling up the DagBag from /opt/airflow/dags/dag_with_date_commands.py
[2023-04-11T10:07:55.376+0000] {processor.py:753} INFO - DAG(s) dict_keys(['dag_with_date_commands']) retrieved from /opt/airflow/dags/dag_with_date_commands.py
[2023-04-11T10:07:55.415+0000] {logging_mixin.py:137} INFO - [2023-04-11T10:07:55.415+0000] {dag.py:2705} INFO - Sync 1 DAGs
[2023-04-11T10:07:55.473+0000] {logging_mixin.py:137} INFO - [2023-04-11T10:07:55.473+0000] {dag.py:3456} INFO - Setting next_dagrun for dag_with_date_commands to 2023-04-11T00:00:00+00:00, run_after=2023-04-11T00:05:00+00:00
[2023-04-11T10:07:55.520+0000] {processor.py:175} INFO - Processing /opt/airflow/dags/dag_with_date_commands.py took 0.234 seconds
[2023-04-11T10:08:25.631+0000] {processor.py:153} INFO - Started process (PID=373) to work on /opt/airflow/dags/dag_with_date_commands.py
[2023-04-11T10:08:25.632+0000] {processor.py:743} INFO - Processing file /opt/airflow/dags/dag_with_date_commands.py for tasks to queue
[2023-04-11T10:08:25.634+0000] {logging_mixin.py:137} INFO - [2023-04-11T10:08:25.634+0000] {dagbag.py:532} INFO - Filling up the DagBag from /opt/airflow/dags/dag_with_date_commands.py
[2023-04-11T10:08:25.697+0000] {processor.py:753} INFO - DAG(s) dict_keys(['dag_with_date_commands']) retrieved from /opt/airflow/dags/dag_with_date_commands.py
[2023-04-11T10:08:25.743+0000] {logging_mixin.py:137} INFO - [2023-04-11T10:08:25.742+0000] {dag.py:2705} INFO - Sync 1 DAGs
[2023-04-11T10:08:25.796+0000] {logging_mixin.py:137} INFO - [2023-04-11T10:08:25.796+0000] {dag.py:3456} INFO - Setting next_dagrun for dag_with_date_commands to 2023-04-11T00:00:00+00:00, run_after=2023-04-11T00:05:00+00:00
[2023-04-11T10:08:25.831+0000] {processor.py:175} INFO - Processing /opt/airflow/dags/dag_with_date_commands.py took 0.208 seconds
[2023-04-11T10:08:56.572+0000] {processor.py:153} INFO - Started process (PID=401) to work on /opt/airflow/dags/dag_with_date_commands.py
[2023-04-11T10:08:56.573+0000] {processor.py:743} INFO - Processing file /opt/airflow/dags/dag_with_date_commands.py for tasks to queue
[2023-04-11T10:08:56.575+0000] {logging_mixin.py:137} INFO - [2023-04-11T10:08:56.575+0000] {dagbag.py:532} INFO - Filling up the DagBag from /opt/airflow/dags/dag_with_date_commands.py
[2023-04-11T10:08:56.644+0000] {processor.py:753} INFO - DAG(s) dict_keys(['dag_with_date_commands']) retrieved from /opt/airflow/dags/dag_with_date_commands.py
[2023-04-11T10:08:56.678+0000] {logging_mixin.py:137} INFO - [2023-04-11T10:08:56.678+0000] {dag.py:2705} INFO - Sync 1 DAGs
[2023-04-11T10:08:56.723+0000] {logging_mixin.py:137} INFO - [2023-04-11T10:08:56.723+0000] {dag.py:3456} INFO - Setting next_dagrun for dag_with_date_commands to 2023-04-11T00:00:00+00:00, run_after=2023-04-11T00:05:00+00:00
[2023-04-11T10:08:56.761+0000] {processor.py:175} INFO - Processing /opt/airflow/dags/dag_with_date_commands.py took 0.193 seconds
[2023-04-11T10:09:27.509+0000] {processor.py:153} INFO - Started process (PID=433) to work on /opt/airflow/dags/dag_with_date_commands.py
[2023-04-11T10:09:27.511+0000] {processor.py:743} INFO - Processing file /opt/airflow/dags/dag_with_date_commands.py for tasks to queue
[2023-04-11T10:09:27.514+0000] {logging_mixin.py:137} INFO - [2023-04-11T10:09:27.514+0000] {dagbag.py:532} INFO - Filling up the DagBag from /opt/airflow/dags/dag_with_date_commands.py
[2023-04-11T10:09:27.611+0000] {processor.py:753} INFO - DAG(s) dict_keys(['dag_with_date_commands']) retrieved from /opt/airflow/dags/dag_with_date_commands.py
[2023-04-11T10:09:27.652+0000] {logging_mixin.py:137} INFO - [2023-04-11T10:09:27.651+0000] {dag.py:2705} INFO - Sync 1 DAGs
[2023-04-11T10:09:27.712+0000] {logging_mixin.py:137} INFO - [2023-04-11T10:09:27.712+0000] {dag.py:3456} INFO - Setting next_dagrun for dag_with_date_commands to 2023-04-11T00:00:00+00:00, run_after=2023-04-11T00:05:00+00:00
[2023-04-11T10:09:27.754+0000] {processor.py:175} INFO - Processing /opt/airflow/dags/dag_with_date_commands.py took 0.251 seconds
[2023-04-11T10:09:58.654+0000] {processor.py:153} INFO - Started process (PID=465) to work on /opt/airflow/dags/dag_with_date_commands.py
[2023-04-11T10:09:58.655+0000] {processor.py:743} INFO - Processing file /opt/airflow/dags/dag_with_date_commands.py for tasks to queue
[2023-04-11T10:09:58.657+0000] {logging_mixin.py:137} INFO - [2023-04-11T10:09:58.657+0000] {dagbag.py:532} INFO - Filling up the DagBag from /opt/airflow/dags/dag_with_date_commands.py
[2023-04-11T10:09:58.739+0000] {processor.py:753} INFO - DAG(s) dict_keys(['dag_with_date_commands']) retrieved from /opt/airflow/dags/dag_with_date_commands.py
[2023-04-11T10:09:58.778+0000] {logging_mixin.py:137} INFO - [2023-04-11T10:09:58.777+0000] {dag.py:2705} INFO - Sync 1 DAGs
[2023-04-11T10:09:58.820+0000] {logging_mixin.py:137} INFO - [2023-04-11T10:09:58.820+0000] {dag.py:3456} INFO - Setting next_dagrun for dag_with_date_commands to 2023-04-11T00:00:00+00:00, run_after=2023-04-11T00:05:00+00:00
[2023-04-11T10:09:58.858+0000] {processor.py:175} INFO - Processing /opt/airflow/dags/dag_with_date_commands.py took 0.209 seconds
[2023-04-11T10:10:29.774+0000] {processor.py:153} INFO - Started process (PID=497) to work on /opt/airflow/dags/dag_with_date_commands.py
[2023-04-11T10:10:29.777+0000] {processor.py:743} INFO - Processing file /opt/airflow/dags/dag_with_date_commands.py for tasks to queue
[2023-04-11T10:10:29.779+0000] {logging_mixin.py:137} INFO - [2023-04-11T10:10:29.778+0000] {dagbag.py:532} INFO - Filling up the DagBag from /opt/airflow/dags/dag_with_date_commands.py
[2023-04-11T10:10:29.855+0000] {processor.py:753} INFO - DAG(s) dict_keys(['dag_with_date_commands']) retrieved from /opt/airflow/dags/dag_with_date_commands.py
[2023-04-11T10:10:29.901+0000] {logging_mixin.py:137} INFO - [2023-04-11T10:10:29.901+0000] {dag.py:2705} INFO - Sync 1 DAGs
[2023-04-11T10:10:29.981+0000] {logging_mixin.py:137} INFO - [2023-04-11T10:10:29.981+0000] {dag.py:3456} INFO - Setting next_dagrun for dag_with_date_commands to 2023-04-11T00:00:00+00:00, run_after=2023-04-11T00:05:00+00:00
[2023-04-11T10:10:30.020+0000] {processor.py:175} INFO - Processing /opt/airflow/dags/dag_with_date_commands.py took 0.250 seconds
[2023-04-11T10:11:00.822+0000] {processor.py:153} INFO - Started process (PID=529) to work on /opt/airflow/dags/dag_with_date_commands.py
[2023-04-11T10:11:00.825+0000] {processor.py:743} INFO - Processing file /opt/airflow/dags/dag_with_date_commands.py for tasks to queue
[2023-04-11T10:11:00.827+0000] {logging_mixin.py:137} INFO - [2023-04-11T10:11:00.826+0000] {dagbag.py:532} INFO - Filling up the DagBag from /opt/airflow/dags/dag_with_date_commands.py
[2023-04-11T10:11:00.921+0000] {processor.py:753} INFO - DAG(s) dict_keys(['dag_with_date_commands']) retrieved from /opt/airflow/dags/dag_with_date_commands.py
[2023-04-11T10:11:00.978+0000] {logging_mixin.py:137} INFO - [2023-04-11T10:11:00.977+0000] {dag.py:2705} INFO - Sync 1 DAGs
[2023-04-11T10:11:01.038+0000] {logging_mixin.py:137} INFO - [2023-04-11T10:11:01.038+0000] {dag.py:3456} INFO - Setting next_dagrun for dag_with_date_commands to 2023-04-11T00:00:00+00:00, run_after=2023-04-11T00:05:00+00:00
[2023-04-11T10:11:01.094+0000] {processor.py:175} INFO - Processing /opt/airflow/dags/dag_with_date_commands.py took 0.286 seconds
[2023-04-11T10:11:31.926+0000] {processor.py:153} INFO - Started process (PID=561) to work on /opt/airflow/dags/dag_with_date_commands.py
[2023-04-11T10:11:31.928+0000] {processor.py:743} INFO - Processing file /opt/airflow/dags/dag_with_date_commands.py for tasks to queue
[2023-04-11T10:11:31.931+0000] {logging_mixin.py:137} INFO - [2023-04-11T10:11:31.930+0000] {dagbag.py:532} INFO - Filling up the DagBag from /opt/airflow/dags/dag_with_date_commands.py
[2023-04-11T10:11:32.025+0000] {processor.py:753} INFO - DAG(s) dict_keys(['dag_with_date_commands']) retrieved from /opt/airflow/dags/dag_with_date_commands.py
[2023-04-11T10:11:32.067+0000] {logging_mixin.py:137} INFO - [2023-04-11T10:11:32.066+0000] {dag.py:2705} INFO - Sync 1 DAGs
[2023-04-11T10:11:32.127+0000] {logging_mixin.py:137} INFO - [2023-04-11T10:11:32.127+0000] {dag.py:3456} INFO - Setting next_dagrun for dag_with_date_commands to 2023-04-11T00:00:00+00:00, run_after=2023-04-11T00:05:00+00:00
[2023-04-11T10:11:32.180+0000] {processor.py:175} INFO - Processing /opt/airflow/dags/dag_with_date_commands.py took 0.259 seconds
[2023-04-11T10:12:04.104+0000] {processor.py:153} INFO - Started process (PID=623) to work on /opt/airflow/dags/dag_with_date_commands.py
[2023-04-11T10:12:04.189+0000] {processor.py:743} INFO - Processing file /opt/airflow/dags/dag_with_date_commands.py for tasks to queue
[2023-04-11T10:12:04.210+0000] {logging_mixin.py:137} INFO - [2023-04-11T10:12:04.210+0000] {dagbag.py:532} INFO - Filling up the DagBag from /opt/airflow/dags/dag_with_date_commands.py
[2023-04-11T10:12:06.309+0000] {processor.py:753} INFO - DAG(s) dict_keys(['dag_with_date_commands']) retrieved from /opt/airflow/dags/dag_with_date_commands.py
[2023-04-11T10:12:07.115+0000] {logging_mixin.py:137} INFO - [2023-04-11T10:12:07.114+0000] {dag.py:2705} INFO - Sync 1 DAGs
[2023-04-11T10:12:07.966+0000] {logging_mixin.py:137} INFO - [2023-04-11T10:12:07.965+0000] {dag.py:3456} INFO - Setting next_dagrun for dag_with_date_commands to 2023-04-11T00:45:00+00:00, run_after=2023-04-11T00:50:00+00:00
[2023-04-11T10:12:08.348+0000] {processor.py:175} INFO - Processing /opt/airflow/dags/dag_with_date_commands.py took 5.020 seconds
[2023-04-11T10:12:38.604+0000] {processor.py:153} INFO - Started process (PID=737) to work on /opt/airflow/dags/dag_with_date_commands.py
[2023-04-11T10:12:38.605+0000] {processor.py:743} INFO - Processing file /opt/airflow/dags/dag_with_date_commands.py for tasks to queue
[2023-04-11T10:12:38.607+0000] {logging_mixin.py:137} INFO - [2023-04-11T10:12:38.607+0000] {dagbag.py:532} INFO - Filling up the DagBag from /opt/airflow/dags/dag_with_date_commands.py
[2023-04-11T10:12:38.674+0000] {processor.py:753} INFO - DAG(s) dict_keys(['dag_with_date_commands']) retrieved from /opt/airflow/dags/dag_with_date_commands.py
[2023-04-11T10:12:38.722+0000] {logging_mixin.py:137} INFO - [2023-04-11T10:12:38.722+0000] {dag.py:2705} INFO - Sync 1 DAGs
[2023-04-11T10:12:38.767+0000] {logging_mixin.py:137} INFO - [2023-04-11T10:12:38.767+0000] {dag.py:3456} INFO - Setting next_dagrun for dag_with_date_commands to 2023-04-11T02:15:00+00:00, run_after=2023-04-11T02:20:00+00:00
[2023-04-11T10:12:38.814+0000] {processor.py:175} INFO - Processing /opt/airflow/dags/dag_with_date_commands.py took 0.215 seconds
[2023-04-11T10:13:09.481+0000] {processor.py:153} INFO - Started process (PID=837) to work on /opt/airflow/dags/dag_with_date_commands.py
[2023-04-11T10:13:09.495+0000] {processor.py:743} INFO - Processing file /opt/airflow/dags/dag_with_date_commands.py for tasks to queue
[2023-04-11T10:13:09.551+0000] {logging_mixin.py:137} INFO - [2023-04-11T10:13:09.551+0000] {dagbag.py:532} INFO - Filling up the DagBag from /opt/airflow/dags/dag_with_date_commands.py
[2023-04-11T10:13:09.965+0000] {processor.py:753} INFO - DAG(s) dict_keys(['dag_with_date_commands']) retrieved from /opt/airflow/dags/dag_with_date_commands.py
[2023-04-11T10:13:10.180+0000] {logging_mixin.py:137} INFO - [2023-04-11T10:13:10.179+0000] {dag.py:2705} INFO - Sync 1 DAGs
[2023-04-11T10:13:10.959+0000] {logging_mixin.py:137} INFO - [2023-04-11T10:13:10.958+0000] {dag.py:3456} INFO - Setting next_dagrun for dag_with_date_commands to 2023-04-11T04:00:00+00:00, run_after=2023-04-11T04:05:00+00:00
[2023-04-11T10:13:11.389+0000] {processor.py:175} INFO - Processing /opt/airflow/dags/dag_with_date_commands.py took 2.004 seconds
[2023-04-11T10:13:42.337+0000] {processor.py:153} INFO - Started process (PID=924) to work on /opt/airflow/dags/dag_with_date_commands.py
[2023-04-11T10:13:42.354+0000] {processor.py:743} INFO - Processing file /opt/airflow/dags/dag_with_date_commands.py for tasks to queue
[2023-04-11T10:13:42.359+0000] {logging_mixin.py:137} INFO - [2023-04-11T10:13:42.358+0000] {dagbag.py:532} INFO - Filling up the DagBag from /opt/airflow/dags/dag_with_date_commands.py
[2023-04-11T10:13:42.777+0000] {processor.py:753} INFO - DAG(s) dict_keys(['dag_with_date_commands']) retrieved from /opt/airflow/dags/dag_with_date_commands.py
[2023-04-11T10:13:42.873+0000] {logging_mixin.py:137} INFO - [2023-04-11T10:13:42.872+0000] {dag.py:2705} INFO - Sync 1 DAGs
[2023-04-11T10:13:43.015+0000] {logging_mixin.py:137} INFO - [2023-04-11T10:13:43.013+0000] {dag.py:3456} INFO - Setting next_dagrun for dag_with_date_commands to 2023-04-11T04:50:00+00:00, run_after=2023-04-11T04:55:00+00:00
[2023-04-11T10:13:43.141+0000] {processor.py:175} INFO - Processing /opt/airflow/dags/dag_with_date_commands.py took 0.862 seconds
[2023-04-11T10:14:14.385+0000] {processor.py:153} INFO - Started process (PID=1022) to work on /opt/airflow/dags/dag_with_date_commands.py
[2023-04-11T10:14:14.393+0000] {processor.py:743} INFO - Processing file /opt/airflow/dags/dag_with_date_commands.py for tasks to queue
[2023-04-11T10:14:14.422+0000] {logging_mixin.py:137} INFO - [2023-04-11T10:14:14.422+0000] {dagbag.py:532} INFO - Filling up the DagBag from /opt/airflow/dags/dag_with_date_commands.py
[2023-04-11T10:14:15.262+0000] {processor.py:753} INFO - DAG(s) dict_keys(['dag_with_date_commands']) retrieved from /opt/airflow/dags/dag_with_date_commands.py
[2023-04-11T10:14:15.684+0000] {logging_mixin.py:137} INFO - [2023-04-11T10:14:15.684+0000] {dag.py:2705} INFO - Sync 1 DAGs
[2023-04-11T10:14:16.590+0000] {logging_mixin.py:137} INFO - [2023-04-11T10:14:16.589+0000] {dag.py:3456} INFO - Setting next_dagrun for dag_with_date_commands to 2023-04-11T06:30:00+00:00, run_after=2023-04-11T06:35:00+00:00
[2023-04-11T10:14:17.394+0000] {processor.py:175} INFO - Processing /opt/airflow/dags/dag_with_date_commands.py took 3.056 seconds
[2023-04-11T10:14:48.552+0000] {processor.py:153} INFO - Started process (PID=1129) to work on /opt/airflow/dags/dag_with_date_commands.py
[2023-04-11T10:14:48.592+0000] {processor.py:743} INFO - Processing file /opt/airflow/dags/dag_with_date_commands.py for tasks to queue
[2023-04-11T10:14:48.627+0000] {logging_mixin.py:137} INFO - [2023-04-11T10:14:48.626+0000] {dagbag.py:532} INFO - Filling up the DagBag from /opt/airflow/dags/dag_with_date_commands.py
[2023-04-11T10:14:49.671+0000] {processor.py:753} INFO - DAG(s) dict_keys(['dag_with_date_commands']) retrieved from /opt/airflow/dags/dag_with_date_commands.py
[2023-04-11T10:14:50.010+0000] {logging_mixin.py:137} INFO - [2023-04-11T10:14:50.010+0000] {dag.py:2705} INFO - Sync 1 DAGs
[2023-04-11T10:14:50.580+0000] {logging_mixin.py:137} INFO - [2023-04-11T10:14:50.580+0000] {dag.py:3456} INFO - Setting next_dagrun for dag_with_date_commands to 2023-04-11T07:50:00+00:00, run_after=2023-04-11T07:55:00+00:00
[2023-04-11T10:14:51.041+0000] {processor.py:175} INFO - Processing /opt/airflow/dags/dag_with_date_commands.py took 2.493 seconds
[2023-04-11T10:15:21.695+0000] {processor.py:153} INFO - Started process (PID=1235) to work on /opt/airflow/dags/dag_with_date_commands.py
[2023-04-11T10:15:21.774+0000] {processor.py:743} INFO - Processing file /opt/airflow/dags/dag_with_date_commands.py for tasks to queue
[2023-04-11T10:15:21.785+0000] {logging_mixin.py:137} INFO - [2023-04-11T10:15:21.785+0000] {dagbag.py:532} INFO - Filling up the DagBag from /opt/airflow/dags/dag_with_date_commands.py
[2023-04-11T10:15:23.104+0000] {processor.py:753} INFO - DAG(s) dict_keys(['dag_with_date_commands']) retrieved from /opt/airflow/dags/dag_with_date_commands.py
[2023-04-11T10:15:23.496+0000] {logging_mixin.py:137} INFO - [2023-04-11T10:15:23.492+0000] {dag.py:2705} INFO - Sync 1 DAGs
[2023-04-11T10:15:24.061+0000] {logging_mixin.py:137} INFO - [2023-04-11T10:15:24.061+0000] {dag.py:3456} INFO - Setting next_dagrun for dag_with_date_commands to 2023-04-11T09:30:00+00:00, run_after=2023-04-11T09:35:00+00:00
[2023-04-11T10:15:24.930+0000] {processor.py:175} INFO - Processing /opt/airflow/dags/dag_with_date_commands.py took 3.254 seconds
[2023-04-11T10:15:55.444+0000] {processor.py:153} INFO - Started process (PID=1319) to work on /opt/airflow/dags/dag_with_date_commands.py
[2023-04-11T10:15:55.446+0000] {processor.py:743} INFO - Processing file /opt/airflow/dags/dag_with_date_commands.py for tasks to queue
[2023-04-11T10:15:55.448+0000] {logging_mixin.py:137} INFO - [2023-04-11T10:15:55.447+0000] {dagbag.py:532} INFO - Filling up the DagBag from /opt/airflow/dags/dag_with_date_commands.py
[2023-04-11T10:15:55.581+0000] {processor.py:753} INFO - DAG(s) dict_keys(['dag_with_date_commands']) retrieved from /opt/airflow/dags/dag_with_date_commands.py
[2023-04-11T10:15:55.624+0000] {logging_mixin.py:137} INFO - [2023-04-11T10:15:55.623+0000] {dag.py:2705} INFO - Sync 1 DAGs
[2023-04-11T10:15:55.689+0000] {logging_mixin.py:137} INFO - [2023-04-11T10:15:55.689+0000] {dag.py:3456} INFO - Setting next_dagrun for dag_with_date_commands to 2023-04-11T10:15:00+00:00, run_after=2023-04-11T10:20:00+00:00
[2023-04-11T10:15:55.740+0000] {processor.py:175} INFO - Processing /opt/airflow/dags/dag_with_date_commands.py took 0.300 seconds
[2023-04-11T10:16:26.101+0000] {processor.py:153} INFO - Started process (PID=1351) to work on /opt/airflow/dags/dag_with_date_commands.py
[2023-04-11T10:16:26.103+0000] {processor.py:743} INFO - Processing file /opt/airflow/dags/dag_with_date_commands.py for tasks to queue
[2023-04-11T10:16:26.106+0000] {logging_mixin.py:137} INFO - [2023-04-11T10:16:26.106+0000] {dagbag.py:532} INFO - Filling up the DagBag from /opt/airflow/dags/dag_with_date_commands.py
[2023-04-11T10:16:26.243+0000] {processor.py:753} INFO - DAG(s) dict_keys(['dag_with_date_commands']) retrieved from /opt/airflow/dags/dag_with_date_commands.py
[2023-04-11T10:16:26.336+0000] {logging_mixin.py:137} INFO - [2023-04-11T10:16:26.336+0000] {dag.py:2705} INFO - Sync 1 DAGs
[2023-04-11T10:16:26.446+0000] {logging_mixin.py:137} INFO - [2023-04-11T10:16:26.445+0000] {dag.py:3456} INFO - Setting next_dagrun for dag_with_date_commands to 2023-04-11T10:15:00+00:00, run_after=2023-04-11T10:20:00+00:00
[2023-04-11T10:16:26.514+0000] {processor.py:175} INFO - Processing /opt/airflow/dags/dag_with_date_commands.py took 0.429 seconds
[2023-04-11T10:16:57.181+0000] {processor.py:153} INFO - Started process (PID=1383) to work on /opt/airflow/dags/dag_with_date_commands.py
[2023-04-11T10:16:57.183+0000] {processor.py:743} INFO - Processing file /opt/airflow/dags/dag_with_date_commands.py for tasks to queue
[2023-04-11T10:16:57.187+0000] {logging_mixin.py:137} INFO - [2023-04-11T10:16:57.187+0000] {dagbag.py:532} INFO - Filling up the DagBag from /opt/airflow/dags/dag_with_date_commands.py
[2023-04-11T10:16:57.311+0000] {processor.py:753} INFO - DAG(s) dict_keys(['dag_with_date_commands']) retrieved from /opt/airflow/dags/dag_with_date_commands.py
[2023-04-11T10:16:57.419+0000] {logging_mixin.py:137} INFO - [2023-04-11T10:16:57.419+0000] {dag.py:2705} INFO - Sync 1 DAGs
[2023-04-11T10:16:57.579+0000] {logging_mixin.py:137} INFO - [2023-04-11T10:16:57.579+0000] {dag.py:3456} INFO - Setting next_dagrun for dag_with_date_commands to 2023-04-11T10:15:00+00:00, run_after=2023-04-11T10:20:00+00:00
[2023-04-11T10:16:57.696+0000] {processor.py:175} INFO - Processing /opt/airflow/dags/dag_with_date_commands.py took 0.533 seconds
[2023-04-11T10:17:31.093+0000] {processor.py:153} INFO - Started process (PID=1415) to work on /opt/airflow/dags/dag_with_date_commands.py
[2023-04-11T10:17:31.109+0000] {processor.py:743} INFO - Processing file /opt/airflow/dags/dag_with_date_commands.py for tasks to queue
[2023-04-11T10:17:31.170+0000] {logging_mixin.py:137} INFO - [2023-04-11T10:17:31.169+0000] {dagbag.py:532} INFO - Filling up the DagBag from /opt/airflow/dags/dag_with_date_commands.py
[2023-04-11T10:17:33.858+0000] {processor.py:753} INFO - DAG(s) dict_keys(['dag_with_date_commands']) retrieved from /opt/airflow/dags/dag_with_date_commands.py
[2023-04-11T10:17:34.108+0000] {logging_mixin.py:137} INFO - [2023-04-11T10:17:34.108+0000] {dag.py:2705} INFO - Sync 1 DAGs
[2023-04-11T10:17:34.401+0000] {logging_mixin.py:137} INFO - [2023-04-11T10:17:34.401+0000] {dag.py:3456} INFO - Setting next_dagrun for dag_with_date_commands to 2023-04-11T10:15:00+00:00, run_after=2023-04-11T10:20:00+00:00
[2023-04-11T10:17:34.691+0000] {processor.py:175} INFO - Processing /opt/airflow/dags/dag_with_date_commands.py took 3.604 seconds
[2023-04-11T10:18:10.547+0000] {processor.py:153} INFO - Started process (PID=1447) to work on /opt/airflow/dags/dag_with_date_commands.py
[2023-04-11T10:18:10.963+0000] {processor.py:743} INFO - Processing file /opt/airflow/dags/dag_with_date_commands.py for tasks to queue
[2023-04-11T10:18:11.084+0000] {logging_mixin.py:137} INFO - [2023-04-11T10:18:11.084+0000] {dagbag.py:532} INFO - Filling up the DagBag from /opt/airflow/dags/dag_with_date_commands.py
[2023-04-11T10:18:14.348+0000] {processor.py:753} INFO - DAG(s) dict_keys(['dag_with_date_commands']) retrieved from /opt/airflow/dags/dag_with_date_commands.py
[2023-04-11T10:18:14.483+0000] {logging_mixin.py:137} INFO - [2023-04-11T10:18:14.483+0000] {dag.py:2705} INFO - Sync 1 DAGs
[2023-04-11T10:18:14.754+0000] {logging_mixin.py:137} INFO - [2023-04-11T10:18:14.753+0000] {dag.py:3456} INFO - Setting next_dagrun for dag_with_date_commands to 2023-04-11T10:15:00+00:00, run_after=2023-04-11T10:20:00+00:00
[2023-04-11T10:18:15.007+0000] {processor.py:175} INFO - Processing /opt/airflow/dags/dag_with_date_commands.py took 4.466 seconds
[2023-04-11T10:18:45.817+0000] {processor.py:153} INFO - Started process (PID=1480) to work on /opt/airflow/dags/dag_with_date_commands.py
[2023-04-11T10:18:45.820+0000] {processor.py:743} INFO - Processing file /opt/airflow/dags/dag_with_date_commands.py for tasks to queue
[2023-04-11T10:18:45.822+0000] {logging_mixin.py:137} INFO - [2023-04-11T10:18:45.822+0000] {dagbag.py:532} INFO - Filling up the DagBag from /opt/airflow/dags/dag_with_date_commands.py
[2023-04-11T10:18:46.041+0000] {processor.py:753} INFO - DAG(s) dict_keys(['dag_with_date_commands']) retrieved from /opt/airflow/dags/dag_with_date_commands.py
[2023-04-11T10:18:46.184+0000] {logging_mixin.py:137} INFO - [2023-04-11T10:18:46.184+0000] {dag.py:2705} INFO - Sync 1 DAGs
[2023-04-11T10:18:46.542+0000] {logging_mixin.py:137} INFO - [2023-04-11T10:18:46.541+0000] {dag.py:3456} INFO - Setting next_dagrun for dag_with_date_commands to 2023-04-11T10:15:00+00:00, run_after=2023-04-11T10:20:00+00:00
[2023-04-11T10:18:46.854+0000] {processor.py:175} INFO - Processing /opt/airflow/dags/dag_with_date_commands.py took 1.055 seconds
[2023-04-11T10:19:17.137+0000] {processor.py:153} INFO - Started process (PID=1512) to work on /opt/airflow/dags/dag_with_date_commands.py
[2023-04-11T10:19:17.170+0000] {processor.py:743} INFO - Processing file /opt/airflow/dags/dag_with_date_commands.py for tasks to queue
[2023-04-11T10:19:17.180+0000] {logging_mixin.py:137} INFO - [2023-04-11T10:19:17.175+0000] {dagbag.py:532} INFO - Filling up the DagBag from /opt/airflow/dags/dag_with_date_commands.py
[2023-04-11T10:19:17.500+0000] {processor.py:753} INFO - DAG(s) dict_keys(['dag_with_date_commands']) retrieved from /opt/airflow/dags/dag_with_date_commands.py
[2023-04-11T10:19:17.641+0000] {logging_mixin.py:137} INFO - [2023-04-11T10:19:17.641+0000] {dag.py:2705} INFO - Sync 1 DAGs
[2023-04-11T10:19:17.857+0000] {logging_mixin.py:137} INFO - [2023-04-11T10:19:17.856+0000] {dag.py:3456} INFO - Setting next_dagrun for dag_with_date_commands to 2023-04-11T10:15:00+00:00, run_after=2023-04-11T10:20:00+00:00
[2023-04-11T10:19:18.037+0000] {processor.py:175} INFO - Processing /opt/airflow/dags/dag_with_date_commands.py took 0.916 seconds
[2023-04-11T10:19:48.401+0000] {processor.py:153} INFO - Started process (PID=1544) to work on /opt/airflow/dags/dag_with_date_commands.py
[2023-04-11T10:19:48.413+0000] {processor.py:743} INFO - Processing file /opt/airflow/dags/dag_with_date_commands.py for tasks to queue
[2023-04-11T10:19:48.415+0000] {logging_mixin.py:137} INFO - [2023-04-11T10:19:48.415+0000] {dagbag.py:532} INFO - Filling up the DagBag from /opt/airflow/dags/dag_with_date_commands.py
[2023-04-11T10:19:48.636+0000] {processor.py:753} INFO - DAG(s) dict_keys(['dag_with_date_commands']) retrieved from /opt/airflow/dags/dag_with_date_commands.py
[2023-04-11T10:19:48.776+0000] {logging_mixin.py:137} INFO - [2023-04-11T10:19:48.765+0000] {dag.py:2705} INFO - Sync 1 DAGs
[2023-04-11T10:19:48.986+0000] {logging_mixin.py:137} INFO - [2023-04-11T10:19:48.986+0000] {dag.py:3456} INFO - Setting next_dagrun for dag_with_date_commands to 2023-04-11T10:15:00+00:00, run_after=2023-04-11T10:20:00+00:00
[2023-04-11T10:19:49.124+0000] {processor.py:175} INFO - Processing /opt/airflow/dags/dag_with_date_commands.py took 0.729 seconds
[2023-04-11T10:20:19.698+0000] {processor.py:153} INFO - Started process (PID=1579) to work on /opt/airflow/dags/dag_with_date_commands.py
[2023-04-11T10:20:19.706+0000] {processor.py:743} INFO - Processing file /opt/airflow/dags/dag_with_date_commands.py for tasks to queue
[2023-04-11T10:20:19.710+0000] {logging_mixin.py:137} INFO - [2023-04-11T10:20:19.709+0000] {dagbag.py:532} INFO - Filling up the DagBag from /opt/airflow/dags/dag_with_date_commands.py
[2023-04-11T10:20:19.872+0000] {processor.py:753} INFO - DAG(s) dict_keys(['dag_with_date_commands']) retrieved from /opt/airflow/dags/dag_with_date_commands.py
[2023-04-11T10:20:19.966+0000] {logging_mixin.py:137} INFO - [2023-04-11T10:20:19.966+0000] {dag.py:2705} INFO - Sync 1 DAGs
[2023-04-11T10:20:20.076+0000] {logging_mixin.py:137} INFO - [2023-04-11T10:20:20.076+0000] {dag.py:3456} INFO - Setting next_dagrun for dag_with_date_commands to 2023-04-11T10:20:00+00:00, run_after=2023-04-11T10:25:00+00:00
[2023-04-11T10:20:20.130+0000] {processor.py:175} INFO - Processing /opt/airflow/dags/dag_with_date_commands.py took 0.438 seconds
[2023-04-11T10:20:50.916+0000] {processor.py:153} INFO - Started process (PID=1610) to work on /opt/airflow/dags/dag_with_date_commands.py
[2023-04-11T10:20:50.932+0000] {processor.py:743} INFO - Processing file /opt/airflow/dags/dag_with_date_commands.py for tasks to queue
[2023-04-11T10:20:50.941+0000] {logging_mixin.py:137} INFO - [2023-04-11T10:20:50.941+0000] {dagbag.py:532} INFO - Filling up the DagBag from /opt/airflow/dags/dag_with_date_commands.py
[2023-04-11T10:20:51.308+0000] {processor.py:753} INFO - DAG(s) dict_keys(['dag_with_date_commands']) retrieved from /opt/airflow/dags/dag_with_date_commands.py
[2023-04-11T10:20:51.433+0000] {logging_mixin.py:137} INFO - [2023-04-11T10:20:51.433+0000] {dag.py:2705} INFO - Sync 1 DAGs
[2023-04-11T10:20:51.640+0000] {logging_mixin.py:137} INFO - [2023-04-11T10:20:51.639+0000] {dag.py:3456} INFO - Setting next_dagrun for dag_with_date_commands to 2023-04-11T10:20:00+00:00, run_after=2023-04-11T10:25:00+00:00
[2023-04-11T10:20:51.932+0000] {processor.py:175} INFO - Processing /opt/airflow/dags/dag_with_date_commands.py took 1.021 seconds
[2023-04-11T10:21:22.177+0000] {processor.py:153} INFO - Started process (PID=1643) to work on /opt/airflow/dags/dag_with_date_commands.py
[2023-04-11T10:21:22.187+0000] {processor.py:743} INFO - Processing file /opt/airflow/dags/dag_with_date_commands.py for tasks to queue
[2023-04-11T10:21:22.189+0000] {logging_mixin.py:137} INFO - [2023-04-11T10:21:22.189+0000] {dagbag.py:532} INFO - Filling up the DagBag from /opt/airflow/dags/dag_with_date_commands.py
[2023-04-11T10:21:22.336+0000] {processor.py:753} INFO - DAG(s) dict_keys(['dag_with_date_commands']) retrieved from /opt/airflow/dags/dag_with_date_commands.py
[2023-04-11T10:21:22.569+0000] {logging_mixin.py:137} INFO - [2023-04-11T10:21:22.568+0000] {dag.py:2705} INFO - Sync 1 DAGs
[2023-04-11T10:21:22.755+0000] {logging_mixin.py:137} INFO - [2023-04-11T10:21:22.754+0000] {dag.py:3456} INFO - Setting next_dagrun for dag_with_date_commands to 2023-04-11T10:20:00+00:00, run_after=2023-04-11T10:25:00+00:00
[2023-04-11T10:21:22.835+0000] {processor.py:175} INFO - Processing /opt/airflow/dags/dag_with_date_commands.py took 0.664 seconds
[2023-04-11T10:21:53.337+0000] {processor.py:153} INFO - Started process (PID=1680) to work on /opt/airflow/dags/dag_with_date_commands.py
[2023-04-11T10:21:53.340+0000] {processor.py:743} INFO - Processing file /opt/airflow/dags/dag_with_date_commands.py for tasks to queue
[2023-04-11T10:21:53.344+0000] {logging_mixin.py:137} INFO - [2023-04-11T10:21:53.341+0000] {dagbag.py:532} INFO - Filling up the DagBag from /opt/airflow/dags/dag_with_date_commands.py
[2023-04-11T10:21:53.461+0000] {processor.py:753} INFO - DAG(s) dict_keys(['dag_with_date_commands']) retrieved from /opt/airflow/dags/dag_with_date_commands.py
[2023-04-11T10:21:53.565+0000] {logging_mixin.py:137} INFO - [2023-04-11T10:21:53.565+0000] {dag.py:2705} INFO - Sync 1 DAGs
[2023-04-11T10:21:53.704+0000] {logging_mixin.py:137} INFO - [2023-04-11T10:21:53.703+0000] {dag.py:3456} INFO - Setting next_dagrun for dag_with_date_commands to 2023-04-11T10:20:00+00:00, run_after=2023-04-11T10:25:00+00:00
[2023-04-11T10:21:53.861+0000] {processor.py:175} INFO - Processing /opt/airflow/dags/dag_with_date_commands.py took 0.530 seconds
[2023-04-11T10:22:24.009+0000] {processor.py:153} INFO - Started process (PID=1712) to work on /opt/airflow/dags/dag_with_date_commands.py
[2023-04-11T10:22:24.017+0000] {processor.py:743} INFO - Processing file /opt/airflow/dags/dag_with_date_commands.py for tasks to queue
[2023-04-11T10:22:24.021+0000] {logging_mixin.py:137} INFO - [2023-04-11T10:22:24.021+0000] {dagbag.py:532} INFO - Filling up the DagBag from /opt/airflow/dags/dag_with_date_commands.py
[2023-04-11T10:22:24.122+0000] {processor.py:753} INFO - DAG(s) dict_keys(['dag_with_date_commands']) retrieved from /opt/airflow/dags/dag_with_date_commands.py
[2023-04-11T10:22:24.177+0000] {logging_mixin.py:137} INFO - [2023-04-11T10:22:24.177+0000] {dag.py:2705} INFO - Sync 1 DAGs
[2023-04-11T10:22:24.254+0000] {logging_mixin.py:137} INFO - [2023-04-11T10:22:24.253+0000] {dag.py:3456} INFO - Setting next_dagrun for dag_with_date_commands to 2023-04-11T10:20:00+00:00, run_after=2023-04-11T10:25:00+00:00
[2023-04-11T10:22:24.308+0000] {processor.py:175} INFO - Processing /opt/airflow/dags/dag_with_date_commands.py took 0.304 seconds
[2023-04-11T10:22:54.930+0000] {processor.py:153} INFO - Started process (PID=1739) to work on /opt/airflow/dags/dag_with_date_commands.py
[2023-04-11T10:22:54.932+0000] {processor.py:743} INFO - Processing file /opt/airflow/dags/dag_with_date_commands.py for tasks to queue
[2023-04-11T10:22:54.934+0000] {logging_mixin.py:137} INFO - [2023-04-11T10:22:54.934+0000] {dagbag.py:532} INFO - Filling up the DagBag from /opt/airflow/dags/dag_with_date_commands.py
[2023-04-11T10:22:55.078+0000] {processor.py:753} INFO - DAG(s) dict_keys(['dag_with_date_commands']) retrieved from /opt/airflow/dags/dag_with_date_commands.py
[2023-04-11T10:22:55.129+0000] {logging_mixin.py:137} INFO - [2023-04-11T10:22:55.129+0000] {dag.py:2705} INFO - Sync 1 DAGs
[2023-04-11T10:22:55.200+0000] {logging_mixin.py:137} INFO - [2023-04-11T10:22:55.199+0000] {dag.py:3456} INFO - Setting next_dagrun for dag_with_date_commands to 2023-04-11T10:20:00+00:00, run_after=2023-04-11T10:25:00+00:00
[2023-04-11T10:22:55.256+0000] {processor.py:175} INFO - Processing /opt/airflow/dags/dag_with_date_commands.py took 0.337 seconds
[2023-04-11T10:23:25.514+0000] {processor.py:153} INFO - Started process (PID=1771) to work on /opt/airflow/dags/dag_with_date_commands.py
[2023-04-11T10:23:25.527+0000] {processor.py:743} INFO - Processing file /opt/airflow/dags/dag_with_date_commands.py for tasks to queue
[2023-04-11T10:23:25.535+0000] {logging_mixin.py:137} INFO - [2023-04-11T10:23:25.535+0000] {dagbag.py:532} INFO - Filling up the DagBag from /opt/airflow/dags/dag_with_date_commands.py
[2023-04-11T10:23:25.783+0000] {processor.py:753} INFO - DAG(s) dict_keys(['dag_with_date_commands']) retrieved from /opt/airflow/dags/dag_with_date_commands.py
[2023-04-11T10:23:25.988+0000] {logging_mixin.py:137} INFO - [2023-04-11T10:23:25.987+0000] {dag.py:2705} INFO - Sync 1 DAGs
[2023-04-11T10:23:26.150+0000] {logging_mixin.py:137} INFO - [2023-04-11T10:23:26.150+0000] {dag.py:3456} INFO - Setting next_dagrun for dag_with_date_commands to 2023-04-11T10:20:00+00:00, run_after=2023-04-11T10:25:00+00:00
[2023-04-11T10:23:26.317+0000] {processor.py:175} INFO - Processing /opt/airflow/dags/dag_with_date_commands.py took 0.808 seconds
[2023-04-11T10:23:57.397+0000] {processor.py:153} INFO - Started process (PID=1810) to work on /opt/airflow/dags/dag_with_date_commands.py
[2023-04-11T10:23:57.400+0000] {processor.py:743} INFO - Processing file /opt/airflow/dags/dag_with_date_commands.py for tasks to queue
[2023-04-11T10:23:57.408+0000] {logging_mixin.py:137} INFO - [2023-04-11T10:23:57.408+0000] {dagbag.py:532} INFO - Filling up the DagBag from /opt/airflow/dags/dag_with_date_commands.py
[2023-04-11T10:23:57.552+0000] {processor.py:753} INFO - DAG(s) dict_keys(['dag_with_date_commands']) retrieved from /opt/airflow/dags/dag_with_date_commands.py
[2023-04-11T10:23:57.683+0000] {logging_mixin.py:137} INFO - [2023-04-11T10:23:57.683+0000] {dag.py:2705} INFO - Sync 1 DAGs
[2023-04-11T10:23:57.815+0000] {logging_mixin.py:137} INFO - [2023-04-11T10:23:57.815+0000] {dag.py:3456} INFO - Setting next_dagrun for dag_with_date_commands to 2023-04-11T10:20:00+00:00, run_after=2023-04-11T10:25:00+00:00
[2023-04-11T10:23:57.895+0000] {processor.py:175} INFO - Processing /opt/airflow/dags/dag_with_date_commands.py took 0.504 seconds
[2023-04-11T10:24:28.200+0000] {processor.py:153} INFO - Started process (PID=1842) to work on /opt/airflow/dags/dag_with_date_commands.py
[2023-04-11T10:24:28.206+0000] {processor.py:743} INFO - Processing file /opt/airflow/dags/dag_with_date_commands.py for tasks to queue
[2023-04-11T10:24:28.209+0000] {logging_mixin.py:137} INFO - [2023-04-11T10:24:28.208+0000] {dagbag.py:532} INFO - Filling up the DagBag from /opt/airflow/dags/dag_with_date_commands.py
[2023-04-11T10:24:28.337+0000] {processor.py:753} INFO - DAG(s) dict_keys(['dag_with_date_commands']) retrieved from /opt/airflow/dags/dag_with_date_commands.py
[2023-04-11T10:24:28.489+0000] {logging_mixin.py:137} INFO - [2023-04-11T10:24:28.489+0000] {dag.py:2705} INFO - Sync 1 DAGs
[2023-04-11T10:24:28.603+0000] {logging_mixin.py:137} INFO - [2023-04-11T10:24:28.603+0000] {dag.py:3456} INFO - Setting next_dagrun for dag_with_date_commands to 2023-04-11T10:20:00+00:00, run_after=2023-04-11T10:25:00+00:00
[2023-04-11T10:24:28.723+0000] {processor.py:175} INFO - Processing /opt/airflow/dags/dag_with_date_commands.py took 0.532 seconds
[2023-04-11T10:24:59.638+0000] {processor.py:153} INFO - Started process (PID=1875) to work on /opt/airflow/dags/dag_with_date_commands.py
[2023-04-11T10:24:59.671+0000] {processor.py:743} INFO - Processing file /opt/airflow/dags/dag_with_date_commands.py for tasks to queue
[2023-04-11T10:24:59.681+0000] {logging_mixin.py:137} INFO - [2023-04-11T10:24:59.680+0000] {dagbag.py:532} INFO - Filling up the DagBag from /opt/airflow/dags/dag_with_date_commands.py
[2023-04-11T10:24:59.845+0000] {processor.py:753} INFO - DAG(s) dict_keys(['dag_with_date_commands']) retrieved from /opt/airflow/dags/dag_with_date_commands.py
[2023-04-11T10:24:59.970+0000] {logging_mixin.py:137} INFO - [2023-04-11T10:24:59.970+0000] {dag.py:2705} INFO - Sync 1 DAGs
[2023-04-11T10:25:00.147+0000] {logging_mixin.py:137} INFO - [2023-04-11T10:25:00.147+0000] {dag.py:3456} INFO - Setting next_dagrun for dag_with_date_commands to 2023-04-11T10:20:00+00:00, run_after=2023-04-11T10:25:00+00:00
[2023-04-11T10:25:00.221+0000] {processor.py:175} INFO - Processing /opt/airflow/dags/dag_with_date_commands.py took 0.590 seconds
[2023-04-11T10:25:30.447+0000] {processor.py:153} INFO - Started process (PID=1919) to work on /opt/airflow/dags/dag_with_date_commands.py
[2023-04-11T10:25:30.449+0000] {processor.py:743} INFO - Processing file /opt/airflow/dags/dag_with_date_commands.py for tasks to queue
[2023-04-11T10:25:30.451+0000] {logging_mixin.py:137} INFO - [2023-04-11T10:25:30.451+0000] {dagbag.py:532} INFO - Filling up the DagBag from /opt/airflow/dags/dag_with_date_commands.py
[2023-04-11T10:25:30.586+0000] {processor.py:753} INFO - DAG(s) dict_keys(['dag_with_date_commands']) retrieved from /opt/airflow/dags/dag_with_date_commands.py
[2023-04-11T10:25:30.736+0000] {logging_mixin.py:137} INFO - [2023-04-11T10:25:30.735+0000] {dag.py:2705} INFO - Sync 1 DAGs
[2023-04-11T10:25:30.926+0000] {logging_mixin.py:137} INFO - [2023-04-11T10:25:30.926+0000] {dag.py:3456} INFO - Setting next_dagrun for dag_with_date_commands to 2023-04-11T10:25:00+00:00, run_after=2023-04-11T10:30:00+00:00
[2023-04-11T10:25:31.074+0000] {processor.py:175} INFO - Processing /opt/airflow/dags/dag_with_date_commands.py took 0.641 seconds
[2023-04-11T10:26:01.462+0000] {processor.py:153} INFO - Started process (PID=1953) to work on /opt/airflow/dags/dag_with_date_commands.py
[2023-04-11T10:26:01.467+0000] {processor.py:743} INFO - Processing file /opt/airflow/dags/dag_with_date_commands.py for tasks to queue
[2023-04-11T10:26:01.469+0000] {logging_mixin.py:137} INFO - [2023-04-11T10:26:01.469+0000] {dagbag.py:532} INFO - Filling up the DagBag from /opt/airflow/dags/dag_with_date_commands.py
[2023-04-11T10:26:01.603+0000] {processor.py:753} INFO - DAG(s) dict_keys(['dag_with_date_commands']) retrieved from /opt/airflow/dags/dag_with_date_commands.py
[2023-04-11T10:26:01.724+0000] {logging_mixin.py:137} INFO - [2023-04-11T10:26:01.715+0000] {dag.py:2705} INFO - Sync 1 DAGs
[2023-04-11T10:26:01.862+0000] {logging_mixin.py:137} INFO - [2023-04-11T10:26:01.862+0000] {dag.py:3456} INFO - Setting next_dagrun for dag_with_date_commands to 2023-04-11T10:25:00+00:00, run_after=2023-04-11T10:30:00+00:00
[2023-04-11T10:26:01.971+0000] {processor.py:175} INFO - Processing /opt/airflow/dags/dag_with_date_commands.py took 0.521 seconds
[2023-04-11T10:26:32.860+0000] {processor.py:153} INFO - Started process (PID=1990) to work on /opt/airflow/dags/dag_with_date_commands.py
[2023-04-11T10:26:32.874+0000] {processor.py:743} INFO - Processing file /opt/airflow/dags/dag_with_date_commands.py for tasks to queue
[2023-04-11T10:26:32.906+0000] {logging_mixin.py:137} INFO - [2023-04-11T10:26:32.905+0000] {dagbag.py:532} INFO - Filling up the DagBag from /opt/airflow/dags/dag_with_date_commands.py
[2023-04-11T10:26:33.323+0000] {processor.py:753} INFO - DAG(s) dict_keys(['dag_with_date_commands']) retrieved from /opt/airflow/dags/dag_with_date_commands.py
[2023-04-11T10:26:33.485+0000] {logging_mixin.py:137} INFO - [2023-04-11T10:26:33.485+0000] {dag.py:2705} INFO - Sync 1 DAGs
[2023-04-11T10:26:33.623+0000] {logging_mixin.py:137} INFO - [2023-04-11T10:26:33.616+0000] {dag.py:3456} INFO - Setting next_dagrun for dag_with_date_commands to 2023-04-11T10:25:00+00:00, run_after=2023-04-11T10:30:00+00:00
[2023-04-11T10:26:33.721+0000] {processor.py:175} INFO - Processing /opt/airflow/dags/dag_with_date_commands.py took 0.880 seconds
[2023-04-11T10:27:04.268+0000] {processor.py:153} INFO - Started process (PID=2027) to work on /opt/airflow/dags/dag_with_date_commands.py
[2023-04-11T10:27:04.270+0000] {processor.py:743} INFO - Processing file /opt/airflow/dags/dag_with_date_commands.py for tasks to queue
[2023-04-11T10:27:04.272+0000] {logging_mixin.py:137} INFO - [2023-04-11T10:27:04.271+0000] {dagbag.py:532} INFO - Filling up the DagBag from /opt/airflow/dags/dag_with_date_commands.py
[2023-04-11T10:27:04.366+0000] {processor.py:753} INFO - DAG(s) dict_keys(['dag_with_date_commands']) retrieved from /opt/airflow/dags/dag_with_date_commands.py
[2023-04-11T10:27:04.430+0000] {logging_mixin.py:137} INFO - [2023-04-11T10:27:04.430+0000] {dag.py:2705} INFO - Sync 1 DAGs
[2023-04-11T10:27:04.522+0000] {logging_mixin.py:137} INFO - [2023-04-11T10:27:04.522+0000] {dag.py:3456} INFO - Setting next_dagrun for dag_with_date_commands to 2023-04-11T10:25:00+00:00, run_after=2023-04-11T10:30:00+00:00
[2023-04-11T10:27:04.595+0000] {processor.py:175} INFO - Processing /opt/airflow/dags/dag_with_date_commands.py took 0.333 seconds
[2023-04-11T10:27:35.016+0000] {processor.py:153} INFO - Started process (PID=2063) to work on /opt/airflow/dags/dag_with_date_commands.py
[2023-04-11T10:27:35.030+0000] {processor.py:743} INFO - Processing file /opt/airflow/dags/dag_with_date_commands.py for tasks to queue
[2023-04-11T10:27:35.054+0000] {logging_mixin.py:137} INFO - [2023-04-11T10:27:35.053+0000] {dagbag.py:532} INFO - Filling up the DagBag from /opt/airflow/dags/dag_with_date_commands.py
[2023-04-11T10:27:35.540+0000] {processor.py:753} INFO - DAG(s) dict_keys(['dag_with_date_commands']) retrieved from /opt/airflow/dags/dag_with_date_commands.py
[2023-04-11T10:27:35.684+0000] {logging_mixin.py:137} INFO - [2023-04-11T10:27:35.684+0000] {dag.py:2705} INFO - Sync 1 DAGs
[2023-04-11T10:27:35.843+0000] {logging_mixin.py:137} INFO - [2023-04-11T10:27:35.843+0000] {dag.py:3456} INFO - Setting next_dagrun for dag_with_date_commands to 2023-04-11T10:25:00+00:00, run_after=2023-04-11T10:30:00+00:00
[2023-04-11T10:27:36.056+0000] {processor.py:175} INFO - Processing /opt/airflow/dags/dag_with_date_commands.py took 1.058 seconds
[2023-04-11T10:28:06.267+0000] {processor.py:153} INFO - Started process (PID=2100) to work on /opt/airflow/dags/dag_with_date_commands.py
[2023-04-11T10:28:06.270+0000] {processor.py:743} INFO - Processing file /opt/airflow/dags/dag_with_date_commands.py for tasks to queue
[2023-04-11T10:28:06.272+0000] {logging_mixin.py:137} INFO - [2023-04-11T10:28:06.272+0000] {dagbag.py:532} INFO - Filling up the DagBag from /opt/airflow/dags/dag_with_date_commands.py
[2023-04-11T10:28:06.385+0000] {processor.py:753} INFO - DAG(s) dict_keys(['dag_with_date_commands']) retrieved from /opt/airflow/dags/dag_with_date_commands.py
[2023-04-11T10:28:06.440+0000] {logging_mixin.py:137} INFO - [2023-04-11T10:28:06.440+0000] {dag.py:2705} INFO - Sync 1 DAGs
[2023-04-11T10:28:06.545+0000] {logging_mixin.py:137} INFO - [2023-04-11T10:28:06.544+0000] {dag.py:3456} INFO - Setting next_dagrun for dag_with_date_commands to 2023-04-11T10:25:00+00:00, run_after=2023-04-11T10:30:00+00:00
[2023-04-11T10:28:06.599+0000] {processor.py:175} INFO - Processing /opt/airflow/dags/dag_with_date_commands.py took 0.342 seconds
[2023-04-11T10:28:37.374+0000] {processor.py:153} INFO - Started process (PID=2137) to work on /opt/airflow/dags/dag_with_date_commands.py
[2023-04-11T10:28:37.376+0000] {processor.py:743} INFO - Processing file /opt/airflow/dags/dag_with_date_commands.py for tasks to queue
[2023-04-11T10:28:37.378+0000] {logging_mixin.py:137} INFO - [2023-04-11T10:28:37.378+0000] {dagbag.py:532} INFO - Filling up the DagBag from /opt/airflow/dags/dag_with_date_commands.py
[2023-04-11T10:28:37.471+0000] {processor.py:753} INFO - DAG(s) dict_keys(['dag_with_date_commands']) retrieved from /opt/airflow/dags/dag_with_date_commands.py
[2023-04-11T10:28:37.545+0000] {logging_mixin.py:137} INFO - [2023-04-11T10:28:37.545+0000] {dag.py:2705} INFO - Sync 1 DAGs
[2023-04-11T10:28:37.638+0000] {logging_mixin.py:137} INFO - [2023-04-11T10:28:37.638+0000] {dag.py:3456} INFO - Setting next_dagrun for dag_with_date_commands to 2023-04-11T10:25:00+00:00, run_after=2023-04-11T10:30:00+00:00
[2023-04-11T10:28:37.710+0000] {processor.py:175} INFO - Processing /opt/airflow/dags/dag_with_date_commands.py took 0.343 seconds
[2023-04-11T10:29:08.086+0000] {processor.py:153} INFO - Started process (PID=2177) to work on /opt/airflow/dags/dag_with_date_commands.py
[2023-04-11T10:29:08.092+0000] {processor.py:743} INFO - Processing file /opt/airflow/dags/dag_with_date_commands.py for tasks to queue
[2023-04-11T10:29:08.094+0000] {logging_mixin.py:137} INFO - [2023-04-11T10:29:08.093+0000] {dagbag.py:532} INFO - Filling up the DagBag from /opt/airflow/dags/dag_with_date_commands.py
[2023-04-11T10:29:08.350+0000] {processor.py:753} INFO - DAG(s) dict_keys(['dag_with_date_commands']) retrieved from /opt/airflow/dags/dag_with_date_commands.py
[2023-04-11T10:29:08.472+0000] {logging_mixin.py:137} INFO - [2023-04-11T10:29:08.471+0000] {dag.py:2705} INFO - Sync 1 DAGs
[2023-04-11T10:29:08.747+0000] {logging_mixin.py:137} INFO - [2023-04-11T10:29:08.736+0000] {dag.py:3456} INFO - Setting next_dagrun for dag_with_date_commands to 2023-04-11T10:25:00+00:00, run_after=2023-04-11T10:30:00+00:00
[2023-04-11T10:29:08.912+0000] {processor.py:175} INFO - Processing /opt/airflow/dags/dag_with_date_commands.py took 0.842 seconds
[2023-04-11T10:29:39.277+0000] {processor.py:153} INFO - Started process (PID=2217) to work on /opt/airflow/dags/dag_with_date_commands.py
[2023-04-11T10:29:39.282+0000] {processor.py:743} INFO - Processing file /opt/airflow/dags/dag_with_date_commands.py for tasks to queue
[2023-04-11T10:29:39.296+0000] {logging_mixin.py:137} INFO - [2023-04-11T10:29:39.295+0000] {dagbag.py:532} INFO - Filling up the DagBag from /opt/airflow/dags/dag_with_date_commands.py
[2023-04-11T10:29:39.421+0000] {processor.py:753} INFO - DAG(s) dict_keys(['dag_with_date_commands']) retrieved from /opt/airflow/dags/dag_with_date_commands.py
[2023-04-11T10:29:39.481+0000] {logging_mixin.py:137} INFO - [2023-04-11T10:29:39.480+0000] {dag.py:2705} INFO - Sync 1 DAGs
[2023-04-11T10:29:39.593+0000] {logging_mixin.py:137} INFO - [2023-04-11T10:29:39.585+0000] {dag.py:3456} INFO - Setting next_dagrun for dag_with_date_commands to 2023-04-11T10:25:00+00:00, run_after=2023-04-11T10:30:00+00:00
[2023-04-11T10:29:39.679+0000] {processor.py:175} INFO - Processing /opt/airflow/dags/dag_with_date_commands.py took 0.420 seconds
[2023-04-11T10:30:09.904+0000] {processor.py:153} INFO - Started process (PID=2256) to work on /opt/airflow/dags/dag_with_date_commands.py
[2023-04-11T10:30:09.909+0000] {processor.py:743} INFO - Processing file /opt/airflow/dags/dag_with_date_commands.py for tasks to queue
[2023-04-11T10:30:09.912+0000] {logging_mixin.py:137} INFO - [2023-04-11T10:30:09.912+0000] {dagbag.py:532} INFO - Filling up the DagBag from /opt/airflow/dags/dag_with_date_commands.py
[2023-04-11T10:30:10.029+0000] {processor.py:753} INFO - DAG(s) dict_keys(['dag_with_date_commands']) retrieved from /opt/airflow/dags/dag_with_date_commands.py
[2023-04-11T10:30:10.127+0000] {logging_mixin.py:137} INFO - [2023-04-11T10:30:10.123+0000] {dag.py:2705} INFO - Sync 1 DAGs
[2023-04-11T10:30:10.242+0000] {logging_mixin.py:137} INFO - [2023-04-11T10:30:10.242+0000] {dag.py:3456} INFO - Setting next_dagrun for dag_with_date_commands to 2023-04-11T10:30:00+00:00, run_after=2023-04-11T10:35:00+00:00
[2023-04-11T10:30:10.319+0000] {processor.py:175} INFO - Processing /opt/airflow/dags/dag_with_date_commands.py took 0.421 seconds
[2023-04-11T10:30:40.898+0000] {processor.py:153} INFO - Started process (PID=2291) to work on /opt/airflow/dags/dag_with_date_commands.py
[2023-04-11T10:30:40.901+0000] {processor.py:743} INFO - Processing file /opt/airflow/dags/dag_with_date_commands.py for tasks to queue
[2023-04-11T10:30:40.903+0000] {logging_mixin.py:137} INFO - [2023-04-11T10:30:40.902+0000] {dagbag.py:532} INFO - Filling up the DagBag from /opt/airflow/dags/dag_with_date_commands.py
[2023-04-11T10:30:41.010+0000] {processor.py:753} INFO - DAG(s) dict_keys(['dag_with_date_commands']) retrieved from /opt/airflow/dags/dag_with_date_commands.py
[2023-04-11T10:30:41.077+0000] {logging_mixin.py:137} INFO - [2023-04-11T10:30:41.075+0000] {dag.py:2705} INFO - Sync 1 DAGs
[2023-04-11T10:30:41.160+0000] {logging_mixin.py:137} INFO - [2023-04-11T10:30:41.160+0000] {dag.py:3456} INFO - Setting next_dagrun for dag_with_date_commands to 2023-04-11T10:30:00+00:00, run_after=2023-04-11T10:35:00+00:00
[2023-04-11T10:30:41.257+0000] {processor.py:175} INFO - Processing /opt/airflow/dags/dag_with_date_commands.py took 0.367 seconds
[2023-04-11T10:31:11.543+0000] {processor.py:153} INFO - Started process (PID=2328) to work on /opt/airflow/dags/dag_with_date_commands.py
[2023-04-11T10:31:11.550+0000] {processor.py:743} INFO - Processing file /opt/airflow/dags/dag_with_date_commands.py for tasks to queue
[2023-04-11T10:31:11.556+0000] {logging_mixin.py:137} INFO - [2023-04-11T10:31:11.556+0000] {dagbag.py:532} INFO - Filling up the DagBag from /opt/airflow/dags/dag_with_date_commands.py
[2023-04-11T10:31:11.709+0000] {processor.py:753} INFO - DAG(s) dict_keys(['dag_with_date_commands']) retrieved from /opt/airflow/dags/dag_with_date_commands.py
[2023-04-11T10:31:11.780+0000] {logging_mixin.py:137} INFO - [2023-04-11T10:31:11.780+0000] {dag.py:2705} INFO - Sync 1 DAGs
[2023-04-11T10:31:11.859+0000] {logging_mixin.py:137} INFO - [2023-04-11T10:31:11.858+0000] {dag.py:3456} INFO - Setting next_dagrun for dag_with_date_commands to 2023-04-11T10:30:00+00:00, run_after=2023-04-11T10:35:00+00:00
[2023-04-11T10:31:11.940+0000] {processor.py:175} INFO - Processing /opt/airflow/dags/dag_with_date_commands.py took 0.402 seconds
[2023-04-11T10:31:42.528+0000] {processor.py:153} INFO - Started process (PID=2365) to work on /opt/airflow/dags/dag_with_date_commands.py
[2023-04-11T10:31:42.530+0000] {processor.py:743} INFO - Processing file /opt/airflow/dags/dag_with_date_commands.py for tasks to queue
[2023-04-11T10:31:42.532+0000] {logging_mixin.py:137} INFO - [2023-04-11T10:31:42.532+0000] {dagbag.py:532} INFO - Filling up the DagBag from /opt/airflow/dags/dag_with_date_commands.py
[2023-04-11T10:31:42.626+0000] {processor.py:753} INFO - DAG(s) dict_keys(['dag_with_date_commands']) retrieved from /opt/airflow/dags/dag_with_date_commands.py
[2023-04-11T10:31:42.680+0000] {logging_mixin.py:137} INFO - [2023-04-11T10:31:42.680+0000] {dag.py:2705} INFO - Sync 1 DAGs
[2023-04-11T10:31:42.754+0000] {logging_mixin.py:137} INFO - [2023-04-11T10:31:42.754+0000] {dag.py:3456} INFO - Setting next_dagrun for dag_with_date_commands to 2023-04-11T10:30:00+00:00, run_after=2023-04-11T10:35:00+00:00
[2023-04-11T10:31:42.790+0000] {processor.py:175} INFO - Processing /opt/airflow/dags/dag_with_date_commands.py took 0.267 seconds
[2023-04-11T10:32:13.008+0000] {processor.py:153} INFO - Started process (PID=2402) to work on /opt/airflow/dags/dag_with_date_commands.py
[2023-04-11T10:32:13.010+0000] {processor.py:743} INFO - Processing file /opt/airflow/dags/dag_with_date_commands.py for tasks to queue
[2023-04-11T10:32:13.012+0000] {logging_mixin.py:137} INFO - [2023-04-11T10:32:13.012+0000] {dagbag.py:532} INFO - Filling up the DagBag from /opt/airflow/dags/dag_with_date_commands.py
[2023-04-11T10:32:13.153+0000] {processor.py:753} INFO - DAG(s) dict_keys(['dag_with_date_commands']) retrieved from /opt/airflow/dags/dag_with_date_commands.py
[2023-04-11T10:32:13.302+0000] {logging_mixin.py:137} INFO - [2023-04-11T10:32:13.301+0000] {dag.py:2705} INFO - Sync 1 DAGs
[2023-04-11T10:32:13.449+0000] {logging_mixin.py:137} INFO - [2023-04-11T10:32:13.447+0000] {dag.py:3456} INFO - Setting next_dagrun for dag_with_date_commands to 2023-04-11T10:30:00+00:00, run_after=2023-04-11T10:35:00+00:00
[2023-04-11T10:32:13.604+0000] {processor.py:175} INFO - Processing /opt/airflow/dags/dag_with_date_commands.py took 0.625 seconds
[2023-04-11T10:32:44.128+0000] {processor.py:153} INFO - Started process (PID=2444) to work on /opt/airflow/dags/dag_with_date_commands.py
[2023-04-11T10:32:44.130+0000] {processor.py:743} INFO - Processing file /opt/airflow/dags/dag_with_date_commands.py for tasks to queue
[2023-04-11T10:32:44.132+0000] {logging_mixin.py:137} INFO - [2023-04-11T10:32:44.132+0000] {dagbag.py:532} INFO - Filling up the DagBag from /opt/airflow/dags/dag_with_date_commands.py
[2023-04-11T10:32:44.246+0000] {processor.py:753} INFO - DAG(s) dict_keys(['dag_with_date_commands']) retrieved from /opt/airflow/dags/dag_with_date_commands.py
[2023-04-11T10:32:44.326+0000] {logging_mixin.py:137} INFO - [2023-04-11T10:32:44.325+0000] {dag.py:2705} INFO - Sync 1 DAGs
[2023-04-11T10:32:44.404+0000] {logging_mixin.py:137} INFO - [2023-04-11T10:32:44.404+0000] {dag.py:3456} INFO - Setting next_dagrun for dag_with_date_commands to 2023-04-11T10:30:00+00:00, run_after=2023-04-11T10:35:00+00:00
[2023-04-11T10:32:44.465+0000] {processor.py:175} INFO - Processing /opt/airflow/dags/dag_with_date_commands.py took 0.342 seconds
[2023-04-11T10:33:14.890+0000] {processor.py:153} INFO - Started process (PID=2481) to work on /opt/airflow/dags/dag_with_date_commands.py
[2023-04-11T10:33:14.892+0000] {processor.py:743} INFO - Processing file /opt/airflow/dags/dag_with_date_commands.py for tasks to queue
[2023-04-11T10:33:14.894+0000] {logging_mixin.py:137} INFO - [2023-04-11T10:33:14.894+0000] {dagbag.py:532} INFO - Filling up the DagBag from /opt/airflow/dags/dag_with_date_commands.py
[2023-04-11T10:33:15.005+0000] {processor.py:753} INFO - DAG(s) dict_keys(['dag_with_date_commands']) retrieved from /opt/airflow/dags/dag_with_date_commands.py
[2023-04-11T10:33:15.112+0000] {logging_mixin.py:137} INFO - [2023-04-11T10:33:15.112+0000] {dag.py:2705} INFO - Sync 1 DAGs
[2023-04-11T10:33:15.266+0000] {logging_mixin.py:137} INFO - [2023-04-11T10:33:15.266+0000] {dag.py:3456} INFO - Setting next_dagrun for dag_with_date_commands to 2023-04-11T10:30:00+00:00, run_after=2023-04-11T10:35:00+00:00
[2023-04-11T10:33:15.378+0000] {processor.py:175} INFO - Processing /opt/airflow/dags/dag_with_date_commands.py took 0.494 seconds
[2023-04-11T10:33:45.719+0000] {processor.py:153} INFO - Started process (PID=2518) to work on /opt/airflow/dags/dag_with_date_commands.py
[2023-04-11T10:33:45.731+0000] {processor.py:743} INFO - Processing file /opt/airflow/dags/dag_with_date_commands.py for tasks to queue
[2023-04-11T10:33:45.733+0000] {logging_mixin.py:137} INFO - [2023-04-11T10:33:45.733+0000] {dagbag.py:532} INFO - Filling up the DagBag from /opt/airflow/dags/dag_with_date_commands.py
[2023-04-11T10:33:45.843+0000] {processor.py:753} INFO - DAG(s) dict_keys(['dag_with_date_commands']) retrieved from /opt/airflow/dags/dag_with_date_commands.py
[2023-04-11T10:33:45.923+0000] {logging_mixin.py:137} INFO - [2023-04-11T10:33:45.920+0000] {dag.py:2705} INFO - Sync 1 DAGs
[2023-04-11T10:33:46.001+0000] {logging_mixin.py:137} INFO - [2023-04-11T10:33:46.000+0000] {dag.py:3456} INFO - Setting next_dagrun for dag_with_date_commands to 2023-04-11T10:30:00+00:00, run_after=2023-04-11T10:35:00+00:00
[2023-04-11T10:33:46.063+0000] {processor.py:175} INFO - Processing /opt/airflow/dags/dag_with_date_commands.py took 0.350 seconds
[2023-04-11T10:34:16.600+0000] {processor.py:153} INFO - Started process (PID=2550) to work on /opt/airflow/dags/dag_with_date_commands.py
[2023-04-11T10:34:16.612+0000] {processor.py:743} INFO - Processing file /opt/airflow/dags/dag_with_date_commands.py for tasks to queue
[2023-04-11T10:34:16.623+0000] {logging_mixin.py:137} INFO - [2023-04-11T10:34:16.622+0000] {dagbag.py:532} INFO - Filling up the DagBag from /opt/airflow/dags/dag_with_date_commands.py
[2023-04-11T10:34:16.795+0000] {processor.py:753} INFO - DAG(s) dict_keys(['dag_with_date_commands']) retrieved from /opt/airflow/dags/dag_with_date_commands.py
[2023-04-11T10:34:16.891+0000] {logging_mixin.py:137} INFO - [2023-04-11T10:34:16.891+0000] {dag.py:2705} INFO - Sync 1 DAGs
[2023-04-11T10:34:16.979+0000] {logging_mixin.py:137} INFO - [2023-04-11T10:34:16.979+0000] {dag.py:3456} INFO - Setting next_dagrun for dag_with_date_commands to 2023-04-11T10:30:00+00:00, run_after=2023-04-11T10:35:00+00:00
[2023-04-11T10:34:17.046+0000] {processor.py:175} INFO - Processing /opt/airflow/dags/dag_with_date_commands.py took 0.457 seconds
[2023-04-11T10:34:47.484+0000] {processor.py:153} INFO - Started process (PID=2587) to work on /opt/airflow/dags/dag_with_date_commands.py
[2023-04-11T10:34:47.486+0000] {processor.py:743} INFO - Processing file /opt/airflow/dags/dag_with_date_commands.py for tasks to queue
[2023-04-11T10:34:47.488+0000] {logging_mixin.py:137} INFO - [2023-04-11T10:34:47.488+0000] {dagbag.py:532} INFO - Filling up the DagBag from /opt/airflow/dags/dag_with_date_commands.py
[2023-04-11T10:34:47.666+0000] {processor.py:753} INFO - DAG(s) dict_keys(['dag_with_date_commands']) retrieved from /opt/airflow/dags/dag_with_date_commands.py
[2023-04-11T10:34:47.751+0000] {logging_mixin.py:137} INFO - [2023-04-11T10:34:47.748+0000] {dag.py:2705} INFO - Sync 1 DAGs
[2023-04-11T10:34:47.867+0000] {logging_mixin.py:137} INFO - [2023-04-11T10:34:47.867+0000] {dag.py:3456} INFO - Setting next_dagrun for dag_with_date_commands to 2023-04-11T10:30:00+00:00, run_after=2023-04-11T10:35:00+00:00
[2023-04-11T10:34:47.928+0000] {processor.py:175} INFO - Processing /opt/airflow/dags/dag_with_date_commands.py took 0.460 seconds
[2023-04-11T10:35:19.119+0000] {processor.py:153} INFO - Started process (PID=2628) to work on /opt/airflow/dags/dag_with_date_commands.py
[2023-04-11T10:35:19.127+0000] {processor.py:743} INFO - Processing file /opt/airflow/dags/dag_with_date_commands.py for tasks to queue
[2023-04-11T10:35:19.134+0000] {logging_mixin.py:137} INFO - [2023-04-11T10:35:19.133+0000] {dagbag.py:532} INFO - Filling up the DagBag from /opt/airflow/dags/dag_with_date_commands.py
[2023-04-11T10:35:19.291+0000] {processor.py:753} INFO - DAG(s) dict_keys(['dag_with_date_commands']) retrieved from /opt/airflow/dags/dag_with_date_commands.py
[2023-04-11T10:35:19.405+0000] {logging_mixin.py:137} INFO - [2023-04-11T10:35:19.404+0000] {dag.py:2705} INFO - Sync 1 DAGs
[2023-04-11T10:35:19.537+0000] {logging_mixin.py:137} INFO - [2023-04-11T10:35:19.537+0000] {dag.py:3456} INFO - Setting next_dagrun for dag_with_date_commands to 2023-04-11T10:35:00+00:00, run_after=2023-04-11T10:40:00+00:00
[2023-04-11T10:35:19.659+0000] {processor.py:175} INFO - Processing /opt/airflow/dags/dag_with_date_commands.py took 0.547 seconds
[2023-04-11T10:35:49.868+0000] {processor.py:153} INFO - Started process (PID=2664) to work on /opt/airflow/dags/dag_with_date_commands.py
[2023-04-11T10:35:49.881+0000] {processor.py:743} INFO - Processing file /opt/airflow/dags/dag_with_date_commands.py for tasks to queue
[2023-04-11T10:35:49.884+0000] {logging_mixin.py:137} INFO - [2023-04-11T10:35:49.884+0000] {dagbag.py:532} INFO - Filling up the DagBag from /opt/airflow/dags/dag_with_date_commands.py
[2023-04-11T10:35:50.087+0000] {processor.py:753} INFO - DAG(s) dict_keys(['dag_with_date_commands']) retrieved from /opt/airflow/dags/dag_with_date_commands.py
[2023-04-11T10:35:50.338+0000] {logging_mixin.py:137} INFO - [2023-04-11T10:35:50.338+0000] {dag.py:2705} INFO - Sync 1 DAGs
[2023-04-11T10:35:50.557+0000] {logging_mixin.py:137} INFO - [2023-04-11T10:35:50.557+0000] {dag.py:3456} INFO - Setting next_dagrun for dag_with_date_commands to 2023-04-11T10:35:00+00:00, run_after=2023-04-11T10:40:00+00:00
[2023-04-11T10:35:50.692+0000] {processor.py:175} INFO - Processing /opt/airflow/dags/dag_with_date_commands.py took 0.838 seconds
[2023-04-11T10:36:21.012+0000] {processor.py:153} INFO - Started process (PID=2701) to work on /opt/airflow/dags/dag_with_date_commands.py
[2023-04-11T10:36:21.014+0000] {processor.py:743} INFO - Processing file /opt/airflow/dags/dag_with_date_commands.py for tasks to queue
[2023-04-11T10:36:21.016+0000] {logging_mixin.py:137} INFO - [2023-04-11T10:36:21.016+0000] {dagbag.py:532} INFO - Filling up the DagBag from /opt/airflow/dags/dag_with_date_commands.py
[2023-04-11T10:36:21.133+0000] {processor.py:753} INFO - DAG(s) dict_keys(['dag_with_date_commands']) retrieved from /opt/airflow/dags/dag_with_date_commands.py
[2023-04-11T10:36:21.218+0000] {logging_mixin.py:137} INFO - [2023-04-11T10:36:21.218+0000] {dag.py:2705} INFO - Sync 1 DAGs
[2023-04-11T10:36:21.329+0000] {logging_mixin.py:137} INFO - [2023-04-11T10:36:21.329+0000] {dag.py:3456} INFO - Setting next_dagrun for dag_with_date_commands to 2023-04-11T10:35:00+00:00, run_after=2023-04-11T10:40:00+00:00
[2023-04-11T10:36:21.417+0000] {processor.py:175} INFO - Processing /opt/airflow/dags/dag_with_date_commands.py took 0.412 seconds
[2023-04-11T10:36:52.515+0000] {processor.py:153} INFO - Started process (PID=2737) to work on /opt/airflow/dags/dag_with_date_commands.py
[2023-04-11T10:36:52.530+0000] {processor.py:743} INFO - Processing file /opt/airflow/dags/dag_with_date_commands.py for tasks to queue
[2023-04-11T10:36:52.544+0000] {logging_mixin.py:137} INFO - [2023-04-11T10:36:52.544+0000] {dagbag.py:532} INFO - Filling up the DagBag from /opt/airflow/dags/dag_with_date_commands.py
[2023-04-11T10:36:53.156+0000] {processor.py:753} INFO - DAG(s) dict_keys(['dag_with_date_commands']) retrieved from /opt/airflow/dags/dag_with_date_commands.py
[2023-04-11T10:36:53.413+0000] {logging_mixin.py:137} INFO - [2023-04-11T10:36:53.412+0000] {dag.py:2705} INFO - Sync 1 DAGs
[2023-04-11T10:36:53.714+0000] {logging_mixin.py:137} INFO - [2023-04-11T10:36:53.714+0000] {dag.py:3456} INFO - Setting next_dagrun for dag_with_date_commands to 2023-04-11T10:35:00+00:00, run_after=2023-04-11T10:40:00+00:00
[2023-04-11T10:36:53.895+0000] {processor.py:175} INFO - Processing /opt/airflow/dags/dag_with_date_commands.py took 1.398 seconds
[2023-04-11T10:37:25.125+0000] {processor.py:153} INFO - Started process (PID=2774) to work on /opt/airflow/dags/dag_with_date_commands.py
[2023-04-11T10:37:25.142+0000] {processor.py:743} INFO - Processing file /opt/airflow/dags/dag_with_date_commands.py for tasks to queue
[2023-04-11T10:37:25.160+0000] {logging_mixin.py:137} INFO - [2023-04-11T10:37:25.159+0000] {dagbag.py:532} INFO - Filling up the DagBag from /opt/airflow/dags/dag_with_date_commands.py
[2023-04-11T10:37:25.862+0000] {processor.py:753} INFO - DAG(s) dict_keys(['dag_with_date_commands']) retrieved from /opt/airflow/dags/dag_with_date_commands.py
[2023-04-11T10:37:26.002+0000] {logging_mixin.py:137} INFO - [2023-04-11T10:37:26.001+0000] {dag.py:2705} INFO - Sync 1 DAGs
[2023-04-11T10:37:26.254+0000] {logging_mixin.py:137} INFO - [2023-04-11T10:37:26.254+0000] {dag.py:3456} INFO - Setting next_dagrun for dag_with_date_commands to 2023-04-11T10:35:00+00:00, run_after=2023-04-11T10:40:00+00:00
[2023-04-11T10:37:26.530+0000] {processor.py:175} INFO - Processing /opt/airflow/dags/dag_with_date_commands.py took 1.435 seconds
[2023-04-11T10:37:57.564+0000] {processor.py:153} INFO - Started process (PID=2811) to work on /opt/airflow/dags/dag_with_date_commands.py
[2023-04-11T10:37:57.577+0000] {processor.py:743} INFO - Processing file /opt/airflow/dags/dag_with_date_commands.py for tasks to queue
[2023-04-11T10:37:57.584+0000] {logging_mixin.py:137} INFO - [2023-04-11T10:37:57.583+0000] {dagbag.py:532} INFO - Filling up the DagBag from /opt/airflow/dags/dag_with_date_commands.py
[2023-04-11T10:37:58.018+0000] {processor.py:753} INFO - DAG(s) dict_keys(['dag_with_date_commands']) retrieved from /opt/airflow/dags/dag_with_date_commands.py
[2023-04-11T10:37:58.149+0000] {logging_mixin.py:137} INFO - [2023-04-11T10:37:58.149+0000] {dag.py:2705} INFO - Sync 1 DAGs
[2023-04-11T10:37:58.377+0000] {logging_mixin.py:137} INFO - [2023-04-11T10:37:58.377+0000] {dag.py:3456} INFO - Setting next_dagrun for dag_with_date_commands to 2023-04-11T10:35:00+00:00, run_after=2023-04-11T10:40:00+00:00
[2023-04-11T10:37:58.519+0000] {processor.py:175} INFO - Processing /opt/airflow/dags/dag_with_date_commands.py took 0.964 seconds
[2023-04-11T10:38:28.856+0000] {processor.py:153} INFO - Started process (PID=2849) to work on /opt/airflow/dags/dag_with_date_commands.py
[2023-04-11T10:38:28.866+0000] {processor.py:743} INFO - Processing file /opt/airflow/dags/dag_with_date_commands.py for tasks to queue
[2023-04-11T10:38:28.869+0000] {logging_mixin.py:137} INFO - [2023-04-11T10:38:28.869+0000] {dagbag.py:532} INFO - Filling up the DagBag from /opt/airflow/dags/dag_with_date_commands.py
[2023-04-11T10:38:29.000+0000] {processor.py:753} INFO - DAG(s) dict_keys(['dag_with_date_commands']) retrieved from /opt/airflow/dags/dag_with_date_commands.py
[2023-04-11T10:38:29.114+0000] {logging_mixin.py:137} INFO - [2023-04-11T10:38:29.114+0000] {dag.py:2705} INFO - Sync 1 DAGs
[2023-04-11T10:38:29.244+0000] {logging_mixin.py:137} INFO - [2023-04-11T10:38:29.244+0000] {dag.py:3456} INFO - Setting next_dagrun for dag_with_date_commands to 2023-04-11T10:35:00+00:00, run_after=2023-04-11T10:40:00+00:00
[2023-04-11T10:38:29.339+0000] {processor.py:175} INFO - Processing /opt/airflow/dags/dag_with_date_commands.py took 0.490 seconds
[2023-04-11T10:39:00.208+0000] {processor.py:153} INFO - Started process (PID=2886) to work on /opt/airflow/dags/dag_with_date_commands.py
[2023-04-11T10:39:00.261+0000] {processor.py:743} INFO - Processing file /opt/airflow/dags/dag_with_date_commands.py for tasks to queue
[2023-04-11T10:39:00.287+0000] {logging_mixin.py:137} INFO - [2023-04-11T10:39:00.287+0000] {dagbag.py:532} INFO - Filling up the DagBag from /opt/airflow/dags/dag_with_date_commands.py
[2023-04-11T10:39:00.724+0000] {processor.py:753} INFO - DAG(s) dict_keys(['dag_with_date_commands']) retrieved from /opt/airflow/dags/dag_with_date_commands.py
[2023-04-11T10:39:00.954+0000] {logging_mixin.py:137} INFO - [2023-04-11T10:39:00.939+0000] {dag.py:2705} INFO - Sync 1 DAGs
[2023-04-11T10:39:01.229+0000] {logging_mixin.py:137} INFO - [2023-04-11T10:39:01.229+0000] {dag.py:3456} INFO - Setting next_dagrun for dag_with_date_commands to 2023-04-11T10:35:00+00:00, run_after=2023-04-11T10:40:00+00:00
[2023-04-11T10:39:01.433+0000] {processor.py:175} INFO - Processing /opt/airflow/dags/dag_with_date_commands.py took 1.248 seconds
[2023-04-11T10:39:31.944+0000] {processor.py:153} INFO - Started process (PID=2924) to work on /opt/airflow/dags/dag_with_date_commands.py
[2023-04-11T10:39:31.950+0000] {processor.py:743} INFO - Processing file /opt/airflow/dags/dag_with_date_commands.py for tasks to queue
[2023-04-11T10:39:31.959+0000] {logging_mixin.py:137} INFO - [2023-04-11T10:39:31.959+0000] {dagbag.py:532} INFO - Filling up the DagBag from /opt/airflow/dags/dag_with_date_commands.py
[2023-04-11T10:39:32.350+0000] {processor.py:753} INFO - DAG(s) dict_keys(['dag_with_date_commands']) retrieved from /opt/airflow/dags/dag_with_date_commands.py
[2023-04-11T10:39:32.502+0000] {logging_mixin.py:137} INFO - [2023-04-11T10:39:32.501+0000] {dag.py:2705} INFO - Sync 1 DAGs
[2023-04-11T10:39:32.695+0000] {logging_mixin.py:137} INFO - [2023-04-11T10:39:32.695+0000] {dag.py:3456} INFO - Setting next_dagrun for dag_with_date_commands to 2023-04-11T10:35:00+00:00, run_after=2023-04-11T10:40:00+00:00
[2023-04-11T10:39:32.799+0000] {processor.py:175} INFO - Processing /opt/airflow/dags/dag_with_date_commands.py took 0.872 seconds
[2023-04-11T10:40:07.246+0000] {processor.py:153} INFO - Started process (PID=2959) to work on /opt/airflow/dags/dag_with_date_commands.py
[2023-04-11T10:40:07.264+0000] {processor.py:743} INFO - Processing file /opt/airflow/dags/dag_with_date_commands.py for tasks to queue
[2023-04-11T10:40:07.293+0000] {logging_mixin.py:137} INFO - [2023-04-11T10:40:07.293+0000] {dagbag.py:532} INFO - Filling up the DagBag from /opt/airflow/dags/dag_with_date_commands.py
[2023-04-11T10:40:09.139+0000] {processor.py:753} INFO - DAG(s) dict_keys(['dag_with_date_commands']) retrieved from /opt/airflow/dags/dag_with_date_commands.py
[2023-04-11T10:40:09.449+0000] {logging_mixin.py:137} INFO - [2023-04-11T10:40:09.449+0000] {dag.py:2705} INFO - Sync 1 DAGs
[2023-04-11T10:40:10.142+0000] {logging_mixin.py:137} INFO - [2023-04-11T10:40:10.142+0000] {dag.py:3456} INFO - Setting next_dagrun for dag_with_date_commands to 2023-04-11T10:40:00+00:00, run_after=2023-04-11T10:45:00+00:00
[2023-04-11T10:40:10.419+0000] {processor.py:175} INFO - Processing /opt/airflow/dags/dag_with_date_commands.py took 3.190 seconds
