[2023-04-11T10:13:36.208+0000] {taskinstance.py:1090} INFO - Dependencies all met for dep_context=non-requeueable deps ti=<TaskInstance: dag_with_date_commands.success scheduled__2023-04-11T04:40:00+00:00 [queued]>
[2023-04-11T10:13:36.491+0000] {taskinstance.py:1090} INFO - Dependencies all met for dep_context=requeueable deps ti=<TaskInstance: dag_with_date_commands.success scheduled__2023-04-11T04:40:00+00:00 [queued]>
[2023-04-11T10:13:36.492+0000] {taskinstance.py:1288} INFO - 
--------------------------------------------------------------------------------
[2023-04-11T10:13:36.495+0000] {taskinstance.py:1289} INFO - Starting attempt 1 of 3
[2023-04-11T10:13:36.497+0000] {taskinstance.py:1290} INFO - 
--------------------------------------------------------------------------------
[2023-04-11T10:13:36.980+0000] {taskinstance.py:1309} INFO - Executing <Task(_PythonDecoratedOperator): success> on 2023-04-11 04:40:00+00:00
[2023-04-11T10:13:37.113+0000] {standard_task_runner.py:55} INFO - Started process 920 to run task
[2023-04-11T10:13:37.807+0000] {standard_task_runner.py:82} INFO - Running: ['***', 'tasks', 'run', 'dag_with_date_commands', 'success', 'scheduled__2023-04-11T04:40:00+00:00', '--job-id', '9294', '--raw', '--subdir', 'DAGS_FOLDER/dag_with_date_commands.py', '--cfg-path', '/tmp/tmpt5yv5oik']
[2023-04-11T10:13:37.853+0000] {standard_task_runner.py:83} INFO - Job 9294: Subtask success
[2023-04-11T10:13:41.328+0000] {task_command.py:389} INFO - Running <TaskInstance: dag_with_date_commands.success scheduled__2023-04-11T04:40:00+00:00 [running]> on host 0393b2e8282a
[2023-04-11T10:13:42.624+0000] {taskinstance.py:1518} INFO - Exporting the following env vars:
AIRFLOW_CTX_DAG_OWNER=rohit
AIRFLOW_CTX_DAG_ID=dag_with_date_commands
AIRFLOW_CTX_TASK_ID=success
AIRFLOW_CTX_EXECUTION_DATE=2023-04-11T04:40:00+00:00
AIRFLOW_CTX_TRY_NUMBER=1
AIRFLOW_CTX_DAG_RUN_ID=scheduled__2023-04-11T04:40:00+00:00
[2023-04-11T10:13:42.629+0000] {logging_mixin.py:137} INFO - Dag executed succesfully
[2023-04-11T10:13:42.634+0000] {python.py:177} INFO - Done. Returned value was: None
[2023-04-11T10:13:42.690+0000] {taskinstance.py:1332} INFO - Marking task as SUCCESS. dag_id=dag_with_date_commands, task_id=success, execution_date=20230411T044000, start_date=20230411T101336, end_date=20230411T101342
[2023-04-11T10:13:42.768+0000] {local_task_job.py:212} INFO - Task exited with return code 0
[2023-04-11T10:13:42.830+0000] {taskinstance.py:2596} INFO - 0 downstream tasks scheduled from follow-on schedule check
