[2023-04-11T10:12:09.889+0000] {taskinstance.py:1090} INFO - Dependencies all met for dep_context=non-requeueable deps ti=<TaskInstance: dag_with_date_commands.get_date_and_time manual__2023-04-11T10:12:01.335222+00:00 [queued]>
[2023-04-11T10:12:10.011+0000] {taskinstance.py:1090} INFO - Dependencies all met for dep_context=requeueable deps ti=<TaskInstance: dag_with_date_commands.get_date_and_time manual__2023-04-11T10:12:01.335222+00:00 [queued]>
[2023-04-11T10:12:10.018+0000] {taskinstance.py:1288} INFO - 
--------------------------------------------------------------------------------
[2023-04-11T10:12:10.019+0000] {taskinstance.py:1289} INFO - Starting attempt 1 of 3
[2023-04-11T10:12:10.020+0000] {taskinstance.py:1290} INFO - 
--------------------------------------------------------------------------------
[2023-04-11T10:12:10.292+0000] {taskinstance.py:1309} INFO - Executing <Task(_PythonDecoratedOperator): get_date_and_time> on 2023-04-11 10:12:01.335222+00:00
[2023-04-11T10:12:10.320+0000] {standard_task_runner.py:55} INFO - Started process 654 to run task
[2023-04-11T10:12:10.455+0000] {standard_task_runner.py:82} INFO - Running: ['***', 'tasks', 'run', 'dag_with_date_commands', 'get_date_and_time', 'manual__2023-04-11T10:12:01.335222+00:00', '--job-id', '9199', '--raw', '--subdir', 'DAGS_FOLDER/dag_with_date_commands.py', '--cfg-path', '/tmp/tmpkl8w79o4']
[2023-04-11T10:12:10.486+0000] {standard_task_runner.py:83} INFO - Job 9199: Subtask get_date_and_time
[2023-04-11T10:12:11.364+0000] {task_command.py:389} INFO - Running <TaskInstance: dag_with_date_commands.get_date_and_time manual__2023-04-11T10:12:01.335222+00:00 [running]> on host 0393b2e8282a
[2023-04-11T10:12:12.432+0000] {taskinstance.py:1518} INFO - Exporting the following env vars:
AIRFLOW_CTX_DAG_OWNER=rohit
AIRFLOW_CTX_DAG_ID=dag_with_date_commands
AIRFLOW_CTX_TASK_ID=get_date_and_time
AIRFLOW_CTX_EXECUTION_DATE=2023-04-11T10:12:01.335222+00:00
AIRFLOW_CTX_TRY_NUMBER=1
AIRFLOW_CTX_DAG_RUN_ID=manual__2023-04-11T10:12:01.335222+00:00
[2023-04-11T10:12:12.436+0000] {logging_mixin.py:137} INFO - Welcome to the Airflow, the current date and time is 2023-04-11 10:12:12.436861
[2023-04-11T10:12:12.443+0000] {python.py:177} INFO - Done. Returned value was: None
[2023-04-11T10:12:12.532+0000] {taskinstance.py:1332} INFO - Marking task as SUCCESS. dag_id=dag_with_date_commands, task_id=get_date_and_time, execution_date=20230411T101201, start_date=20230411T101209, end_date=20230411T101212
[2023-04-11T10:12:12.802+0000] {local_task_job.py:212} INFO - Task exited with return code 0
[2023-04-11T10:12:13.006+0000] {taskinstance.py:2596} INFO - 0 downstream tasks scheduled from follow-on schedule check
