[2023-04-11T10:12:01.921+0000] {taskinstance.py:1090} INFO - Dependencies all met for dep_context=non-requeueable deps ti=<TaskInstance: dag_with_date_commands.get_date_and_time scheduled__2023-04-11T00:30:00+00:00 [queued]>
[2023-04-11T10:12:02.062+0000] {taskinstance.py:1090} INFO - Dependencies all met for dep_context=requeueable deps ti=<TaskInstance: dag_with_date_commands.get_date_and_time scheduled__2023-04-11T00:30:00+00:00 [queued]>
[2023-04-11T10:12:02.075+0000] {taskinstance.py:1288} INFO - 
--------------------------------------------------------------------------------
[2023-04-11T10:12:02.080+0000] {taskinstance.py:1289} INFO - Starting attempt 1 of 3
[2023-04-11T10:12:02.085+0000] {taskinstance.py:1290} INFO - 
--------------------------------------------------------------------------------
[2023-04-11T10:12:02.437+0000] {taskinstance.py:1309} INFO - Executing <Task(_PythonDecoratedOperator): get_date_and_time> on 2023-04-11 00:30:00+00:00
[2023-04-11T10:12:02.480+0000] {standard_task_runner.py:55} INFO - Started process 627 to run task
[2023-04-11T10:12:02.516+0000] {standard_task_runner.py:82} INFO - Running: ['***', 'tasks', 'run', 'dag_with_date_commands', 'get_date_and_time', 'scheduled__2023-04-11T00:30:00+00:00', '--job-id', '9192', '--raw', '--subdir', 'DAGS_FOLDER/dag_with_date_commands.py', '--cfg-path', '/tmp/tmpjm_e5ycv']
[2023-04-11T10:12:02.541+0000] {standard_task_runner.py:83} INFO - Job 9192: Subtask get_date_and_time
[2023-04-11T10:12:06.440+0000] {task_command.py:389} INFO - Running <TaskInstance: dag_with_date_commands.get_date_and_time scheduled__2023-04-11T00:30:00+00:00 [running]> on host 0393b2e8282a
[2023-04-11T10:12:08.041+0000] {taskinstance.py:1518} INFO - Exporting the following env vars:
AIRFLOW_CTX_DAG_OWNER=rohit
AIRFLOW_CTX_DAG_ID=dag_with_date_commands
AIRFLOW_CTX_TASK_ID=get_date_and_time
AIRFLOW_CTX_EXECUTION_DATE=2023-04-11T00:30:00+00:00
AIRFLOW_CTX_TRY_NUMBER=1
AIRFLOW_CTX_DAG_RUN_ID=scheduled__2023-04-11T00:30:00+00:00
[2023-04-11T10:12:08.055+0000] {logging_mixin.py:137} INFO - Welcome to the Airflow, the current date and time is 2023-04-11 10:12:08.055530
[2023-04-11T10:12:08.057+0000] {python.py:177} INFO - Done. Returned value was: None
[2023-04-11T10:12:08.130+0000] {taskinstance.py:1332} INFO - Marking task as SUCCESS. dag_id=dag_with_date_commands, task_id=get_date_and_time, execution_date=20230411T003000, start_date=20230411T101201, end_date=20230411T101208
[2023-04-11T10:12:08.322+0000] {local_task_job.py:212} INFO - Task exited with return code 0
[2023-04-11T10:12:08.505+0000] {taskinstance.py:2596} INFO - 0 downstream tasks scheduled from follow-on schedule check
