[2023-04-11T10:51:35.288+0000] {taskinstance.py:1090} INFO - Dependencies all met for dep_context=non-requeueable deps ti=<TaskInstance: target_dag.storing manual__2023-04-11T10:51:33.541867+00:00 [queued]>
[2023-04-11T10:51:35.315+0000] {taskinstance.py:1090} INFO - Dependencies all met for dep_context=requeueable deps ti=<TaskInstance: target_dag.storing manual__2023-04-11T10:51:33.541867+00:00 [queued]>
[2023-04-11T10:51:35.316+0000] {taskinstance.py:1288} INFO - 
--------------------------------------------------------------------------------
[2023-04-11T10:51:35.317+0000] {taskinstance.py:1289} INFO - Starting attempt 1 of 3
[2023-04-11T10:51:35.318+0000] {taskinstance.py:1290} INFO - 
--------------------------------------------------------------------------------
[2023-04-11T10:51:35.354+0000] {taskinstance.py:1309} INFO - Executing <Task(BashOperator): storing> on 2023-04-11 10:51:33.541867+00:00
[2023-04-11T10:51:35.360+0000] {standard_task_runner.py:55} INFO - Started process 3954 to run task
[2023-04-11T10:51:35.365+0000] {standard_task_runner.py:82} INFO - Running: ['***', 'tasks', 'run', 'target_dag', 'storing', 'manual__2023-04-11T10:51:33.541867+00:00', '--job-id', '9446', '--raw', '--subdir', 'DAGS_FOLDER/target_dag.py', '--cfg-path', '/tmp/tmp1nz0t0a6']
[2023-04-11T10:51:35.369+0000] {standard_task_runner.py:83} INFO - Job 9446: Subtask storing
[2023-04-11T10:51:35.626+0000] {task_command.py:389} INFO - Running <TaskInstance: target_dag.storing manual__2023-04-11T10:51:33.541867+00:00 [running]> on host 0393b2e8282a
[2023-04-11T10:51:35.838+0000] {taskinstance.py:1518} INFO - Exporting the following env vars:
AIRFLOW_CTX_DAG_OWNER=rohit
AIRFLOW_CTX_DAG_ID=target_dag
AIRFLOW_CTX_TASK_ID=storing
AIRFLOW_CTX_EXECUTION_DATE=2023-04-11T10:51:33.541867+00:00
AIRFLOW_CTX_TRY_NUMBER=1
AIRFLOW_CTX_DAG_RUN_ID=manual__2023-04-11T10:51:33.541867+00:00
[2023-04-11T10:51:35.841+0000] {subprocess.py:63} INFO - Tmp dir root location: 
 /tmp
[2023-04-11T10:51:35.845+0000] {subprocess.py:75} INFO - Running command: ['/bin/bash', '-c', 'sleep 1']
[2023-04-11T10:51:35.865+0000] {subprocess.py:86} INFO - Output:
[2023-04-11T10:51:36.869+0000] {subprocess.py:97} INFO - Command exited with return code 0
[2023-04-11T10:51:36.941+0000] {taskinstance.py:1332} INFO - Marking task as SUCCESS. dag_id=target_dag, task_id=storing, execution_date=20230411T105133, start_date=20230411T105135, end_date=20230411T105136
[2023-04-11T10:51:37.028+0000] {local_task_job.py:212} INFO - Task exited with return code 0
[2023-04-11T10:51:37.124+0000] {taskinstance.py:2596} INFO - 1 downstream tasks scheduled from follow-on schedule check
