[2023-04-11T10:15:36.319+0000] {taskinstance.py:1090} INFO - Dependencies all met for dep_context=non-requeueable deps ti=<TaskInstance: dag_with_date_commands.success scheduled__2023-04-11T09:35:00+00:00 [queued]>
[2023-04-11T10:15:36.472+0000] {taskinstance.py:1090} INFO - Dependencies all met for dep_context=requeueable deps ti=<TaskInstance: dag_with_date_commands.success scheduled__2023-04-11T09:35:00+00:00 [queued]>
[2023-04-11T10:15:36.491+0000] {taskinstance.py:1288} INFO - 
--------------------------------------------------------------------------------
[2023-04-11T10:15:36.507+0000] {taskinstance.py:1289} INFO - Starting attempt 1 of 3
[2023-04-11T10:15:36.545+0000] {taskinstance.py:1290} INFO - 
--------------------------------------------------------------------------------
[2023-04-11T10:15:36.974+0000] {taskinstance.py:1309} INFO - Executing <Task(_PythonDecoratedOperator): success> on 2023-04-11 09:35:00+00:00
[2023-04-11T10:15:37.005+0000] {standard_task_runner.py:55} INFO - Started process 1287 to run task
[2023-04-11T10:15:37.067+0000] {standard_task_runner.py:82} INFO - Running: ['***', 'tasks', 'run', 'dag_with_date_commands', 'success', 'scheduled__2023-04-11T09:35:00+00:00', '--job-id', '9412', '--raw', '--subdir', 'DAGS_FOLDER/dag_with_date_commands.py', '--cfg-path', '/tmp/tmp8mmtpo52']
[2023-04-11T10:15:37.161+0000] {standard_task_runner.py:83} INFO - Job 9412: Subtask success
[2023-04-11T10:15:38.237+0000] {task_command.py:389} INFO - Running <TaskInstance: dag_with_date_commands.success scheduled__2023-04-11T09:35:00+00:00 [running]> on host 0393b2e8282a
[2023-04-11T10:15:39.992+0000] {taskinstance.py:1518} INFO - Exporting the following env vars:
AIRFLOW_CTX_DAG_OWNER=rohit
AIRFLOW_CTX_DAG_ID=dag_with_date_commands
AIRFLOW_CTX_TASK_ID=success
AIRFLOW_CTX_EXECUTION_DATE=2023-04-11T09:35:00+00:00
AIRFLOW_CTX_TRY_NUMBER=1
AIRFLOW_CTX_DAG_RUN_ID=scheduled__2023-04-11T09:35:00+00:00
[2023-04-11T10:15:40.002+0000] {logging_mixin.py:137} INFO - Dag executed succesfully
[2023-04-11T10:15:40.012+0000] {python.py:177} INFO - Done. Returned value was: None
[2023-04-11T10:15:40.120+0000] {taskinstance.py:1332} INFO - Marking task as SUCCESS. dag_id=dag_with_date_commands, task_id=success, execution_date=20230411T093500, start_date=20230411T101536, end_date=20230411T101540
[2023-04-11T10:15:41.123+0000] {local_task_job.py:212} INFO - Task exited with return code 0
[2023-04-11T10:15:41.575+0000] {taskinstance.py:2596} INFO - 0 downstream tasks scheduled from follow-on schedule check
