[2023-04-11T10:15:37.104+0000] {taskinstance.py:1090} INFO - Dependencies all met for dep_context=non-requeueable deps ti=<TaskInstance: dag_with_date_commands.success scheduled__2023-04-11T09:40:00+00:00 [queued]>
[2023-04-11T10:15:37.240+0000] {taskinstance.py:1090} INFO - Dependencies all met for dep_context=requeueable deps ti=<TaskInstance: dag_with_date_commands.success scheduled__2023-04-11T09:40:00+00:00 [queued]>
[2023-04-11T10:15:37.242+0000] {taskinstance.py:1288} INFO - 
--------------------------------------------------------------------------------
[2023-04-11T10:15:37.246+0000] {taskinstance.py:1289} INFO - Starting attempt 1 of 3
[2023-04-11T10:15:37.259+0000] {taskinstance.py:1290} INFO - 
--------------------------------------------------------------------------------
[2023-04-11T10:15:37.610+0000] {taskinstance.py:1309} INFO - Executing <Task(_PythonDecoratedOperator): success> on 2023-04-11 09:40:00+00:00
[2023-04-11T10:15:37.695+0000] {standard_task_runner.py:55} INFO - Started process 1289 to run task
[2023-04-11T10:15:37.758+0000] {standard_task_runner.py:82} INFO - Running: ['***', 'tasks', 'run', 'dag_with_date_commands', 'success', 'scheduled__2023-04-11T09:40:00+00:00', '--job-id', '9414', '--raw', '--subdir', 'DAGS_FOLDER/dag_with_date_commands.py', '--cfg-path', '/tmp/tmpfwwshl03']
[2023-04-11T10:15:37.766+0000] {standard_task_runner.py:83} INFO - Job 9414: Subtask success
[2023-04-11T10:15:38.788+0000] {task_command.py:389} INFO - Running <TaskInstance: dag_with_date_commands.success scheduled__2023-04-11T09:40:00+00:00 [running]> on host 0393b2e8282a
[2023-04-11T10:15:40.784+0000] {taskinstance.py:1518} INFO - Exporting the following env vars:
AIRFLOW_CTX_DAG_OWNER=rohit
AIRFLOW_CTX_DAG_ID=dag_with_date_commands
AIRFLOW_CTX_TASK_ID=success
AIRFLOW_CTX_EXECUTION_DATE=2023-04-11T09:40:00+00:00
AIRFLOW_CTX_TRY_NUMBER=1
AIRFLOW_CTX_DAG_RUN_ID=scheduled__2023-04-11T09:40:00+00:00
[2023-04-11T10:15:40.791+0000] {logging_mixin.py:137} INFO - Dag executed succesfully
[2023-04-11T10:15:40.792+0000] {python.py:177} INFO - Done. Returned value was: None
[2023-04-11T10:15:40.977+0000] {taskinstance.py:1332} INFO - Marking task as SUCCESS. dag_id=dag_with_date_commands, task_id=success, execution_date=20230411T094000, start_date=20230411T101537, end_date=20230411T101540
[2023-04-11T10:15:41.122+0000] {local_task_job.py:212} INFO - Task exited with return code 0
[2023-04-11T10:15:41.419+0000] {taskinstance.py:2596} INFO - 0 downstream tasks scheduled from follow-on schedule check
