[2023-04-11T10:13:14.426+0000] {taskinstance.py:1090} INFO - Dependencies all met for dep_context=non-requeueable deps ti=<TaskInstance: dag_with_date_commands.get_date_and_time scheduled__2023-04-11T03:45:00+00:00 [queued]>
[2023-04-11T10:13:14.507+0000] {taskinstance.py:1090} INFO - Dependencies all met for dep_context=requeueable deps ti=<TaskInstance: dag_with_date_commands.get_date_and_time scheduled__2023-04-11T03:45:00+00:00 [queued]>
[2023-04-11T10:13:14.508+0000] {taskinstance.py:1288} INFO - 
--------------------------------------------------------------------------------
[2023-04-11T10:13:14.510+0000] {taskinstance.py:1289} INFO - Starting attempt 1 of 3
[2023-04-11T10:13:14.512+0000] {taskinstance.py:1290} INFO - 
--------------------------------------------------------------------------------
[2023-04-11T10:13:14.602+0000] {taskinstance.py:1309} INFO - Executing <Task(_PythonDecoratedOperator): get_date_and_time> on 2023-04-11 03:45:00+00:00
[2023-04-11T10:13:14.610+0000] {standard_task_runner.py:55} INFO - Started process 861 to run task
[2023-04-11T10:13:14.649+0000] {standard_task_runner.py:82} INFO - Running: ['***', 'tasks', 'run', 'dag_with_date_commands', 'get_date_and_time', 'scheduled__2023-04-11T03:45:00+00:00', '--job-id', '9274', '--raw', '--subdir', 'DAGS_FOLDER/dag_with_date_commands.py', '--cfg-path', '/tmp/tmp896g70d4']
[2023-04-11T10:13:14.681+0000] {standard_task_runner.py:83} INFO - Job 9274: Subtask get_date_and_time
[2023-04-11T10:13:16.394+0000] {task_command.py:389} INFO - Running <TaskInstance: dag_with_date_commands.get_date_and_time scheduled__2023-04-11T03:45:00+00:00 [running]> on host 0393b2e8282a
[2023-04-11T10:13:18.174+0000] {taskinstance.py:1518} INFO - Exporting the following env vars:
AIRFLOW_CTX_DAG_OWNER=rohit
AIRFLOW_CTX_DAG_ID=dag_with_date_commands
AIRFLOW_CTX_TASK_ID=get_date_and_time
AIRFLOW_CTX_EXECUTION_DATE=2023-04-11T03:45:00+00:00
AIRFLOW_CTX_TRY_NUMBER=1
AIRFLOW_CTX_DAG_RUN_ID=scheduled__2023-04-11T03:45:00+00:00
[2023-04-11T10:13:18.182+0000] {logging_mixin.py:137} INFO - Welcome to the Airflow, the current date and time is 2023-04-11 10:13:18.182854
[2023-04-11T10:13:18.184+0000] {python.py:177} INFO - Done. Returned value was: None
[2023-04-11T10:13:18.291+0000] {taskinstance.py:1332} INFO - Marking task as SUCCESS. dag_id=dag_with_date_commands, task_id=get_date_and_time, execution_date=20230411T034500, start_date=20230411T101314, end_date=20230411T101318
[2023-04-11T10:13:18.535+0000] {local_task_job.py:212} INFO - Task exited with return code 0
[2023-04-11T10:13:19.341+0000] {taskinstance.py:2596} INFO - 0 downstream tasks scheduled from follow-on schedule check
