[2023-04-09T19:52:15.138+0000] {processor.py:153} INFO - Started process (PID=236) to work on /home/airflow/.local/lib/python3.7/site-packages/airflow/example_dags/example_sensor_decorator.py
[2023-04-09T19:52:15.141+0000] {processor.py:743} INFO - Processing file /home/airflow/.local/lib/python3.7/site-packages/airflow/example_dags/example_sensor_decorator.py for tasks to queue
[2023-04-09T19:52:15.143+0000] {logging_mixin.py:137} INFO - [2023-04-09T19:52:15.143+0000] {dagbag.py:532} INFO - Filling up the DagBag from /home/airflow/.local/lib/python3.7/site-packages/airflow/example_dags/example_sensor_decorator.py
[2023-04-09T19:52:15.181+0000] {processor.py:753} INFO - DAG(s) dict_keys(['example_sensor_decorator']) retrieved from /home/airflow/.local/lib/python3.7/site-packages/airflow/example_dags/example_sensor_decorator.py
[2023-04-09T19:52:15.220+0000] {logging_mixin.py:137} INFO - [2023-04-09T19:52:15.220+0000] {dag.py:2705} INFO - Sync 1 DAGs
[2023-04-09T19:52:15.269+0000] {logging_mixin.py:137} INFO - [2023-04-09T19:52:15.269+0000] {dag.py:3456} INFO - Setting next_dagrun for example_sensor_decorator to None, run_after=None
[2023-04-09T19:52:15.312+0000] {processor.py:175} INFO - Processing /home/airflow/.local/lib/python3.7/site-packages/airflow/example_dags/example_sensor_decorator.py took 0.178 seconds
[2023-04-09T19:52:45.449+0000] {processor.py:153} INFO - Started process (PID=455) to work on /home/airflow/.local/lib/python3.7/site-packages/airflow/example_dags/example_sensor_decorator.py
[2023-04-09T19:52:45.455+0000] {processor.py:743} INFO - Processing file /home/airflow/.local/lib/python3.7/site-packages/airflow/example_dags/example_sensor_decorator.py for tasks to queue
[2023-04-09T19:52:45.457+0000] {logging_mixin.py:137} INFO - [2023-04-09T19:52:45.457+0000] {dagbag.py:532} INFO - Filling up the DagBag from /home/airflow/.local/lib/python3.7/site-packages/airflow/example_dags/example_sensor_decorator.py
[2023-04-09T19:52:45.491+0000] {processor.py:753} INFO - DAG(s) dict_keys(['example_sensor_decorator']) retrieved from /home/airflow/.local/lib/python3.7/site-packages/airflow/example_dags/example_sensor_decorator.py
[2023-04-09T19:52:45.530+0000] {logging_mixin.py:137} INFO - [2023-04-09T19:52:45.530+0000] {dag.py:2705} INFO - Sync 1 DAGs
[2023-04-09T19:52:45.570+0000] {logging_mixin.py:137} INFO - [2023-04-09T19:52:45.569+0000] {dag.py:3456} INFO - Setting next_dagrun for example_sensor_decorator to None, run_after=None
[2023-04-09T19:52:45.608+0000] {processor.py:175} INFO - Processing /home/airflow/.local/lib/python3.7/site-packages/airflow/example_dags/example_sensor_decorator.py took 0.163 seconds
[2023-04-09T19:53:15.974+0000] {processor.py:153} INFO - Started process (PID=673) to work on /home/airflow/.local/lib/python3.7/site-packages/airflow/example_dags/example_sensor_decorator.py
[2023-04-09T19:53:15.976+0000] {processor.py:743} INFO - Processing file /home/airflow/.local/lib/python3.7/site-packages/airflow/example_dags/example_sensor_decorator.py for tasks to queue
[2023-04-09T19:53:15.978+0000] {logging_mixin.py:137} INFO - [2023-04-09T19:53:15.978+0000] {dagbag.py:532} INFO - Filling up the DagBag from /home/airflow/.local/lib/python3.7/site-packages/airflow/example_dags/example_sensor_decorator.py
[2023-04-09T19:53:16.029+0000] {processor.py:753} INFO - DAG(s) dict_keys(['example_sensor_decorator']) retrieved from /home/airflow/.local/lib/python3.7/site-packages/airflow/example_dags/example_sensor_decorator.py
[2023-04-09T19:53:16.061+0000] {logging_mixin.py:137} INFO - [2023-04-09T19:53:16.061+0000] {dag.py:2705} INFO - Sync 1 DAGs
[2023-04-09T19:53:16.104+0000] {logging_mixin.py:137} INFO - [2023-04-09T19:53:16.104+0000] {dag.py:3456} INFO - Setting next_dagrun for example_sensor_decorator to None, run_after=None
[2023-04-09T19:53:16.138+0000] {processor.py:175} INFO - Processing /home/airflow/.local/lib/python3.7/site-packages/airflow/example_dags/example_sensor_decorator.py took 0.168 seconds
[2023-04-09T19:53:46.211+0000] {processor.py:153} INFO - Started process (PID=891) to work on /home/airflow/.local/lib/python3.7/site-packages/airflow/example_dags/example_sensor_decorator.py
[2023-04-09T19:53:46.212+0000] {processor.py:743} INFO - Processing file /home/airflow/.local/lib/python3.7/site-packages/airflow/example_dags/example_sensor_decorator.py for tasks to queue
[2023-04-09T19:53:46.214+0000] {logging_mixin.py:137} INFO - [2023-04-09T19:53:46.214+0000] {dagbag.py:532} INFO - Filling up the DagBag from /home/airflow/.local/lib/python3.7/site-packages/airflow/example_dags/example_sensor_decorator.py
[2023-04-09T19:53:46.246+0000] {processor.py:753} INFO - DAG(s) dict_keys(['example_sensor_decorator']) retrieved from /home/airflow/.local/lib/python3.7/site-packages/airflow/example_dags/example_sensor_decorator.py
[2023-04-09T19:53:46.285+0000] {logging_mixin.py:137} INFO - [2023-04-09T19:53:46.284+0000] {dag.py:2705} INFO - Sync 1 DAGs
[2023-04-09T19:53:46.328+0000] {logging_mixin.py:137} INFO - [2023-04-09T19:53:46.328+0000] {dag.py:3456} INFO - Setting next_dagrun for example_sensor_decorator to None, run_after=None
[2023-04-09T19:53:46.361+0000] {processor.py:175} INFO - Processing /home/airflow/.local/lib/python3.7/site-packages/airflow/example_dags/example_sensor_decorator.py took 0.156 seconds
[2023-04-09T19:54:17.265+0000] {processor.py:153} INFO - Started process (PID=1114) to work on /home/airflow/.local/lib/python3.7/site-packages/airflow/example_dags/example_sensor_decorator.py
[2023-04-09T19:54:17.266+0000] {processor.py:743} INFO - Processing file /home/airflow/.local/lib/python3.7/site-packages/airflow/example_dags/example_sensor_decorator.py for tasks to queue
[2023-04-09T19:54:17.269+0000] {logging_mixin.py:137} INFO - [2023-04-09T19:54:17.269+0000] {dagbag.py:532} INFO - Filling up the DagBag from /home/airflow/.local/lib/python3.7/site-packages/airflow/example_dags/example_sensor_decorator.py
[2023-04-09T19:54:17.345+0000] {processor.py:753} INFO - DAG(s) dict_keys(['example_sensor_decorator']) retrieved from /home/airflow/.local/lib/python3.7/site-packages/airflow/example_dags/example_sensor_decorator.py
[2023-04-09T19:54:17.457+0000] {logging_mixin.py:137} INFO - [2023-04-09T19:54:17.457+0000] {dag.py:2705} INFO - Sync 1 DAGs
[2023-04-09T19:54:17.501+0000] {logging_mixin.py:137} INFO - [2023-04-09T19:54:17.501+0000] {dag.py:3456} INFO - Setting next_dagrun for example_sensor_decorator to None, run_after=None
[2023-04-09T19:54:17.538+0000] {processor.py:175} INFO - Processing /home/airflow/.local/lib/python3.7/site-packages/airflow/example_dags/example_sensor_decorator.py took 0.277 seconds
[2023-04-09T19:54:47.597+0000] {processor.py:153} INFO - Started process (PID=1336) to work on /home/airflow/.local/lib/python3.7/site-packages/airflow/example_dags/example_sensor_decorator.py
[2023-04-09T19:54:47.599+0000] {processor.py:743} INFO - Processing file /home/airflow/.local/lib/python3.7/site-packages/airflow/example_dags/example_sensor_decorator.py for tasks to queue
[2023-04-09T19:54:47.601+0000] {logging_mixin.py:137} INFO - [2023-04-09T19:54:47.600+0000] {dagbag.py:532} INFO - Filling up the DagBag from /home/airflow/.local/lib/python3.7/site-packages/airflow/example_dags/example_sensor_decorator.py
[2023-04-09T19:54:47.645+0000] {processor.py:753} INFO - DAG(s) dict_keys(['example_sensor_decorator']) retrieved from /home/airflow/.local/lib/python3.7/site-packages/airflow/example_dags/example_sensor_decorator.py
[2023-04-09T19:54:47.678+0000] {logging_mixin.py:137} INFO - [2023-04-09T19:54:47.677+0000] {dag.py:2705} INFO - Sync 1 DAGs
[2023-04-09T19:54:47.720+0000] {logging_mixin.py:137} INFO - [2023-04-09T19:54:47.719+0000] {dag.py:3456} INFO - Setting next_dagrun for example_sensor_decorator to None, run_after=None
[2023-04-09T19:54:47.748+0000] {processor.py:175} INFO - Processing /home/airflow/.local/lib/python3.7/site-packages/airflow/example_dags/example_sensor_decorator.py took 0.156 seconds
[2023-04-09T19:55:19.244+0000] {processor.py:153} INFO - Started process (PID=1558) to work on /home/airflow/.local/lib/python3.7/site-packages/airflow/example_dags/example_sensor_decorator.py
[2023-04-09T19:55:19.246+0000] {processor.py:743} INFO - Processing file /home/airflow/.local/lib/python3.7/site-packages/airflow/example_dags/example_sensor_decorator.py for tasks to queue
[2023-04-09T19:55:19.248+0000] {logging_mixin.py:137} INFO - [2023-04-09T19:55:19.248+0000] {dagbag.py:532} INFO - Filling up the DagBag from /home/airflow/.local/lib/python3.7/site-packages/airflow/example_dags/example_sensor_decorator.py
[2023-04-09T19:55:19.283+0000] {processor.py:753} INFO - DAG(s) dict_keys(['example_sensor_decorator']) retrieved from /home/airflow/.local/lib/python3.7/site-packages/airflow/example_dags/example_sensor_decorator.py
[2023-04-09T19:55:19.347+0000] {logging_mixin.py:137} INFO - [2023-04-09T19:55:19.347+0000] {dag.py:2705} INFO - Sync 1 DAGs
[2023-04-09T19:55:19.418+0000] {logging_mixin.py:137} INFO - [2023-04-09T19:55:19.417+0000] {dag.py:3456} INFO - Setting next_dagrun for example_sensor_decorator to None, run_after=None
[2023-04-09T19:55:19.515+0000] {processor.py:175} INFO - Processing /home/airflow/.local/lib/python3.7/site-packages/airflow/example_dags/example_sensor_decorator.py took 0.276 seconds
[2023-04-09T19:55:49.847+0000] {processor.py:153} INFO - Started process (PID=1776) to work on /home/airflow/.local/lib/python3.7/site-packages/airflow/example_dags/example_sensor_decorator.py
[2023-04-09T19:55:49.848+0000] {processor.py:743} INFO - Processing file /home/airflow/.local/lib/python3.7/site-packages/airflow/example_dags/example_sensor_decorator.py for tasks to queue
[2023-04-09T19:55:49.849+0000] {logging_mixin.py:137} INFO - [2023-04-09T19:55:49.849+0000] {dagbag.py:532} INFO - Filling up the DagBag from /home/airflow/.local/lib/python3.7/site-packages/airflow/example_dags/example_sensor_decorator.py
[2023-04-09T19:55:49.884+0000] {processor.py:753} INFO - DAG(s) dict_keys(['example_sensor_decorator']) retrieved from /home/airflow/.local/lib/python3.7/site-packages/airflow/example_dags/example_sensor_decorator.py
[2023-04-09T19:55:49.923+0000] {logging_mixin.py:137} INFO - [2023-04-09T19:55:49.923+0000] {dag.py:2705} INFO - Sync 1 DAGs
[2023-04-09T19:55:49.970+0000] {logging_mixin.py:137} INFO - [2023-04-09T19:55:49.969+0000] {dag.py:3456} INFO - Setting next_dagrun for example_sensor_decorator to None, run_after=None
[2023-04-09T19:55:50.001+0000] {processor.py:175} INFO - Processing /home/airflow/.local/lib/python3.7/site-packages/airflow/example_dags/example_sensor_decorator.py took 0.158 seconds
[2023-04-09T19:56:20.864+0000] {processor.py:153} INFO - Started process (PID=1994) to work on /home/airflow/.local/lib/python3.7/site-packages/airflow/example_dags/example_sensor_decorator.py
[2023-04-09T19:56:20.866+0000] {processor.py:743} INFO - Processing file /home/airflow/.local/lib/python3.7/site-packages/airflow/example_dags/example_sensor_decorator.py for tasks to queue
[2023-04-09T19:56:20.868+0000] {logging_mixin.py:137} INFO - [2023-04-09T19:56:20.868+0000] {dagbag.py:532} INFO - Filling up the DagBag from /home/airflow/.local/lib/python3.7/site-packages/airflow/example_dags/example_sensor_decorator.py
[2023-04-09T19:56:20.906+0000] {processor.py:753} INFO - DAG(s) dict_keys(['example_sensor_decorator']) retrieved from /home/airflow/.local/lib/python3.7/site-packages/airflow/example_dags/example_sensor_decorator.py
[2023-04-09T19:56:20.950+0000] {logging_mixin.py:137} INFO - [2023-04-09T19:56:20.949+0000] {dag.py:2705} INFO - Sync 1 DAGs
[2023-04-09T19:56:20.993+0000] {logging_mixin.py:137} INFO - [2023-04-09T19:56:20.992+0000] {dag.py:3456} INFO - Setting next_dagrun for example_sensor_decorator to None, run_after=None
[2023-04-09T19:56:21.026+0000] {processor.py:175} INFO - Processing /home/airflow/.local/lib/python3.7/site-packages/airflow/example_dags/example_sensor_decorator.py took 0.168 seconds
