[2023-04-09T19:52:15.084+0000] {processor.py:153} INFO - Started process (PID=231) to work on /home/airflow/.local/lib/python3.7/site-packages/airflow/example_dags/example_sensors.py
[2023-04-09T19:52:15.086+0000] {processor.py:743} INFO - Processing file /home/airflow/.local/lib/python3.7/site-packages/airflow/example_dags/example_sensors.py for tasks to queue
[2023-04-09T19:52:15.088+0000] {logging_mixin.py:137} INFO - [2023-04-09T19:52:15.088+0000] {dagbag.py:532} INFO - Filling up the DagBag from /home/airflow/.local/lib/python3.7/site-packages/airflow/example_dags/example_sensors.py
[2023-04-09T19:52:15.137+0000] {processor.py:753} INFO - DAG(s) dict_keys(['example_sensors']) retrieved from /home/airflow/.local/lib/python3.7/site-packages/airflow/example_dags/example_sensors.py
[2023-04-09T19:52:15.190+0000] {logging_mixin.py:137} INFO - [2023-04-09T19:52:15.190+0000] {dag.py:2705} INFO - Sync 1 DAGs
[2023-04-09T19:52:15.236+0000] {logging_mixin.py:137} INFO - [2023-04-09T19:52:15.236+0000] {dag.py:3456} INFO - Setting next_dagrun for example_sensors to None, run_after=None
[2023-04-09T19:52:15.279+0000] {processor.py:175} INFO - Processing /home/airflow/.local/lib/python3.7/site-packages/airflow/example_dags/example_sensors.py took 0.200 seconds
[2023-04-09T19:52:45.406+0000] {processor.py:153} INFO - Started process (PID=450) to work on /home/airflow/.local/lib/python3.7/site-packages/airflow/example_dags/example_sensors.py
[2023-04-09T19:52:45.407+0000] {processor.py:743} INFO - Processing file /home/airflow/.local/lib/python3.7/site-packages/airflow/example_dags/example_sensors.py for tasks to queue
[2023-04-09T19:52:45.409+0000] {logging_mixin.py:137} INFO - [2023-04-09T19:52:45.408+0000] {dagbag.py:532} INFO - Filling up the DagBag from /home/airflow/.local/lib/python3.7/site-packages/airflow/example_dags/example_sensors.py
[2023-04-09T19:52:45.445+0000] {processor.py:753} INFO - DAG(s) dict_keys(['example_sensors']) retrieved from /home/airflow/.local/lib/python3.7/site-packages/airflow/example_dags/example_sensors.py
[2023-04-09T19:52:45.492+0000] {logging_mixin.py:137} INFO - [2023-04-09T19:52:45.492+0000] {dag.py:2705} INFO - Sync 1 DAGs
[2023-04-09T19:52:45.541+0000] {logging_mixin.py:137} INFO - [2023-04-09T19:52:45.541+0000] {dag.py:3456} INFO - Setting next_dagrun for example_sensors to None, run_after=None
[2023-04-09T19:52:45.575+0000] {processor.py:175} INFO - Processing /home/airflow/.local/lib/python3.7/site-packages/airflow/example_dags/example_sensors.py took 0.174 seconds
[2023-04-09T19:53:15.823+0000] {processor.py:153} INFO - Started process (PID=668) to work on /home/airflow/.local/lib/python3.7/site-packages/airflow/example_dags/example_sensors.py
[2023-04-09T19:53:15.825+0000] {processor.py:743} INFO - Processing file /home/airflow/.local/lib/python3.7/site-packages/airflow/example_dags/example_sensors.py for tasks to queue
[2023-04-09T19:53:15.827+0000] {logging_mixin.py:137} INFO - [2023-04-09T19:53:15.826+0000] {dagbag.py:532} INFO - Filling up the DagBag from /home/airflow/.local/lib/python3.7/site-packages/airflow/example_dags/example_sensors.py
[2023-04-09T19:53:15.859+0000] {processor.py:753} INFO - DAG(s) dict_keys(['example_sensors']) retrieved from /home/airflow/.local/lib/python3.7/site-packages/airflow/example_dags/example_sensors.py
[2023-04-09T19:53:15.909+0000] {logging_mixin.py:137} INFO - [2023-04-09T19:53:15.909+0000] {dag.py:2705} INFO - Sync 1 DAGs
[2023-04-09T19:53:15.955+0000] {logging_mixin.py:137} INFO - [2023-04-09T19:53:15.955+0000] {dag.py:3456} INFO - Setting next_dagrun for example_sensors to None, run_after=None
[2023-04-09T19:53:15.989+0000] {processor.py:175} INFO - Processing /home/airflow/.local/lib/python3.7/site-packages/airflow/example_dags/example_sensors.py took 0.171 seconds
[2023-04-09T19:53:46.077+0000] {processor.py:153} INFO - Started process (PID=886) to work on /home/airflow/.local/lib/python3.7/site-packages/airflow/example_dags/example_sensors.py
[2023-04-09T19:53:46.079+0000] {processor.py:743} INFO - Processing file /home/airflow/.local/lib/python3.7/site-packages/airflow/example_dags/example_sensors.py for tasks to queue
[2023-04-09T19:53:46.081+0000] {logging_mixin.py:137} INFO - [2023-04-09T19:53:46.081+0000] {dagbag.py:532} INFO - Filling up the DagBag from /home/airflow/.local/lib/python3.7/site-packages/airflow/example_dags/example_sensors.py
[2023-04-09T19:53:46.111+0000] {processor.py:753} INFO - DAG(s) dict_keys(['example_sensors']) retrieved from /home/airflow/.local/lib/python3.7/site-packages/airflow/example_dags/example_sensors.py
[2023-04-09T19:53:46.156+0000] {logging_mixin.py:137} INFO - [2023-04-09T19:53:46.156+0000] {dag.py:2705} INFO - Sync 1 DAGs
[2023-04-09T19:53:46.207+0000] {logging_mixin.py:137} INFO - [2023-04-09T19:53:46.207+0000] {dag.py:3456} INFO - Setting next_dagrun for example_sensors to None, run_after=None
[2023-04-09T19:53:46.251+0000] {processor.py:175} INFO - Processing /home/airflow/.local/lib/python3.7/site-packages/airflow/example_dags/example_sensors.py took 0.179 seconds
[2023-04-09T19:54:17.264+0000] {processor.py:153} INFO - Started process (PID=1111) to work on /home/airflow/.local/lib/python3.7/site-packages/airflow/example_dags/example_sensors.py
[2023-04-09T19:54:17.269+0000] {processor.py:743} INFO - Processing file /home/airflow/.local/lib/python3.7/site-packages/airflow/example_dags/example_sensors.py for tasks to queue
[2023-04-09T19:54:17.271+0000] {logging_mixin.py:137} INFO - [2023-04-09T19:54:17.271+0000] {dagbag.py:532} INFO - Filling up the DagBag from /home/airflow/.local/lib/python3.7/site-packages/airflow/example_dags/example_sensors.py
[2023-04-09T19:54:17.295+0000] {processor.py:753} INFO - DAG(s) dict_keys(['example_sensors']) retrieved from /home/airflow/.local/lib/python3.7/site-packages/airflow/example_dags/example_sensors.py
[2023-04-09T19:54:17.388+0000] {logging_mixin.py:137} INFO - [2023-04-09T19:54:17.388+0000] {dag.py:2705} INFO - Sync 1 DAGs
[2023-04-09T19:54:17.465+0000] {logging_mixin.py:137} INFO - [2023-04-09T19:54:17.464+0000] {dag.py:3456} INFO - Setting next_dagrun for example_sensors to None, run_after=None
[2023-04-09T19:54:17.499+0000] {processor.py:175} INFO - Processing /home/airflow/.local/lib/python3.7/site-packages/airflow/example_dags/example_sensors.py took 0.239 seconds
[2023-04-09T19:54:47.599+0000] {processor.py:153} INFO - Started process (PID=1333) to work on /home/airflow/.local/lib/python3.7/site-packages/airflow/example_dags/example_sensors.py
[2023-04-09T19:54:47.601+0000] {processor.py:743} INFO - Processing file /home/airflow/.local/lib/python3.7/site-packages/airflow/example_dags/example_sensors.py for tasks to queue
[2023-04-09T19:54:47.603+0000] {logging_mixin.py:137} INFO - [2023-04-09T19:54:47.603+0000] {dagbag.py:532} INFO - Filling up the DagBag from /home/airflow/.local/lib/python3.7/site-packages/airflow/example_dags/example_sensors.py
[2023-04-09T19:54:47.641+0000] {processor.py:753} INFO - DAG(s) dict_keys(['example_sensors']) retrieved from /home/airflow/.local/lib/python3.7/site-packages/airflow/example_dags/example_sensors.py
[2023-04-09T19:54:47.684+0000] {logging_mixin.py:137} INFO - [2023-04-09T19:54:47.684+0000] {dag.py:2705} INFO - Sync 1 DAGs
[2023-04-09T19:54:47.724+0000] {logging_mixin.py:137} INFO - [2023-04-09T19:54:47.724+0000] {dag.py:3456} INFO - Setting next_dagrun for example_sensors to None, run_after=None
[2023-04-09T19:54:47.753+0000] {processor.py:175} INFO - Processing /home/airflow/.local/lib/python3.7/site-packages/airflow/example_dags/example_sensors.py took 0.162 seconds
[2023-04-09T19:55:18.987+0000] {processor.py:153} INFO - Started process (PID=1553) to work on /home/airflow/.local/lib/python3.7/site-packages/airflow/example_dags/example_sensors.py
[2023-04-09T19:55:18.988+0000] {processor.py:743} INFO - Processing file /home/airflow/.local/lib/python3.7/site-packages/airflow/example_dags/example_sensors.py for tasks to queue
[2023-04-09T19:55:18.989+0000] {logging_mixin.py:137} INFO - [2023-04-09T19:55:18.989+0000] {dagbag.py:532} INFO - Filling up the DagBag from /home/airflow/.local/lib/python3.7/site-packages/airflow/example_dags/example_sensors.py
[2023-04-09T19:55:19.020+0000] {processor.py:753} INFO - DAG(s) dict_keys(['example_sensors']) retrieved from /home/airflow/.local/lib/python3.7/site-packages/airflow/example_dags/example_sensors.py
[2023-04-09T19:55:19.092+0000] {logging_mixin.py:137} INFO - [2023-04-09T19:55:19.092+0000] {dag.py:2705} INFO - Sync 1 DAGs
[2023-04-09T19:55:19.123+0000] {logging_mixin.py:137} INFO - [2023-04-09T19:55:19.123+0000] {dag.py:3456} INFO - Setting next_dagrun for example_sensors to None, run_after=None
[2023-04-09T19:55:19.239+0000] {processor.py:175} INFO - Processing /home/airflow/.local/lib/python3.7/site-packages/airflow/example_dags/example_sensors.py took 0.258 seconds
[2023-04-09T19:55:49.741+0000] {processor.py:153} INFO - Started process (PID=1771) to work on /home/airflow/.local/lib/python3.7/site-packages/airflow/example_dags/example_sensors.py
[2023-04-09T19:55:49.742+0000] {processor.py:743} INFO - Processing file /home/airflow/.local/lib/python3.7/site-packages/airflow/example_dags/example_sensors.py for tasks to queue
[2023-04-09T19:55:49.744+0000] {logging_mixin.py:137} INFO - [2023-04-09T19:55:49.744+0000] {dagbag.py:532} INFO - Filling up the DagBag from /home/airflow/.local/lib/python3.7/site-packages/airflow/example_dags/example_sensors.py
[2023-04-09T19:55:49.772+0000] {processor.py:753} INFO - DAG(s) dict_keys(['example_sensors']) retrieved from /home/airflow/.local/lib/python3.7/site-packages/airflow/example_dags/example_sensors.py
[2023-04-09T19:55:49.822+0000] {logging_mixin.py:137} INFO - [2023-04-09T19:55:49.822+0000] {dag.py:2705} INFO - Sync 1 DAGs
[2023-04-09T19:55:49.861+0000] {logging_mixin.py:137} INFO - [2023-04-09T19:55:49.861+0000] {dag.py:3456} INFO - Setting next_dagrun for example_sensors to None, run_after=None
[2023-04-09T19:55:49.896+0000] {processor.py:175} INFO - Processing /home/airflow/.local/lib/python3.7/site-packages/airflow/example_dags/example_sensors.py took 0.160 seconds
[2023-04-09T19:56:20.715+0000] {processor.py:153} INFO - Started process (PID=1989) to work on /home/airflow/.local/lib/python3.7/site-packages/airflow/example_dags/example_sensors.py
[2023-04-09T19:56:20.716+0000] {processor.py:743} INFO - Processing file /home/airflow/.local/lib/python3.7/site-packages/airflow/example_dags/example_sensors.py for tasks to queue
[2023-04-09T19:56:20.718+0000] {logging_mixin.py:137} INFO - [2023-04-09T19:56:20.718+0000] {dagbag.py:532} INFO - Filling up the DagBag from /home/airflow/.local/lib/python3.7/site-packages/airflow/example_dags/example_sensors.py
[2023-04-09T19:56:20.753+0000] {processor.py:753} INFO - DAG(s) dict_keys(['example_sensors']) retrieved from /home/airflow/.local/lib/python3.7/site-packages/airflow/example_dags/example_sensors.py
[2023-04-09T19:56:20.809+0000] {logging_mixin.py:137} INFO - [2023-04-09T19:56:20.809+0000] {dag.py:2705} INFO - Sync 1 DAGs
[2023-04-09T19:56:20.872+0000] {logging_mixin.py:137} INFO - [2023-04-09T19:56:20.872+0000] {dag.py:3456} INFO - Setting next_dagrun for example_sensors to None, run_after=None
[2023-04-09T19:56:20.911+0000] {processor.py:175} INFO - Processing /home/airflow/.local/lib/python3.7/site-packages/airflow/example_dags/example_sensors.py took 0.206 seconds
