[2023-04-09T19:52:12.997+0000] {processor.py:153} INFO - Started process (PID=176) to work on /home/airflow/.local/lib/python3.7/site-packages/airflow/example_dags/example_short_circuit_operator.py
[2023-04-09T19:52:13.013+0000] {processor.py:743} INFO - Processing file /home/airflow/.local/lib/python3.7/site-packages/airflow/example_dags/example_short_circuit_operator.py for tasks to queue
[2023-04-09T19:52:13.023+0000] {logging_mixin.py:137} INFO - [2023-04-09T19:52:13.023+0000] {dagbag.py:532} INFO - Filling up the DagBag from /home/airflow/.local/lib/python3.7/site-packages/airflow/example_dags/example_short_circuit_operator.py
[2023-04-09T19:52:13.091+0000] {processor.py:753} INFO - DAG(s) dict_keys(['example_short_circuit_operator']) retrieved from /home/airflow/.local/lib/python3.7/site-packages/airflow/example_dags/example_short_circuit_operator.py
[2023-04-09T19:52:13.148+0000] {logging_mixin.py:137} INFO - [2023-04-09T19:52:13.147+0000] {dag.py:2705} INFO - Sync 1 DAGs
[2023-04-09T19:52:13.216+0000] {logging_mixin.py:137} INFO - [2023-04-09T19:52:13.215+0000] {dag.py:3456} INFO - Setting next_dagrun for example_short_circuit_operator to 2023-04-08T19:52:13.215549+00:00, run_after=2023-04-09T19:52:13.215549+00:00
[2023-04-09T19:52:13.320+0000] {processor.py:175} INFO - Processing /home/airflow/.local/lib/python3.7/site-packages/airflow/example_dags/example_short_circuit_operator.py took 0.333 seconds
[2023-04-09T19:52:43.736+0000] {processor.py:153} INFO - Started process (PID=395) to work on /home/airflow/.local/lib/python3.7/site-packages/airflow/example_dags/example_short_circuit_operator.py
[2023-04-09T19:52:43.748+0000] {processor.py:743} INFO - Processing file /home/airflow/.local/lib/python3.7/site-packages/airflow/example_dags/example_short_circuit_operator.py for tasks to queue
[2023-04-09T19:52:43.753+0000] {logging_mixin.py:137} INFO - [2023-04-09T19:52:43.752+0000] {dagbag.py:532} INFO - Filling up the DagBag from /home/airflow/.local/lib/python3.7/site-packages/airflow/example_dags/example_short_circuit_operator.py
[2023-04-09T19:52:43.821+0000] {processor.py:753} INFO - DAG(s) dict_keys(['example_short_circuit_operator']) retrieved from /home/airflow/.local/lib/python3.7/site-packages/airflow/example_dags/example_short_circuit_operator.py
[2023-04-09T19:52:43.865+0000] {logging_mixin.py:137} INFO - [2023-04-09T19:52:43.865+0000] {dag.py:2705} INFO - Sync 1 DAGs
[2023-04-09T19:52:43.907+0000] {logging_mixin.py:137} INFO - [2023-04-09T19:52:43.907+0000] {dag.py:3456} INFO - Setting next_dagrun for example_short_circuit_operator to 2023-04-08T19:52:43.907413+00:00, run_after=2023-04-09T19:52:43.907413+00:00
[2023-04-09T19:52:43.944+0000] {processor.py:175} INFO - Processing /home/airflow/.local/lib/python3.7/site-packages/airflow/example_dags/example_short_circuit_operator.py took 0.222 seconds
[2023-04-09T19:53:14.639+0000] {processor.py:153} INFO - Started process (PID=613) to work on /home/airflow/.local/lib/python3.7/site-packages/airflow/example_dags/example_short_circuit_operator.py
[2023-04-09T19:53:14.640+0000] {processor.py:743} INFO - Processing file /home/airflow/.local/lib/python3.7/site-packages/airflow/example_dags/example_short_circuit_operator.py for tasks to queue
[2023-04-09T19:53:14.642+0000] {logging_mixin.py:137} INFO - [2023-04-09T19:53:14.641+0000] {dagbag.py:532} INFO - Filling up the DagBag from /home/airflow/.local/lib/python3.7/site-packages/airflow/example_dags/example_short_circuit_operator.py
[2023-04-09T19:53:14.669+0000] {processor.py:753} INFO - DAG(s) dict_keys(['example_short_circuit_operator']) retrieved from /home/airflow/.local/lib/python3.7/site-packages/airflow/example_dags/example_short_circuit_operator.py
[2023-04-09T19:53:14.725+0000] {logging_mixin.py:137} INFO - [2023-04-09T19:53:14.724+0000] {dag.py:2705} INFO - Sync 1 DAGs
[2023-04-09T19:53:14.769+0000] {logging_mixin.py:137} INFO - [2023-04-09T19:53:14.769+0000] {dag.py:3456} INFO - Setting next_dagrun for example_short_circuit_operator to 2023-04-08T19:53:14.769365+00:00, run_after=2023-04-09T19:53:14.769365+00:00
[2023-04-09T19:53:14.803+0000] {processor.py:175} INFO - Processing /home/airflow/.local/lib/python3.7/site-packages/airflow/example_dags/example_short_circuit_operator.py took 0.168 seconds
[2023-04-09T19:53:45.064+0000] {processor.py:153} INFO - Started process (PID=831) to work on /home/airflow/.local/lib/python3.7/site-packages/airflow/example_dags/example_short_circuit_operator.py
[2023-04-09T19:53:45.065+0000] {processor.py:743} INFO - Processing file /home/airflow/.local/lib/python3.7/site-packages/airflow/example_dags/example_short_circuit_operator.py for tasks to queue
[2023-04-09T19:53:45.067+0000] {logging_mixin.py:137} INFO - [2023-04-09T19:53:45.067+0000] {dagbag.py:532} INFO - Filling up the DagBag from /home/airflow/.local/lib/python3.7/site-packages/airflow/example_dags/example_short_circuit_operator.py
[2023-04-09T19:53:45.086+0000] {processor.py:753} INFO - DAG(s) dict_keys(['example_short_circuit_operator']) retrieved from /home/airflow/.local/lib/python3.7/site-packages/airflow/example_dags/example_short_circuit_operator.py
[2023-04-09T19:53:45.123+0000] {logging_mixin.py:137} INFO - [2023-04-09T19:53:45.123+0000] {dag.py:2705} INFO - Sync 1 DAGs
[2023-04-09T19:53:45.165+0000] {logging_mixin.py:137} INFO - [2023-04-09T19:53:45.165+0000] {dag.py:3456} INFO - Setting next_dagrun for example_short_circuit_operator to 2023-04-08T19:53:45.165528+00:00, run_after=2023-04-09T19:53:45.165528+00:00
[2023-04-09T19:53:45.194+0000] {processor.py:175} INFO - Processing /home/airflow/.local/lib/python3.7/site-packages/airflow/example_dags/example_short_circuit_operator.py took 0.134 seconds
[2023-04-09T19:54:15.671+0000] {processor.py:153} INFO - Started process (PID=1053) to work on /home/airflow/.local/lib/python3.7/site-packages/airflow/example_dags/example_short_circuit_operator.py
[2023-04-09T19:54:15.673+0000] {processor.py:743} INFO - Processing file /home/airflow/.local/lib/python3.7/site-packages/airflow/example_dags/example_short_circuit_operator.py for tasks to queue
[2023-04-09T19:54:15.675+0000] {logging_mixin.py:137} INFO - [2023-04-09T19:54:15.674+0000] {dagbag.py:532} INFO - Filling up the DagBag from /home/airflow/.local/lib/python3.7/site-packages/airflow/example_dags/example_short_circuit_operator.py
[2023-04-09T19:54:15.705+0000] {processor.py:753} INFO - DAG(s) dict_keys(['example_short_circuit_operator']) retrieved from /home/airflow/.local/lib/python3.7/site-packages/airflow/example_dags/example_short_circuit_operator.py
[2023-04-09T19:54:15.757+0000] {logging_mixin.py:137} INFO - [2023-04-09T19:54:15.756+0000] {dag.py:2705} INFO - Sync 1 DAGs
[2023-04-09T19:54:15.836+0000] {logging_mixin.py:137} INFO - [2023-04-09T19:54:15.836+0000] {dag.py:3456} INFO - Setting next_dagrun for example_short_circuit_operator to 2023-04-08T19:54:15.834556+00:00, run_after=2023-04-09T19:54:15.834556+00:00
[2023-04-09T19:54:15.894+0000] {processor.py:175} INFO - Processing /home/airflow/.local/lib/python3.7/site-packages/airflow/example_dags/example_short_circuit_operator.py took 0.232 seconds
[2023-04-09T19:54:46.163+0000] {processor.py:153} INFO - Started process (PID=1276) to work on /home/airflow/.local/lib/python3.7/site-packages/airflow/example_dags/example_short_circuit_operator.py
[2023-04-09T19:54:46.164+0000] {processor.py:743} INFO - Processing file /home/airflow/.local/lib/python3.7/site-packages/airflow/example_dags/example_short_circuit_operator.py for tasks to queue
[2023-04-09T19:54:46.166+0000] {logging_mixin.py:137} INFO - [2023-04-09T19:54:46.165+0000] {dagbag.py:532} INFO - Filling up the DagBag from /home/airflow/.local/lib/python3.7/site-packages/airflow/example_dags/example_short_circuit_operator.py
[2023-04-09T19:54:46.188+0000] {processor.py:753} INFO - DAG(s) dict_keys(['example_short_circuit_operator']) retrieved from /home/airflow/.local/lib/python3.7/site-packages/airflow/example_dags/example_short_circuit_operator.py
[2023-04-09T19:54:46.227+0000] {logging_mixin.py:137} INFO - [2023-04-09T19:54:46.227+0000] {dag.py:2705} INFO - Sync 1 DAGs
[2023-04-09T19:54:46.271+0000] {logging_mixin.py:137} INFO - [2023-04-09T19:54:46.271+0000] {dag.py:3456} INFO - Setting next_dagrun for example_short_circuit_operator to 2023-04-08T19:54:46.271332+00:00, run_after=2023-04-09T19:54:46.271332+00:00
[2023-04-09T19:54:46.303+0000] {processor.py:175} INFO - Processing /home/airflow/.local/lib/python3.7/site-packages/airflow/example_dags/example_short_circuit_operator.py took 0.143 seconds
[2023-04-09T19:55:16.760+0000] {processor.py:153} INFO - Started process (PID=1498) to work on /home/airflow/.local/lib/python3.7/site-packages/airflow/example_dags/example_short_circuit_operator.py
[2023-04-09T19:55:16.762+0000] {processor.py:743} INFO - Processing file /home/airflow/.local/lib/python3.7/site-packages/airflow/example_dags/example_short_circuit_operator.py for tasks to queue
[2023-04-09T19:55:16.763+0000] {logging_mixin.py:137} INFO - [2023-04-09T19:55:16.763+0000] {dagbag.py:532} INFO - Filling up the DagBag from /home/airflow/.local/lib/python3.7/site-packages/airflow/example_dags/example_short_circuit_operator.py
[2023-04-09T19:55:16.789+0000] {processor.py:753} INFO - DAG(s) dict_keys(['example_short_circuit_operator']) retrieved from /home/airflow/.local/lib/python3.7/site-packages/airflow/example_dags/example_short_circuit_operator.py
[2023-04-09T19:55:16.834+0000] {logging_mixin.py:137} INFO - [2023-04-09T19:55:16.834+0000] {dag.py:2705} INFO - Sync 1 DAGs
[2023-04-09T19:55:16.910+0000] {logging_mixin.py:137} INFO - [2023-04-09T19:55:16.909+0000] {dag.py:3456} INFO - Setting next_dagrun for example_short_circuit_operator to 2023-04-08T19:55:16.909517+00:00, run_after=2023-04-09T19:55:16.909517+00:00
[2023-04-09T19:55:17.002+0000] {processor.py:175} INFO - Processing /home/airflow/.local/lib/python3.7/site-packages/airflow/example_dags/example_short_circuit_operator.py took 0.245 seconds
[2023-04-09T19:55:47.501+0000] {processor.py:153} INFO - Started process (PID=1716) to work on /home/airflow/.local/lib/python3.7/site-packages/airflow/example_dags/example_short_circuit_operator.py
[2023-04-09T19:55:47.503+0000] {processor.py:743} INFO - Processing file /home/airflow/.local/lib/python3.7/site-packages/airflow/example_dags/example_short_circuit_operator.py for tasks to queue
[2023-04-09T19:55:47.504+0000] {logging_mixin.py:137} INFO - [2023-04-09T19:55:47.504+0000] {dagbag.py:532} INFO - Filling up the DagBag from /home/airflow/.local/lib/python3.7/site-packages/airflow/example_dags/example_short_circuit_operator.py
[2023-04-09T19:55:47.526+0000] {processor.py:753} INFO - DAG(s) dict_keys(['example_short_circuit_operator']) retrieved from /home/airflow/.local/lib/python3.7/site-packages/airflow/example_dags/example_short_circuit_operator.py
[2023-04-09T19:55:47.562+0000] {logging_mixin.py:137} INFO - [2023-04-09T19:55:47.562+0000] {dag.py:2705} INFO - Sync 1 DAGs
[2023-04-09T19:55:47.607+0000] {logging_mixin.py:137} INFO - [2023-04-09T19:55:47.607+0000] {dag.py:3456} INFO - Setting next_dagrun for example_short_circuit_operator to 2023-04-08T19:55:47.606941+00:00, run_after=2023-04-09T19:55:47.606941+00:00
[2023-04-09T19:55:47.657+0000] {processor.py:175} INFO - Processing /home/airflow/.local/lib/python3.7/site-packages/airflow/example_dags/example_short_circuit_operator.py took 0.161 seconds
[2023-04-09T19:56:18.105+0000] {processor.py:153} INFO - Started process (PID=1934) to work on /home/airflow/.local/lib/python3.7/site-packages/airflow/example_dags/example_short_circuit_operator.py
[2023-04-09T19:56:18.107+0000] {processor.py:743} INFO - Processing file /home/airflow/.local/lib/python3.7/site-packages/airflow/example_dags/example_short_circuit_operator.py for tasks to queue
[2023-04-09T19:56:18.108+0000] {logging_mixin.py:137} INFO - [2023-04-09T19:56:18.108+0000] {dagbag.py:532} INFO - Filling up the DagBag from /home/airflow/.local/lib/python3.7/site-packages/airflow/example_dags/example_short_circuit_operator.py
[2023-04-09T19:56:18.132+0000] {processor.py:753} INFO - DAG(s) dict_keys(['example_short_circuit_operator']) retrieved from /home/airflow/.local/lib/python3.7/site-packages/airflow/example_dags/example_short_circuit_operator.py
[2023-04-09T19:56:18.174+0000] {logging_mixin.py:137} INFO - [2023-04-09T19:56:18.174+0000] {dag.py:2705} INFO - Sync 1 DAGs
[2023-04-09T19:56:18.222+0000] {logging_mixin.py:137} INFO - [2023-04-09T19:56:18.222+0000] {dag.py:3456} INFO - Setting next_dagrun for example_short_circuit_operator to 2023-04-08T19:56:18.222157+00:00, run_after=2023-04-09T19:56:18.222157+00:00
[2023-04-09T19:56:18.252+0000] {processor.py:175} INFO - Processing /home/airflow/.local/lib/python3.7/site-packages/airflow/example_dags/example_short_circuit_operator.py took 0.153 seconds
