[2023-04-09T19:52:15.932+0000] {processor.py:153} INFO - Started process (PID=266) to work on /home/airflow/.local/lib/python3.7/site-packages/airflow/example_dags/example_latest_only.py
[2023-04-09T19:52:15.933+0000] {processor.py:743} INFO - Processing file /home/airflow/.local/lib/python3.7/site-packages/airflow/example_dags/example_latest_only.py for tasks to queue
[2023-04-09T19:52:15.935+0000] {logging_mixin.py:137} INFO - [2023-04-09T19:52:15.935+0000] {dagbag.py:532} INFO - Filling up the DagBag from /home/airflow/.local/lib/python3.7/site-packages/airflow/example_dags/example_latest_only.py
[2023-04-09T19:52:15.960+0000] {processor.py:753} INFO - DAG(s) dict_keys(['latest_only']) retrieved from /home/airflow/.local/lib/python3.7/site-packages/airflow/example_dags/example_latest_only.py
[2023-04-09T19:52:16.005+0000] {logging_mixin.py:137} INFO - [2023-04-09T19:52:16.005+0000] {dag.py:2705} INFO - Sync 1 DAGs
[2023-04-09T19:52:16.071+0000] {logging_mixin.py:137} INFO - [2023-04-09T19:52:16.071+0000] {dag.py:3456} INFO - Setting next_dagrun for latest_only to 2023-04-09T15:52:16.070949+00:00, run_after=2023-04-09T19:52:16.070949+00:00
[2023-04-09T19:52:16.132+0000] {processor.py:175} INFO - Processing /home/airflow/.local/lib/python3.7/site-packages/airflow/example_dags/example_latest_only.py took 0.205 seconds
[2023-04-09T19:52:47.352+0000] {processor.py:153} INFO - Started process (PID=487) to work on /home/airflow/.local/lib/python3.7/site-packages/airflow/example_dags/example_latest_only.py
[2023-04-09T19:52:47.354+0000] {processor.py:743} INFO - Processing file /home/airflow/.local/lib/python3.7/site-packages/airflow/example_dags/example_latest_only.py for tasks to queue
[2023-04-09T19:52:47.356+0000] {logging_mixin.py:137} INFO - [2023-04-09T19:52:47.356+0000] {dagbag.py:532} INFO - Filling up the DagBag from /home/airflow/.local/lib/python3.7/site-packages/airflow/example_dags/example_latest_only.py
[2023-04-09T19:52:47.377+0000] {processor.py:753} INFO - DAG(s) dict_keys(['latest_only']) retrieved from /home/airflow/.local/lib/python3.7/site-packages/airflow/example_dags/example_latest_only.py
[2023-04-09T19:52:47.417+0000] {logging_mixin.py:137} INFO - [2023-04-09T19:52:47.417+0000] {dag.py:2705} INFO - Sync 1 DAGs
[2023-04-09T19:52:47.460+0000] {logging_mixin.py:137} INFO - [2023-04-09T19:52:47.460+0000] {dag.py:3456} INFO - Setting next_dagrun for latest_only to 2023-04-09T15:52:47.460199+00:00, run_after=2023-04-09T19:52:47.460199+00:00
[2023-04-09T19:52:47.509+0000] {processor.py:175} INFO - Processing /home/airflow/.local/lib/python3.7/site-packages/airflow/example_dags/example_latest_only.py took 0.162 seconds
[2023-04-09T19:53:17.680+0000] {processor.py:153} INFO - Started process (PID=705) to work on /home/airflow/.local/lib/python3.7/site-packages/airflow/example_dags/example_latest_only.py
[2023-04-09T19:53:17.681+0000] {processor.py:743} INFO - Processing file /home/airflow/.local/lib/python3.7/site-packages/airflow/example_dags/example_latest_only.py for tasks to queue
[2023-04-09T19:53:17.683+0000] {logging_mixin.py:137} INFO - [2023-04-09T19:53:17.683+0000] {dagbag.py:532} INFO - Filling up the DagBag from /home/airflow/.local/lib/python3.7/site-packages/airflow/example_dags/example_latest_only.py
[2023-04-09T19:53:17.700+0000] {processor.py:753} INFO - DAG(s) dict_keys(['latest_only']) retrieved from /home/airflow/.local/lib/python3.7/site-packages/airflow/example_dags/example_latest_only.py
[2023-04-09T19:53:17.738+0000] {logging_mixin.py:137} INFO - [2023-04-09T19:53:17.738+0000] {dag.py:2705} INFO - Sync 1 DAGs
[2023-04-09T19:53:17.782+0000] {logging_mixin.py:137} INFO - [2023-04-09T19:53:17.781+0000] {dag.py:3456} INFO - Setting next_dagrun for latest_only to 2023-04-09T15:53:17.781364+00:00, run_after=2023-04-09T19:53:17.781364+00:00
[2023-04-09T19:53:17.817+0000] {processor.py:175} INFO - Processing /home/airflow/.local/lib/python3.7/site-packages/airflow/example_dags/example_latest_only.py took 0.143 seconds
[2023-04-09T19:53:47.909+0000] {processor.py:153} INFO - Started process (PID=923) to work on /home/airflow/.local/lib/python3.7/site-packages/airflow/example_dags/example_latest_only.py
[2023-04-09T19:53:47.911+0000] {processor.py:743} INFO - Processing file /home/airflow/.local/lib/python3.7/site-packages/airflow/example_dags/example_latest_only.py for tasks to queue
[2023-04-09T19:53:47.912+0000] {logging_mixin.py:137} INFO - [2023-04-09T19:53:47.912+0000] {dagbag.py:532} INFO - Filling up the DagBag from /home/airflow/.local/lib/python3.7/site-packages/airflow/example_dags/example_latest_only.py
[2023-04-09T19:53:47.927+0000] {processor.py:753} INFO - DAG(s) dict_keys(['latest_only']) retrieved from /home/airflow/.local/lib/python3.7/site-packages/airflow/example_dags/example_latest_only.py
[2023-04-09T19:53:47.961+0000] {logging_mixin.py:137} INFO - [2023-04-09T19:53:47.961+0000] {dag.py:2705} INFO - Sync 1 DAGs
[2023-04-09T19:53:47.998+0000] {logging_mixin.py:137} INFO - [2023-04-09T19:53:47.997+0000] {dag.py:3456} INFO - Setting next_dagrun for latest_only to 2023-04-09T15:53:47.997672+00:00, run_after=2023-04-09T19:53:47.997672+00:00
[2023-04-09T19:53:48.027+0000] {processor.py:175} INFO - Processing /home/airflow/.local/lib/python3.7/site-packages/airflow/example_dags/example_latest_only.py took 0.121 seconds
[2023-04-09T19:54:18.157+0000] {processor.py:153} INFO - Started process (PID=1146) to work on /home/airflow/.local/lib/python3.7/site-packages/airflow/example_dags/example_latest_only.py
[2023-04-09T19:54:18.159+0000] {processor.py:743} INFO - Processing file /home/airflow/.local/lib/python3.7/site-packages/airflow/example_dags/example_latest_only.py for tasks to queue
[2023-04-09T19:54:18.160+0000] {logging_mixin.py:137} INFO - [2023-04-09T19:54:18.160+0000] {dagbag.py:532} INFO - Filling up the DagBag from /home/airflow/.local/lib/python3.7/site-packages/airflow/example_dags/example_latest_only.py
[2023-04-09T19:54:18.178+0000] {processor.py:753} INFO - DAG(s) dict_keys(['latest_only']) retrieved from /home/airflow/.local/lib/python3.7/site-packages/airflow/example_dags/example_latest_only.py
[2023-04-09T19:54:18.210+0000] {logging_mixin.py:137} INFO - [2023-04-09T19:54:18.210+0000] {dag.py:2705} INFO - Sync 1 DAGs
[2023-04-09T19:54:18.244+0000] {logging_mixin.py:137} INFO - [2023-04-09T19:54:18.244+0000] {dag.py:3456} INFO - Setting next_dagrun for latest_only to 2023-04-09T15:54:18.243872+00:00, run_after=2023-04-09T19:54:18.243872+00:00
[2023-04-09T19:54:18.276+0000] {processor.py:175} INFO - Processing /home/airflow/.local/lib/python3.7/site-packages/airflow/example_dags/example_latest_only.py took 0.122 seconds
[2023-04-09T19:54:48.461+0000] {processor.py:153} INFO - Started process (PID=1368) to work on /home/airflow/.local/lib/python3.7/site-packages/airflow/example_dags/example_latest_only.py
[2023-04-09T19:54:48.463+0000] {processor.py:743} INFO - Processing file /home/airflow/.local/lib/python3.7/site-packages/airflow/example_dags/example_latest_only.py for tasks to queue
[2023-04-09T19:54:48.465+0000] {logging_mixin.py:137} INFO - [2023-04-09T19:54:48.465+0000] {dagbag.py:532} INFO - Filling up the DagBag from /home/airflow/.local/lib/python3.7/site-packages/airflow/example_dags/example_latest_only.py
[2023-04-09T19:54:48.486+0000] {processor.py:753} INFO - DAG(s) dict_keys(['latest_only']) retrieved from /home/airflow/.local/lib/python3.7/site-packages/airflow/example_dags/example_latest_only.py
[2023-04-09T19:54:48.524+0000] {logging_mixin.py:137} INFO - [2023-04-09T19:54:48.524+0000] {dag.py:2705} INFO - Sync 1 DAGs
[2023-04-09T19:54:48.571+0000] {logging_mixin.py:137} INFO - [2023-04-09T19:54:48.571+0000] {dag.py:3456} INFO - Setting next_dagrun for latest_only to 2023-04-09T15:54:48.571189+00:00, run_after=2023-04-09T19:54:48.571189+00:00
[2023-04-09T19:54:48.611+0000] {processor.py:175} INFO - Processing /home/airflow/.local/lib/python3.7/site-packages/airflow/example_dags/example_latest_only.py took 0.157 seconds
[2023-04-09T19:55:19.986+0000] {processor.py:153} INFO - Started process (PID=1588) to work on /home/airflow/.local/lib/python3.7/site-packages/airflow/example_dags/example_latest_only.py
[2023-04-09T19:55:19.988+0000] {processor.py:743} INFO - Processing file /home/airflow/.local/lib/python3.7/site-packages/airflow/example_dags/example_latest_only.py for tasks to queue
[2023-04-09T19:55:19.989+0000] {logging_mixin.py:137} INFO - [2023-04-09T19:55:19.989+0000] {dagbag.py:532} INFO - Filling up the DagBag from /home/airflow/.local/lib/python3.7/site-packages/airflow/example_dags/example_latest_only.py
[2023-04-09T19:55:20.007+0000] {processor.py:753} INFO - DAG(s) dict_keys(['latest_only']) retrieved from /home/airflow/.local/lib/python3.7/site-packages/airflow/example_dags/example_latest_only.py
[2023-04-09T19:55:20.043+0000] {logging_mixin.py:137} INFO - [2023-04-09T19:55:20.043+0000] {dag.py:2705} INFO - Sync 1 DAGs
[2023-04-09T19:55:20.080+0000] {logging_mixin.py:137} INFO - [2023-04-09T19:55:20.080+0000] {dag.py:3456} INFO - Setting next_dagrun for latest_only to 2023-04-09T15:55:20.080250+00:00, run_after=2023-04-09T19:55:20.080250+00:00
[2023-04-09T19:55:20.112+0000] {processor.py:175} INFO - Processing /home/airflow/.local/lib/python3.7/site-packages/airflow/example_dags/example_latest_only.py took 0.130 seconds
[2023-04-09T19:55:50.408+0000] {processor.py:153} INFO - Started process (PID=1806) to work on /home/airflow/.local/lib/python3.7/site-packages/airflow/example_dags/example_latest_only.py
[2023-04-09T19:55:50.410+0000] {processor.py:743} INFO - Processing file /home/airflow/.local/lib/python3.7/site-packages/airflow/example_dags/example_latest_only.py for tasks to queue
[2023-04-09T19:55:50.411+0000] {logging_mixin.py:137} INFO - [2023-04-09T19:55:50.411+0000] {dagbag.py:532} INFO - Filling up the DagBag from /home/airflow/.local/lib/python3.7/site-packages/airflow/example_dags/example_latest_only.py
[2023-04-09T19:55:50.433+0000] {processor.py:753} INFO - DAG(s) dict_keys(['latest_only']) retrieved from /home/airflow/.local/lib/python3.7/site-packages/airflow/example_dags/example_latest_only.py
[2023-04-09T19:55:50.470+0000] {logging_mixin.py:137} INFO - [2023-04-09T19:55:50.470+0000] {dag.py:2705} INFO - Sync 1 DAGs
[2023-04-09T19:55:50.512+0000] {logging_mixin.py:137} INFO - [2023-04-09T19:55:50.509+0000] {dag.py:3456} INFO - Setting next_dagrun for latest_only to 2023-04-09T15:55:50.508684+00:00, run_after=2023-04-09T19:55:50.508684+00:00
[2023-04-09T19:55:50.552+0000] {processor.py:175} INFO - Processing /home/airflow/.local/lib/python3.7/site-packages/airflow/example_dags/example_latest_only.py took 0.150 seconds
[2023-04-09T19:56:21.657+0000] {processor.py:153} INFO - Started process (PID=2024) to work on /home/airflow/.local/lib/python3.7/site-packages/airflow/example_dags/example_latest_only.py
[2023-04-09T19:56:21.658+0000] {processor.py:743} INFO - Processing file /home/airflow/.local/lib/python3.7/site-packages/airflow/example_dags/example_latest_only.py for tasks to queue
[2023-04-09T19:56:21.660+0000] {logging_mixin.py:137} INFO - [2023-04-09T19:56:21.660+0000] {dagbag.py:532} INFO - Filling up the DagBag from /home/airflow/.local/lib/python3.7/site-packages/airflow/example_dags/example_latest_only.py
[2023-04-09T19:56:21.688+0000] {processor.py:753} INFO - DAG(s) dict_keys(['latest_only']) retrieved from /home/airflow/.local/lib/python3.7/site-packages/airflow/example_dags/example_latest_only.py
[2023-04-09T19:56:21.744+0000] {logging_mixin.py:137} INFO - [2023-04-09T19:56:21.744+0000] {dag.py:2705} INFO - Sync 1 DAGs
[2023-04-09T19:56:21.794+0000] {logging_mixin.py:137} INFO - [2023-04-09T19:56:21.793+0000] {dag.py:3456} INFO - Setting next_dagrun for latest_only to 2023-04-09T15:56:21.793307+00:00, run_after=2023-04-09T19:56:21.793307+00:00
[2023-04-09T19:56:21.840+0000] {processor.py:175} INFO - Processing /home/airflow/.local/lib/python3.7/site-packages/airflow/example_dags/example_latest_only.py took 0.189 seconds
