[2023-04-09T19:52:17.871+0000] {processor.py:153} INFO - Started process (PID=311) to work on /home/airflow/.local/lib/python3.7/site-packages/airflow/example_dags/example_branch_python_dop_operator_3.py
[2023-04-09T19:52:17.873+0000] {processor.py:743} INFO - Processing file /home/airflow/.local/lib/python3.7/site-packages/airflow/example_dags/example_branch_python_dop_operator_3.py for tasks to queue
[2023-04-09T19:52:17.875+0000] {logging_mixin.py:137} INFO - [2023-04-09T19:52:17.875+0000] {dagbag.py:532} INFO - Filling up the DagBag from /home/airflow/.local/lib/python3.7/site-packages/airflow/example_dags/example_branch_python_dop_operator_3.py
[2023-04-09T19:52:17.915+0000] {processor.py:753} INFO - DAG(s) dict_keys(['example_branch_dop_operator_v3']) retrieved from /home/airflow/.local/lib/python3.7/site-packages/airflow/example_dags/example_branch_python_dop_operator_3.py
[2023-04-09T19:52:17.966+0000] {logging_mixin.py:137} INFO - [2023-04-09T19:52:17.966+0000] {dag.py:2705} INFO - Sync 1 DAGs
[2023-04-09T19:52:18.041+0000] {logging_mixin.py:137} INFO - [2023-04-09T19:52:18.041+0000] {dag.py:3456} INFO - Setting next_dagrun for example_branch_dop_operator_v3 to 2023-04-09T19:51:00+00:00, run_after=2023-04-09T19:52:00+00:00
[2023-04-09T19:52:18.097+0000] {processor.py:175} INFO - Processing /home/airflow/.local/lib/python3.7/site-packages/airflow/example_dags/example_branch_python_dop_operator_3.py took 0.231 seconds
[2023-04-09T19:52:48.520+0000] {processor.py:153} INFO - Started process (PID=530) to work on /home/airflow/.local/lib/python3.7/site-packages/airflow/example_dags/example_branch_python_dop_operator_3.py
[2023-04-09T19:52:48.522+0000] {processor.py:743} INFO - Processing file /home/airflow/.local/lib/python3.7/site-packages/airflow/example_dags/example_branch_python_dop_operator_3.py for tasks to queue
[2023-04-09T19:52:48.524+0000] {logging_mixin.py:137} INFO - [2023-04-09T19:52:48.523+0000] {dagbag.py:532} INFO - Filling up the DagBag from /home/airflow/.local/lib/python3.7/site-packages/airflow/example_dags/example_branch_python_dop_operator_3.py
[2023-04-09T19:52:48.574+0000] {processor.py:753} INFO - DAG(s) dict_keys(['example_branch_dop_operator_v3']) retrieved from /home/airflow/.local/lib/python3.7/site-packages/airflow/example_dags/example_branch_python_dop_operator_3.py
[2023-04-09T19:52:48.630+0000] {logging_mixin.py:137} INFO - [2023-04-09T19:52:48.630+0000] {dag.py:2705} INFO - Sync 1 DAGs
[2023-04-09T19:52:48.698+0000] {logging_mixin.py:137} INFO - [2023-04-09T19:52:48.698+0000] {dag.py:3456} INFO - Setting next_dagrun for example_branch_dop_operator_v3 to 2023-04-09T19:51:00+00:00, run_after=2023-04-09T19:52:00+00:00
[2023-04-09T19:52:48.735+0000] {processor.py:175} INFO - Processing /home/airflow/.local/lib/python3.7/site-packages/airflow/example_dags/example_branch_python_dop_operator_3.py took 0.221 seconds
[2023-04-09T19:53:19.520+0000] {processor.py:153} INFO - Started process (PID=748) to work on /home/airflow/.local/lib/python3.7/site-packages/airflow/example_dags/example_branch_python_dop_operator_3.py
[2023-04-09T19:53:19.522+0000] {processor.py:743} INFO - Processing file /home/airflow/.local/lib/python3.7/site-packages/airflow/example_dags/example_branch_python_dop_operator_3.py for tasks to queue
[2023-04-09T19:53:19.523+0000] {logging_mixin.py:137} INFO - [2023-04-09T19:53:19.523+0000] {dagbag.py:532} INFO - Filling up the DagBag from /home/airflow/.local/lib/python3.7/site-packages/airflow/example_dags/example_branch_python_dop_operator_3.py
[2023-04-09T19:53:19.562+0000] {processor.py:753} INFO - DAG(s) dict_keys(['example_branch_dop_operator_v3']) retrieved from /home/airflow/.local/lib/python3.7/site-packages/airflow/example_dags/example_branch_python_dop_operator_3.py
[2023-04-09T19:53:19.596+0000] {logging_mixin.py:137} INFO - [2023-04-09T19:53:19.596+0000] {dag.py:2705} INFO - Sync 1 DAGs
[2023-04-09T19:53:19.641+0000] {logging_mixin.py:137} INFO - [2023-04-09T19:53:19.641+0000] {dag.py:3456} INFO - Setting next_dagrun for example_branch_dop_operator_v3 to 2023-04-09T19:52:00+00:00, run_after=2023-04-09T19:53:00+00:00
[2023-04-09T19:53:19.673+0000] {processor.py:175} INFO - Processing /home/airflow/.local/lib/python3.7/site-packages/airflow/example_dags/example_branch_python_dop_operator_3.py took 0.158 seconds
[2023-04-09T19:53:49.805+0000] {processor.py:153} INFO - Started process (PID=966) to work on /home/airflow/.local/lib/python3.7/site-packages/airflow/example_dags/example_branch_python_dop_operator_3.py
[2023-04-09T19:53:49.807+0000] {processor.py:743} INFO - Processing file /home/airflow/.local/lib/python3.7/site-packages/airflow/example_dags/example_branch_python_dop_operator_3.py for tasks to queue
[2023-04-09T19:53:49.808+0000] {logging_mixin.py:137} INFO - [2023-04-09T19:53:49.808+0000] {dagbag.py:532} INFO - Filling up the DagBag from /home/airflow/.local/lib/python3.7/site-packages/airflow/example_dags/example_branch_python_dop_operator_3.py
[2023-04-09T19:53:49.840+0000] {processor.py:753} INFO - DAG(s) dict_keys(['example_branch_dop_operator_v3']) retrieved from /home/airflow/.local/lib/python3.7/site-packages/airflow/example_dags/example_branch_python_dop_operator_3.py
[2023-04-09T19:53:49.868+0000] {logging_mixin.py:137} INFO - [2023-04-09T19:53:49.868+0000] {dag.py:2705} INFO - Sync 1 DAGs
[2023-04-09T19:53:49.917+0000] {logging_mixin.py:137} INFO - [2023-04-09T19:53:49.917+0000] {dag.py:3456} INFO - Setting next_dagrun for example_branch_dop_operator_v3 to 2023-04-09T19:52:00+00:00, run_after=2023-04-09T19:53:00+00:00
[2023-04-09T19:53:49.950+0000] {processor.py:175} INFO - Processing /home/airflow/.local/lib/python3.7/site-packages/airflow/example_dags/example_branch_python_dop_operator_3.py took 0.149 seconds
[2023-04-09T19:54:20.091+0000] {processor.py:153} INFO - Started process (PID=1189) to work on /home/airflow/.local/lib/python3.7/site-packages/airflow/example_dags/example_branch_python_dop_operator_3.py
[2023-04-09T19:54:20.093+0000] {processor.py:743} INFO - Processing file /home/airflow/.local/lib/python3.7/site-packages/airflow/example_dags/example_branch_python_dop_operator_3.py for tasks to queue
[2023-04-09T19:54:20.094+0000] {logging_mixin.py:137} INFO - [2023-04-09T19:54:20.094+0000] {dagbag.py:532} INFO - Filling up the DagBag from /home/airflow/.local/lib/python3.7/site-packages/airflow/example_dags/example_branch_python_dop_operator_3.py
[2023-04-09T19:54:20.126+0000] {processor.py:753} INFO - DAG(s) dict_keys(['example_branch_dop_operator_v3']) retrieved from /home/airflow/.local/lib/python3.7/site-packages/airflow/example_dags/example_branch_python_dop_operator_3.py
[2023-04-09T19:54:20.159+0000] {logging_mixin.py:137} INFO - [2023-04-09T19:54:20.159+0000] {dag.py:2705} INFO - Sync 1 DAGs
[2023-04-09T19:54:20.210+0000] {logging_mixin.py:137} INFO - [2023-04-09T19:54:20.210+0000] {dag.py:3456} INFO - Setting next_dagrun for example_branch_dop_operator_v3 to 2023-04-09T19:53:00+00:00, run_after=2023-04-09T19:54:00+00:00
[2023-04-09T19:54:20.246+0000] {processor.py:175} INFO - Processing /home/airflow/.local/lib/python3.7/site-packages/airflow/example_dags/example_branch_python_dop_operator_3.py took 0.159 seconds
[2023-04-09T19:54:50.298+0000] {processor.py:153} INFO - Started process (PID=1406) to work on /home/airflow/.local/lib/python3.7/site-packages/airflow/example_dags/example_branch_python_dop_operator_3.py
[2023-04-09T19:54:50.299+0000] {processor.py:743} INFO - Processing file /home/airflow/.local/lib/python3.7/site-packages/airflow/example_dags/example_branch_python_dop_operator_3.py for tasks to queue
[2023-04-09T19:54:50.301+0000] {logging_mixin.py:137} INFO - [2023-04-09T19:54:50.301+0000] {dagbag.py:532} INFO - Filling up the DagBag from /home/airflow/.local/lib/python3.7/site-packages/airflow/example_dags/example_branch_python_dop_operator_3.py
[2023-04-09T19:54:50.334+0000] {processor.py:753} INFO - DAG(s) dict_keys(['example_branch_dop_operator_v3']) retrieved from /home/airflow/.local/lib/python3.7/site-packages/airflow/example_dags/example_branch_python_dop_operator_3.py
[2023-04-09T19:54:50.366+0000] {logging_mixin.py:137} INFO - [2023-04-09T19:54:50.366+0000] {dag.py:2705} INFO - Sync 1 DAGs
[2023-04-09T19:54:50.410+0000] {logging_mixin.py:137} INFO - [2023-04-09T19:54:50.410+0000] {dag.py:3456} INFO - Setting next_dagrun for example_branch_dop_operator_v3 to 2023-04-09T19:53:00+00:00, run_after=2023-04-09T19:54:00+00:00
[2023-04-09T19:54:50.438+0000] {processor.py:175} INFO - Processing /home/airflow/.local/lib/python3.7/site-packages/airflow/example_dags/example_branch_python_dop_operator_3.py took 0.145 seconds
[2023-04-09T19:55:21.133+0000] {processor.py:153} INFO - Started process (PID=1635) to work on /home/airflow/.local/lib/python3.7/site-packages/airflow/example_dags/example_branch_python_dop_operator_3.py
[2023-04-09T19:55:21.134+0000] {processor.py:743} INFO - Processing file /home/airflow/.local/lib/python3.7/site-packages/airflow/example_dags/example_branch_python_dop_operator_3.py for tasks to queue
[2023-04-09T19:55:21.135+0000] {logging_mixin.py:137} INFO - [2023-04-09T19:55:21.135+0000] {dagbag.py:532} INFO - Filling up the DagBag from /home/airflow/.local/lib/python3.7/site-packages/airflow/example_dags/example_branch_python_dop_operator_3.py
[2023-04-09T19:55:21.163+0000] {processor.py:753} INFO - DAG(s) dict_keys(['example_branch_dop_operator_v3']) retrieved from /home/airflow/.local/lib/python3.7/site-packages/airflow/example_dags/example_branch_python_dop_operator_3.py
[2023-04-09T19:55:21.196+0000] {logging_mixin.py:137} INFO - [2023-04-09T19:55:21.196+0000] {dag.py:2705} INFO - Sync 1 DAGs
[2023-04-09T19:55:21.238+0000] {logging_mixin.py:137} INFO - [2023-04-09T19:55:21.238+0000] {dag.py:3456} INFO - Setting next_dagrun for example_branch_dop_operator_v3 to 2023-04-09T19:54:00+00:00, run_after=2023-04-09T19:55:00+00:00
[2023-04-09T19:55:21.274+0000] {processor.py:175} INFO - Processing /home/airflow/.local/lib/python3.7/site-packages/airflow/example_dags/example_branch_python_dop_operator_3.py took 0.145 seconds
[2023-04-09T19:55:51.510+0000] {processor.py:153} INFO - Started process (PID=1856) to work on /home/airflow/.local/lib/python3.7/site-packages/airflow/example_dags/example_branch_python_dop_operator_3.py
[2023-04-09T19:55:51.511+0000] {processor.py:743} INFO - Processing file /home/airflow/.local/lib/python3.7/site-packages/airflow/example_dags/example_branch_python_dop_operator_3.py for tasks to queue
[2023-04-09T19:55:51.512+0000] {logging_mixin.py:137} INFO - [2023-04-09T19:55:51.512+0000] {dagbag.py:532} INFO - Filling up the DagBag from /home/airflow/.local/lib/python3.7/site-packages/airflow/example_dags/example_branch_python_dop_operator_3.py
[2023-04-09T19:55:51.559+0000] {processor.py:753} INFO - DAG(s) dict_keys(['example_branch_dop_operator_v3']) retrieved from /home/airflow/.local/lib/python3.7/site-packages/airflow/example_dags/example_branch_python_dop_operator_3.py
[2023-04-09T19:55:51.612+0000] {logging_mixin.py:137} INFO - [2023-04-09T19:55:51.611+0000] {dag.py:2705} INFO - Sync 1 DAGs
[2023-04-09T19:55:51.788+0000] {logging_mixin.py:137} INFO - [2023-04-09T19:55:51.788+0000] {dag.py:3456} INFO - Setting next_dagrun for example_branch_dop_operator_v3 to 2023-04-09T19:54:00+00:00, run_after=2023-04-09T19:55:00+00:00
[2023-04-09T19:55:51.847+0000] {processor.py:175} INFO - Processing /home/airflow/.local/lib/python3.7/site-packages/airflow/example_dags/example_branch_python_dop_operator_3.py took 0.341 seconds
[2023-04-09T19:56:22.959+0000] {processor.py:153} INFO - Started process (PID=2069) to work on /home/airflow/.local/lib/python3.7/site-packages/airflow/example_dags/example_branch_python_dop_operator_3.py
[2023-04-09T19:56:22.962+0000] {processor.py:743} INFO - Processing file /home/airflow/.local/lib/python3.7/site-packages/airflow/example_dags/example_branch_python_dop_operator_3.py for tasks to queue
[2023-04-09T19:56:22.964+0000] {logging_mixin.py:137} INFO - [2023-04-09T19:56:22.964+0000] {dagbag.py:532} INFO - Filling up the DagBag from /home/airflow/.local/lib/python3.7/site-packages/airflow/example_dags/example_branch_python_dop_operator_3.py
[2023-04-09T19:56:23.000+0000] {processor.py:753} INFO - DAG(s) dict_keys(['example_branch_dop_operator_v3']) retrieved from /home/airflow/.local/lib/python3.7/site-packages/airflow/example_dags/example_branch_python_dop_operator_3.py
[2023-04-09T19:56:23.047+0000] {logging_mixin.py:137} INFO - [2023-04-09T19:56:23.047+0000] {dag.py:2705} INFO - Sync 1 DAGs
[2023-04-09T19:56:23.126+0000] {logging_mixin.py:137} INFO - [2023-04-09T19:56:23.126+0000] {dag.py:3456} INFO - Setting next_dagrun for example_branch_dop_operator_v3 to 2023-04-09T19:55:00+00:00, run_after=2023-04-09T19:56:00+00:00
[2023-04-09T19:56:23.205+0000] {processor.py:175} INFO - Processing /home/airflow/.local/lib/python3.7/site-packages/airflow/example_dags/example_branch_python_dop_operator_3.py took 0.252 seconds
