[2023-04-09T19:52:18.910+0000] {processor.py:153} INFO - Started process (PID=346) to work on /home/airflow/.local/lib/python3.7/site-packages/airflow/example_dags/example_external_task_marker_dag.py
[2023-04-09T19:52:18.911+0000] {processor.py:743} INFO - Processing file /home/airflow/.local/lib/python3.7/site-packages/airflow/example_dags/example_external_task_marker_dag.py for tasks to queue
[2023-04-09T19:52:18.913+0000] {logging_mixin.py:137} INFO - [2023-04-09T19:52:18.913+0000] {dagbag.py:532} INFO - Filling up the DagBag from /home/airflow/.local/lib/python3.7/site-packages/airflow/example_dags/example_external_task_marker_dag.py
[2023-04-09T19:52:18.946+0000] {processor.py:753} INFO - DAG(s) dict_keys(['example_external_task_marker_parent', 'example_external_task_marker_child']) retrieved from /home/airflow/.local/lib/python3.7/site-packages/airflow/example_dags/example_external_task_marker_dag.py
[2023-04-09T19:52:18.996+0000] {logging_mixin.py:137} INFO - [2023-04-09T19:52:18.996+0000] {dag.py:2705} INFO - Sync 2 DAGs
[2023-04-09T19:52:19.046+0000] {logging_mixin.py:137} INFO - [2023-04-09T19:52:19.046+0000] {dag.py:3456} INFO - Setting next_dagrun for example_external_task_marker_child to None, run_after=None
[2023-04-09T19:52:19.054+0000] {logging_mixin.py:137} INFO - [2023-04-09T19:52:19.054+0000] {dag.py:3456} INFO - Setting next_dagrun for example_external_task_marker_parent to None, run_after=None
[2023-04-09T19:52:19.097+0000] {processor.py:175} INFO - Processing /home/airflow/.local/lib/python3.7/site-packages/airflow/example_dags/example_external_task_marker_dag.py took 0.193 seconds
[2023-04-09T19:52:50.129+0000] {processor.py:153} INFO - Started process (PID=565) to work on /home/airflow/.local/lib/python3.7/site-packages/airflow/example_dags/example_external_task_marker_dag.py
[2023-04-09T19:52:50.134+0000] {processor.py:743} INFO - Processing file /home/airflow/.local/lib/python3.7/site-packages/airflow/example_dags/example_external_task_marker_dag.py for tasks to queue
[2023-04-09T19:52:50.166+0000] {logging_mixin.py:137} INFO - [2023-04-09T19:52:50.166+0000] {dagbag.py:532} INFO - Filling up the DagBag from /home/airflow/.local/lib/python3.7/site-packages/airflow/example_dags/example_external_task_marker_dag.py
[2023-04-09T19:52:50.291+0000] {processor.py:753} INFO - DAG(s) dict_keys(['example_external_task_marker_parent', 'example_external_task_marker_child']) retrieved from /home/airflow/.local/lib/python3.7/site-packages/airflow/example_dags/example_external_task_marker_dag.py
[2023-04-09T19:52:50.461+0000] {logging_mixin.py:137} INFO - [2023-04-09T19:52:50.461+0000] {dag.py:2705} INFO - Sync 2 DAGs
[2023-04-09T19:52:50.594+0000] {logging_mixin.py:137} INFO - [2023-04-09T19:52:50.594+0000] {dag.py:3456} INFO - Setting next_dagrun for example_external_task_marker_child to None, run_after=None
[2023-04-09T19:52:50.607+0000] {logging_mixin.py:137} INFO - [2023-04-09T19:52:50.607+0000] {dag.py:3456} INFO - Setting next_dagrun for example_external_task_marker_parent to None, run_after=None
[2023-04-09T19:52:50.668+0000] {processor.py:175} INFO - Processing /home/airflow/.local/lib/python3.7/site-packages/airflow/example_dags/example_external_task_marker_dag.py took 0.578 seconds
[2023-04-09T19:53:20.771+0000] {processor.py:153} INFO - Started process (PID=785) to work on /home/airflow/.local/lib/python3.7/site-packages/airflow/example_dags/example_external_task_marker_dag.py
[2023-04-09T19:53:20.772+0000] {processor.py:743} INFO - Processing file /home/airflow/.local/lib/python3.7/site-packages/airflow/example_dags/example_external_task_marker_dag.py for tasks to queue
[2023-04-09T19:53:20.773+0000] {logging_mixin.py:137} INFO - [2023-04-09T19:53:20.773+0000] {dagbag.py:532} INFO - Filling up the DagBag from /home/airflow/.local/lib/python3.7/site-packages/airflow/example_dags/example_external_task_marker_dag.py
[2023-04-09T19:53:20.788+0000] {processor.py:753} INFO - DAG(s) dict_keys(['example_external_task_marker_child', 'example_external_task_marker_parent']) retrieved from /home/airflow/.local/lib/python3.7/site-packages/airflow/example_dags/example_external_task_marker_dag.py
[2023-04-09T19:53:20.818+0000] {logging_mixin.py:137} INFO - [2023-04-09T19:53:20.818+0000] {dag.py:2705} INFO - Sync 2 DAGs
[2023-04-09T19:53:20.849+0000] {logging_mixin.py:137} INFO - [2023-04-09T19:53:20.848+0000] {dag.py:3456} INFO - Setting next_dagrun for example_external_task_marker_child to None, run_after=None
[2023-04-09T19:53:20.854+0000] {logging_mixin.py:137} INFO - [2023-04-09T19:53:20.853+0000] {dag.py:3456} INFO - Setting next_dagrun for example_external_task_marker_parent to None, run_after=None
[2023-04-09T19:53:20.887+0000] {processor.py:175} INFO - Processing /home/airflow/.local/lib/python3.7/site-packages/airflow/example_dags/example_external_task_marker_dag.py took 0.120 seconds
[2023-04-09T19:53:51.701+0000] {processor.py:153} INFO - Started process (PID=1001) to work on /home/airflow/.local/lib/python3.7/site-packages/airflow/example_dags/example_external_task_marker_dag.py
[2023-04-09T19:53:51.703+0000] {processor.py:743} INFO - Processing file /home/airflow/.local/lib/python3.7/site-packages/airflow/example_dags/example_external_task_marker_dag.py for tasks to queue
[2023-04-09T19:53:51.705+0000] {logging_mixin.py:137} INFO - [2023-04-09T19:53:51.705+0000] {dagbag.py:532} INFO - Filling up the DagBag from /home/airflow/.local/lib/python3.7/site-packages/airflow/example_dags/example_external_task_marker_dag.py
[2023-04-09T19:53:51.725+0000] {processor.py:753} INFO - DAG(s) dict_keys(['example_external_task_marker_child', 'example_external_task_marker_parent']) retrieved from /home/airflow/.local/lib/python3.7/site-packages/airflow/example_dags/example_external_task_marker_dag.py
[2023-04-09T19:53:51.761+0000] {logging_mixin.py:137} INFO - [2023-04-09T19:53:51.760+0000] {dag.py:2705} INFO - Sync 2 DAGs
[2023-04-09T19:53:51.800+0000] {logging_mixin.py:137} INFO - [2023-04-09T19:53:51.800+0000] {dag.py:3456} INFO - Setting next_dagrun for example_external_task_marker_child to None, run_after=None
[2023-04-09T19:53:51.806+0000] {logging_mixin.py:137} INFO - [2023-04-09T19:53:51.806+0000] {dag.py:3456} INFO - Setting next_dagrun for example_external_task_marker_parent to None, run_after=None
[2023-04-09T19:53:51.833+0000] {processor.py:175} INFO - Processing /home/airflow/.local/lib/python3.7/site-packages/airflow/example_dags/example_external_task_marker_dag.py took 0.137 seconds
[2023-04-09T19:54:22.453+0000] {processor.py:153} INFO - Started process (PID=1224) to work on /home/airflow/.local/lib/python3.7/site-packages/airflow/example_dags/example_external_task_marker_dag.py
[2023-04-09T19:54:22.456+0000] {processor.py:743} INFO - Processing file /home/airflow/.local/lib/python3.7/site-packages/airflow/example_dags/example_external_task_marker_dag.py for tasks to queue
[2023-04-09T19:54:22.458+0000] {logging_mixin.py:137} INFO - [2023-04-09T19:54:22.458+0000] {dagbag.py:532} INFO - Filling up the DagBag from /home/airflow/.local/lib/python3.7/site-packages/airflow/example_dags/example_external_task_marker_dag.py
[2023-04-09T19:54:22.478+0000] {processor.py:753} INFO - DAG(s) dict_keys(['example_external_task_marker_parent', 'example_external_task_marker_child']) retrieved from /home/airflow/.local/lib/python3.7/site-packages/airflow/example_dags/example_external_task_marker_dag.py
[2023-04-09T19:54:22.525+0000] {logging_mixin.py:137} INFO - [2023-04-09T19:54:22.525+0000] {dag.py:2705} INFO - Sync 2 DAGs
[2023-04-09T19:54:22.561+0000] {logging_mixin.py:137} INFO - [2023-04-09T19:54:22.561+0000] {dag.py:3456} INFO - Setting next_dagrun for example_external_task_marker_child to None, run_after=None
[2023-04-09T19:54:22.567+0000] {logging_mixin.py:137} INFO - [2023-04-09T19:54:22.567+0000] {dag.py:3456} INFO - Setting next_dagrun for example_external_task_marker_parent to None, run_after=None
[2023-04-09T19:54:22.592+0000] {processor.py:175} INFO - Processing /home/airflow/.local/lib/python3.7/site-packages/airflow/example_dags/example_external_task_marker_dag.py took 0.144 seconds
[2023-04-09T19:54:53.031+0000] {processor.py:153} INFO - Started process (PID=1446) to work on /home/airflow/.local/lib/python3.7/site-packages/airflow/example_dags/example_external_task_marker_dag.py
[2023-04-09T19:54:53.033+0000] {processor.py:743} INFO - Processing file /home/airflow/.local/lib/python3.7/site-packages/airflow/example_dags/example_external_task_marker_dag.py for tasks to queue
[2023-04-09T19:54:53.034+0000] {logging_mixin.py:137} INFO - [2023-04-09T19:54:53.034+0000] {dagbag.py:532} INFO - Filling up the DagBag from /home/airflow/.local/lib/python3.7/site-packages/airflow/example_dags/example_external_task_marker_dag.py
[2023-04-09T19:54:53.056+0000] {processor.py:753} INFO - DAG(s) dict_keys(['example_external_task_marker_child', 'example_external_task_marker_parent']) retrieved from /home/airflow/.local/lib/python3.7/site-packages/airflow/example_dags/example_external_task_marker_dag.py
[2023-04-09T19:54:53.093+0000] {logging_mixin.py:137} INFO - [2023-04-09T19:54:53.093+0000] {dag.py:2705} INFO - Sync 2 DAGs
[2023-04-09T19:54:53.134+0000] {logging_mixin.py:137} INFO - [2023-04-09T19:54:53.134+0000] {dag.py:3456} INFO - Setting next_dagrun for example_external_task_marker_child to None, run_after=None
[2023-04-09T19:54:53.139+0000] {logging_mixin.py:137} INFO - [2023-04-09T19:54:53.139+0000] {dag.py:3456} INFO - Setting next_dagrun for example_external_task_marker_parent to None, run_after=None
[2023-04-09T19:54:53.162+0000] {processor.py:175} INFO - Processing /home/airflow/.local/lib/python3.7/site-packages/airflow/example_dags/example_external_task_marker_dag.py took 0.135 seconds
[2023-04-09T19:55:23.737+0000] {processor.py:153} INFO - Started process (PID=1668) to work on /home/airflow/.local/lib/python3.7/site-packages/airflow/example_dags/example_external_task_marker_dag.py
[2023-04-09T19:55:23.739+0000] {processor.py:743} INFO - Processing file /home/airflow/.local/lib/python3.7/site-packages/airflow/example_dags/example_external_task_marker_dag.py for tasks to queue
[2023-04-09T19:55:23.741+0000] {logging_mixin.py:137} INFO - [2023-04-09T19:55:23.741+0000] {dagbag.py:532} INFO - Filling up the DagBag from /home/airflow/.local/lib/python3.7/site-packages/airflow/example_dags/example_external_task_marker_dag.py
[2023-04-09T19:55:23.764+0000] {processor.py:753} INFO - DAG(s) dict_keys(['example_external_task_marker_parent', 'example_external_task_marker_child']) retrieved from /home/airflow/.local/lib/python3.7/site-packages/airflow/example_dags/example_external_task_marker_dag.py
[2023-04-09T19:55:23.817+0000] {logging_mixin.py:137} INFO - [2023-04-09T19:55:23.817+0000] {dag.py:2705} INFO - Sync 2 DAGs
[2023-04-09T19:55:23.867+0000] {logging_mixin.py:137} INFO - [2023-04-09T19:55:23.867+0000] {dag.py:3456} INFO - Setting next_dagrun for example_external_task_marker_child to None, run_after=None
[2023-04-09T19:55:23.875+0000] {logging_mixin.py:137} INFO - [2023-04-09T19:55:23.875+0000] {dag.py:3456} INFO - Setting next_dagrun for example_external_task_marker_parent to None, run_after=None
[2023-04-09T19:55:23.923+0000] {processor.py:175} INFO - Processing /home/airflow/.local/lib/python3.7/site-packages/airflow/example_dags/example_external_task_marker_dag.py took 0.191 seconds
[2023-04-09T19:55:54.278+0000] {processor.py:153} INFO - Started process (PID=1886) to work on /home/airflow/.local/lib/python3.7/site-packages/airflow/example_dags/example_external_task_marker_dag.py
[2023-04-09T19:55:54.280+0000] {processor.py:743} INFO - Processing file /home/airflow/.local/lib/python3.7/site-packages/airflow/example_dags/example_external_task_marker_dag.py for tasks to queue
[2023-04-09T19:55:54.282+0000] {logging_mixin.py:137} INFO - [2023-04-09T19:55:54.281+0000] {dagbag.py:532} INFO - Filling up the DagBag from /home/airflow/.local/lib/python3.7/site-packages/airflow/example_dags/example_external_task_marker_dag.py
[2023-04-09T19:55:54.303+0000] {processor.py:753} INFO - DAG(s) dict_keys(['example_external_task_marker_parent', 'example_external_task_marker_child']) retrieved from /home/airflow/.local/lib/python3.7/site-packages/airflow/example_dags/example_external_task_marker_dag.py
[2023-04-09T19:55:54.342+0000] {logging_mixin.py:137} INFO - [2023-04-09T19:55:54.342+0000] {dag.py:2705} INFO - Sync 2 DAGs
[2023-04-09T19:55:54.386+0000] {logging_mixin.py:137} INFO - [2023-04-09T19:55:54.386+0000] {dag.py:3456} INFO - Setting next_dagrun for example_external_task_marker_child to None, run_after=None
[2023-04-09T19:55:54.391+0000] {logging_mixin.py:137} INFO - [2023-04-09T19:55:54.391+0000] {dag.py:3456} INFO - Setting next_dagrun for example_external_task_marker_parent to None, run_after=None
[2023-04-09T19:55:54.415+0000] {processor.py:175} INFO - Processing /home/airflow/.local/lib/python3.7/site-packages/airflow/example_dags/example_external_task_marker_dag.py took 0.142 seconds
[2023-04-09T19:56:24.914+0000] {processor.py:153} INFO - Started process (PID=2104) to work on /home/airflow/.local/lib/python3.7/site-packages/airflow/example_dags/example_external_task_marker_dag.py
[2023-04-09T19:56:24.916+0000] {processor.py:743} INFO - Processing file /home/airflow/.local/lib/python3.7/site-packages/airflow/example_dags/example_external_task_marker_dag.py for tasks to queue
[2023-04-09T19:56:24.918+0000] {logging_mixin.py:137} INFO - [2023-04-09T19:56:24.918+0000] {dagbag.py:532} INFO - Filling up the DagBag from /home/airflow/.local/lib/python3.7/site-packages/airflow/example_dags/example_external_task_marker_dag.py
[2023-04-09T19:56:24.941+0000] {processor.py:753} INFO - DAG(s) dict_keys(['example_external_task_marker_child', 'example_external_task_marker_parent']) retrieved from /home/airflow/.local/lib/python3.7/site-packages/airflow/example_dags/example_external_task_marker_dag.py
[2023-04-09T19:56:24.991+0000] {logging_mixin.py:137} INFO - [2023-04-09T19:56:24.991+0000] {dag.py:2705} INFO - Sync 2 DAGs
[2023-04-09T19:56:25.051+0000] {logging_mixin.py:137} INFO - [2023-04-09T19:56:25.051+0000] {dag.py:3456} INFO - Setting next_dagrun for example_external_task_marker_child to None, run_after=None
[2023-04-09T19:56:25.059+0000] {logging_mixin.py:137} INFO - [2023-04-09T19:56:25.059+0000] {dag.py:3456} INFO - Setting next_dagrun for example_external_task_marker_parent to None, run_after=None
[2023-04-09T19:56:25.101+0000] {processor.py:175} INFO - Processing /home/airflow/.local/lib/python3.7/site-packages/airflow/example_dags/example_external_task_marker_dag.py took 0.195 seconds
