[2023-04-09T19:52:18.807+0000] {processor.py:153} INFO - Started process (PID=341) to work on /home/airflow/.local/lib/python3.7/site-packages/airflow/example_dags/example_subdag_operator.py
[2023-04-09T19:52:18.823+0000] {processor.py:743} INFO - Processing file /home/airflow/.local/lib/python3.7/site-packages/airflow/example_dags/example_subdag_operator.py for tasks to queue
[2023-04-09T19:52:18.825+0000] {logging_mixin.py:137} INFO - [2023-04-09T19:52:18.825+0000] {dagbag.py:532} INFO - Filling up the DagBag from /home/airflow/.local/lib/python3.7/site-packages/airflow/example_dags/example_subdag_operator.py
[2023-04-09T19:52:18.915+0000] {processor.py:753} INFO - DAG(s) dict_keys(['example_subdag_operator.section-1', 'example_subdag_operator.section-2', 'example_subdag_operator']) retrieved from /home/airflow/.local/lib/python3.7/site-packages/airflow/example_dags/example_subdag_operator.py
[2023-04-09T19:52:18.950+0000] {logging_mixin.py:137} INFO - [2023-04-09T19:52:18.950+0000] {dag.py:2705} INFO - Sync 3 DAGs
[2023-04-09T19:52:19.000+0000] {logging_mixin.py:137} INFO - [2023-04-09T19:52:19.000+0000] {dag.py:3456} INFO - Setting next_dagrun for example_subdag_operator to 2022-01-01T00:00:00+00:00, run_after=2022-01-01T00:00:00+00:00
[2023-04-09T19:52:19.012+0000] {logging_mixin.py:137} INFO - [2023-04-09T19:52:19.011+0000] {dag.py:3456} INFO - Setting next_dagrun for example_subdag_operator.section-1 to None, run_after=None
[2023-04-09T19:52:19.014+0000] {logging_mixin.py:137} INFO - [2023-04-09T19:52:19.014+0000] {dag.py:3456} INFO - Setting next_dagrun for example_subdag_operator.section-2 to None, run_after=None
[2023-04-09T19:52:19.028+0000] {logging_mixin.py:137} INFO - [2023-04-09T19:52:19.028+0000] {dag.py:2705} INFO - Sync 2 DAGs
[2023-04-09T19:52:19.038+0000] {logging_mixin.py:137} INFO - [2023-04-09T19:52:19.038+0000] {dag.py:3456} INFO - Setting next_dagrun for example_subdag_operator.section-1 to None, run_after=None
[2023-04-09T19:52:19.040+0000] {logging_mixin.py:137} INFO - [2023-04-09T19:52:19.039+0000] {dag.py:3456} INFO - Setting next_dagrun for example_subdag_operator.section-2 to None, run_after=None
[2023-04-09T19:52:19.064+0000] {processor.py:175} INFO - Processing /home/airflow/.local/lib/python3.7/site-packages/airflow/example_dags/example_subdag_operator.py took 0.262 seconds
[2023-04-09T19:52:49.504+0000] {processor.py:153} INFO - Started process (PID=560) to work on /home/airflow/.local/lib/python3.7/site-packages/airflow/example_dags/example_subdag_operator.py
[2023-04-09T19:52:49.509+0000] {processor.py:743} INFO - Processing file /home/airflow/.local/lib/python3.7/site-packages/airflow/example_dags/example_subdag_operator.py for tasks to queue
[2023-04-09T19:52:49.511+0000] {logging_mixin.py:137} INFO - [2023-04-09T19:52:49.511+0000] {dagbag.py:532} INFO - Filling up the DagBag from /home/airflow/.local/lib/python3.7/site-packages/airflow/example_dags/example_subdag_operator.py
[2023-04-09T19:52:49.722+0000] {processor.py:753} INFO - DAG(s) dict_keys(['example_subdag_operator.section-1', 'example_subdag_operator.section-2', 'example_subdag_operator']) retrieved from /home/airflow/.local/lib/python3.7/site-packages/airflow/example_dags/example_subdag_operator.py
[2023-04-09T19:52:49.849+0000] {logging_mixin.py:137} INFO - [2023-04-09T19:52:49.849+0000] {dag.py:2705} INFO - Sync 3 DAGs
[2023-04-09T19:52:49.992+0000] {logging_mixin.py:137} INFO - [2023-04-09T19:52:49.992+0000] {dag.py:3456} INFO - Setting next_dagrun for example_subdag_operator to 2022-01-01T00:00:00+00:00, run_after=2022-01-01T00:00:00+00:00
[2023-04-09T19:52:50.006+0000] {logging_mixin.py:137} INFO - [2023-04-09T19:52:50.005+0000] {dag.py:3456} INFO - Setting next_dagrun for example_subdag_operator.section-1 to None, run_after=None
[2023-04-09T19:52:50.014+0000] {logging_mixin.py:137} INFO - [2023-04-09T19:52:50.012+0000] {dag.py:3456} INFO - Setting next_dagrun for example_subdag_operator.section-2 to None, run_after=None
[2023-04-09T19:52:50.062+0000] {logging_mixin.py:137} INFO - [2023-04-09T19:52:50.061+0000] {dag.py:2705} INFO - Sync 2 DAGs
[2023-04-09T19:52:50.083+0000] {logging_mixin.py:137} INFO - [2023-04-09T19:52:50.082+0000] {dag.py:3456} INFO - Setting next_dagrun for example_subdag_operator.section-1 to None, run_after=None
[2023-04-09T19:52:50.092+0000] {logging_mixin.py:137} INFO - [2023-04-09T19:52:50.092+0000] {dag.py:3456} INFO - Setting next_dagrun for example_subdag_operator.section-2 to None, run_after=None
[2023-04-09T19:52:50.176+0000] {processor.py:175} INFO - Processing /home/airflow/.local/lib/python3.7/site-packages/airflow/example_dags/example_subdag_operator.py took 0.677 seconds
[2023-04-09T19:53:20.583+0000] {processor.py:153} INFO - Started process (PID=780) to work on /home/airflow/.local/lib/python3.7/site-packages/airflow/example_dags/example_subdag_operator.py
[2023-04-09T19:53:20.585+0000] {processor.py:743} INFO - Processing file /home/airflow/.local/lib/python3.7/site-packages/airflow/example_dags/example_subdag_operator.py for tasks to queue
[2023-04-09T19:53:20.587+0000] {logging_mixin.py:137} INFO - [2023-04-09T19:53:20.586+0000] {dagbag.py:532} INFO - Filling up the DagBag from /home/airflow/.local/lib/python3.7/site-packages/airflow/example_dags/example_subdag_operator.py
[2023-04-09T19:53:20.625+0000] {processor.py:753} INFO - DAG(s) dict_keys(['example_subdag_operator.section-1', 'example_subdag_operator.section-2', 'example_subdag_operator']) retrieved from /home/airflow/.local/lib/python3.7/site-packages/airflow/example_dags/example_subdag_operator.py
[2023-04-09T19:53:20.649+0000] {logging_mixin.py:137} INFO - [2023-04-09T19:53:20.649+0000] {dag.py:2705} INFO - Sync 3 DAGs
[2023-04-09T19:53:20.680+0000] {logging_mixin.py:137} INFO - [2023-04-09T19:53:20.680+0000] {dag.py:3456} INFO - Setting next_dagrun for example_subdag_operator to 2022-01-01T00:00:00+00:00, run_after=2022-01-01T00:00:00+00:00
[2023-04-09T19:53:20.685+0000] {logging_mixin.py:137} INFO - [2023-04-09T19:53:20.684+0000] {dag.py:3456} INFO - Setting next_dagrun for example_subdag_operator.section-1 to None, run_after=None
[2023-04-09T19:53:20.687+0000] {logging_mixin.py:137} INFO - [2023-04-09T19:53:20.687+0000] {dag.py:3456} INFO - Setting next_dagrun for example_subdag_operator.section-2 to None, run_after=None
[2023-04-09T19:53:20.697+0000] {logging_mixin.py:137} INFO - [2023-04-09T19:53:20.697+0000] {dag.py:2705} INFO - Sync 2 DAGs
[2023-04-09T19:53:20.705+0000] {logging_mixin.py:137} INFO - [2023-04-09T19:53:20.704+0000] {dag.py:3456} INFO - Setting next_dagrun for example_subdag_operator.section-1 to None, run_after=None
[2023-04-09T19:53:20.706+0000] {logging_mixin.py:137} INFO - [2023-04-09T19:53:20.705+0000] {dag.py:3456} INFO - Setting next_dagrun for example_subdag_operator.section-2 to None, run_after=None
[2023-04-09T19:53:20.723+0000] {processor.py:175} INFO - Processing /home/airflow/.local/lib/python3.7/site-packages/airflow/example_dags/example_subdag_operator.py took 0.143 seconds
[2023-04-09T19:53:51.516+0000] {processor.py:153} INFO - Started process (PID=996) to work on /home/airflow/.local/lib/python3.7/site-packages/airflow/example_dags/example_subdag_operator.py
[2023-04-09T19:53:51.518+0000] {processor.py:743} INFO - Processing file /home/airflow/.local/lib/python3.7/site-packages/airflow/example_dags/example_subdag_operator.py for tasks to queue
[2023-04-09T19:53:51.520+0000] {logging_mixin.py:137} INFO - [2023-04-09T19:53:51.519+0000] {dagbag.py:532} INFO - Filling up the DagBag from /home/airflow/.local/lib/python3.7/site-packages/airflow/example_dags/example_subdag_operator.py
[2023-04-09T19:53:51.562+0000] {processor.py:753} INFO - DAG(s) dict_keys(['example_subdag_operator.section-1', 'example_subdag_operator.section-2', 'example_subdag_operator']) retrieved from /home/airflow/.local/lib/python3.7/site-packages/airflow/example_dags/example_subdag_operator.py
[2023-04-09T19:53:51.594+0000] {logging_mixin.py:137} INFO - [2023-04-09T19:53:51.594+0000] {dag.py:2705} INFO - Sync 3 DAGs
[2023-04-09T19:53:51.632+0000] {logging_mixin.py:137} INFO - [2023-04-09T19:53:51.631+0000] {dag.py:3456} INFO - Setting next_dagrun for example_subdag_operator to 2022-01-01T00:00:00+00:00, run_after=2022-01-01T00:00:00+00:00
[2023-04-09T19:53:51.637+0000] {logging_mixin.py:137} INFO - [2023-04-09T19:53:51.637+0000] {dag.py:3456} INFO - Setting next_dagrun for example_subdag_operator.section-1 to None, run_after=None
[2023-04-09T19:53:51.640+0000] {logging_mixin.py:137} INFO - [2023-04-09T19:53:51.640+0000] {dag.py:3456} INFO - Setting next_dagrun for example_subdag_operator.section-2 to None, run_after=None
[2023-04-09T19:53:51.652+0000] {logging_mixin.py:137} INFO - [2023-04-09T19:53:51.652+0000] {dag.py:2705} INFO - Sync 2 DAGs
[2023-04-09T19:53:51.662+0000] {logging_mixin.py:137} INFO - [2023-04-09T19:53:51.662+0000] {dag.py:3456} INFO - Setting next_dagrun for example_subdag_operator.section-1 to None, run_after=None
[2023-04-09T19:53:51.663+0000] {logging_mixin.py:137} INFO - [2023-04-09T19:53:51.663+0000] {dag.py:3456} INFO - Setting next_dagrun for example_subdag_operator.section-2 to None, run_after=None
[2023-04-09T19:53:51.693+0000] {processor.py:175} INFO - Processing /home/airflow/.local/lib/python3.7/site-packages/airflow/example_dags/example_subdag_operator.py took 0.181 seconds
[2023-04-09T19:54:22.204+0000] {processor.py:153} INFO - Started process (PID=1219) to work on /home/airflow/.local/lib/python3.7/site-packages/airflow/example_dags/example_subdag_operator.py
[2023-04-09T19:54:22.206+0000] {processor.py:743} INFO - Processing file /home/airflow/.local/lib/python3.7/site-packages/airflow/example_dags/example_subdag_operator.py for tasks to queue
[2023-04-09T19:54:22.208+0000] {logging_mixin.py:137} INFO - [2023-04-09T19:54:22.207+0000] {dagbag.py:532} INFO - Filling up the DagBag from /home/airflow/.local/lib/python3.7/site-packages/airflow/example_dags/example_subdag_operator.py
[2023-04-09T19:54:22.296+0000] {processor.py:753} INFO - DAG(s) dict_keys(['example_subdag_operator.section-1', 'example_subdag_operator.section-2', 'example_subdag_operator']) retrieved from /home/airflow/.local/lib/python3.7/site-packages/airflow/example_dags/example_subdag_operator.py
[2023-04-09T19:54:22.349+0000] {logging_mixin.py:137} INFO - [2023-04-09T19:54:22.349+0000] {dag.py:2705} INFO - Sync 3 DAGs
[2023-04-09T19:54:22.390+0000] {logging_mixin.py:137} INFO - [2023-04-09T19:54:22.390+0000] {dag.py:3456} INFO - Setting next_dagrun for example_subdag_operator to 2022-01-01T00:00:00+00:00, run_after=2022-01-01T00:00:00+00:00
[2023-04-09T19:54:22.396+0000] {logging_mixin.py:137} INFO - [2023-04-09T19:54:22.396+0000] {dag.py:3456} INFO - Setting next_dagrun for example_subdag_operator.section-1 to None, run_after=None
[2023-04-09T19:54:22.399+0000] {logging_mixin.py:137} INFO - [2023-04-09T19:54:22.399+0000] {dag.py:3456} INFO - Setting next_dagrun for example_subdag_operator.section-2 to None, run_after=None
[2023-04-09T19:54:22.414+0000] {logging_mixin.py:137} INFO - [2023-04-09T19:54:22.414+0000] {dag.py:2705} INFO - Sync 2 DAGs
[2023-04-09T19:54:22.429+0000] {logging_mixin.py:137} INFO - [2023-04-09T19:54:22.428+0000] {dag.py:3456} INFO - Setting next_dagrun for example_subdag_operator.section-1 to None, run_after=None
[2023-04-09T19:54:22.431+0000] {logging_mixin.py:137} INFO - [2023-04-09T19:54:22.430+0000] {dag.py:3456} INFO - Setting next_dagrun for example_subdag_operator.section-2 to None, run_after=None
[2023-04-09T19:54:22.456+0000] {processor.py:175} INFO - Processing /home/airflow/.local/lib/python3.7/site-packages/airflow/example_dags/example_subdag_operator.py took 0.260 seconds
[2023-04-09T19:54:52.868+0000] {processor.py:153} INFO - Started process (PID=1441) to work on /home/airflow/.local/lib/python3.7/site-packages/airflow/example_dags/example_subdag_operator.py
[2023-04-09T19:54:52.870+0000] {processor.py:743} INFO - Processing file /home/airflow/.local/lib/python3.7/site-packages/airflow/example_dags/example_subdag_operator.py for tasks to queue
[2023-04-09T19:54:52.871+0000] {logging_mixin.py:137} INFO - [2023-04-09T19:54:52.871+0000] {dagbag.py:532} INFO - Filling up the DagBag from /home/airflow/.local/lib/python3.7/site-packages/airflow/example_dags/example_subdag_operator.py
[2023-04-09T19:54:52.911+0000] {processor.py:753} INFO - DAG(s) dict_keys(['example_subdag_operator.section-1', 'example_subdag_operator.section-2', 'example_subdag_operator']) retrieved from /home/airflow/.local/lib/python3.7/site-packages/airflow/example_dags/example_subdag_operator.py
[2023-04-09T19:54:52.940+0000] {logging_mixin.py:137} INFO - [2023-04-09T19:54:52.940+0000] {dag.py:2705} INFO - Sync 3 DAGs
[2023-04-09T19:54:52.972+0000] {logging_mixin.py:137} INFO - [2023-04-09T19:54:52.971+0000] {dag.py:3456} INFO - Setting next_dagrun for example_subdag_operator to 2022-01-01T00:00:00+00:00, run_after=2022-01-01T00:00:00+00:00
[2023-04-09T19:54:52.977+0000] {logging_mixin.py:137} INFO - [2023-04-09T19:54:52.977+0000] {dag.py:3456} INFO - Setting next_dagrun for example_subdag_operator.section-1 to None, run_after=None
[2023-04-09T19:54:52.979+0000] {logging_mixin.py:137} INFO - [2023-04-09T19:54:52.979+0000] {dag.py:3456} INFO - Setting next_dagrun for example_subdag_operator.section-2 to None, run_after=None
[2023-04-09T19:54:52.991+0000] {logging_mixin.py:137} INFO - [2023-04-09T19:54:52.991+0000] {dag.py:2705} INFO - Sync 2 DAGs
[2023-04-09T19:54:53.001+0000] {logging_mixin.py:137} INFO - [2023-04-09T19:54:53.000+0000] {dag.py:3456} INFO - Setting next_dagrun for example_subdag_operator.section-1 to None, run_after=None
[2023-04-09T19:54:53.002+0000] {logging_mixin.py:137} INFO - [2023-04-09T19:54:53.002+0000] {dag.py:3456} INFO - Setting next_dagrun for example_subdag_operator.section-2 to None, run_after=None
[2023-04-09T19:54:53.024+0000] {processor.py:175} INFO - Processing /home/airflow/.local/lib/python3.7/site-packages/airflow/example_dags/example_subdag_operator.py took 0.159 seconds
[2023-04-09T19:55:23.527+0000] {processor.py:153} INFO - Started process (PID=1663) to work on /home/airflow/.local/lib/python3.7/site-packages/airflow/example_dags/example_subdag_operator.py
[2023-04-09T19:55:23.534+0000] {processor.py:743} INFO - Processing file /home/airflow/.local/lib/python3.7/site-packages/airflow/example_dags/example_subdag_operator.py for tasks to queue
[2023-04-09T19:55:23.536+0000] {logging_mixin.py:137} INFO - [2023-04-09T19:55:23.536+0000] {dagbag.py:532} INFO - Filling up the DagBag from /home/airflow/.local/lib/python3.7/site-packages/airflow/example_dags/example_subdag_operator.py
[2023-04-09T19:55:23.601+0000] {processor.py:753} INFO - DAG(s) dict_keys(['example_subdag_operator.section-1', 'example_subdag_operator.section-2', 'example_subdag_operator']) retrieved from /home/airflow/.local/lib/python3.7/site-packages/airflow/example_dags/example_subdag_operator.py
[2023-04-09T19:55:23.639+0000] {logging_mixin.py:137} INFO - [2023-04-09T19:55:23.639+0000] {dag.py:2705} INFO - Sync 3 DAGs
[2023-04-09T19:55:23.684+0000] {logging_mixin.py:137} INFO - [2023-04-09T19:55:23.684+0000] {dag.py:3456} INFO - Setting next_dagrun for example_subdag_operator to 2022-01-01T00:00:00+00:00, run_after=2022-01-01T00:00:00+00:00
[2023-04-09T19:55:23.689+0000] {logging_mixin.py:137} INFO - [2023-04-09T19:55:23.689+0000] {dag.py:3456} INFO - Setting next_dagrun for example_subdag_operator.section-1 to None, run_after=None
[2023-04-09T19:55:23.692+0000] {logging_mixin.py:137} INFO - [2023-04-09T19:55:23.692+0000] {dag.py:3456} INFO - Setting next_dagrun for example_subdag_operator.section-2 to None, run_after=None
[2023-04-09T19:55:23.709+0000] {logging_mixin.py:137} INFO - [2023-04-09T19:55:23.708+0000] {dag.py:2705} INFO - Sync 2 DAGs
[2023-04-09T19:55:23.720+0000] {logging_mixin.py:137} INFO - [2023-04-09T19:55:23.719+0000] {dag.py:3456} INFO - Setting next_dagrun for example_subdag_operator.section-1 to None, run_after=None
[2023-04-09T19:55:23.721+0000] {logging_mixin.py:137} INFO - [2023-04-09T19:55:23.721+0000] {dag.py:3456} INFO - Setting next_dagrun for example_subdag_operator.section-2 to None, run_after=None
[2023-04-09T19:55:23.748+0000] {processor.py:175} INFO - Processing /home/airflow/.local/lib/python3.7/site-packages/airflow/example_dags/example_subdag_operator.py took 0.227 seconds
[2023-04-09T19:55:54.115+0000] {processor.py:153} INFO - Started process (PID=1881) to work on /home/airflow/.local/lib/python3.7/site-packages/airflow/example_dags/example_subdag_operator.py
[2023-04-09T19:55:54.116+0000] {processor.py:743} INFO - Processing file /home/airflow/.local/lib/python3.7/site-packages/airflow/example_dags/example_subdag_operator.py for tasks to queue
[2023-04-09T19:55:54.118+0000] {logging_mixin.py:137} INFO - [2023-04-09T19:55:54.118+0000] {dagbag.py:532} INFO - Filling up the DagBag from /home/airflow/.local/lib/python3.7/site-packages/airflow/example_dags/example_subdag_operator.py
[2023-04-09T19:55:54.156+0000] {processor.py:753} INFO - DAG(s) dict_keys(['example_subdag_operator.section-1', 'example_subdag_operator.section-2', 'example_subdag_operator']) retrieved from /home/airflow/.local/lib/python3.7/site-packages/airflow/example_dags/example_subdag_operator.py
[2023-04-09T19:55:54.183+0000] {logging_mixin.py:137} INFO - [2023-04-09T19:55:54.182+0000] {dag.py:2705} INFO - Sync 3 DAGs
[2023-04-09T19:55:54.218+0000] {logging_mixin.py:137} INFO - [2023-04-09T19:55:54.217+0000] {dag.py:3456} INFO - Setting next_dagrun for example_subdag_operator to 2022-01-01T00:00:00+00:00, run_after=2022-01-01T00:00:00+00:00
[2023-04-09T19:55:54.223+0000] {logging_mixin.py:137} INFO - [2023-04-09T19:55:54.222+0000] {dag.py:3456} INFO - Setting next_dagrun for example_subdag_operator.section-1 to None, run_after=None
[2023-04-09T19:55:54.225+0000] {logging_mixin.py:137} INFO - [2023-04-09T19:55:54.225+0000] {dag.py:3456} INFO - Setting next_dagrun for example_subdag_operator.section-2 to None, run_after=None
[2023-04-09T19:55:54.236+0000] {logging_mixin.py:137} INFO - [2023-04-09T19:55:54.235+0000] {dag.py:2705} INFO - Sync 2 DAGs
[2023-04-09T19:55:54.244+0000] {logging_mixin.py:137} INFO - [2023-04-09T19:55:54.244+0000] {dag.py:3456} INFO - Setting next_dagrun for example_subdag_operator.section-1 to None, run_after=None
[2023-04-09T19:55:54.245+0000] {logging_mixin.py:137} INFO - [2023-04-09T19:55:54.245+0000] {dag.py:3456} INFO - Setting next_dagrun for example_subdag_operator.section-2 to None, run_after=None
[2023-04-09T19:55:54.266+0000] {processor.py:175} INFO - Processing /home/airflow/.local/lib/python3.7/site-packages/airflow/example_dags/example_subdag_operator.py took 0.156 seconds
[2023-04-09T19:56:24.673+0000] {processor.py:153} INFO - Started process (PID=2099) to work on /home/airflow/.local/lib/python3.7/site-packages/airflow/example_dags/example_subdag_operator.py
[2023-04-09T19:56:24.676+0000] {processor.py:743} INFO - Processing file /home/airflow/.local/lib/python3.7/site-packages/airflow/example_dags/example_subdag_operator.py for tasks to queue
[2023-04-09T19:56:24.679+0000] {logging_mixin.py:137} INFO - [2023-04-09T19:56:24.679+0000] {dagbag.py:532} INFO - Filling up the DagBag from /home/airflow/.local/lib/python3.7/site-packages/airflow/example_dags/example_subdag_operator.py
[2023-04-09T19:56:24.734+0000] {processor.py:753} INFO - DAG(s) dict_keys(['example_subdag_operator.section-1', 'example_subdag_operator.section-2', 'example_subdag_operator']) retrieved from /home/airflow/.local/lib/python3.7/site-packages/airflow/example_dags/example_subdag_operator.py
[2023-04-09T19:56:24.771+0000] {logging_mixin.py:137} INFO - [2023-04-09T19:56:24.771+0000] {dag.py:2705} INFO - Sync 3 DAGs
[2023-04-09T19:56:24.821+0000] {logging_mixin.py:137} INFO - [2023-04-09T19:56:24.821+0000] {dag.py:3456} INFO - Setting next_dagrun for example_subdag_operator to 2022-01-01T00:00:00+00:00, run_after=2022-01-01T00:00:00+00:00
[2023-04-09T19:56:24.829+0000] {logging_mixin.py:137} INFO - [2023-04-09T19:56:24.829+0000] {dag.py:3456} INFO - Setting next_dagrun for example_subdag_operator.section-1 to None, run_after=None
[2023-04-09T19:56:24.832+0000] {logging_mixin.py:137} INFO - [2023-04-09T19:56:24.832+0000] {dag.py:3456} INFO - Setting next_dagrun for example_subdag_operator.section-2 to None, run_after=None
[2023-04-09T19:56:24.846+0000] {logging_mixin.py:137} INFO - [2023-04-09T19:56:24.846+0000] {dag.py:2705} INFO - Sync 2 DAGs
[2023-04-09T19:56:24.858+0000] {logging_mixin.py:137} INFO - [2023-04-09T19:56:24.858+0000] {dag.py:3456} INFO - Setting next_dagrun for example_subdag_operator.section-1 to None, run_after=None
[2023-04-09T19:56:24.859+0000] {logging_mixin.py:137} INFO - [2023-04-09T19:56:24.859+0000] {dag.py:3456} INFO - Setting next_dagrun for example_subdag_operator.section-2 to None, run_after=None
[2023-04-09T19:56:24.896+0000] {processor.py:175} INFO - Processing /home/airflow/.local/lib/python3.7/site-packages/airflow/example_dags/example_subdag_operator.py took 0.227 seconds
