[2023-04-09T19:52:14.207+0000] {processor.py:153} INFO - Started process (PID=211) to work on /home/airflow/.local/lib/python3.7/site-packages/airflow/example_dags/example_task_group.py
[2023-04-09T19:52:14.209+0000] {processor.py:743} INFO - Processing file /home/airflow/.local/lib/python3.7/site-packages/airflow/example_dags/example_task_group.py for tasks to queue
[2023-04-09T19:52:14.211+0000] {logging_mixin.py:137} INFO - [2023-04-09T19:52:14.211+0000] {dagbag.py:532} INFO - Filling up the DagBag from /home/airflow/.local/lib/python3.7/site-packages/airflow/example_dags/example_task_group.py
[2023-04-09T19:52:14.236+0000] {processor.py:753} INFO - DAG(s) dict_keys(['example_task_group']) retrieved from /home/airflow/.local/lib/python3.7/site-packages/airflow/example_dags/example_task_group.py
[2023-04-09T19:52:14.283+0000] {logging_mixin.py:137} INFO - [2023-04-09T19:52:14.283+0000] {dag.py:2705} INFO - Sync 1 DAGs
[2023-04-09T19:52:14.329+0000] {logging_mixin.py:137} INFO - [2023-04-09T19:52:14.329+0000] {dag.py:3456} INFO - Setting next_dagrun for example_task_group to 2023-04-08T19:52:14.329415+00:00, run_after=2023-04-09T19:52:14.329415+00:00
[2023-04-09T19:52:14.399+0000] {processor.py:175} INFO - Processing /home/airflow/.local/lib/python3.7/site-packages/airflow/example_dags/example_task_group.py took 0.197 seconds
[2023-04-09T19:52:44.636+0000] {processor.py:153} INFO - Started process (PID=430) to work on /home/airflow/.local/lib/python3.7/site-packages/airflow/example_dags/example_task_group.py
[2023-04-09T19:52:44.638+0000] {processor.py:743} INFO - Processing file /home/airflow/.local/lib/python3.7/site-packages/airflow/example_dags/example_task_group.py for tasks to queue
[2023-04-09T19:52:44.640+0000] {logging_mixin.py:137} INFO - [2023-04-09T19:52:44.640+0000] {dagbag.py:532} INFO - Filling up the DagBag from /home/airflow/.local/lib/python3.7/site-packages/airflow/example_dags/example_task_group.py
[2023-04-09T19:52:44.671+0000] {processor.py:753} INFO - DAG(s) dict_keys(['example_task_group']) retrieved from /home/airflow/.local/lib/python3.7/site-packages/airflow/example_dags/example_task_group.py
[2023-04-09T19:52:44.755+0000] {logging_mixin.py:137} INFO - [2023-04-09T19:52:44.755+0000] {dag.py:2705} INFO - Sync 1 DAGs
[2023-04-09T19:52:44.849+0000] {logging_mixin.py:137} INFO - [2023-04-09T19:52:44.848+0000] {dag.py:3456} INFO - Setting next_dagrun for example_task_group to 2023-04-08T19:52:44.846923+00:00, run_after=2023-04-09T19:52:44.846923+00:00
[2023-04-09T19:52:44.895+0000] {processor.py:175} INFO - Processing /home/airflow/.local/lib/python3.7/site-packages/airflow/example_dags/example_task_group.py took 0.264 seconds
[2023-04-09T19:53:15.312+0000] {processor.py:153} INFO - Started process (PID=648) to work on /home/airflow/.local/lib/python3.7/site-packages/airflow/example_dags/example_task_group.py
[2023-04-09T19:53:15.315+0000] {processor.py:743} INFO - Processing file /home/airflow/.local/lib/python3.7/site-packages/airflow/example_dags/example_task_group.py for tasks to queue
[2023-04-09T19:53:15.316+0000] {logging_mixin.py:137} INFO - [2023-04-09T19:53:15.316+0000] {dagbag.py:532} INFO - Filling up the DagBag from /home/airflow/.local/lib/python3.7/site-packages/airflow/example_dags/example_task_group.py
[2023-04-09T19:53:15.341+0000] {processor.py:753} INFO - DAG(s) dict_keys(['example_task_group']) retrieved from /home/airflow/.local/lib/python3.7/site-packages/airflow/example_dags/example_task_group.py
[2023-04-09T19:53:15.384+0000] {logging_mixin.py:137} INFO - [2023-04-09T19:53:15.384+0000] {dag.py:2705} INFO - Sync 1 DAGs
[2023-04-09T19:53:15.422+0000] {logging_mixin.py:137} INFO - [2023-04-09T19:53:15.421+0000] {dag.py:3456} INFO - Setting next_dagrun for example_task_group to 2023-04-08T19:53:15.421450+00:00, run_after=2023-04-09T19:53:15.421450+00:00
[2023-04-09T19:53:15.461+0000] {processor.py:175} INFO - Processing /home/airflow/.local/lib/python3.7/site-packages/airflow/example_dags/example_task_group.py took 0.156 seconds
[2023-04-09T19:53:45.685+0000] {processor.py:153} INFO - Started process (PID=866) to work on /home/airflow/.local/lib/python3.7/site-packages/airflow/example_dags/example_task_group.py
[2023-04-09T19:53:45.687+0000] {processor.py:743} INFO - Processing file /home/airflow/.local/lib/python3.7/site-packages/airflow/example_dags/example_task_group.py for tasks to queue
[2023-04-09T19:53:45.688+0000] {logging_mixin.py:137} INFO - [2023-04-09T19:53:45.688+0000] {dagbag.py:532} INFO - Filling up the DagBag from /home/airflow/.local/lib/python3.7/site-packages/airflow/example_dags/example_task_group.py
[2023-04-09T19:53:45.708+0000] {processor.py:753} INFO - DAG(s) dict_keys(['example_task_group']) retrieved from /home/airflow/.local/lib/python3.7/site-packages/airflow/example_dags/example_task_group.py
[2023-04-09T19:53:45.740+0000] {logging_mixin.py:137} INFO - [2023-04-09T19:53:45.740+0000] {dag.py:2705} INFO - Sync 1 DAGs
[2023-04-09T19:53:45.770+0000] {logging_mixin.py:137} INFO - [2023-04-09T19:53:45.770+0000] {dag.py:3456} INFO - Setting next_dagrun for example_task_group to 2023-04-08T19:53:45.770492+00:00, run_after=2023-04-09T19:53:45.770492+00:00
[2023-04-09T19:53:45.799+0000] {processor.py:175} INFO - Processing /home/airflow/.local/lib/python3.7/site-packages/airflow/example_dags/example_task_group.py took 0.118 seconds
[2023-04-09T19:54:16.461+0000] {processor.py:153} INFO - Started process (PID=1089) to work on /home/airflow/.local/lib/python3.7/site-packages/airflow/example_dags/example_task_group.py
[2023-04-09T19:54:16.462+0000] {processor.py:743} INFO - Processing file /home/airflow/.local/lib/python3.7/site-packages/airflow/example_dags/example_task_group.py for tasks to queue
[2023-04-09T19:54:16.464+0000] {logging_mixin.py:137} INFO - [2023-04-09T19:54:16.464+0000] {dagbag.py:532} INFO - Filling up the DagBag from /home/airflow/.local/lib/python3.7/site-packages/airflow/example_dags/example_task_group.py
[2023-04-09T19:54:16.549+0000] {processor.py:753} INFO - DAG(s) dict_keys(['example_task_group']) retrieved from /home/airflow/.local/lib/python3.7/site-packages/airflow/example_dags/example_task_group.py
[2023-04-09T19:54:16.655+0000] {logging_mixin.py:137} INFO - [2023-04-09T19:54:16.654+0000] {dag.py:2705} INFO - Sync 1 DAGs
[2023-04-09T19:54:16.792+0000] {logging_mixin.py:137} INFO - [2023-04-09T19:54:16.791+0000] {dag.py:3456} INFO - Setting next_dagrun for example_task_group to 2023-04-08T19:54:16.791463+00:00, run_after=2023-04-09T19:54:16.791463+00:00
[2023-04-09T19:54:16.826+0000] {processor.py:175} INFO - Processing /home/airflow/.local/lib/python3.7/site-packages/airflow/example_dags/example_task_group.py took 0.369 seconds
[2023-04-09T19:54:47.060+0000] {processor.py:153} INFO - Started process (PID=1313) to work on /home/airflow/.local/lib/python3.7/site-packages/airflow/example_dags/example_task_group.py
[2023-04-09T19:54:47.062+0000] {processor.py:743} INFO - Processing file /home/airflow/.local/lib/python3.7/site-packages/airflow/example_dags/example_task_group.py for tasks to queue
[2023-04-09T19:54:47.063+0000] {logging_mixin.py:137} INFO - [2023-04-09T19:54:47.063+0000] {dagbag.py:532} INFO - Filling up the DagBag from /home/airflow/.local/lib/python3.7/site-packages/airflow/example_dags/example_task_group.py
[2023-04-09T19:54:47.080+0000] {processor.py:753} INFO - DAG(s) dict_keys(['example_task_group']) retrieved from /home/airflow/.local/lib/python3.7/site-packages/airflow/example_dags/example_task_group.py
[2023-04-09T19:54:47.114+0000] {logging_mixin.py:137} INFO - [2023-04-09T19:54:47.114+0000] {dag.py:2705} INFO - Sync 1 DAGs
[2023-04-09T19:54:47.146+0000] {logging_mixin.py:137} INFO - [2023-04-09T19:54:47.146+0000] {dag.py:3456} INFO - Setting next_dagrun for example_task_group to 2023-04-08T19:54:47.146217+00:00, run_after=2023-04-09T19:54:47.146217+00:00
[2023-04-09T19:54:47.175+0000] {processor.py:175} INFO - Processing /home/airflow/.local/lib/python3.7/site-packages/airflow/example_dags/example_task_group.py took 0.118 seconds
[2023-04-09T19:55:18.162+0000] {processor.py:153} INFO - Started process (PID=1533) to work on /home/airflow/.local/lib/python3.7/site-packages/airflow/example_dags/example_task_group.py
[2023-04-09T19:55:18.166+0000] {processor.py:743} INFO - Processing file /home/airflow/.local/lib/python3.7/site-packages/airflow/example_dags/example_task_group.py for tasks to queue
[2023-04-09T19:55:18.168+0000] {logging_mixin.py:137} INFO - [2023-04-09T19:55:18.167+0000] {dagbag.py:532} INFO - Filling up the DagBag from /home/airflow/.local/lib/python3.7/site-packages/airflow/example_dags/example_task_group.py
[2023-04-09T19:55:18.201+0000] {processor.py:753} INFO - DAG(s) dict_keys(['example_task_group']) retrieved from /home/airflow/.local/lib/python3.7/site-packages/airflow/example_dags/example_task_group.py
[2023-04-09T19:55:18.262+0000] {logging_mixin.py:137} INFO - [2023-04-09T19:55:18.262+0000] {dag.py:2705} INFO - Sync 1 DAGs
[2023-04-09T19:55:18.332+0000] {logging_mixin.py:137} INFO - [2023-04-09T19:55:18.332+0000] {dag.py:3456} INFO - Setting next_dagrun for example_task_group to 2023-04-08T19:55:18.331809+00:00, run_after=2023-04-09T19:55:18.331809+00:00
[2023-04-09T19:55:18.415+0000] {processor.py:175} INFO - Processing /home/airflow/.local/lib/python3.7/site-packages/airflow/example_dags/example_task_group.py took 0.258 seconds
[2023-04-09T19:55:49.297+0000] {processor.py:153} INFO - Started process (PID=1751) to work on /home/airflow/.local/lib/python3.7/site-packages/airflow/example_dags/example_task_group.py
[2023-04-09T19:55:49.299+0000] {processor.py:743} INFO - Processing file /home/airflow/.local/lib/python3.7/site-packages/airflow/example_dags/example_task_group.py for tasks to queue
[2023-04-09T19:55:49.300+0000] {logging_mixin.py:137} INFO - [2023-04-09T19:55:49.300+0000] {dagbag.py:532} INFO - Filling up the DagBag from /home/airflow/.local/lib/python3.7/site-packages/airflow/example_dags/example_task_group.py
[2023-04-09T19:55:49.328+0000] {processor.py:753} INFO - DAG(s) dict_keys(['example_task_group']) retrieved from /home/airflow/.local/lib/python3.7/site-packages/airflow/example_dags/example_task_group.py
[2023-04-09T19:55:49.380+0000] {logging_mixin.py:137} INFO - [2023-04-09T19:55:49.379+0000] {dag.py:2705} INFO - Sync 1 DAGs
[2023-04-09T19:55:49.444+0000] {logging_mixin.py:137} INFO - [2023-04-09T19:55:49.444+0000] {dag.py:3456} INFO - Setting next_dagrun for example_task_group to 2023-04-08T19:55:49.444154+00:00, run_after=2023-04-09T19:55:49.444154+00:00
[2023-04-09T19:55:49.490+0000] {processor.py:175} INFO - Processing /home/airflow/.local/lib/python3.7/site-packages/airflow/example_dags/example_task_group.py took 0.197 seconds
[2023-04-09T19:56:19.958+0000] {processor.py:153} INFO - Started process (PID=1969) to work on /home/airflow/.local/lib/python3.7/site-packages/airflow/example_dags/example_task_group.py
[2023-04-09T19:56:19.959+0000] {processor.py:743} INFO - Processing file /home/airflow/.local/lib/python3.7/site-packages/airflow/example_dags/example_task_group.py for tasks to queue
[2023-04-09T19:56:19.963+0000] {logging_mixin.py:137} INFO - [2023-04-09T19:56:19.962+0000] {dagbag.py:532} INFO - Filling up the DagBag from /home/airflow/.local/lib/python3.7/site-packages/airflow/example_dags/example_task_group.py
[2023-04-09T19:56:20.003+0000] {processor.py:753} INFO - DAG(s) dict_keys(['example_task_group']) retrieved from /home/airflow/.local/lib/python3.7/site-packages/airflow/example_dags/example_task_group.py
[2023-04-09T19:56:20.085+0000] {logging_mixin.py:137} INFO - [2023-04-09T19:56:20.084+0000] {dag.py:2705} INFO - Sync 1 DAGs
[2023-04-09T19:56:20.173+0000] {logging_mixin.py:137} INFO - [2023-04-09T19:56:20.173+0000] {dag.py:3456} INFO - Setting next_dagrun for example_task_group to 2023-04-08T19:56:20.171956+00:00, run_after=2023-04-09T19:56:20.171956+00:00
[2023-04-09T19:56:20.283+0000] {processor.py:175} INFO - Processing /home/airflow/.local/lib/python3.7/site-packages/airflow/example_dags/example_task_group.py took 0.330 seconds
