[2023-04-09T19:52:13.593+0000] {processor.py:153} INFO - Started process (PID=191) to work on /home/airflow/.local/lib/python3.7/site-packages/airflow/example_dags/tutorial_taskflow_api_virtualenv.py
[2023-04-09T19:52:13.596+0000] {processor.py:743} INFO - Processing file /home/airflow/.local/lib/python3.7/site-packages/airflow/example_dags/tutorial_taskflow_api_virtualenv.py for tasks to queue
[2023-04-09T19:52:13.597+0000] {logging_mixin.py:137} INFO - [2023-04-09T19:52:13.597+0000] {dagbag.py:532} INFO - Filling up the DagBag from /home/airflow/.local/lib/python3.7/site-packages/airflow/example_dags/tutorial_taskflow_api_virtualenv.py
[2023-04-09T19:52:13.655+0000] {processor.py:753} INFO - DAG(s) dict_keys(['tutorial_taskflow_api_virtualenv']) retrieved from /home/airflow/.local/lib/python3.7/site-packages/airflow/example_dags/tutorial_taskflow_api_virtualenv.py
[2023-04-09T19:52:13.701+0000] {logging_mixin.py:137} INFO - [2023-04-09T19:52:13.701+0000] {dag.py:2705} INFO - Sync 1 DAGs
[2023-04-09T19:52:13.749+0000] {logging_mixin.py:137} INFO - [2023-04-09T19:52:13.749+0000] {dag.py:3456} INFO - Setting next_dagrun for tutorial_taskflow_api_virtualenv to None, run_after=None
[2023-04-09T19:52:13.845+0000] {processor.py:175} INFO - Processing /home/airflow/.local/lib/python3.7/site-packages/airflow/example_dags/tutorial_taskflow_api_virtualenv.py took 0.262 seconds
[2023-04-09T19:52:44.087+0000] {processor.py:153} INFO - Started process (PID=410) to work on /home/airflow/.local/lib/python3.7/site-packages/airflow/example_dags/tutorial_taskflow_api_virtualenv.py
[2023-04-09T19:52:44.089+0000] {processor.py:743} INFO - Processing file /home/airflow/.local/lib/python3.7/site-packages/airflow/example_dags/tutorial_taskflow_api_virtualenv.py for tasks to queue
[2023-04-09T19:52:44.091+0000] {logging_mixin.py:137} INFO - [2023-04-09T19:52:44.091+0000] {dagbag.py:532} INFO - Filling up the DagBag from /home/airflow/.local/lib/python3.7/site-packages/airflow/example_dags/tutorial_taskflow_api_virtualenv.py
[2023-04-09T19:52:44.131+0000] {processor.py:753} INFO - DAG(s) dict_keys(['tutorial_taskflow_api_virtualenv']) retrieved from /home/airflow/.local/lib/python3.7/site-packages/airflow/example_dags/tutorial_taskflow_api_virtualenv.py
[2023-04-09T19:52:44.186+0000] {logging_mixin.py:137} INFO - [2023-04-09T19:52:44.186+0000] {dag.py:2705} INFO - Sync 1 DAGs
[2023-04-09T19:52:44.236+0000] {logging_mixin.py:137} INFO - [2023-04-09T19:52:44.236+0000] {dag.py:3456} INFO - Setting next_dagrun for tutorial_taskflow_api_virtualenv to None, run_after=None
[2023-04-09T19:52:44.272+0000] {processor.py:175} INFO - Processing /home/airflow/.local/lib/python3.7/site-packages/airflow/example_dags/tutorial_taskflow_api_virtualenv.py took 0.191 seconds
[2023-04-09T19:53:14.894+0000] {processor.py:153} INFO - Started process (PID=628) to work on /home/airflow/.local/lib/python3.7/site-packages/airflow/example_dags/tutorial_taskflow_api_virtualenv.py
[2023-04-09T19:53:14.896+0000] {processor.py:743} INFO - Processing file /home/airflow/.local/lib/python3.7/site-packages/airflow/example_dags/tutorial_taskflow_api_virtualenv.py for tasks to queue
[2023-04-09T19:53:14.897+0000] {logging_mixin.py:137} INFO - [2023-04-09T19:53:14.897+0000] {dagbag.py:532} INFO - Filling up the DagBag from /home/airflow/.local/lib/python3.7/site-packages/airflow/example_dags/tutorial_taskflow_api_virtualenv.py
[2023-04-09T19:53:14.926+0000] {processor.py:753} INFO - DAG(s) dict_keys(['tutorial_taskflow_api_virtualenv']) retrieved from /home/airflow/.local/lib/python3.7/site-packages/airflow/example_dags/tutorial_taskflow_api_virtualenv.py
[2023-04-09T19:53:14.967+0000] {logging_mixin.py:137} INFO - [2023-04-09T19:53:14.966+0000] {dag.py:2705} INFO - Sync 1 DAGs
[2023-04-09T19:53:15.005+0000] {logging_mixin.py:137} INFO - [2023-04-09T19:53:15.005+0000] {dag.py:3456} INFO - Setting next_dagrun for tutorial_taskflow_api_virtualenv to None, run_after=None
[2023-04-09T19:53:15.038+0000] {processor.py:175} INFO - Processing /home/airflow/.local/lib/python3.7/site-packages/airflow/example_dags/tutorial_taskflow_api_virtualenv.py took 0.148 seconds
[2023-04-09T19:53:45.337+0000] {processor.py:153} INFO - Started process (PID=846) to work on /home/airflow/.local/lib/python3.7/site-packages/airflow/example_dags/tutorial_taskflow_api_virtualenv.py
[2023-04-09T19:53:45.338+0000] {processor.py:743} INFO - Processing file /home/airflow/.local/lib/python3.7/site-packages/airflow/example_dags/tutorial_taskflow_api_virtualenv.py for tasks to queue
[2023-04-09T19:53:45.340+0000] {logging_mixin.py:137} INFO - [2023-04-09T19:53:45.340+0000] {dagbag.py:532} INFO - Filling up the DagBag from /home/airflow/.local/lib/python3.7/site-packages/airflow/example_dags/tutorial_taskflow_api_virtualenv.py
[2023-04-09T19:53:45.368+0000] {processor.py:753} INFO - DAG(s) dict_keys(['tutorial_taskflow_api_virtualenv']) retrieved from /home/airflow/.local/lib/python3.7/site-packages/airflow/example_dags/tutorial_taskflow_api_virtualenv.py
[2023-04-09T19:53:45.402+0000] {logging_mixin.py:137} INFO - [2023-04-09T19:53:45.402+0000] {dag.py:2705} INFO - Sync 1 DAGs
[2023-04-09T19:53:45.438+0000] {logging_mixin.py:137} INFO - [2023-04-09T19:53:45.438+0000] {dag.py:3456} INFO - Setting next_dagrun for tutorial_taskflow_api_virtualenv to None, run_after=None
[2023-04-09T19:53:45.470+0000] {processor.py:175} INFO - Processing /home/airflow/.local/lib/python3.7/site-packages/airflow/example_dags/tutorial_taskflow_api_virtualenv.py took 0.139 seconds
[2023-04-09T19:54:16.053+0000] {processor.py:153} INFO - Started process (PID=1069) to work on /home/airflow/.local/lib/python3.7/site-packages/airflow/example_dags/tutorial_taskflow_api_virtualenv.py
[2023-04-09T19:54:16.054+0000] {processor.py:743} INFO - Processing file /home/airflow/.local/lib/python3.7/site-packages/airflow/example_dags/tutorial_taskflow_api_virtualenv.py for tasks to queue
[2023-04-09T19:54:16.056+0000] {logging_mixin.py:137} INFO - [2023-04-09T19:54:16.055+0000] {dagbag.py:532} INFO - Filling up the DagBag from /home/airflow/.local/lib/python3.7/site-packages/airflow/example_dags/tutorial_taskflow_api_virtualenv.py
[2023-04-09T19:54:16.087+0000] {processor.py:753} INFO - DAG(s) dict_keys(['tutorial_taskflow_api_virtualenv']) retrieved from /home/airflow/.local/lib/python3.7/site-packages/airflow/example_dags/tutorial_taskflow_api_virtualenv.py
[2023-04-09T19:54:16.123+0000] {logging_mixin.py:137} INFO - [2023-04-09T19:54:16.123+0000] {dag.py:2705} INFO - Sync 1 DAGs
[2023-04-09T19:54:16.162+0000] {logging_mixin.py:137} INFO - [2023-04-09T19:54:16.162+0000] {dag.py:3456} INFO - Setting next_dagrun for tutorial_taskflow_api_virtualenv to None, run_after=None
[2023-04-09T19:54:16.207+0000] {processor.py:175} INFO - Processing /home/airflow/.local/lib/python3.7/site-packages/airflow/example_dags/tutorial_taskflow_api_virtualenv.py took 0.158 seconds
[2023-04-09T19:54:46.438+0000] {processor.py:153} INFO - Started process (PID=1291) to work on /home/airflow/.local/lib/python3.7/site-packages/airflow/example_dags/tutorial_taskflow_api_virtualenv.py
[2023-04-09T19:54:46.440+0000] {processor.py:743} INFO - Processing file /home/airflow/.local/lib/python3.7/site-packages/airflow/example_dags/tutorial_taskflow_api_virtualenv.py for tasks to queue
[2023-04-09T19:54:46.441+0000] {logging_mixin.py:137} INFO - [2023-04-09T19:54:46.441+0000] {dagbag.py:532} INFO - Filling up the DagBag from /home/airflow/.local/lib/python3.7/site-packages/airflow/example_dags/tutorial_taskflow_api_virtualenv.py
[2023-04-09T19:54:46.473+0000] {processor.py:753} INFO - DAG(s) dict_keys(['tutorial_taskflow_api_virtualenv']) retrieved from /home/airflow/.local/lib/python3.7/site-packages/airflow/example_dags/tutorial_taskflow_api_virtualenv.py
[2023-04-09T19:54:46.522+0000] {logging_mixin.py:137} INFO - [2023-04-09T19:54:46.521+0000] {dag.py:2705} INFO - Sync 1 DAGs
[2023-04-09T19:54:46.563+0000] {logging_mixin.py:137} INFO - [2023-04-09T19:54:46.563+0000] {dag.py:3456} INFO - Setting next_dagrun for tutorial_taskflow_api_virtualenv to None, run_after=None
[2023-04-09T19:54:46.593+0000] {processor.py:175} INFO - Processing /home/airflow/.local/lib/python3.7/site-packages/airflow/example_dags/tutorial_taskflow_api_virtualenv.py took 0.158 seconds
[2023-04-09T19:55:17.521+0000] {processor.py:153} INFO - Started process (PID=1513) to work on /home/airflow/.local/lib/python3.7/site-packages/airflow/example_dags/tutorial_taskflow_api_virtualenv.py
[2023-04-09T19:55:17.526+0000] {processor.py:743} INFO - Processing file /home/airflow/.local/lib/python3.7/site-packages/airflow/example_dags/tutorial_taskflow_api_virtualenv.py for tasks to queue
[2023-04-09T19:55:17.538+0000] {logging_mixin.py:137} INFO - [2023-04-09T19:55:17.532+0000] {dagbag.py:532} INFO - Filling up the DagBag from /home/airflow/.local/lib/python3.7/site-packages/airflow/example_dags/tutorial_taskflow_api_virtualenv.py
[2023-04-09T19:55:17.628+0000] {processor.py:753} INFO - DAG(s) dict_keys(['tutorial_taskflow_api_virtualenv']) retrieved from /home/airflow/.local/lib/python3.7/site-packages/airflow/example_dags/tutorial_taskflow_api_virtualenv.py
[2023-04-09T19:55:17.680+0000] {logging_mixin.py:137} INFO - [2023-04-09T19:55:17.680+0000] {dag.py:2705} INFO - Sync 1 DAGs
[2023-04-09T19:55:17.731+0000] {logging_mixin.py:137} INFO - [2023-04-09T19:55:17.730+0000] {dag.py:3456} INFO - Setting next_dagrun for tutorial_taskflow_api_virtualenv to None, run_after=None
[2023-04-09T19:55:17.781+0000] {processor.py:175} INFO - Processing /home/airflow/.local/lib/python3.7/site-packages/airflow/example_dags/tutorial_taskflow_api_virtualenv.py took 0.264 seconds
[2023-04-09T19:55:47.891+0000] {processor.py:153} INFO - Started process (PID=1731) to work on /home/airflow/.local/lib/python3.7/site-packages/airflow/example_dags/tutorial_taskflow_api_virtualenv.py
[2023-04-09T19:55:47.893+0000] {processor.py:743} INFO - Processing file /home/airflow/.local/lib/python3.7/site-packages/airflow/example_dags/tutorial_taskflow_api_virtualenv.py for tasks to queue
[2023-04-09T19:55:47.896+0000] {logging_mixin.py:137} INFO - [2023-04-09T19:55:47.896+0000] {dagbag.py:532} INFO - Filling up the DagBag from /home/airflow/.local/lib/python3.7/site-packages/airflow/example_dags/tutorial_taskflow_api_virtualenv.py
[2023-04-09T19:55:47.929+0000] {processor.py:753} INFO - DAG(s) dict_keys(['tutorial_taskflow_api_virtualenv']) retrieved from /home/airflow/.local/lib/python3.7/site-packages/airflow/example_dags/tutorial_taskflow_api_virtualenv.py
[2023-04-09T19:55:47.974+0000] {logging_mixin.py:137} INFO - [2023-04-09T19:55:47.974+0000] {dag.py:2705} INFO - Sync 1 DAGs
[2023-04-09T19:55:48.021+0000] {logging_mixin.py:137} INFO - [2023-04-09T19:55:48.020+0000] {dag.py:3456} INFO - Setting next_dagrun for tutorial_taskflow_api_virtualenv to None, run_after=None
[2023-04-09T19:55:48.047+0000] {processor.py:175} INFO - Processing /home/airflow/.local/lib/python3.7/site-packages/airflow/example_dags/tutorial_taskflow_api_virtualenv.py took 0.160 seconds
[2023-04-09T19:56:18.401+0000] {processor.py:153} INFO - Started process (PID=1949) to work on /home/airflow/.local/lib/python3.7/site-packages/airflow/example_dags/tutorial_taskflow_api_virtualenv.py
[2023-04-09T19:56:18.402+0000] {processor.py:743} INFO - Processing file /home/airflow/.local/lib/python3.7/site-packages/airflow/example_dags/tutorial_taskflow_api_virtualenv.py for tasks to queue
[2023-04-09T19:56:18.403+0000] {logging_mixin.py:137} INFO - [2023-04-09T19:56:18.403+0000] {dagbag.py:532} INFO - Filling up the DagBag from /home/airflow/.local/lib/python3.7/site-packages/airflow/example_dags/tutorial_taskflow_api_virtualenv.py
[2023-04-09T19:56:18.432+0000] {processor.py:753} INFO - DAG(s) dict_keys(['tutorial_taskflow_api_virtualenv']) retrieved from /home/airflow/.local/lib/python3.7/site-packages/airflow/example_dags/tutorial_taskflow_api_virtualenv.py
[2023-04-09T19:56:18.465+0000] {logging_mixin.py:137} INFO - [2023-04-09T19:56:18.465+0000] {dag.py:2705} INFO - Sync 1 DAGs
[2023-04-09T19:56:18.505+0000] {logging_mixin.py:137} INFO - [2023-04-09T19:56:18.505+0000] {dag.py:3456} INFO - Setting next_dagrun for tutorial_taskflow_api_virtualenv to None, run_after=None
[2023-04-09T19:56:18.535+0000] {processor.py:175} INFO - Processing /home/airflow/.local/lib/python3.7/site-packages/airflow/example_dags/tutorial_taskflow_api_virtualenv.py took 0.138 seconds
